[1;32m[INFO] [0;m[24/10 18:49] There are 0 jobs on the cluster and 361 left to run,  sending 361 jobs:
[1;34mCommand:[0;m qsub -q localgrid@cream02 -o ../out_err/DYJetsToLL_1000to1500.stdout -e ../out_err/DYJetsToLL_1000to1500.stderr -l walltime=16:00:00    ../Jobs_to_submit/DYJetsToLL_1000to1500.sh
44103427.cream02.iihe.ac.be
[1;34mCommand:[0;m qsub -q localgrid@cream02 -o ../out_err/DYJetsToLL_100to200.stdout -e ../out_err/DYJetsToLL_100to200.stderr -l walltime=16:00:00    ../Jobs_to_submit/DYJetsToLL_100to200.sh
44103428.cream02.iihe.ac.be
[1;34mCommand:[0;m qsub -q localgrid@cream02 -o ../out_err/DYJetsToLL_1500to2000.stdout -e ../out_err/DYJetsToLL_1500to2000.stderr -l walltime=16:00:00    ../Jobs_to_submit/DYJetsToLL_1500to2000.sh
44103429.cream02.iihe.ac.be
[1;34mCommand:[0;m qsub -q localgrid@cream02 -o ../out_err/DYJetsToLL_2000to3000.stdout -e ../out_err/DYJetsToLL_2000to3000.stderr -l walltime=16:00:00    ../Jobs_to_submit/DYJetsToLL_2000to3000.sh
44103430.cream02.iihe.ac.be
[1;34mCommand:[0;m qsub -q localgrid@cream02 -o ../out_err/DYJetsToLL_200to400.stdout -e ../out_err/DYJetsToLL_200to400.stderr -l walltime=16:00:00    ../Jobs_to_submit/DYJetsToLL_200to400.sh
44103431.cream02.iihe.ac.be
[1;34mCommand:[0;m qsub -q localgrid@cream02 -o ../out_err/DYJetsToLL_400to500.stdout -e ../out_err/DYJetsToLL_400to500.stderr -l walltime=16:00:00    ../Jobs_to_submit/DYJetsToLL_400to500.sh
44103432.cream02.iihe.ac.be
[1;34mCommand:[0;m qsub -q localgrid@cream02 -o ../out_err/DYJetsToLL_500to700.stdout -e ../out_err/DYJetsToLL_500to700.stderr -l walltime=16:00:00    ../Jobs_to_submit/DYJetsToLL_500to700.sh
44103433.cream02.iihe.ac.be
[1;34mCommand:[0;m qsub -q localgrid@cream02 -o ../out_err/DYJetsToLL_700to800.stdout -e ../out_err/DYJetsToLL_700to800.stderr -l walltime=16:00:00    ../Jobs_to_submit/DYJetsToLL_700to800.sh
44103434.cream02.iihe.ac.be
[1;34mCommand:[0;m qsub -q localgrid@cream02 -o ../out_err/DYJetsToLL_800to1000.stdout -e ../out_err/DYJetsToLL_800to1000.stderr -l walltime=16:00:00    ../Jobs_to_submit/DYJetsToLL_800to1000.sh
44103435.cream02.iihe.ac.be
[1;34mCommand:[0;m qsub -q localgrid@cream02 -o ../out_err/DYJetsToLL_inclusive.stdout -e ../out_err/DYJetsToLL_inclusive.stderr -l walltime=16:00:00    ../Jobs_to_submit/DYJetsToLL_inclusive.sh
44103436.cream02.iihe.ac.be
[1;34mCommand:[0;m qsub -q localgrid@cream02 -o ../out_err/test1DYJetsToLL_inclusive.stdout -e ../out_err/test1DYJetsToLL_inclusive.stderr -l walltime=16:00:00    ../Jobs_to_submit/test1DYJetsToLL_inclusive.sh
44103437.cream02.iihe.ac.be
[1;34mCommand:[0;m qsub -q localgrid@cream02 -o ../out_err/test2DYJetsToLL_inclusive.stdout -e ../out_err/test2DYJetsToLL_inclusive.stderr -l walltime=16:00:00    ../Jobs_to_submit/test2DYJetsToLL_inclusive.sh
44103438.cream02.iihe.ac.be
[1;34mCommand:[0;m qsub -q localgrid@cream02 -o ../out_err/test3DYJetsToLL_inclusive.stdout -e ../out_err/test3DYJetsToLL_inclusive.stderr -l walltime=16:00:00    ../Jobs_to_submit/test3DYJetsToLL_inclusive.sh
44103439.cream02.iihe.ac.be
[1;34mCommand:[0;m qsub -q localgrid@cream02 -o ../out_err/test4DYJetsToLL_inclusive.stdout -e ../out_err/test4DYJetsToLL_inclusive.stderr -l walltime=16:00:00    ../Jobs_to_submit/test4DYJetsToLL_inclusive.sh
44103440.cream02.iihe.ac.be
[1;34mCommand:[0;m qsub -q localgrid@cream02 -o ../out_err/test5DYJetsToLL_inclusive.stdout -e ../out_err/test5DYJetsToLL_inclusive.stderr -l walltime=16:00:00    ../Jobs_to_submit/test5DYJetsToLL_inclusive.sh
44103441.cream02.iihe.ac.be
[1;34mCommand:[0;m qsub -q localgrid@cream02 -o ../out_err/test6DYJetsToLL_inclusive.stdout -e ../out_err/test6DYJetsToLL_inclusive.stderr -l walltime=16:00:00    ../Jobs_to_submit/test6DYJetsToLL_inclusive.sh
44103442.cream02.iihe.ac.be
[1;34mCommand:[0;m qsub -q localgrid@cream02 -o ../out_err/test7DYJetsToLL_inclusive.stdout -e ../out_err/test7DYJetsToLL_inclusive.stderr -l walltime=16:00:00    ../Jobs_to_submit/test7DYJetsToLL_inclusive.sh
44103443.cream02.iihe.ac.be
[1;34mCommand:[0;m qsub -q localgrid@cream02 -o ../out_err/test8DYJetsToLL_inclusive.stdout -e ../out_err/test8DYJetsToLL_inclusive.stderr -l walltime=16:00:00    ../Jobs_to_submit/test8DYJetsToLL_inclusive.sh
44103444.cream02.iihe.ac.be
[1;34mCommand:[0;m qsub -q localgrid@cream02 -o ../out_err/test9DYJetsToLL_inclusive.stdout -e ../out_err/test9DYJetsToLL_inclusive.stderr -l walltime=16:00:00    ../Jobs_to_submit/test9DYJetsToLL_inclusive.sh
44103445.cream02.iihe.ac.be
[1;34mCommand:[0;m qsub -q localgrid@cream02 -o ../out_err/test10DYJetsToLL_inclusive.stdout -e ../out_err/test10DYJetsToLL_inclusive.stderr -l walltime=16:00:00    ../Jobs_to_submit/test10DYJetsToLL_inclusive.sh
44103446.cream02.iihe.ac.be
[1;34mCommand:[0;m qsub -q localgrid@cream02 -o ../out_err/test11DYJetsToLL_inclusive.stdout -e ../out_err/test11DYJetsToLL_inclusive.stderr -l walltime=16:00:00    ../Jobs_to_submit/test11DYJetsToLL_inclusive.sh
44103447.cream02.iihe.ac.be
[1;34mCommand:[0;m qsub -q localgrid@cream02 -o ../out_err/test12DYJetsToLL_inclusive.stdout -e ../out_err/test12DYJetsToLL_inclusive.stderr -l walltime=16:00:00    ../Jobs_to_submit/test12DYJetsToLL_inclusive.sh
44103448.cream02.iihe.ac.be
[1;34mCommand:[0;m qsub -q localgrid@cream02 -o ../out_err/test13DYJetsToLL_inclusive.stdout -e ../out_err/test13DYJetsToLL_inclusive.stderr -l walltime=16:00:00    ../Jobs_to_submit/test13DYJetsToLL_inclusive.sh
44103449.cream02.iihe.ac.be
[1;34mCommand:[0;m qsub -q localgrid@cream02 -o ../out_err/test14DYJetsToLL_inclusive.stdout -e ../out_err/test14DYJetsToLL_inclusive.stderr -l walltime=16:00:00    ../Jobs_to_submit/test14DYJetsToLL_inclusive.sh
44103450.cream02.iihe.ac.be
[1;34mCommand:[0;m qsub -q localgrid@cream02 -o ../out_err/test15DYJetsToLL_inclusive.stdout -e ../out_err/test15DYJetsToLL_inclusive.stderr -l walltime=16:00:00    ../Jobs_to_submit/test15DYJetsToLL_inclusive.sh
44103451.cream02.iihe.ac.be
[1;34mCommand:[0;m qsub -q localgrid@cream02 -o ../out_err/test16DYJetsToLL_inclusive.stdout -e ../out_err/test16DYJetsToLL_inclusive.stderr -l walltime=16:00:00    ../Jobs_to_submit/test16DYJetsToLL_inclusive.sh
44103452.cream02.iihe.ac.be
[1;34mCommand:[0;m qsub -q localgrid@cream02 -o ../out_err/test17DYJetsToLL_inclusive.stdout -e ../out_err/test17DYJetsToLL_inclusive.stderr -l walltime=16:00:00    ../Jobs_to_submit/test17DYJetsToLL_inclusive.sh
44103453.cream02.iihe.ac.be
[1;34mCommand:[0;m qsub -q localgrid@cream02 -o ../out_err/ST_antitop_v1.stdout -e ../out_err/ST_antitop_v1.stderr -l walltime=16:00:00    ../Jobs_to_submit/ST_antitop_v1.sh
44103454.cream02.iihe.ac.be
[1;34mCommand:[0;m qsub -q localgrid@cream02 -o ../out_err/test1ST_antitop_v1.stdout -e ../out_err/test1ST_antitop_v1.stderr -l walltime=16:00:00    ../Jobs_to_submit/test1ST_antitop_v1.sh
44103455.cream02.iihe.ac.be
[1;34mCommand:[0;m qsub -q localgrid@cream02 -o ../out_err/test2ST_antitop_v1.stdout -e ../out_err/test2ST_antitop_v1.stderr -l walltime=16:00:00    ../Jobs_to_submit/test2ST_antitop_v1.sh
44103456.cream02.iihe.ac.be
[1;34mCommand:[0;m qsub -q localgrid@cream02 -o ../out_err/test3ST_antitop_v1.stdout -e ../out_err/test3ST_antitop_v1.stderr -l walltime=16:00:00    ../Jobs_to_submit/test3ST_antitop_v1.sh
44103457.cream02.iihe.ac.be
[1;34mCommand:[0;m qsub -q localgrid@cream02 -o ../out_err/test4ST_antitop_v1.stdout -e ../out_err/test4ST_antitop_v1.stderr -l walltime=16:00:00    ../Jobs_to_submit/test4ST_antitop_v1.sh
44103458.cream02.iihe.ac.be
[1;34mCommand:[0;m qsub -q localgrid@cream02 -o ../out_err/ST_antitop_v2.stdout -e ../out_err/ST_antitop_v2.stderr -l walltime=16:00:00    ../Jobs_to_submit/ST_antitop_v2.sh
44103459.cream02.iihe.ac.be
[1;34mCommand:[0;m qsub -q localgrid@cream02 -o ../out_err/test1ST_antitop_v2.stdout -e ../out_err/test1ST_antitop_v2.stderr -l walltime=16:00:00    ../Jobs_to_submit/test1ST_antitop_v2.sh
44103460.cream02.iihe.ac.be
[1;34mCommand:[0;m qsub -q localgrid@cream02 -o ../out_err/test2ST_antitop_v2.stdout -e ../out_err/test2ST_antitop_v2.stderr -l walltime=16:00:00    ../Jobs_to_submit/test2ST_antitop_v2.sh
44103461.cream02.iihe.ac.be
[1;34mCommand:[0;m qsub -q localgrid@cream02 -o ../out_err/ST_top_v1.stdout -e ../out_err/ST_top_v1.stderr -l walltime=16:00:00    ../Jobs_to_submit/ST_top_v1.sh
44103462.cream02.iihe.ac.be
[1;34mCommand:[0;m qsub -q localgrid@cream02 -o ../out_err/test1ST_top_v1.stdout -e ../out_err/test1ST_top_v1.stderr -l walltime=16:00:00    ../Jobs_to_submit/test1ST_top_v1.sh
44103463.cream02.iihe.ac.be
[1;34mCommand:[0;m qsub -q localgrid@cream02 -o ../out_err/test2ST_top_v1.stdout -e ../out_err/test2ST_top_v1.stderr -l walltime=16:00:00    ../Jobs_to_submit/test2ST_top_v1.sh
44103464.cream02.iihe.ac.be
[1;34mCommand:[0;m qsub -q localgrid@cream02 -o ../out_err/test3ST_top_v1.stdout -e ../out_err/test3ST_top_v1.stderr -l walltime=16:00:00    ../Jobs_to_submit/test3ST_top_v1.sh
44103465.cream02.iihe.ac.be
[1;34mCommand:[0;m qsub -q localgrid@cream02 -o ../out_err/test4ST_top_v1.stdout -e ../out_err/test4ST_top_v1.stderr -l walltime=16:00:00    ../Jobs_to_submit/test4ST_top_v1.sh
44103466.cream02.iihe.ac.be
[1;34mCommand:[0;m qsub -q localgrid@cream02 -o ../out_err/ST_top_v2.stdout -e ../out_err/ST_top_v2.stderr -l walltime=16:00:00    ../Jobs_to_submit/ST_top_v2.sh
44103467.cream02.iihe.ac.be
[1;34mCommand:[0;m qsub -q localgrid@cream02 -o ../out_err/test1ST_top_v2.stdout -e ../out_err/test1ST_top_v2.stderr -l walltime=16:00:00    ../Jobs_to_submit/test1ST_top_v2.sh
44103468.cream02.iihe.ac.be
[1;34mCommand:[0;m qsub -q localgrid@cream02 -o ../out_err/test2ST_top_v2.stdout -e ../out_err/test2ST_top_v2.stderr -l walltime=16:00:00    ../Jobs_to_submit/test2ST_top_v2.sh
44103469.cream02.iihe.ac.be
[1;34mCommand:[0;m qsub -q localgrid@cream02 -o ../out_err/TT_1200to1800.stdout -e ../out_err/TT_1200to1800.stderr -l walltime=16:00:00    ../Jobs_to_submit/TT_1200to1800.sh
44103470.cream02.iihe.ac.be
[1;34mCommand:[0;m qsub -q localgrid@cream02 -o ../out_err/TT_1800toInf.stdout -e ../out_err/TT_1800toInf.stderr -l walltime=16:00:00    ../Jobs_to_submit/TT_1800toInf.sh
44103471.cream02.iihe.ac.be
[1;34mCommand:[0;m qsub -q localgrid@cream02 -o ../out_err/TT_2l2nu_0.stdout -e ../out_err/TT_2l2nu_0.stderr -l walltime=16:00:00    ../Jobs_to_submit/TT_2l2nu_0.sh
44103472.cream02.iihe.ac.be
[1;34mCommand:[0;m qsub -q localgrid@cream02 -o ../out_err/test1TT_2l2nu_0.stdout -e ../out_err/test1TT_2l2nu_0.stderr -l walltime=16:00:00    ../Jobs_to_submit/test1TT_2l2nu_0.sh
44103473.cream02.iihe.ac.be
[1;34mCommand:[0;m qsub -q localgrid@cream02 -o ../out_err/test2TT_2l2nu_0.stdout -e ../out_err/test2TT_2l2nu_0.stderr -l walltime=16:00:00    ../Jobs_to_submit/test2TT_2l2nu_0.sh
44103474.cream02.iihe.ac.be
[1;34mCommand:[0;m qsub -q localgrid@cream02 -o ../out_err/test3TT_2l2nu_0.stdout -e ../out_err/test3TT_2l2nu_0.stderr -l walltime=16:00:00    ../Jobs_to_submit/test3TT_2l2nu_0.sh
44103475.cream02.iihe.ac.be
[1;34mCommand:[0;m qsub -q localgrid@cream02 -o ../out_err/test4TT_2l2nu_0.stdout -e ../out_err/test4TT_2l2nu_0.stderr -l walltime=16:00:00    ../Jobs_to_submit/test4TT_2l2nu_0.sh
44103476.cream02.iihe.ac.be
[1;34mCommand:[0;m qsub -q localgrid@cream02 -o ../out_err/test5TT_2l2nu_0.stdout -e ../out_err/test5TT_2l2nu_0.stderr -l walltime=16:00:00    ../Jobs_to_submit/test5TT_2l2nu_0.sh
44103477.cream02.iihe.ac.be
[1;34mCommand:[0;m qsub -q localgrid@cream02 -o ../out_err/test6TT_2l2nu_0.stdout -e ../out_err/test6TT_2l2nu_0.stderr -l walltime=16:00:00    ../Jobs_to_submit/test6TT_2l2nu_0.sh
44103478.cream02.iihe.ac.be
[1;34mCommand:[0;m qsub -q localgrid@cream02 -o ../out_err/test7TT_2l2nu_0.stdout -e ../out_err/test7TT_2l2nu_0.stderr -l walltime=16:00:00    ../Jobs_to_submit/test7TT_2l2nu_0.sh
44103479.cream02.iihe.ac.be
[1;34mCommand:[0;m qsub -q localgrid@cream02 -o ../out_err/test8TT_2l2nu_0.stdout -e ../out_err/test8TT_2l2nu_0.stderr -l walltime=16:00:00    ../Jobs_to_submit/test8TT_2l2nu_0.sh
44103480.cream02.iihe.ac.be
[1;34mCommand:[0;m qsub -q localgrid@cream02 -o ../out_err/test9TT_2l2nu_0.stdout -e ../out_err/test9TT_2l2nu_0.stderr -l walltime=16:00:00    ../Jobs_to_submit/test9TT_2l2nu_0.sh
44103481.cream02.iihe.ac.be
[1;34mCommand:[0;m qsub -q localgrid@cream02 -o ../out_err/test10TT_2l2nu_0.stdout -e ../out_err/test10TT_2l2nu_0.stderr -l walltime=16:00:00    ../Jobs_to_submit/test10TT_2l2nu_0.sh
44103482.cream02.iihe.ac.be
[1;34mCommand:[0;m qsub -q localgrid@cream02 -o ../out_err/test11TT_2l2nu_0.stdout -e ../out_err/test11TT_2l2nu_0.stderr -l walltime=16:00:00    ../Jobs_to_submit/test11TT_2l2nu_0.sh
44103483.cream02.iihe.ac.be
[1;34mCommand:[0;m qsub -q localgrid@cream02 -o ../out_err/test12TT_2l2nu_0.stdout -e ../out_err/test12TT_2l2nu_0.stderr -l walltime=16:00:00    ../Jobs_to_submit/test12TT_2l2nu_0.sh
44103484.cream02.iihe.ac.be
[1;34mCommand:[0;m qsub -q localgrid@cream02 -o ../out_err/test13TT_2l2nu_0.stdout -e ../out_err/test13TT_2l2nu_0.stderr -l walltime=16:00:00    ../Jobs_to_submit/test13TT_2l2nu_0.sh
44103485.cream02.iihe.ac.be
[1;34mCommand:[0;m qsub -q localgrid@cream02 -o ../out_err/test14TT_2l2nu_0.stdout -e ../out_err/test14TT_2l2nu_0.stderr -l walltime=16:00:00    ../Jobs_to_submit/test14TT_2l2nu_0.sh
44103486.cream02.iihe.ac.be
[1;34mCommand:[0;m qsub -q localgrid@cream02 -o ../out_err/test15TT_2l2nu_0.stdout -e ../out_err/test15TT_2l2nu_0.stderr -l walltime=16:00:00    ../Jobs_to_submit/test15TT_2l2nu_0.sh
44103487.cream02.iihe.ac.be
[1;34mCommand:[0;m qsub -q localgrid@cream02 -o ../out_err/test16TT_2l2nu_0.stdout -e ../out_err/test16TT_2l2nu_0.stderr -l walltime=16:00:00    ../Jobs_to_submit/test16TT_2l2nu_0.sh
44103488.cream02.iihe.ac.be
[1;34mCommand:[0;m qsub -q localgrid@cream02 -o ../out_err/test17TT_2l2nu_0.stdout -e ../out_err/test17TT_2l2nu_0.stderr -l walltime=16:00:00    ../Jobs_to_submit/test17TT_2l2nu_0.sh
44103489.cream02.iihe.ac.be
[1;34mCommand:[0;m qsub -q localgrid@cream02 -o ../out_err/test18TT_2l2nu_0.stdout -e ../out_err/test18TT_2l2nu_0.stderr -l walltime=16:00:00    ../Jobs_to_submit/test18TT_2l2nu_0.sh
44103490.cream02.iihe.ac.be
[1;34mCommand:[0;m qsub -q localgrid@cream02 -o ../out_err/test19TT_2l2nu_0.stdout -e ../out_err/test19TT_2l2nu_0.stderr -l walltime=16:00:00    ../Jobs_to_submit/test19TT_2l2nu_0.sh
44103491.cream02.iihe.ac.be
[1;34mCommand:[0;m qsub -q localgrid@cream02 -o ../out_err/test20TT_2l2nu_0.stdout -e ../out_err/test20TT_2l2nu_0.stderr -l walltime=16:00:00    ../Jobs_to_submit/test20TT_2l2nu_0.sh
44103492.cream02.iihe.ac.be
[1;34mCommand:[0;m qsub -q localgrid@cream02 -o ../out_err/test21TT_2l2nu_0.stdout -e ../out_err/test21TT_2l2nu_0.stderr -l walltime=16:00:00    ../Jobs_to_submit/test21TT_2l2nu_0.sh
44103493.cream02.iihe.ac.be
[1;34mCommand:[0;m qsub -q localgrid@cream02 -o ../out_err/test22TT_2l2nu_0.stdout -e ../out_err/test22TT_2l2nu_0.stderr -l walltime=16:00:00    ../Jobs_to_submit/test22TT_2l2nu_0.sh
44103494.cream02.iihe.ac.be
[1;34mCommand:[0;m qsub -q localgrid@cream02 -o ../out_err/test23TT_2l2nu_0.stdout -e ../out_err/test23TT_2l2nu_0.stderr -l walltime=16:00:00    ../Jobs_to_submit/test23TT_2l2nu_0.sh
44103495.cream02.iihe.ac.be
[1;34mCommand:[0;m qsub -q localgrid@cream02 -o ../out_err/test24TT_2l2nu_0.stdout -e ../out_err/test24TT_2l2nu_0.stderr -l walltime=16:00:00    ../Jobs_to_submit/test24TT_2l2nu_0.sh
44103496.cream02.iihe.ac.be
[1;34mCommand:[0;m qsub -q localgrid@cream02 -o ../out_err/test25TT_2l2nu_0.stdout -e ../out_err/test25TT_2l2nu_0.stderr -l walltime=16:00:00    ../Jobs_to_submit/test25TT_2l2nu_0.sh
44103497.cream02.iihe.ac.be
[1;34mCommand:[0;m qsub -q localgrid@cream02 -o ../out_err/test26TT_2l2nu_0.stdout -e ../out_err/test26TT_2l2nu_0.stderr -l walltime=16:00:00    ../Jobs_to_submit/test26TT_2l2nu_0.sh
44103498.cream02.iihe.ac.be
[1;34mCommand:[0;m qsub -q localgrid@cream02 -o ../out_err/test27TT_2l2nu_0.stdout -e ../out_err/test27TT_2l2nu_0.stderr -l walltime=16:00:00    ../Jobs_to_submit/test27TT_2l2nu_0.sh
44103499.cream02.iihe.ac.be
[1;34mCommand:[0;m qsub -q localgrid@cream02 -o ../out_err/test28TT_2l2nu_0.stdout -e ../out_err/test28TT_2l2nu_0.stderr -l walltime=16:00:00    ../Jobs_to_submit/test28TT_2l2nu_0.sh
44103500.cream02.iihe.ac.be
[1;34mCommand:[0;m qsub -q localgrid@cream02 -o ../out_err/test29TT_2l2nu_0.stdout -e ../out_err/test29TT_2l2nu_0.stderr -l walltime=16:00:00    ../Jobs_to_submit/test29TT_2l2nu_0.sh
44103501.cream02.iihe.ac.be
[1;34mCommand:[0;m qsub -q localgrid@cream02 -o ../out_err/test30TT_2l2nu_0.stdout -e ../out_err/test30TT_2l2nu_0.stderr -l walltime=16:00:00    ../Jobs_to_submit/test30TT_2l2nu_0.sh
44103502.cream02.iihe.ac.be
[1;34mCommand:[0;m qsub -q localgrid@cream02 -o ../out_err/test31TT_2l2nu_0.stdout -e ../out_err/test31TT_2l2nu_0.stderr -l walltime=16:00:00    ../Jobs_to_submit/test31TT_2l2nu_0.sh
44103503.cream02.iihe.ac.be
[1;34mCommand:[0;m qsub -q localgrid@cream02 -o ../out_err/test32TT_2l2nu_0.stdout -e ../out_err/test32TT_2l2nu_0.stderr -l walltime=16:00:00    ../Jobs_to_submit/test32TT_2l2nu_0.sh
44103504.cream02.iihe.ac.be
[1;34mCommand:[0;m qsub -q localgrid@cream02 -o ../out_err/test33TT_2l2nu_0.stdout -e ../out_err/test33TT_2l2nu_0.stderr -l walltime=16:00:00    ../Jobs_to_submit/test33TT_2l2nu_0.sh
44103505.cream02.iihe.ac.be
[1;34mCommand:[0;m qsub -q localgrid@cream02 -o ../out_err/TT_2l2nu_1.stdout -e ../out_err/TT_2l2nu_1.stderr -l walltime=16:00:00    ../Jobs_to_submit/TT_2l2nu_1.sh
44103506.cream02.iihe.ac.be
[1;34mCommand:[0;m qsub -q localgrid@cream02 -o ../out_err/test1TT_2l2nu_1.stdout -e ../out_err/test1TT_2l2nu_1.stderr -l walltime=16:00:00    ../Jobs_to_submit/test1TT_2l2nu_1.sh
44103507.cream02.iihe.ac.be
[1;34mCommand:[0;m qsub -q localgrid@cream02 -o ../out_err/test2TT_2l2nu_1.stdout -e ../out_err/test2TT_2l2nu_1.stderr -l walltime=16:00:00    ../Jobs_to_submit/test2TT_2l2nu_1.sh
44103508.cream02.iihe.ac.be
[1;34mCommand:[0;m qsub -q localgrid@cream02 -o ../out_err/test3TT_2l2nu_1.stdout -e ../out_err/test3TT_2l2nu_1.stderr -l walltime=16:00:00    ../Jobs_to_submit/test3TT_2l2nu_1.sh
44103509.cream02.iihe.ac.be
[1;34mCommand:[0;m qsub -q localgrid@cream02 -o ../out_err/test4TT_2l2nu_1.stdout -e ../out_err/test4TT_2l2nu_1.stderr -l walltime=16:00:00    ../Jobs_to_submit/test4TT_2l2nu_1.sh
44103510.cream02.iihe.ac.be
[1;34mCommand:[0;m qsub -q localgrid@cream02 -o ../out_err/test5TT_2l2nu_1.stdout -e ../out_err/test5TT_2l2nu_1.stderr -l walltime=16:00:00    ../Jobs_to_submit/test5TT_2l2nu_1.sh
44103511.cream02.iihe.ac.be
[1;34mCommand:[0;m qsub -q localgrid@cream02 -o ../out_err/test6TT_2l2nu_1.stdout -e ../out_err/test6TT_2l2nu_1.stderr -l walltime=16:00:00    ../Jobs_to_submit/test6TT_2l2nu_1.sh
44103512.cream02.iihe.ac.be
[1;34mCommand:[0;m qsub -q localgrid@cream02 -o ../out_err/test7TT_2l2nu_1.stdout -e ../out_err/test7TT_2l2nu_1.stderr -l walltime=16:00:00    ../Jobs_to_submit/test7TT_2l2nu_1.sh
44103513.cream02.iihe.ac.be
[1;34mCommand:[0;m qsub -q localgrid@cream02 -o ../out_err/test8TT_2l2nu_1.stdout -e ../out_err/test8TT_2l2nu_1.stderr -l walltime=16:00:00    ../Jobs_to_submit/test8TT_2l2nu_1.sh
44103514.cream02.iihe.ac.be
[1;34mCommand:[0;m qsub -q localgrid@cream02 -o ../out_err/test9TT_2l2nu_1.stdout -e ../out_err/test9TT_2l2nu_1.stderr -l walltime=16:00:00    ../Jobs_to_submit/test9TT_2l2nu_1.sh
44103515.cream02.iihe.ac.be
[1;34mCommand:[0;m qsub -q localgrid@cream02 -o ../out_err/test10TT_2l2nu_1.stdout -e ../out_err/test10TT_2l2nu_1.stderr -l walltime=16:00:00    ../Jobs_to_submit/test10TT_2l2nu_1.sh
44103516.cream02.iihe.ac.be
[1;34mCommand:[0;m qsub -q localgrid@cream02 -o ../out_err/test11TT_2l2nu_1.stdout -e ../out_err/test11TT_2l2nu_1.stderr -l walltime=16:00:00    ../Jobs_to_submit/test11TT_2l2nu_1.sh
44103517.cream02.iihe.ac.be
[1;34mCommand:[0;m qsub -q localgrid@cream02 -o ../out_err/test12TT_2l2nu_1.stdout -e ../out_err/test12TT_2l2nu_1.stderr -l walltime=16:00:00    ../Jobs_to_submit/test12TT_2l2nu_1.sh
44103518.cream02.iihe.ac.be
[1;34mCommand:[0;m qsub -q localgrid@cream02 -o ../out_err/test13TT_2l2nu_1.stdout -e ../out_err/test13TT_2l2nu_1.stderr -l walltime=16:00:00    ../Jobs_to_submit/test13TT_2l2nu_1.sh
44103519.cream02.iihe.ac.be
[1;34mCommand:[0;m qsub -q localgrid@cream02 -o ../out_err/test14TT_2l2nu_1.stdout -e ../out_err/test14TT_2l2nu_1.stderr -l walltime=16:00:00    ../Jobs_to_submit/test14TT_2l2nu_1.sh
44103520.cream02.iihe.ac.be
[1;34mCommand:[0;m qsub -q localgrid@cream02 -o ../out_err/test15TT_2l2nu_1.stdout -e ../out_err/test15TT_2l2nu_1.stderr -l walltime=16:00:00    ../Jobs_to_submit/test15TT_2l2nu_1.sh
44103521.cream02.iihe.ac.be
[1;34mCommand:[0;m qsub -q localgrid@cream02 -o ../out_err/test16TT_2l2nu_1.stdout -e ../out_err/test16TT_2l2nu_1.stderr -l walltime=16:00:00    ../Jobs_to_submit/test16TT_2l2nu_1.sh
44103522.cream02.iihe.ac.be
[1;34mCommand:[0;m qsub -q localgrid@cream02 -o ../out_err/test17TT_2l2nu_1.stdout -e ../out_err/test17TT_2l2nu_1.stderr -l walltime=16:00:00    ../Jobs_to_submit/test17TT_2l2nu_1.sh
44103523.cream02.iihe.ac.be
[1;34mCommand:[0;m qsub -q localgrid@cream02 -o ../out_err/test18TT_2l2nu_1.stdout -e ../out_err/test18TT_2l2nu_1.stderr -l walltime=16:00:00    ../Jobs_to_submit/test18TT_2l2nu_1.sh
44103524.cream02.iihe.ac.be
[1;34mCommand:[0;m qsub -q localgrid@cream02 -o ../out_err/test19TT_2l2nu_1.stdout -e ../out_err/test19TT_2l2nu_1.stderr -l walltime=16:00:00    ../Jobs_to_submit/test19TT_2l2nu_1.sh
44103525.cream02.iihe.ac.be
[1;34mCommand:[0;m qsub -q localgrid@cream02 -o ../out_err/test20TT_2l2nu_1.stdout -e ../out_err/test20TT_2l2nu_1.stderr -l walltime=16:00:00    ../Jobs_to_submit/test20TT_2l2nu_1.sh
44103526.cream02.iihe.ac.be
[1;34mCommand:[0;m qsub -q localgrid@cream02 -o ../out_err/test21TT_2l2nu_1.stdout -e ../out_err/test21TT_2l2nu_1.stderr -l walltime=16:00:00    ../Jobs_to_submit/test21TT_2l2nu_1.sh
44103527.cream02.iihe.ac.be
[1;34mCommand:[0;m qsub -q localgrid@cream02 -o ../out_err/test22TT_2l2nu_1.stdout -e ../out_err/test22TT_2l2nu_1.stderr -l walltime=16:00:00    ../Jobs_to_submit/test22TT_2l2nu_1.sh
44103528.cream02.iihe.ac.be
[1;34mCommand:[0;m qsub -q localgrid@cream02 -o ../out_err/test23TT_2l2nu_1.stdout -e ../out_err/test23TT_2l2nu_1.stderr -l walltime=16:00:00    ../Jobs_to_submit/test23TT_2l2nu_1.sh
44103529.cream02.iihe.ac.be
[1;34mCommand:[0;m qsub -q localgrid@cream02 -o ../out_err/test24TT_2l2nu_1.stdout -e ../out_err/test24TT_2l2nu_1.stderr -l walltime=16:00:00    ../Jobs_to_submit/test24TT_2l2nu_1.sh
44103530.cream02.iihe.ac.be
[1;34mCommand:[0;m qsub -q localgrid@cream02 -o ../out_err/test25TT_2l2nu_1.stdout -e ../out_err/test25TT_2l2nu_1.stderr -l walltime=16:00:00    ../Jobs_to_submit/test25TT_2l2nu_1.sh
44103531.cream02.iihe.ac.be
[1;34mCommand:[0;m qsub -q localgrid@cream02 -o ../out_err/test26TT_2l2nu_1.stdout -e ../out_err/test26TT_2l2nu_1.stderr -l walltime=16:00:00    ../Jobs_to_submit/test26TT_2l2nu_1.sh
44103532.cream02.iihe.ac.be
[1;34mCommand:[0;m qsub -q localgrid@cream02 -o ../out_err/test27TT_2l2nu_1.stdout -e ../out_err/test27TT_2l2nu_1.stderr -l walltime=16:00:00    ../Jobs_to_submit/test27TT_2l2nu_1.sh
44103533.cream02.iihe.ac.be
[1;34mCommand:[0;m qsub -q localgrid@cream02 -o ../out_err/test28TT_2l2nu_1.stdout -e ../out_err/test28TT_2l2nu_1.stderr -l walltime=16:00:00    ../Jobs_to_submit/test28TT_2l2nu_1.sh
44103534.cream02.iihe.ac.be
[1;34mCommand:[0;m qsub -q localgrid@cream02 -o ../out_err/test29TT_2l2nu_1.stdout -e ../out_err/test29TT_2l2nu_1.stderr -l walltime=16:00:00    ../Jobs_to_submit/test29TT_2l2nu_1.sh
44103535.cream02.iihe.ac.be
[1;34mCommand:[0;m qsub -q localgrid@cream02 -o ../out_err/test30TT_2l2nu_1.stdout -e ../out_err/test30TT_2l2nu_1.stderr -l walltime=16:00:00    ../Jobs_to_submit/test30TT_2l2nu_1.sh
44103536.cream02.iihe.ac.be
[1;34mCommand:[0;m qsub -q localgrid@cream02 -o ../out_err/test31TT_2l2nu_1.stdout -e ../out_err/test31TT_2l2nu_1.stderr -l walltime=16:00:00    ../Jobs_to_submit/test31TT_2l2nu_1.sh
44103537.cream02.iihe.ac.be
[1;34mCommand:[0;m qsub -q localgrid@cream02 -o ../out_err/test32TT_2l2nu_1.stdout -e ../out_err/test32TT_2l2nu_1.stderr -l walltime=16:00:00    ../Jobs_to_submit/test32TT_2l2nu_1.sh
44103538.cream02.iihe.ac.be
[1;34mCommand:[0;m qsub -q localgrid@cream02 -o ../out_err/test33TT_2l2nu_1.stdout -e ../out_err/test33TT_2l2nu_1.stderr -l walltime=16:00:00    ../Jobs_to_submit/test33TT_2l2nu_1.sh
44103539.cream02.iihe.ac.be
[1;34mCommand:[0;m qsub -q localgrid@cream02 -o ../out_err/TT_2l2nu_2.stdout -e ../out_err/TT_2l2nu_2.stderr -l walltime=16:00:00    ../Jobs_to_submit/TT_2l2nu_2.sh
44103540.cream02.iihe.ac.be
[1;34mCommand:[0;m qsub -q localgrid@cream02 -o ../out_err/test1TT_2l2nu_2.stdout -e ../out_err/test1TT_2l2nu_2.stderr -l walltime=16:00:00    ../Jobs_to_submit/test1TT_2l2nu_2.sh
44103541.cream02.iihe.ac.be
[1;34mCommand:[0;m qsub -q localgrid@cream02 -o ../out_err/test2TT_2l2nu_2.stdout -e ../out_err/test2TT_2l2nu_2.stderr -l walltime=16:00:00    ../Jobs_to_submit/test2TT_2l2nu_2.sh
44103542.cream02.iihe.ac.be
[1;34mCommand:[0;m qsub -q localgrid@cream02 -o ../out_err/test3TT_2l2nu_2.stdout -e ../out_err/test3TT_2l2nu_2.stderr -l walltime=16:00:00    ../Jobs_to_submit/test3TT_2l2nu_2.sh
44103543.cream02.iihe.ac.be
[1;34mCommand:[0;m qsub -q localgrid@cream02 -o ../out_err/test4TT_2l2nu_2.stdout -e ../out_err/test4TT_2l2nu_2.stderr -l walltime=16:00:00    ../Jobs_to_submit/test4TT_2l2nu_2.sh
44103544.cream02.iihe.ac.be
[1;34mCommand:[0;m qsub -q localgrid@cream02 -o ../out_err/test5TT_2l2nu_2.stdout -e ../out_err/test5TT_2l2nu_2.stderr -l walltime=16:00:00    ../Jobs_to_submit/test5TT_2l2nu_2.sh
44103545.cream02.iihe.ac.be
[1;34mCommand:[0;m qsub -q localgrid@cream02 -o ../out_err/test6TT_2l2nu_2.stdout -e ../out_err/test6TT_2l2nu_2.stderr -l walltime=16:00:00    ../Jobs_to_submit/test6TT_2l2nu_2.sh
44103546.cream02.iihe.ac.be
[1;34mCommand:[0;m qsub -q localgrid@cream02 -o ../out_err/test7TT_2l2nu_2.stdout -e ../out_err/test7TT_2l2nu_2.stderr -l walltime=16:00:00    ../Jobs_to_submit/test7TT_2l2nu_2.sh
44103547.cream02.iihe.ac.be
[1;34mCommand:[0;m qsub -q localgrid@cream02 -o ../out_err/test8TT_2l2nu_2.stdout -e ../out_err/test8TT_2l2nu_2.stderr -l walltime=16:00:00    ../Jobs_to_submit/test8TT_2l2nu_2.sh
44103548.cream02.iihe.ac.be
[1;34mCommand:[0;m qsub -q localgrid@cream02 -o ../out_err/test9TT_2l2nu_2.stdout -e ../out_err/test9TT_2l2nu_2.stderr -l walltime=16:00:00    ../Jobs_to_submit/test9TT_2l2nu_2.sh
44103549.cream02.iihe.ac.be
[1;34mCommand:[0;m qsub -q localgrid@cream02 -o ../out_err/test10TT_2l2nu_2.stdout -e ../out_err/test10TT_2l2nu_2.stderr -l walltime=16:00:00    ../Jobs_to_submit/test10TT_2l2nu_2.sh
44103550.cream02.iihe.ac.be
[1;34mCommand:[0;m qsub -q localgrid@cream02 -o ../out_err/test11TT_2l2nu_2.stdout -e ../out_err/test11TT_2l2nu_2.stderr -l walltime=16:00:00    ../Jobs_to_submit/test11TT_2l2nu_2.sh
44103551.cream02.iihe.ac.be
[1;34mCommand:[0;m qsub -q localgrid@cream02 -o ../out_err/test12TT_2l2nu_2.stdout -e ../out_err/test12TT_2l2nu_2.stderr -l walltime=16:00:00    ../Jobs_to_submit/test12TT_2l2nu_2.sh
44103552.cream02.iihe.ac.be
[1;34mCommand:[0;m qsub -q localgrid@cream02 -o ../out_err/test13TT_2l2nu_2.stdout -e ../out_err/test13TT_2l2nu_2.stderr -l walltime=16:00:00    ../Jobs_to_submit/test13TT_2l2nu_2.sh
44103553.cream02.iihe.ac.be
[1;34mCommand:[0;m qsub -q localgrid@cream02 -o ../out_err/test14TT_2l2nu_2.stdout -e ../out_err/test14TT_2l2nu_2.stderr -l walltime=16:00:00    ../Jobs_to_submit/test14TT_2l2nu_2.sh
44103554.cream02.iihe.ac.be
[1;34mCommand:[0;m qsub -q localgrid@cream02 -o ../out_err/test15TT_2l2nu_2.stdout -e ../out_err/test15TT_2l2nu_2.stderr -l walltime=16:00:00    ../Jobs_to_submit/test15TT_2l2nu_2.sh
44103555.cream02.iihe.ac.be
[1;34mCommand:[0;m qsub -q localgrid@cream02 -o ../out_err/test16TT_2l2nu_2.stdout -e ../out_err/test16TT_2l2nu_2.stderr -l walltime=16:00:00    ../Jobs_to_submit/test16TT_2l2nu_2.sh
44103556.cream02.iihe.ac.be
[1;34mCommand:[0;m qsub -q localgrid@cream02 -o ../out_err/test17TT_2l2nu_2.stdout -e ../out_err/test17TT_2l2nu_2.stderr -l walltime=16:00:00    ../Jobs_to_submit/test17TT_2l2nu_2.sh
44103557.cream02.iihe.ac.be
[1;34mCommand:[0;m qsub -q localgrid@cream02 -o ../out_err/test18TT_2l2nu_2.stdout -e ../out_err/test18TT_2l2nu_2.stderr -l walltime=16:00:00    ../Jobs_to_submit/test18TT_2l2nu_2.sh
44103558.cream02.iihe.ac.be
[1;34mCommand:[0;m qsub -q localgrid@cream02 -o ../out_err/test19TT_2l2nu_2.stdout -e ../out_err/test19TT_2l2nu_2.stderr -l walltime=16:00:00    ../Jobs_to_submit/test19TT_2l2nu_2.sh
44103559.cream02.iihe.ac.be
[1;34mCommand:[0;m qsub -q localgrid@cream02 -o ../out_err/test20TT_2l2nu_2.stdout -e ../out_err/test20TT_2l2nu_2.stderr -l walltime=16:00:00    ../Jobs_to_submit/test20TT_2l2nu_2.sh
44103560.cream02.iihe.ac.be
[1;34mCommand:[0;m qsub -q localgrid@cream02 -o ../out_err/test21TT_2l2nu_2.stdout -e ../out_err/test21TT_2l2nu_2.stderr -l walltime=16:00:00    ../Jobs_to_submit/test21TT_2l2nu_2.sh
44103561.cream02.iihe.ac.be
[1;34mCommand:[0;m qsub -q localgrid@cream02 -o ../out_err/test22TT_2l2nu_2.stdout -e ../out_err/test22TT_2l2nu_2.stderr -l walltime=16:00:00    ../Jobs_to_submit/test22TT_2l2nu_2.sh
44103562.cream02.iihe.ac.be
[1;34mCommand:[0;m qsub -q localgrid@cream02 -o ../out_err/test23TT_2l2nu_2.stdout -e ../out_err/test23TT_2l2nu_2.stderr -l walltime=16:00:00    ../Jobs_to_submit/test23TT_2l2nu_2.sh
44103563.cream02.iihe.ac.be
[1;34mCommand:[0;m qsub -q localgrid@cream02 -o ../out_err/test24TT_2l2nu_2.stdout -e ../out_err/test24TT_2l2nu_2.stderr -l walltime=16:00:00    ../Jobs_to_submit/test24TT_2l2nu_2.sh
44103564.cream02.iihe.ac.be
[1;34mCommand:[0;m qsub -q localgrid@cream02 -o ../out_err/test25TT_2l2nu_2.stdout -e ../out_err/test25TT_2l2nu_2.stderr -l walltime=16:00:00    ../Jobs_to_submit/test25TT_2l2nu_2.sh
44103565.cream02.iihe.ac.be
[1;34mCommand:[0;m qsub -q localgrid@cream02 -o ../out_err/test26TT_2l2nu_2.stdout -e ../out_err/test26TT_2l2nu_2.stderr -l walltime=16:00:00    ../Jobs_to_submit/test26TT_2l2nu_2.sh
44103566.cream02.iihe.ac.be
[1;34mCommand:[0;m qsub -q localgrid@cream02 -o ../out_err/test27TT_2l2nu_2.stdout -e ../out_err/test27TT_2l2nu_2.stderr -l walltime=16:00:00    ../Jobs_to_submit/test27TT_2l2nu_2.sh
44103567.cream02.iihe.ac.be
[1;34mCommand:[0;m qsub -q localgrid@cream02 -o ../out_err/test28TT_2l2nu_2.stdout -e ../out_err/test28TT_2l2nu_2.stderr -l walltime=16:00:00    ../Jobs_to_submit/test28TT_2l2nu_2.sh
44103568.cream02.iihe.ac.be
[1;34mCommand:[0;m qsub -q localgrid@cream02 -o ../out_err/test29TT_2l2nu_2.stdout -e ../out_err/test29TT_2l2nu_2.stderr -l walltime=16:00:00    ../Jobs_to_submit/test29TT_2l2nu_2.sh
44103569.cream02.iihe.ac.be
[1;34mCommand:[0;m qsub -q localgrid@cream02 -o ../out_err/test30TT_2l2nu_2.stdout -e ../out_err/test30TT_2l2nu_2.stderr -l walltime=16:00:00    ../Jobs_to_submit/test30TT_2l2nu_2.sh
44103570.cream02.iihe.ac.be
[1;34mCommand:[0;m qsub -q localgrid@cream02 -o ../out_err/test31TT_2l2nu_2.stdout -e ../out_err/test31TT_2l2nu_2.stderr -l walltime=16:00:00    ../Jobs_to_submit/test31TT_2l2nu_2.sh
44103571.cream02.iihe.ac.be
[1;34mCommand:[0;m qsub -q localgrid@cream02 -o ../out_err/test32TT_2l2nu_2.stdout -e ../out_err/test32TT_2l2nu_2.stderr -l walltime=16:00:00    ../Jobs_to_submit/test32TT_2l2nu_2.sh
44103572.cream02.iihe.ac.be
[1;34mCommand:[0;m qsub -q localgrid@cream02 -o ../out_err/test33TT_2l2nu_2.stdout -e ../out_err/test33TT_2l2nu_2.stderr -l walltime=16:00:00    ../Jobs_to_submit/test33TT_2l2nu_2.sh
44103573.cream02.iihe.ac.be
[1;34mCommand:[0;m qsub -q localgrid@cream02 -o ../out_err/TT_2l2nu_3.stdout -e ../out_err/TT_2l2nu_3.stderr -l walltime=16:00:00    ../Jobs_to_submit/TT_2l2nu_3.sh
44103574.cream02.iihe.ac.be
[1;34mCommand:[0;m qsub -q localgrid@cream02 -o ../out_err/test1TT_2l2nu_3.stdout -e ../out_err/test1TT_2l2nu_3.stderr -l walltime=16:00:00    ../Jobs_to_submit/test1TT_2l2nu_3.sh
44103575.cream02.iihe.ac.be
[1;34mCommand:[0;m qsub -q localgrid@cream02 -o ../out_err/test2TT_2l2nu_3.stdout -e ../out_err/test2TT_2l2nu_3.stderr -l walltime=16:00:00    ../Jobs_to_submit/test2TT_2l2nu_3.sh
44103576.cream02.iihe.ac.be
[1;34mCommand:[0;m qsub -q localgrid@cream02 -o ../out_err/test3TT_2l2nu_3.stdout -e ../out_err/test3TT_2l2nu_3.stderr -l walltime=16:00:00    ../Jobs_to_submit/test3TT_2l2nu_3.sh
44103577.cream02.iihe.ac.be
[1;34mCommand:[0;m qsub -q localgrid@cream02 -o ../out_err/test4TT_2l2nu_3.stdout -e ../out_err/test4TT_2l2nu_3.stderr -l walltime=16:00:00    ../Jobs_to_submit/test4TT_2l2nu_3.sh
44103578.cream02.iihe.ac.be
[1;34mCommand:[0;m qsub -q localgrid@cream02 -o ../out_err/test5TT_2l2nu_3.stdout -e ../out_err/test5TT_2l2nu_3.stderr -l walltime=16:00:00    ../Jobs_to_submit/test5TT_2l2nu_3.sh
44103579.cream02.iihe.ac.be
[1;34mCommand:[0;m qsub -q localgrid@cream02 -o ../out_err/test6TT_2l2nu_3.stdout -e ../out_err/test6TT_2l2nu_3.stderr -l walltime=16:00:00    ../Jobs_to_submit/test6TT_2l2nu_3.sh
44103580.cream02.iihe.ac.be
[1;34mCommand:[0;m qsub -q localgrid@cream02 -o ../out_err/test7TT_2l2nu_3.stdout -e ../out_err/test7TT_2l2nu_3.stderr -l walltime=16:00:00    ../Jobs_to_submit/test7TT_2l2nu_3.sh
44103581.cream02.iihe.ac.be
[1;34mCommand:[0;m qsub -q localgrid@cream02 -o ../out_err/test8TT_2l2nu_3.stdout -e ../out_err/test8TT_2l2nu_3.stderr -l walltime=16:00:00    ../Jobs_to_submit/test8TT_2l2nu_3.sh
44103582.cream02.iihe.ac.be
[1;34mCommand:[0;m qsub -q localgrid@cream02 -o ../out_err/test9TT_2l2nu_3.stdout -e ../out_err/test9TT_2l2nu_3.stderr -l walltime=16:00:00    ../Jobs_to_submit/test9TT_2l2nu_3.sh
44103583.cream02.iihe.ac.be
[1;34mCommand:[0;m qsub -q localgrid@cream02 -o ../out_err/test10TT_2l2nu_3.stdout -e ../out_err/test10TT_2l2nu_3.stderr -l walltime=16:00:00    ../Jobs_to_submit/test10TT_2l2nu_3.sh
44103584.cream02.iihe.ac.be
[1;34mCommand:[0;m qsub -q localgrid@cream02 -o ../out_err/test11TT_2l2nu_3.stdout -e ../out_err/test11TT_2l2nu_3.stderr -l walltime=16:00:00    ../Jobs_to_submit/test11TT_2l2nu_3.sh
44103585.cream02.iihe.ac.be
[1;34mCommand:[0;m qsub -q localgrid@cream02 -o ../out_err/test12TT_2l2nu_3.stdout -e ../out_err/test12TT_2l2nu_3.stderr -l walltime=16:00:00    ../Jobs_to_submit/test12TT_2l2nu_3.sh
44103586.cream02.iihe.ac.be
[1;34mCommand:[0;m qsub -q localgrid@cream02 -o ../out_err/test13TT_2l2nu_3.stdout -e ../out_err/test13TT_2l2nu_3.stderr -l walltime=16:00:00    ../Jobs_to_submit/test13TT_2l2nu_3.sh
44103587.cream02.iihe.ac.be
[1;34mCommand:[0;m qsub -q localgrid@cream02 -o ../out_err/test14TT_2l2nu_3.stdout -e ../out_err/test14TT_2l2nu_3.stderr -l walltime=16:00:00    ../Jobs_to_submit/test14TT_2l2nu_3.sh
44103588.cream02.iihe.ac.be
[1;34mCommand:[0;m qsub -q localgrid@cream02 -o ../out_err/test15TT_2l2nu_3.stdout -e ../out_err/test15TT_2l2nu_3.stderr -l walltime=16:00:00    ../Jobs_to_submit/test15TT_2l2nu_3.sh
44103589.cream02.iihe.ac.be
[1;34mCommand:[0;m qsub -q localgrid@cream02 -o ../out_err/test16TT_2l2nu_3.stdout -e ../out_err/test16TT_2l2nu_3.stderr -l walltime=16:00:00    ../Jobs_to_submit/test16TT_2l2nu_3.sh
44103590.cream02.iihe.ac.be
[1;34mCommand:[0;m qsub -q localgrid@cream02 -o ../out_err/test17TT_2l2nu_3.stdout -e ../out_err/test17TT_2l2nu_3.stderr -l walltime=16:00:00    ../Jobs_to_submit/test17TT_2l2nu_3.sh
44103591.cream02.iihe.ac.be
[1;34mCommand:[0;m qsub -q localgrid@cream02 -o ../out_err/test18TT_2l2nu_3.stdout -e ../out_err/test18TT_2l2nu_3.stderr -l walltime=16:00:00    ../Jobs_to_submit/test18TT_2l2nu_3.sh
44103592.cream02.iihe.ac.be
[1;34mCommand:[0;m qsub -q localgrid@cream02 -o ../out_err/test19TT_2l2nu_3.stdout -e ../out_err/test19TT_2l2nu_3.stderr -l walltime=16:00:00    ../Jobs_to_submit/test19TT_2l2nu_3.sh
44103593.cream02.iihe.ac.be
[1;34mCommand:[0;m qsub -q localgrid@cream02 -o ../out_err/test20TT_2l2nu_3.stdout -e ../out_err/test20TT_2l2nu_3.stderr -l walltime=16:00:00    ../Jobs_to_submit/test20TT_2l2nu_3.sh
44103594.cream02.iihe.ac.be
[1;34mCommand:[0;m qsub -q localgrid@cream02 -o ../out_err/test21TT_2l2nu_3.stdout -e ../out_err/test21TT_2l2nu_3.stderr -l walltime=16:00:00    ../Jobs_to_submit/test21TT_2l2nu_3.sh
44103595.cream02.iihe.ac.be
[1;34mCommand:[0;m qsub -q localgrid@cream02 -o ../out_err/test22TT_2l2nu_3.stdout -e ../out_err/test22TT_2l2nu_3.stderr -l walltime=16:00:00    ../Jobs_to_submit/test22TT_2l2nu_3.sh
44103596.cream02.iihe.ac.be
[1;34mCommand:[0;m qsub -q localgrid@cream02 -o ../out_err/test23TT_2l2nu_3.stdout -e ../out_err/test23TT_2l2nu_3.stderr -l walltime=16:00:00    ../Jobs_to_submit/test23TT_2l2nu_3.sh
44103597.cream02.iihe.ac.be
[1;34mCommand:[0;m qsub -q localgrid@cream02 -o ../out_err/test24TT_2l2nu_3.stdout -e ../out_err/test24TT_2l2nu_3.stderr -l walltime=16:00:00    ../Jobs_to_submit/test24TT_2l2nu_3.sh
44103598.cream02.iihe.ac.be
[1;34mCommand:[0;m qsub -q localgrid@cream02 -o ../out_err/test25TT_2l2nu_3.stdout -e ../out_err/test25TT_2l2nu_3.stderr -l walltime=16:00:00    ../Jobs_to_submit/test25TT_2l2nu_3.sh
44103599.cream02.iihe.ac.be
[1;34mCommand:[0;m qsub -q localgrid@cream02 -o ../out_err/test26TT_2l2nu_3.stdout -e ../out_err/test26TT_2l2nu_3.stderr -l walltime=16:00:00    ../Jobs_to_submit/test26TT_2l2nu_3.sh
44103600.cream02.iihe.ac.be
[1;34mCommand:[0;m qsub -q localgrid@cream02 -o ../out_err/test27TT_2l2nu_3.stdout -e ../out_err/test27TT_2l2nu_3.stderr -l walltime=16:00:00    ../Jobs_to_submit/test27TT_2l2nu_3.sh
44103601.cream02.iihe.ac.be
[1;34mCommand:[0;m qsub -q localgrid@cream02 -o ../out_err/test28TT_2l2nu_3.stdout -e ../out_err/test28TT_2l2nu_3.stderr -l walltime=16:00:00    ../Jobs_to_submit/test28TT_2l2nu_3.sh
44103602.cream02.iihe.ac.be
[1;34mCommand:[0;m qsub -q localgrid@cream02 -o ../out_err/test29TT_2l2nu_3.stdout -e ../out_err/test29TT_2l2nu_3.stderr -l walltime=16:00:00    ../Jobs_to_submit/test29TT_2l2nu_3.sh
44103603.cream02.iihe.ac.be
[1;34mCommand:[0;m qsub -q localgrid@cream02 -o ../out_err/test30TT_2l2nu_3.stdout -e ../out_err/test30TT_2l2nu_3.stderr -l walltime=16:00:00    ../Jobs_to_submit/test30TT_2l2nu_3.sh
44103604.cream02.iihe.ac.be
[1;34mCommand:[0;m qsub -q localgrid@cream02 -o ../out_err/test31TT_2l2nu_3.stdout -e ../out_err/test31TT_2l2nu_3.stderr -l walltime=16:00:00    ../Jobs_to_submit/test31TT_2l2nu_3.sh
44103605.cream02.iihe.ac.be
[1;34mCommand:[0;m qsub -q localgrid@cream02 -o ../out_err/test32TT_2l2nu_3.stdout -e ../out_err/test32TT_2l2nu_3.stderr -l walltime=16:00:00    ../Jobs_to_submit/test32TT_2l2nu_3.sh
44103606.cream02.iihe.ac.be
[1;34mCommand:[0;m qsub -q localgrid@cream02 -o ../out_err/test33TT_2l2nu_3.stdout -e ../out_err/test33TT_2l2nu_3.stderr -l walltime=16:00:00    ../Jobs_to_submit/test33TT_2l2nu_3.sh
44103607.cream02.iihe.ac.be
[1;34mCommand:[0;m qsub -q localgrid@cream02 -o ../out_err/TT_2l2nu_4.stdout -e ../out_err/TT_2l2nu_4.stderr -l walltime=16:00:00    ../Jobs_to_submit/TT_2l2nu_4.sh
44103608.cream02.iihe.ac.be
[1;34mCommand:[0;m qsub -q localgrid@cream02 -o ../out_err/test1TT_2l2nu_4.stdout -e ../out_err/test1TT_2l2nu_4.stderr -l walltime=16:00:00    ../Jobs_to_submit/test1TT_2l2nu_4.sh
44103609.cream02.iihe.ac.be
[1;34mCommand:[0;m qsub -q localgrid@cream02 -o ../out_err/test2TT_2l2nu_4.stdout -e ../out_err/test2TT_2l2nu_4.stderr -l walltime=16:00:00    ../Jobs_to_submit/test2TT_2l2nu_4.sh
44103610.cream02.iihe.ac.be
[1;34mCommand:[0;m qsub -q localgrid@cream02 -o ../out_err/test3TT_2l2nu_4.stdout -e ../out_err/test3TT_2l2nu_4.stderr -l walltime=16:00:00    ../Jobs_to_submit/test3TT_2l2nu_4.sh
44103611.cream02.iihe.ac.be
[1;34mCommand:[0;m qsub -q localgrid@cream02 -o ../out_err/test4TT_2l2nu_4.stdout -e ../out_err/test4TT_2l2nu_4.stderr -l walltime=16:00:00    ../Jobs_to_submit/test4TT_2l2nu_4.sh
44103612.cream02.iihe.ac.be
[1;34mCommand:[0;m qsub -q localgrid@cream02 -o ../out_err/test5TT_2l2nu_4.stdout -e ../out_err/test5TT_2l2nu_4.stderr -l walltime=16:00:00    ../Jobs_to_submit/test5TT_2l2nu_4.sh
44103613.cream02.iihe.ac.be
[1;34mCommand:[0;m qsub -q localgrid@cream02 -o ../out_err/test6TT_2l2nu_4.stdout -e ../out_err/test6TT_2l2nu_4.stderr -l walltime=16:00:00    ../Jobs_to_submit/test6TT_2l2nu_4.sh
44103614.cream02.iihe.ac.be
[1;34mCommand:[0;m qsub -q localgrid@cream02 -o ../out_err/test7TT_2l2nu_4.stdout -e ../out_err/test7TT_2l2nu_4.stderr -l walltime=16:00:00    ../Jobs_to_submit/test7TT_2l2nu_4.sh
44103615.cream02.iihe.ac.be
[1;34mCommand:[0;m qsub -q localgrid@cream02 -o ../out_err/test8TT_2l2nu_4.stdout -e ../out_err/test8TT_2l2nu_4.stderr -l walltime=16:00:00    ../Jobs_to_submit/test8TT_2l2nu_4.sh
44103616.cream02.iihe.ac.be
[1;34mCommand:[0;m qsub -q localgrid@cream02 -o ../out_err/test9TT_2l2nu_4.stdout -e ../out_err/test9TT_2l2nu_4.stderr -l walltime=16:00:00    ../Jobs_to_submit/test9TT_2l2nu_4.sh
44103617.cream02.iihe.ac.be
[1;34mCommand:[0;m qsub -q localgrid@cream02 -o ../out_err/test10TT_2l2nu_4.stdout -e ../out_err/test10TT_2l2nu_4.stderr -l walltime=16:00:00    ../Jobs_to_submit/test10TT_2l2nu_4.sh
44103618.cream02.iihe.ac.be
[1;34mCommand:[0;m qsub -q localgrid@cream02 -o ../out_err/test11TT_2l2nu_4.stdout -e ../out_err/test11TT_2l2nu_4.stderr -l walltime=16:00:00    ../Jobs_to_submit/test11TT_2l2nu_4.sh
44103619.cream02.iihe.ac.be
[1;34mCommand:[0;m qsub -q localgrid@cream02 -o ../out_err/test12TT_2l2nu_4.stdout -e ../out_err/test12TT_2l2nu_4.stderr -l walltime=16:00:00    ../Jobs_to_submit/test12TT_2l2nu_4.sh
44103620.cream02.iihe.ac.be
[1;34mCommand:[0;m qsub -q localgrid@cream02 -o ../out_err/test13TT_2l2nu_4.stdout -e ../out_err/test13TT_2l2nu_4.stderr -l walltime=16:00:00    ../Jobs_to_submit/test13TT_2l2nu_4.sh
44103621.cream02.iihe.ac.be
[1;34mCommand:[0;m qsub -q localgrid@cream02 -o ../out_err/test14TT_2l2nu_4.stdout -e ../out_err/test14TT_2l2nu_4.stderr -l walltime=16:00:00    ../Jobs_to_submit/test14TT_2l2nu_4.sh
44103622.cream02.iihe.ac.be
[1;34mCommand:[0;m qsub -q localgrid@cream02 -o ../out_err/test15TT_2l2nu_4.stdout -e ../out_err/test15TT_2l2nu_4.stderr -l walltime=16:00:00    ../Jobs_to_submit/test15TT_2l2nu_4.sh
44103623.cream02.iihe.ac.be
[1;34mCommand:[0;m qsub -q localgrid@cream02 -o ../out_err/test16TT_2l2nu_4.stdout -e ../out_err/test16TT_2l2nu_4.stderr -l walltime=16:00:00    ../Jobs_to_submit/test16TT_2l2nu_4.sh
44103624.cream02.iihe.ac.be
[1;34mCommand:[0;m qsub -q localgrid@cream02 -o ../out_err/test17TT_2l2nu_4.stdout -e ../out_err/test17TT_2l2nu_4.stderr -l walltime=16:00:00    ../Jobs_to_submit/test17TT_2l2nu_4.sh
44103625.cream02.iihe.ac.be
[1;34mCommand:[0;m qsub -q localgrid@cream02 -o ../out_err/test18TT_2l2nu_4.stdout -e ../out_err/test18TT_2l2nu_4.stderr -l walltime=16:00:00    ../Jobs_to_submit/test18TT_2l2nu_4.sh
44103626.cream02.iihe.ac.be
[1;34mCommand:[0;m qsub -q localgrid@cream02 -o ../out_err/test19TT_2l2nu_4.stdout -e ../out_err/test19TT_2l2nu_4.stderr -l walltime=16:00:00    ../Jobs_to_submit/test19TT_2l2nu_4.sh
44103627.cream02.iihe.ac.be
[1;34mCommand:[0;m qsub -q localgrid@cream02 -o ../out_err/test20TT_2l2nu_4.stdout -e ../out_err/test20TT_2l2nu_4.stderr -l walltime=16:00:00    ../Jobs_to_submit/test20TT_2l2nu_4.sh
44103628.cream02.iihe.ac.be
[1;34mCommand:[0;m qsub -q localgrid@cream02 -o ../out_err/test21TT_2l2nu_4.stdout -e ../out_err/test21TT_2l2nu_4.stderr -l walltime=16:00:00    ../Jobs_to_submit/test21TT_2l2nu_4.sh
44103629.cream02.iihe.ac.be
[1;34mCommand:[0;m qsub -q localgrid@cream02 -o ../out_err/test22TT_2l2nu_4.stdout -e ../out_err/test22TT_2l2nu_4.stderr -l walltime=16:00:00    ../Jobs_to_submit/test22TT_2l2nu_4.sh
44103630.cream02.iihe.ac.be
[1;34mCommand:[0;m qsub -q localgrid@cream02 -o ../out_err/TT_500to800.stdout -e ../out_err/TT_500to800.stderr -l walltime=16:00:00    ../Jobs_to_submit/TT_500to800.sh
44103631.cream02.iihe.ac.be
[1;34mCommand:[0;m qsub -q localgrid@cream02 -o ../out_err/TT_800to1200.stdout -e ../out_err/TT_800to1200.stderr -l walltime=16:00:00    ../Jobs_to_submit/TT_800to1200.sh
44103632.cream02.iihe.ac.be
[1;34mCommand:[0;m qsub -q localgrid@cream02 -o ../out_err/WW_1200to2500.stdout -e ../out_err/WW_1200to2500.stderr -l walltime=16:00:00    ../Jobs_to_submit/WW_1200to2500.sh
44103633.cream02.iihe.ac.be
[1;34mCommand:[0;m qsub -q localgrid@cream02 -o ../out_err/WW_200to600.stdout -e ../out_err/WW_200to600.stderr -l walltime=16:00:00    ../Jobs_to_submit/WW_200to600.sh
44103634.cream02.iihe.ac.be
[1;34mCommand:[0;m qsub -q localgrid@cream02 -o ../out_err/WW_2500toInf.stdout -e ../out_err/WW_2500toInf.stderr -l walltime=16:00:00    ../Jobs_to_submit/WW_2500toInf.sh
44103635.cream02.iihe.ac.be
[1;34mCommand:[0;m qsub -q localgrid@cream02 -o ../out_err/WW_2l2nu.stdout -e ../out_err/WW_2l2nu.stderr -l walltime=16:00:00    ../Jobs_to_submit/WW_2l2nu.sh
44103636.cream02.iihe.ac.be
[1;34mCommand:[0;m qsub -q localgrid@cream02 -o ../out_err/test1WW_2l2nu.stdout -e ../out_err/test1WW_2l2nu.stderr -l walltime=16:00:00    ../Jobs_to_submit/test1WW_2l2nu.sh
44103637.cream02.iihe.ac.be
[1;34mCommand:[0;m qsub -q localgrid@cream02 -o ../out_err/test2WW_2l2nu.stdout -e ../out_err/test2WW_2l2nu.stderr -l walltime=16:00:00    ../Jobs_to_submit/test2WW_2l2nu.sh
44103638.cream02.iihe.ac.be
[1;34mCommand:[0;m qsub -q localgrid@cream02 -o ../out_err/WW_600to1200.stdout -e ../out_err/WW_600to1200.stderr -l walltime=16:00:00    ../Jobs_to_submit/WW_600to1200.sh
44103639.cream02.iihe.ac.be
[1;34mCommand:[0;m qsub -q localgrid@cream02 -o ../out_err/WZ_2l2q.stdout -e ../out_err/WZ_2l2q.stderr -l walltime=16:00:00    ../Jobs_to_submit/WZ_2l2q.sh
44103640.cream02.iihe.ac.be
[1;34mCommand:[0;m qsub -q localgrid@cream02 -o ../out_err/WZ_3lnu.stdout -e ../out_err/WZ_3lnu.stderr -l walltime=16:00:00    ../Jobs_to_submit/WZ_3lnu.sh
44103641.cream02.iihe.ac.be
[1;34mCommand:[0;m qsub -q localgrid@cream02 -o ../out_err/test1WZ_3lnu.stdout -e ../out_err/test1WZ_3lnu.stderr -l walltime=16:00:00    ../Jobs_to_submit/test1WZ_3lnu.sh
44103642.cream02.iihe.ac.be
[1;34mCommand:[0;m qsub -q localgrid@cream02 -o ../out_err/test2WZ_3lnu.stdout -e ../out_err/test2WZ_3lnu.stderr -l walltime=16:00:00    ../Jobs_to_submit/test2WZ_3lnu.sh
44103643.cream02.iihe.ac.be
[1;34mCommand:[0;m qsub -q localgrid@cream02 -o ../out_err/test3WZ_3lnu.stdout -e ../out_err/test3WZ_3lnu.stderr -l walltime=16:00:00    ../Jobs_to_submit/test3WZ_3lnu.sh
44103644.cream02.iihe.ac.be
[1;34mCommand:[0;m qsub -q localgrid@cream02 -o ../out_err/test4WZ_3lnu.stdout -e ../out_err/test4WZ_3lnu.stderr -l walltime=16:00:00    ../Jobs_to_submit/test4WZ_3lnu.sh
44103645.cream02.iihe.ac.be
[1;34mCommand:[0;m qsub -q localgrid@cream02 -o ../out_err/test5WZ_3lnu.stdout -e ../out_err/test5WZ_3lnu.stderr -l walltime=16:00:00    ../Jobs_to_submit/test5WZ_3lnu.sh
44103646.cream02.iihe.ac.be
[1;34mCommand:[0;m qsub -q localgrid@cream02 -o ../out_err/test6WZ_3lnu.stdout -e ../out_err/test6WZ_3lnu.stderr -l walltime=16:00:00    ../Jobs_to_submit/test6WZ_3lnu.sh
44103647.cream02.iihe.ac.be
[1;34mCommand:[0;m qsub -q localgrid@cream02 -o ../out_err/test7WZ_3lnu.stdout -e ../out_err/test7WZ_3lnu.stderr -l walltime=16:00:00    ../Jobs_to_submit/test7WZ_3lnu.sh
44103648.cream02.iihe.ac.be
[1;34mCommand:[0;m qsub -q localgrid@cream02 -o ../out_err/test8WZ_3lnu.stdout -e ../out_err/test8WZ_3lnu.stderr -l walltime=16:00:00    ../Jobs_to_submit/test8WZ_3lnu.sh
44103649.cream02.iihe.ac.be
[1;34mCommand:[0;m qsub -q localgrid@cream02 -o ../out_err/test9WZ_3lnu.stdout -e ../out_err/test9WZ_3lnu.stderr -l walltime=16:00:00    ../Jobs_to_submit/test9WZ_3lnu.sh
44103650.cream02.iihe.ac.be
[1;34mCommand:[0;m qsub -q localgrid@cream02 -o ../out_err/ZZ_2l2nu.stdout -e ../out_err/ZZ_2l2nu.stderr -l walltime=16:00:00    ../Jobs_to_submit/ZZ_2l2nu.sh
44103651.cream02.iihe.ac.be
[1;34mCommand:[0;m qsub -q localgrid@cream02 -o ../out_err/test1ZZ_2l2nu.stdout -e ../out_err/test1ZZ_2l2nu.stderr -l walltime=16:00:00    ../Jobs_to_submit/test1ZZ_2l2nu.sh
44103652.cream02.iihe.ac.be
[1;34mCommand:[0;m qsub -q localgrid@cream02 -o ../out_err/test2ZZ_2l2nu.stdout -e ../out_err/test2ZZ_2l2nu.stderr -l walltime=16:00:00    ../Jobs_to_submit/test2ZZ_2l2nu.sh
44103653.cream02.iihe.ac.be
[1;34mCommand:[0;m qsub -q localgrid@cream02 -o ../out_err/test3ZZ_2l2nu.stdout -e ../out_err/test3ZZ_2l2nu.stderr -l walltime=16:00:00    ../Jobs_to_submit/test3ZZ_2l2nu.sh
44103654.cream02.iihe.ac.be
[1;34mCommand:[0;m qsub -q localgrid@cream02 -o ../out_err/test4ZZ_2l2nu.stdout -e ../out_err/test4ZZ_2l2nu.stderr -l walltime=16:00:00    ../Jobs_to_submit/test4ZZ_2l2nu.sh
44103655.cream02.iihe.ac.be
[1;34mCommand:[0;m qsub -q localgrid@cream02 -o ../out_err/test5ZZ_2l2nu.stdout -e ../out_err/test5ZZ_2l2nu.stderr -l walltime=16:00:00    ../Jobs_to_submit/test5ZZ_2l2nu.sh
44103656.cream02.iihe.ac.be
[1;34mCommand:[0;m qsub -q localgrid@cream02 -o ../out_err/test6ZZ_2l2nu.stdout -e ../out_err/test6ZZ_2l2nu.stderr -l walltime=16:00:00    ../Jobs_to_submit/test6ZZ_2l2nu.sh
44103657.cream02.iihe.ac.be
[1;34mCommand:[0;m qsub -q localgrid@cream02 -o ../out_err/test7ZZ_2l2nu.stdout -e ../out_err/test7ZZ_2l2nu.stderr -l walltime=16:00:00    ../Jobs_to_submit/test7ZZ_2l2nu.sh
44103658.cream02.iihe.ac.be
[1;34mCommand:[0;m qsub -q localgrid@cream02 -o ../out_err/ZZ_2l2nu_ext1_0.stdout -e ../out_err/ZZ_2l2nu_ext1_0.stderr -l walltime=16:00:00    ../Jobs_to_submit/ZZ_2l2nu_ext1_0.sh
44103659.cream02.iihe.ac.be
[1;34mCommand:[0;m qsub -q localgrid@cream02 -o ../out_err/test1ZZ_2l2nu_ext1_0.stdout -e ../out_err/test1ZZ_2l2nu_ext1_0.stderr -l walltime=16:00:00    ../Jobs_to_submit/test1ZZ_2l2nu_ext1_0.sh
44103660.cream02.iihe.ac.be
[1;34mCommand:[0;m qsub -q localgrid@cream02 -o ../out_err/test2ZZ_2l2nu_ext1_0.stdout -e ../out_err/test2ZZ_2l2nu_ext1_0.stderr -l walltime=16:00:00    ../Jobs_to_submit/test2ZZ_2l2nu_ext1_0.sh
44103661.cream02.iihe.ac.be
[1;34mCommand:[0;m qsub -q localgrid@cream02 -o ../out_err/test3ZZ_2l2nu_ext1_0.stdout -e ../out_err/test3ZZ_2l2nu_ext1_0.stderr -l walltime=16:00:00    ../Jobs_to_submit/test3ZZ_2l2nu_ext1_0.sh
44103662.cream02.iihe.ac.be
[1;34mCommand:[0;m qsub -q localgrid@cream02 -o ../out_err/test4ZZ_2l2nu_ext1_0.stdout -e ../out_err/test4ZZ_2l2nu_ext1_0.stderr -l walltime=16:00:00    ../Jobs_to_submit/test4ZZ_2l2nu_ext1_0.sh
44103663.cream02.iihe.ac.be
[1;34mCommand:[0;m qsub -q localgrid@cream02 -o ../out_err/test5ZZ_2l2nu_ext1_0.stdout -e ../out_err/test5ZZ_2l2nu_ext1_0.stderr -l walltime=16:00:00    ../Jobs_to_submit/test5ZZ_2l2nu_ext1_0.sh
44103664.cream02.iihe.ac.be
[1;34mCommand:[0;m qsub -q localgrid@cream02 -o ../out_err/test6ZZ_2l2nu_ext1_0.stdout -e ../out_err/test6ZZ_2l2nu_ext1_0.stderr -l walltime=16:00:00    ../Jobs_to_submit/test6ZZ_2l2nu_ext1_0.sh
44103665.cream02.iihe.ac.be
[1;34mCommand:[0;m qsub -q localgrid@cream02 -o ../out_err/test7ZZ_2l2nu_ext1_0.stdout -e ../out_err/test7ZZ_2l2nu_ext1_0.stderr -l walltime=16:00:00    ../Jobs_to_submit/test7ZZ_2l2nu_ext1_0.sh
44103666.cream02.iihe.ac.be
[1;34mCommand:[0;m qsub -q localgrid@cream02 -o ../out_err/test8ZZ_2l2nu_ext1_0.stdout -e ../out_err/test8ZZ_2l2nu_ext1_0.stderr -l walltime=16:00:00    ../Jobs_to_submit/test8ZZ_2l2nu_ext1_0.sh
44103667.cream02.iihe.ac.be
[1;34mCommand:[0;m qsub -q localgrid@cream02 -o ../out_err/test9ZZ_2l2nu_ext1_0.stdout -e ../out_err/test9ZZ_2l2nu_ext1_0.stderr -l walltime=16:00:00    ../Jobs_to_submit/test9ZZ_2l2nu_ext1_0.sh
44103668.cream02.iihe.ac.be
[1;34mCommand:[0;m qsub -q localgrid@cream02 -o ../out_err/test10ZZ_2l2nu_ext1_0.stdout -e ../out_err/test10ZZ_2l2nu_ext1_0.stderr -l walltime=16:00:00    ../Jobs_to_submit/test10ZZ_2l2nu_ext1_0.sh
44103669.cream02.iihe.ac.be
[1;34mCommand:[0;m qsub -q localgrid@cream02 -o ../out_err/test11ZZ_2l2nu_ext1_0.stdout -e ../out_err/test11ZZ_2l2nu_ext1_0.stderr -l walltime=16:00:00    ../Jobs_to_submit/test11ZZ_2l2nu_ext1_0.sh
44103670.cream02.iihe.ac.be
[1;34mCommand:[0;m qsub -q localgrid@cream02 -o ../out_err/test12ZZ_2l2nu_ext1_0.stdout -e ../out_err/test12ZZ_2l2nu_ext1_0.stderr -l walltime=16:00:00    ../Jobs_to_submit/test12ZZ_2l2nu_ext1_0.sh
44103671.cream02.iihe.ac.be
[1;34mCommand:[0;m qsub -q localgrid@cream02 -o ../out_err/test13ZZ_2l2nu_ext1_0.stdout -e ../out_err/test13ZZ_2l2nu_ext1_0.stderr -l walltime=16:00:00    ../Jobs_to_submit/test13ZZ_2l2nu_ext1_0.sh
44103672.cream02.iihe.ac.be
[1;34mCommand:[0;m qsub -q localgrid@cream02 -o ../out_err/test14ZZ_2l2nu_ext1_0.stdout -e ../out_err/test14ZZ_2l2nu_ext1_0.stderr -l walltime=16:00:00    ../Jobs_to_submit/test14ZZ_2l2nu_ext1_0.sh
44103673.cream02.iihe.ac.be
[1;34mCommand:[0;m qsub -q localgrid@cream02 -o ../out_err/test15ZZ_2l2nu_ext1_0.stdout -e ../out_err/test15ZZ_2l2nu_ext1_0.stderr -l walltime=16:00:00    ../Jobs_to_submit/test15ZZ_2l2nu_ext1_0.sh
44103674.cream02.iihe.ac.be
[1;34mCommand:[0;m qsub -q localgrid@cream02 -o ../out_err/test16ZZ_2l2nu_ext1_0.stdout -e ../out_err/test16ZZ_2l2nu_ext1_0.stderr -l walltime=16:00:00    ../Jobs_to_submit/test16ZZ_2l2nu_ext1_0.sh
44103675.cream02.iihe.ac.be
[1;34mCommand:[0;m qsub -q localgrid@cream02 -o ../out_err/test17ZZ_2l2nu_ext1_0.stdout -e ../out_err/test17ZZ_2l2nu_ext1_0.stderr -l walltime=16:00:00    ../Jobs_to_submit/test17ZZ_2l2nu_ext1_0.sh
44103676.cream02.iihe.ac.be
[1;34mCommand:[0;m qsub -q localgrid@cream02 -o ../out_err/test18ZZ_2l2nu_ext1_0.stdout -e ../out_err/test18ZZ_2l2nu_ext1_0.stderr -l walltime=16:00:00    ../Jobs_to_submit/test18ZZ_2l2nu_ext1_0.sh
44103677.cream02.iihe.ac.be
[1;34mCommand:[0;m qsub -q localgrid@cream02 -o ../out_err/test19ZZ_2l2nu_ext1_0.stdout -e ../out_err/test19ZZ_2l2nu_ext1_0.stderr -l walltime=16:00:00    ../Jobs_to_submit/test19ZZ_2l2nu_ext1_0.sh
44103679.cream02.iihe.ac.be
[1;34mCommand:[0;m qsub -q localgrid@cream02 -o ../out_err/ZZ_2l2nu_ext1_1.stdout -e ../out_err/ZZ_2l2nu_ext1_1.stderr -l walltime=16:00:00    ../Jobs_to_submit/ZZ_2l2nu_ext1_1.sh
44103681.cream02.iihe.ac.be
[1;34mCommand:[0;m qsub -q localgrid@cream02 -o ../out_err/test1ZZ_2l2nu_ext1_1.stdout -e ../out_err/test1ZZ_2l2nu_ext1_1.stderr -l walltime=16:00:00    ../Jobs_to_submit/test1ZZ_2l2nu_ext1_1.sh
qsub: Invalid credential
[1;34mCommand:[0;m qsub -q localgrid@cream02 -o ../out_err/test2ZZ_2l2nu_ext1_1.stdout -e ../out_err/test2ZZ_2l2nu_ext1_1.stderr -l walltime=16:00:00    ../Jobs_to_submit/test2ZZ_2l2nu_ext1_1.sh
44103683.cream02.iihe.ac.be
[1;34mCommand:[0;m qsub -q localgrid@cream02 -o ../out_err/test3ZZ_2l2nu_ext1_1.stdout -e ../out_err/test3ZZ_2l2nu_ext1_1.stderr -l walltime=16:00:00    ../Jobs_to_submit/test3ZZ_2l2nu_ext1_1.sh
44103685.cream02.iihe.ac.be
[1;34mCommand:[0;m qsub -q localgrid@cream02 -o ../out_err/test4ZZ_2l2nu_ext1_1.stdout -e ../out_err/test4ZZ_2l2nu_ext1_1.stderr -l walltime=16:00:00    ../Jobs_to_submit/test4ZZ_2l2nu_ext1_1.sh
44103687.cream02.iihe.ac.be
[1;34mCommand:[0;m qsub -q localgrid@cream02 -o ../out_err/test5ZZ_2l2nu_ext1_1.stdout -e ../out_err/test5ZZ_2l2nu_ext1_1.stderr -l walltime=16:00:00    ../Jobs_to_submit/test5ZZ_2l2nu_ext1_1.sh
qsub: Invalid credential
[1;34mCommand:[0;m qsub -q localgrid@cream02 -o ../out_err/test6ZZ_2l2nu_ext1_1.stdout -e ../out_err/test6ZZ_2l2nu_ext1_1.stderr -l walltime=16:00:00    ../Jobs_to_submit/test6ZZ_2l2nu_ext1_1.sh
44103689.cream02.iihe.ac.be
[1;34mCommand:[0;m qsub -q localgrid@cream02 -o ../out_err/test7ZZ_2l2nu_ext1_1.stdout -e ../out_err/test7ZZ_2l2nu_ext1_1.stderr -l walltime=16:00:00    ../Jobs_to_submit/test7ZZ_2l2nu_ext1_1.sh
44103692.cream02.iihe.ac.be
[1;34mCommand:[0;m qsub -q localgrid@cream02 -o ../out_err/test8ZZ_2l2nu_ext1_1.stdout -e ../out_err/test8ZZ_2l2nu_ext1_1.stderr -l walltime=16:00:00    ../Jobs_to_submit/test8ZZ_2l2nu_ext1_1.sh
44103694.cream02.iihe.ac.be
[1;34mCommand:[0;m qsub -q localgrid@cream02 -o ../out_err/test9ZZ_2l2nu_ext1_1.stdout -e ../out_err/test9ZZ_2l2nu_ext1_1.stderr -l walltime=16:00:00    ../Jobs_to_submit/test9ZZ_2l2nu_ext1_1.sh
44103696.cream02.iihe.ac.be
[1;34mCommand:[0;m qsub -q localgrid@cream02 -o ../out_err/test10ZZ_2l2nu_ext1_1.stdout -e ../out_err/test10ZZ_2l2nu_ext1_1.stderr -l walltime=16:00:00    ../Jobs_to_submit/test10ZZ_2l2nu_ext1_1.sh
44103698.cream02.iihe.ac.be
[1;34mCommand:[0;m qsub -q localgrid@cream02 -o ../out_err/test11ZZ_2l2nu_ext1_1.stdout -e ../out_err/test11ZZ_2l2nu_ext1_1.stderr -l walltime=16:00:00    ../Jobs_to_submit/test11ZZ_2l2nu_ext1_1.sh
44103700.cream02.iihe.ac.be
[1;34mCommand:[0;m qsub -q localgrid@cream02 -o ../out_err/test12ZZ_2l2nu_ext1_1.stdout -e ../out_err/test12ZZ_2l2nu_ext1_1.stderr -l walltime=16:00:00    ../Jobs_to_submit/test12ZZ_2l2nu_ext1_1.sh
44103702.cream02.iihe.ac.be
[1;34mCommand:[0;m qsub -q localgrid@cream02 -o ../out_err/test13ZZ_2l2nu_ext1_1.stdout -e ../out_err/test13ZZ_2l2nu_ext1_1.stderr -l walltime=16:00:00    ../Jobs_to_submit/test13ZZ_2l2nu_ext1_1.sh
44103704.cream02.iihe.ac.be
[1;34mCommand:[0;m qsub -q localgrid@cream02 -o ../out_err/test14ZZ_2l2nu_ext1_1.stdout -e ../out_err/test14ZZ_2l2nu_ext1_1.stderr -l walltime=16:00:00    ../Jobs_to_submit/test14ZZ_2l2nu_ext1_1.sh
44103706.cream02.iihe.ac.be
[1;34mCommand:[0;m qsub -q localgrid@cream02 -o ../out_err/test15ZZ_2l2nu_ext1_1.stdout -e ../out_err/test15ZZ_2l2nu_ext1_1.stderr -l walltime=16:00:00    ../Jobs_to_submit/test15ZZ_2l2nu_ext1_1.sh
44103708.cream02.iihe.ac.be
[1;34mCommand:[0;m qsub -q localgrid@cream02 -o ../out_err/test16ZZ_2l2nu_ext1_1.stdout -e ../out_err/test16ZZ_2l2nu_ext1_1.stderr -l walltime=16:00:00    ../Jobs_to_submit/test16ZZ_2l2nu_ext1_1.sh
44103710.cream02.iihe.ac.be
[1;34mCommand:[0;m qsub -q localgrid@cream02 -o ../out_err/test17ZZ_2l2nu_ext1_1.stdout -e ../out_err/test17ZZ_2l2nu_ext1_1.stderr -l walltime=16:00:00    ../Jobs_to_submit/test17ZZ_2l2nu_ext1_1.sh
qsub: Invalid credential
[1;34mCommand:[0;m qsub -q localgrid@cream02 -o ../out_err/test18ZZ_2l2nu_ext1_1.stdout -e ../out_err/test18ZZ_2l2nu_ext1_1.stderr -l walltime=16:00:00    ../Jobs_to_submit/test18ZZ_2l2nu_ext1_1.sh
qsub: Invalid credential
[1;34mCommand:[0;m qsub -q localgrid@cream02 -o ../out_err/test19ZZ_2l2nu_ext1_1.stdout -e ../out_err/test19ZZ_2l2nu_ext1_1.stderr -l walltime=16:00:00    ../Jobs_to_submit/test19ZZ_2l2nu_ext1_1.sh
44103713.cream02.iihe.ac.be
[1;34mCommand:[0;m qsub -q localgrid@cream02 -o ../out_err/ZZ_2l2q.stdout -e ../out_err/ZZ_2l2q.stderr -l walltime=16:00:00    ../Jobs_to_submit/ZZ_2l2q.sh
44103715.cream02.iihe.ac.be
[1;34mCommand:[0;m qsub -q localgrid@cream02 -o ../out_err/ZZ_4l.stdout -e ../out_err/ZZ_4l.stderr -l walltime=16:00:00    ../Jobs_to_submit/ZZ_4l.sh
44103717.cream02.iihe.ac.be
[1;34mCommand:[0;m qsub -q localgrid@cream02 -o ../out_err/test1ZZ_4l.stdout -e ../out_err/test1ZZ_4l.stderr -l walltime=16:00:00    ../Jobs_to_submit/test1ZZ_4l.sh
44103719.cream02.iihe.ac.be
[1;34mCommand:[0;m qsub -q localgrid@cream02 -o ../out_err/test2ZZ_4l.stdout -e ../out_err/test2ZZ_4l.stderr -l walltime=16:00:00    ../Jobs_to_submit/test2ZZ_4l.sh
44103721.cream02.iihe.ac.be
[1;34mCommand:[0;m qsub -q localgrid@cream02 -o ../out_err/test3ZZ_4l.stdout -e ../out_err/test3ZZ_4l.stderr -l walltime=16:00:00    ../Jobs_to_submit/test3ZZ_4l.sh
44103723.cream02.iihe.ac.be
[1;34mCommand:[0;m qsub -q localgrid@cream02 -o ../out_err/test4ZZ_4l.stdout -e ../out_err/test4ZZ_4l.stderr -l walltime=16:00:00    ../Jobs_to_submit/test4ZZ_4l.sh
44103725.cream02.iihe.ac.be
[1;34mCommand:[0;m qsub -q localgrid@cream02 -o ../out_err/test5ZZ_4l.stdout -e ../out_err/test5ZZ_4l.stderr -l walltime=16:00:00    ../Jobs_to_submit/test5ZZ_4l.sh
44103727.cream02.iihe.ac.be
[1;34mCommand:[0;m qsub -q localgrid@cream02 -o ../out_err/test6ZZ_4l.stdout -e ../out_err/test6ZZ_4l.stderr -l walltime=16:00:00    ../Jobs_to_submit/test6ZZ_4l.sh
44103729.cream02.iihe.ac.be
[1;34mCommand:[0;m qsub -q localgrid@cream02 -o ../out_err/test7ZZ_4l.stdout -e ../out_err/test7ZZ_4l.stderr -l walltime=16:00:00    ../Jobs_to_submit/test7ZZ_4l.sh
44103731.cream02.iihe.ac.be
[1;34mCommand:[0;m qsub -q localgrid@cream02 -o ../out_err/test8ZZ_4l.stdout -e ../out_err/test8ZZ_4l.stderr -l walltime=16:00:00    ../Jobs_to_submit/test8ZZ_4l.sh
44103733.cream02.iihe.ac.be
[1;34mCommand:[0;m qsub -q localgrid@cream02 -o ../out_err/ZZ_4l_ext1_0.stdout -e ../out_err/ZZ_4l_ext1_0.stderr -l walltime=16:00:00    ../Jobs_to_submit/ZZ_4l_ext1_0.sh
44103735.cream02.iihe.ac.be
[1;34mCommand:[0;m qsub -q localgrid@cream02 -o ../out_err/test1ZZ_4l_ext1_0.stdout -e ../out_err/test1ZZ_4l_ext1_0.stderr -l walltime=16:00:00    ../Jobs_to_submit/test1ZZ_4l_ext1_0.sh
44103737.cream02.iihe.ac.be
[1;34mCommand:[0;m qsub -q localgrid@cream02 -o ../out_err/test2ZZ_4l_ext1_0.stdout -e ../out_err/test2ZZ_4l_ext1_0.stderr -l walltime=16:00:00    ../Jobs_to_submit/test2ZZ_4l_ext1_0.sh
44103739.cream02.iihe.ac.be
[1;34mCommand:[0;m qsub -q localgrid@cream02 -o ../out_err/test3ZZ_4l_ext1_0.stdout -e ../out_err/test3ZZ_4l_ext1_0.stderr -l walltime=16:00:00    ../Jobs_to_submit/test3ZZ_4l_ext1_0.sh
44103741.cream02.iihe.ac.be
[1;34mCommand:[0;m qsub -q localgrid@cream02 -o ../out_err/test4ZZ_4l_ext1_0.stdout -e ../out_err/test4ZZ_4l_ext1_0.stderr -l walltime=16:00:00    ../Jobs_to_submit/test4ZZ_4l_ext1_0.sh
44103742.cream02.iihe.ac.be
[1;34mCommand:[0;m qsub -q localgrid@cream02 -o ../out_err/test5ZZ_4l_ext1_0.stdout -e ../out_err/test5ZZ_4l_ext1_0.stderr -l walltime=16:00:00    ../Jobs_to_submit/test5ZZ_4l_ext1_0.sh
44103744.cream02.iihe.ac.be
[1;34mCommand:[0;m qsub -q localgrid@cream02 -o ../out_err/test6ZZ_4l_ext1_0.stdout -e ../out_err/test6ZZ_4l_ext1_0.stderr -l walltime=16:00:00    ../Jobs_to_submit/test6ZZ_4l_ext1_0.sh
44103746.cream02.iihe.ac.be
[1;34mCommand:[0;m qsub -q localgrid@cream02 -o ../out_err/test7ZZ_4l_ext1_0.stdout -e ../out_err/test7ZZ_4l_ext1_0.stderr -l walltime=16:00:00    ../Jobs_to_submit/test7ZZ_4l_ext1_0.sh
44103748.cream02.iihe.ac.be
[1;34mCommand:[0;m qsub -q localgrid@cream02 -o ../out_err/test8ZZ_4l_ext1_0.stdout -e ../out_err/test8ZZ_4l_ext1_0.stderr -l walltime=16:00:00    ../Jobs_to_submit/test8ZZ_4l_ext1_0.sh
44103750.cream02.iihe.ac.be
[1;34mCommand:[0;m qsub -q localgrid@cream02 -o ../out_err/test9ZZ_4l_ext1_0.stdout -e ../out_err/test9ZZ_4l_ext1_0.stderr -l walltime=16:00:00    ../Jobs_to_submit/test9ZZ_4l_ext1_0.sh
44103752.cream02.iihe.ac.be
[1;34mCommand:[0;m qsub -q localgrid@cream02 -o ../out_err/test10ZZ_4l_ext1_0.stdout -e ../out_err/test10ZZ_4l_ext1_0.stderr -l walltime=16:00:00    ../Jobs_to_submit/test10ZZ_4l_ext1_0.sh
44103754.cream02.iihe.ac.be
[1;34mCommand:[0;m qsub -q localgrid@cream02 -o ../out_err/test11ZZ_4l_ext1_0.stdout -e ../out_err/test11ZZ_4l_ext1_0.stderr -l walltime=16:00:00    ../Jobs_to_submit/test11ZZ_4l_ext1_0.sh
44103756.cream02.iihe.ac.be
[1;34mCommand:[0;m qsub -q localgrid@cream02 -o ../out_err/test12ZZ_4l_ext1_0.stdout -e ../out_err/test12ZZ_4l_ext1_0.stderr -l walltime=16:00:00    ../Jobs_to_submit/test12ZZ_4l_ext1_0.sh
44103757.cream02.iihe.ac.be
[1;34mCommand:[0;m qsub -q localgrid@cream02 -o ../out_err/test13ZZ_4l_ext1_0.stdout -e ../out_err/test13ZZ_4l_ext1_0.stderr -l walltime=16:00:00    ../Jobs_to_submit/test13ZZ_4l_ext1_0.sh
44103759.cream02.iihe.ac.be
[1;34mCommand:[0;m qsub -q localgrid@cream02 -o ../out_err/test14ZZ_4l_ext1_0.stdout -e ../out_err/test14ZZ_4l_ext1_0.stderr -l walltime=16:00:00    ../Jobs_to_submit/test14ZZ_4l_ext1_0.sh
44103761.cream02.iihe.ac.be
[1;34mCommand:[0;m qsub -q localgrid@cream02 -o ../out_err/test15ZZ_4l_ext1_0.stdout -e ../out_err/test15ZZ_4l_ext1_0.stderr -l walltime=16:00:00    ../Jobs_to_submit/test15ZZ_4l_ext1_0.sh
44103763.cream02.iihe.ac.be
[1;34mCommand:[0;m qsub -q localgrid@cream02 -o ../out_err/test16ZZ_4l_ext1_0.stdout -e ../out_err/test16ZZ_4l_ext1_0.stderr -l walltime=16:00:00    ../Jobs_to_submit/test16ZZ_4l_ext1_0.sh
44103765.cream02.iihe.ac.be
[1;34mCommand:[0;m qsub -q localgrid@cream02 -o ../out_err/test17ZZ_4l_ext1_0.stdout -e ../out_err/test17ZZ_4l_ext1_0.stderr -l walltime=16:00:00    ../Jobs_to_submit/test17ZZ_4l_ext1_0.sh
44103767.cream02.iihe.ac.be
[1;34mCommand:[0;m qsub -q localgrid@cream02 -o ../out_err/test18ZZ_4l_ext1_0.stdout -e ../out_err/test18ZZ_4l_ext1_0.stderr -l walltime=16:00:00    ../Jobs_to_submit/test18ZZ_4l_ext1_0.sh
44103769.cream02.iihe.ac.be
[1;34mCommand:[0;m qsub -q localgrid@cream02 -o ../out_err/test19ZZ_4l_ext1_0.stdout -e ../out_err/test19ZZ_4l_ext1_0.stderr -l walltime=16:00:00    ../Jobs_to_submit/test19ZZ_4l_ext1_0.sh
44103771.cream02.iihe.ac.be
[1;34mCommand:[0;m qsub -q localgrid@cream02 -o ../out_err/ZZ_4l_ext1_1.stdout -e ../out_err/ZZ_4l_ext1_1.stderr -l walltime=16:00:00    ../Jobs_to_submit/ZZ_4l_ext1_1.sh
44103773.cream02.iihe.ac.be
[1;34mCommand:[0;m qsub -q localgrid@cream02 -o ../out_err/test1ZZ_4l_ext1_1.stdout -e ../out_err/test1ZZ_4l_ext1_1.stderr -l walltime=16:00:00    ../Jobs_to_submit/test1ZZ_4l_ext1_1.sh
44103775.cream02.iihe.ac.be
[1;34mCommand:[0;m qsub -q localgrid@cream02 -o ../out_err/test2ZZ_4l_ext1_1.stdout -e ../out_err/test2ZZ_4l_ext1_1.stderr -l walltime=16:00:00    ../Jobs_to_submit/test2ZZ_4l_ext1_1.sh
44103777.cream02.iihe.ac.be
[1;34mCommand:[0;m qsub -q localgrid@cream02 -o ../out_err/test3ZZ_4l_ext1_1.stdout -e ../out_err/test3ZZ_4l_ext1_1.stderr -l walltime=16:00:00    ../Jobs_to_submit/test3ZZ_4l_ext1_1.sh
44103779.cream02.iihe.ac.be
[1;34mCommand:[0;m qsub -q localgrid@cream02 -o ../out_err/test4ZZ_4l_ext1_1.stdout -e ../out_err/test4ZZ_4l_ext1_1.stderr -l walltime=16:00:00    ../Jobs_to_submit/test4ZZ_4l_ext1_1.sh
44103781.cream02.iihe.ac.be
[1;34mCommand:[0;m qsub -q localgrid@cream02 -o ../out_err/test5ZZ_4l_ext1_1.stdout -e ../out_err/test5ZZ_4l_ext1_1.stderr -l walltime=16:00:00    ../Jobs_to_submit/test5ZZ_4l_ext1_1.sh
44103783.cream02.iihe.ac.be
[1;34mCommand:[0;m qsub -q localgrid@cream02 -o ../out_err/test6ZZ_4l_ext1_1.stdout -e ../out_err/test6ZZ_4l_ext1_1.stderr -l walltime=16:00:00    ../Jobs_to_submit/test6ZZ_4l_ext1_1.sh
44103785.cream02.iihe.ac.be
[1;34mCommand:[0;m qsub -q localgrid@cream02 -o ../out_err/test7ZZ_4l_ext1_1.stdout -e ../out_err/test7ZZ_4l_ext1_1.stderr -l walltime=16:00:00    ../Jobs_to_submit/test7ZZ_4l_ext1_1.sh
44103787.cream02.iihe.ac.be
[1;34mCommand:[0;m qsub -q localgrid@cream02 -o ../out_err/test8ZZ_4l_ext1_1.stdout -e ../out_err/test8ZZ_4l_ext1_1.stderr -l walltime=16:00:00    ../Jobs_to_submit/test8ZZ_4l_ext1_1.sh
44103789.cream02.iihe.ac.be
[1;34mCommand:[0;m qsub -q localgrid@cream02 -o ../out_err/test9ZZ_4l_ext1_1.stdout -e ../out_err/test9ZZ_4l_ext1_1.stderr -l walltime=16:00:00    ../Jobs_to_submit/test9ZZ_4l_ext1_1.sh
44103791.cream02.iihe.ac.be
[1;34mCommand:[0;m qsub -q localgrid@cream02 -o ../out_err/test10ZZ_4l_ext1_1.stdout -e ../out_err/test10ZZ_4l_ext1_1.stderr -l walltime=16:00:00    ../Jobs_to_submit/test10ZZ_4l_ext1_1.sh
44103793.cream02.iihe.ac.be
[1;34mCommand:[0;m qsub -q localgrid@cream02 -o ../out_err/test11ZZ_4l_ext1_1.stdout -e ../out_err/test11ZZ_4l_ext1_1.stderr -l walltime=16:00:00    ../Jobs_to_submit/test11ZZ_4l_ext1_1.sh
44103795.cream02.iihe.ac.be
[1;34mCommand:[0;m qsub -q localgrid@cream02 -o ../out_err/test12ZZ_4l_ext1_1.stdout -e ../out_err/test12ZZ_4l_ext1_1.stderr -l walltime=16:00:00    ../Jobs_to_submit/test12ZZ_4l_ext1_1.sh
44103797.cream02.iihe.ac.be
[1;34mCommand:[0;m qsub -q localgrid@cream02 -o ../out_err/test13ZZ_4l_ext1_1.stdout -e ../out_err/test13ZZ_4l_ext1_1.stderr -l walltime=16:00:00    ../Jobs_to_submit/test13ZZ_4l_ext1_1.sh
44103799.cream02.iihe.ac.be
[1;34mCommand:[0;m qsub -q localgrid@cream02 -o ../out_err/test14ZZ_4l_ext1_1.stdout -e ../out_err/test14ZZ_4l_ext1_1.stderr -l walltime=16:00:00    ../Jobs_to_submit/test14ZZ_4l_ext1_1.sh
44103801.cream02.iihe.ac.be
[1;34mCommand:[0;m qsub -q localgrid@cream02 -o ../out_err/test15ZZ_4l_ext1_1.stdout -e ../out_err/test15ZZ_4l_ext1_1.stderr -l walltime=16:00:00    ../Jobs_to_submit/test15ZZ_4l_ext1_1.sh
44103803.cream02.iihe.ac.be
[1;34mCommand:[0;m qsub -q localgrid@cream02 -o ../out_err/test16ZZ_4l_ext1_1.stdout -e ../out_err/test16ZZ_4l_ext1_1.stderr -l walltime=16:00:00    ../Jobs_to_submit/test16ZZ_4l_ext1_1.sh
qsub: Invalid credential
[1;34mCommand:[0;m qsub -q localgrid@cream02 -o ../out_err/test17ZZ_4l_ext1_1.stdout -e ../out_err/test17ZZ_4l_ext1_1.stderr -l walltime=16:00:00    ../Jobs_to_submit/test17ZZ_4l_ext1_1.sh
44103805.cream02.iihe.ac.be
[1;34mCommand:[0;m qsub -q localgrid@cream02 -o ../out_err/test18ZZ_4l_ext1_1.stdout -e ../out_err/test18ZZ_4l_ext1_1.stderr -l walltime=16:00:00    ../Jobs_to_submit/test18ZZ_4l_ext1_1.sh
44103807.cream02.iihe.ac.be
[1;34mCommand:[0;m qsub -q localgrid@cream02 -o ../out_err/test19ZZ_4l_ext1_1.stdout -e ../out_err/test19ZZ_4l_ext1_1.stderr -l walltime=16:00:00    ../Jobs_to_submit/test19ZZ_4l_ext1_1.sh
44103809.cream02.iihe.ac.be
[1;34mCommand:[0;m qsub -q localgrid@cream02 -o ../out_err/ZZ_4l_ext1_2.stdout -e ../out_err/ZZ_4l_ext1_2.stderr -l walltime=16:00:00    ../Jobs_to_submit/ZZ_4l_ext1_2.sh
44103811.cream02.iihe.ac.be
[1;34mCommand:[0;m qsub -q localgrid@cream02 -o ../out_err/test1ZZ_4l_ext1_2.stdout -e ../out_err/test1ZZ_4l_ext1_2.stderr -l walltime=16:00:00    ../Jobs_to_submit/test1ZZ_4l_ext1_2.sh
44103813.cream02.iihe.ac.be
[1;34mCommand:[0;m qsub -q localgrid@cream02 -o ../out_err/test2ZZ_4l_ext1_2.stdout -e ../out_err/test2ZZ_4l_ext1_2.stderr -l walltime=16:00:00    ../Jobs_to_submit/test2ZZ_4l_ext1_2.sh
44103815.cream02.iihe.ac.be
[1;34mCommand:[0;m qsub -q localgrid@cream02 -o ../out_err/test3ZZ_4l_ext1_2.stdout -e ../out_err/test3ZZ_4l_ext1_2.stderr -l walltime=16:00:00    ../Jobs_to_submit/test3ZZ_4l_ext1_2.sh
qsub: Invalid credential
[1;34mCommand:[0;m qsub -q localgrid@cream02 -o ../out_err/test4ZZ_4l_ext1_2.stdout -e ../out_err/test4ZZ_4l_ext1_2.stderr -l walltime=16:00:00    ../Jobs_to_submit/test4ZZ_4l_ext1_2.sh
44103818.cream02.iihe.ac.be
[1;34mCommand:[0;m qsub -q localgrid@cream02 -o ../out_err/test5ZZ_4l_ext1_2.stdout -e ../out_err/test5ZZ_4l_ext1_2.stderr -l walltime=16:00:00    ../Jobs_to_submit/test5ZZ_4l_ext1_2.sh
44103820.cream02.iihe.ac.be
[1;34mCommand:[0;m qsub -q localgrid@cream02 -o ../out_err/test6ZZ_4l_ext1_2.stdout -e ../out_err/test6ZZ_4l_ext1_2.stderr -l walltime=16:00:00    ../Jobs_to_submit/test6ZZ_4l_ext1_2.sh
44103822.cream02.iihe.ac.be
[1;34mCommand:[0;m qsub -q localgrid@cream02 -o ../out_err/test7ZZ_4l_ext1_2.stdout -e ../out_err/test7ZZ_4l_ext1_2.stderr -l walltime=16:00:00    ../Jobs_to_submit/test7ZZ_4l_ext1_2.sh
44103824.cream02.iihe.ac.be
[1;34mCommand:[0;m qsub -q localgrid@cream02 -o ../out_err/test8ZZ_4l_ext1_2.stdout -e ../out_err/test8ZZ_4l_ext1_2.stderr -l walltime=16:00:00    ../Jobs_to_submit/test8ZZ_4l_ext1_2.sh
44103826.cream02.iihe.ac.be
[1;34mCommand:[0;m qsub -q localgrid@cream02 -o ../out_err/test9ZZ_4l_ext1_2.stdout -e ../out_err/test9ZZ_4l_ext1_2.stderr -l walltime=16:00:00    ../Jobs_to_submit/test9ZZ_4l_ext1_2.sh
44103828.cream02.iihe.ac.be
[1;34mCommand:[0;m qsub -q localgrid@cream02 -o ../out_err/test10ZZ_4l_ext1_2.stdout -e ../out_err/test10ZZ_4l_ext1_2.stderr -l walltime=16:00:00    ../Jobs_to_submit/test10ZZ_4l_ext1_2.sh
44103830.cream02.iihe.ac.be
[1;34mCommand:[0;m qsub -q localgrid@cream02 -o ../out_err/test11ZZ_4l_ext1_2.stdout -e ../out_err/test11ZZ_4l_ext1_2.stderr -l walltime=16:00:00    ../Jobs_to_submit/test11ZZ_4l_ext1_2.sh
44103832.cream02.iihe.ac.be
[1;34mCommand:[0;m qsub -q localgrid@cream02 -o ../out_err/test12ZZ_4l_ext1_2.stdout -e ../out_err/test12ZZ_4l_ext1_2.stderr -l walltime=16:00:00    ../Jobs_to_submit/test12ZZ_4l_ext1_2.sh
qsub: Invalid credential
[1;34mCommand:[0;m qsub -q localgrid@cream02 -o ../out_err/test13ZZ_4l_ext1_2.stdout -e ../out_err/test13ZZ_4l_ext1_2.stderr -l walltime=16:00:00    ../Jobs_to_submit/test13ZZ_4l_ext1_2.sh
qsub: Invalid credential
[1;34mCommand:[0;m qsub -q localgrid@cream02 -o ../out_err/test14ZZ_4l_ext1_2.stdout -e ../out_err/test14ZZ_4l_ext1_2.stderr -l walltime=16:00:00    ../Jobs_to_submit/test14ZZ_4l_ext1_2.sh
qsub: Invalid credential
[1;34mCommand:[0;m qsub -q localgrid@cream02 -o ../out_err/test15ZZ_4l_ext1_2.stdout -e ../out_err/test15ZZ_4l_ext1_2.stderr -l walltime=16:00:00    ../Jobs_to_submit/test15ZZ_4l_ext1_2.sh
44103836.cream02.iihe.ac.be
[1;34mCommand:[0;m qsub -q localgrid@cream02 -o ../out_err/test16ZZ_4l_ext1_2.stdout -e ../out_err/test16ZZ_4l_ext1_2.stderr -l walltime=16:00:00    ../Jobs_to_submit/test16ZZ_4l_ext1_2.sh
44103838.cream02.iihe.ac.be
[1;34mCommand:[0;m qsub -q localgrid@cream02 -o ../out_err/test17ZZ_4l_ext1_2.stdout -e ../out_err/test17ZZ_4l_ext1_2.stderr -l walltime=16:00:00    ../Jobs_to_submit/test17ZZ_4l_ext1_2.sh
44103840.cream02.iihe.ac.be
[1;34mCommand:[0;m qsub -q localgrid@cream02 -o ../out_err/test18ZZ_4l_ext1_2.stdout -e ../out_err/test18ZZ_4l_ext1_2.stderr -l walltime=16:00:00    ../Jobs_to_submit/test18ZZ_4l_ext1_2.sh
44103842.cream02.iihe.ac.be
[1;34mCommand:[0;m qsub -q localgrid@cream02 -o ../out_err/test19ZZ_4l_ext1_2.stdout -e ../out_err/test19ZZ_4l_ext1_2.stderr -l walltime=16:00:00    ../Jobs_to_submit/test19ZZ_4l_ext1_2.sh
44103844.cream02.iihe.ac.be
[1;34mCommand:[0;m qsub -q localgrid@cream02 -o ../out_err/test20ZZ_4l_ext1_2.stdout -e ../out_err/test20ZZ_4l_ext1_2.stderr -l walltime=16:00:00    ../Jobs_to_submit/test20ZZ_4l_ext1_2.sh
44103846.cream02.iihe.ac.be
[1;34mCommand:[0;m qsub -q localgrid@cream02 -o ../out_err/ZZ_4l_ext1_3.stdout -e ../out_err/ZZ_4l_ext1_3.stderr -l walltime=16:00:00    ../Jobs_to_submit/ZZ_4l_ext1_3.sh
44103848.cream02.iihe.ac.be
[1;34mCommand:[0;m qsub -q localgrid@cream02 -o ../out_err/test1ZZ_4l_ext1_3.stdout -e ../out_err/test1ZZ_4l_ext1_3.stderr -l walltime=16:00:00    ../Jobs_to_submit/test1ZZ_4l_ext1_3.sh
44103850.cream02.iihe.ac.be
[1;34mCommand:[0;m qsub -q localgrid@cream02 -o ../out_err/test2ZZ_4l_ext1_3.stdout -e ../out_err/test2ZZ_4l_ext1_3.stderr -l walltime=16:00:00    ../Jobs_to_submit/test2ZZ_4l_ext1_3.sh
44103852.cream02.iihe.ac.be
[1;34mCommand:[0;m qsub -q localgrid@cream02 -o ../out_err/test3ZZ_4l_ext1_3.stdout -e ../out_err/test3ZZ_4l_ext1_3.stderr -l walltime=16:00:00    ../Jobs_to_submit/test3ZZ_4l_ext1_3.sh
44103854.cream02.iihe.ac.be
[1;34mCommand:[0;m qsub -q localgrid@cream02 -o ../out_err/test4ZZ_4l_ext1_3.stdout -e ../out_err/test4ZZ_4l_ext1_3.stderr -l walltime=16:00:00    ../Jobs_to_submit/test4ZZ_4l_ext1_3.sh
44103856.cream02.iihe.ac.be
[1;34mCommand:[0;m qsub -q localgrid@cream02 -o ../out_err/test5ZZ_4l_ext1_3.stdout -e ../out_err/test5ZZ_4l_ext1_3.stderr -l walltime=16:00:00    ../Jobs_to_submit/test5ZZ_4l_ext1_3.sh
44103858.cream02.iihe.ac.be
[1;34mCommand:[0;m qsub -q localgrid@cream02 -o ../out_err/test6ZZ_4l_ext1_3.stdout -e ../out_err/test6ZZ_4l_ext1_3.stderr -l walltime=16:00:00    ../Jobs_to_submit/test6ZZ_4l_ext1_3.sh
44103860.cream02.iihe.ac.be
[1;34mCommand:[0;m qsub -q localgrid@cream02 -o ../out_err/test7ZZ_4l_ext1_3.stdout -e ../out_err/test7ZZ_4l_ext1_3.stderr -l walltime=16:00:00    ../Jobs_to_submit/test7ZZ_4l_ext1_3.sh
44103862.cream02.iihe.ac.be
[1;34mCommand:[0;m qsub -q localgrid@cream02 -o ../out_err/test8ZZ_4l_ext1_3.stdout -e ../out_err/test8ZZ_4l_ext1_3.stderr -l walltime=16:00:00    ../Jobs_to_submit/test8ZZ_4l_ext1_3.sh
44103864.cream02.iihe.ac.be
[1;34mCommand:[0;m qsub -q localgrid@cream02 -o ../out_err/test9ZZ_4l_ext1_3.stdout -e ../out_err/test9ZZ_4l_ext1_3.stderr -l walltime=16:00:00    ../Jobs_to_submit/test9ZZ_4l_ext1_3.sh
44103866.cream02.iihe.ac.be
[1;34mCommand:[0;m qsub -q localgrid@cream02 -o ../out_err/test10ZZ_4l_ext1_3.stdout -e ../out_err/test10ZZ_4l_ext1_3.stderr -l walltime=16:00:00    ../Jobs_to_submit/test10ZZ_4l_ext1_3.sh
44103868.cream02.iihe.ac.be
[1;34mCommand:[0;m qsub -q localgrid@cream02 -o ../out_err/test11ZZ_4l_ext1_3.stdout -e ../out_err/test11ZZ_4l_ext1_3.stderr -l walltime=16:00:00    ../Jobs_to_submit/test11ZZ_4l_ext1_3.sh
44103870.cream02.iihe.ac.be
[1;34mCommand:[0;m qsub -q localgrid@cream02 -o ../out_err/test12ZZ_4l_ext1_3.stdout -e ../out_err/test12ZZ_4l_ext1_3.stderr -l walltime=16:00:00    ../Jobs_to_submit/test12ZZ_4l_ext1_3.sh
44103872.cream02.iihe.ac.be
[1;34mCommand:[0;m qsub -q localgrid@cream02 -o ../out_err/test13ZZ_4l_ext1_3.stdout -e ../out_err/test13ZZ_4l_ext1_3.stderr -l walltime=16:00:00    ../Jobs_to_submit/test13ZZ_4l_ext1_3.sh
44103874.cream02.iihe.ac.be
[1;34mCommand:[0;m qsub -q localgrid@cream02 -o ../out_err/test14ZZ_4l_ext1_3.stdout -e ../out_err/test14ZZ_4l_ext1_3.stderr -l walltime=16:00:00    ../Jobs_to_submit/test14ZZ_4l_ext1_3.sh
44103876.cream02.iihe.ac.be
[1;34mCommand:[0;m qsub -q localgrid@cream02 -o ../out_err/test15ZZ_4l_ext1_3.stdout -e ../out_err/test15ZZ_4l_ext1_3.stderr -l walltime=16:00:00    ../Jobs_to_submit/test15ZZ_4l_ext1_3.sh
44103878.cream02.iihe.ac.be
[1;34mCommand:[0;m qsub -q localgrid@cream02 -o ../out_err/test16ZZ_4l_ext1_3.stdout -e ../out_err/test16ZZ_4l_ext1_3.stderr -l walltime=16:00:00    ../Jobs_to_submit/test16ZZ_4l_ext1_3.sh
44103880.cream02.iihe.ac.be
[1;34mCommand:[0;m qsub -q localgrid@cream02 -o ../out_err/test17ZZ_4l_ext1_3.stdout -e ../out_err/test17ZZ_4l_ext1_3.stderr -l walltime=16:00:00    ../Jobs_to_submit/test17ZZ_4l_ext1_3.sh
44103882.cream02.iihe.ac.be
[1;33m[WARN] [0;m[24/10 18:53] Sleeping for 60, then retrying errors ...
[1;32m[INFO] [0;m[24/10 18:54] There are 77 jobs on the cluster and 9 left to run,  sending 9 jobs:
[1;34mCommand:[0;m qsub -q localgrid@cream02 -o ../out_err/test1ZZ_2l2nu_ext1_1.stdout -e ../out_err/test1ZZ_2l2nu_ext1_1.stderr -l walltime=16:00:00    ../Jobs_to_submit/test1ZZ_2l2nu_ext1_1.sh
44103970.cream02.iihe.ac.be
[1;34mCommand:[0;m qsub -q localgrid@cream02 -o ../out_err/test5ZZ_2l2nu_ext1_1.stdout -e ../out_err/test5ZZ_2l2nu_ext1_1.stderr -l walltime=16:00:00    ../Jobs_to_submit/test5ZZ_2l2nu_ext1_1.sh
44103972.cream02.iihe.ac.be
[1;34mCommand:[0;m qsub -q localgrid@cream02 -o ../out_err/test17ZZ_2l2nu_ext1_1.stdout -e ../out_err/test17ZZ_2l2nu_ext1_1.stderr -l walltime=16:00:00    ../Jobs_to_submit/test17ZZ_2l2nu_ext1_1.sh
44103974.cream02.iihe.ac.be
[1;34mCommand:[0;m qsub -q localgrid@cream02 -o ../out_err/test18ZZ_2l2nu_ext1_1.stdout -e ../out_err/test18ZZ_2l2nu_ext1_1.stderr -l walltime=16:00:00    ../Jobs_to_submit/test18ZZ_2l2nu_ext1_1.sh
44103976.cream02.iihe.ac.be
[1;34mCommand:[0;m qsub -q localgrid@cream02 -o ../out_err/test16ZZ_4l_ext1_1.stdout -e ../out_err/test16ZZ_4l_ext1_1.stderr -l walltime=16:00:00    ../Jobs_to_submit/test16ZZ_4l_ext1_1.sh
44103978.cream02.iihe.ac.be
[1;34mCommand:[0;m qsub -q localgrid@cream02 -o ../out_err/test3ZZ_4l_ext1_2.stdout -e ../out_err/test3ZZ_4l_ext1_2.stderr -l walltime=16:00:00    ../Jobs_to_submit/test3ZZ_4l_ext1_2.sh
44103981.cream02.iihe.ac.be
[1;34mCommand:[0;m qsub -q localgrid@cream02 -o ../out_err/test12ZZ_4l_ext1_2.stdout -e ../out_err/test12ZZ_4l_ext1_2.stderr -l walltime=16:00:00    ../Jobs_to_submit/test12ZZ_4l_ext1_2.sh
44103983.cream02.iihe.ac.be
[1;34mCommand:[0;m qsub -q localgrid@cream02 -o ../out_err/test13ZZ_4l_ext1_2.stdout -e ../out_err/test13ZZ_4l_ext1_2.stderr -l walltime=16:00:00    ../Jobs_to_submit/test13ZZ_4l_ext1_2.sh
44103984.cream02.iihe.ac.be
[1;34mCommand:[0;m qsub -q localgrid@cream02 -o ../out_err/test14ZZ_4l_ext1_2.stdout -e ../out_err/test14ZZ_4l_ext1_2.stderr -l walltime=16:00:00    ../Jobs_to_submit/test14ZZ_4l_ext1_2.sh
44103986.cream02.iihe.ac.be
[1;32m[INFO] [0;m[24/10 18:54] No errors to retry.
[1;32m[INFO] [0;m[24/10 18:54] There's no more jobs to run, exiting !
