[1;32m[INFO] [0;m[04/11 15:15] There are 0 jobs on the cluster and 112 left to run,  sending 112 jobs:
[1;34mCommand:[0;m qsub -q localgrid@cream02 -o ../out_err/test0QBH_1000.stdout -e ../out_err/test0QBH_1000.stderr -l walltime=13:00:00    ../Jobs_to_submit/test0QBH_1000.sh
44191031.cream02.iihe.ac.be
[1;34mCommand:[0;m qsub -q localgrid@cream02 -o ../out_err/test0QBH_10000.stdout -e ../out_err/test0QBH_10000.stderr -l walltime=13:00:00    ../Jobs_to_submit/test0QBH_10000.sh
44191032.cream02.iihe.ac.be
[1;34mCommand:[0;m qsub -q localgrid@cream02 -o ../out_err/test0QBH_1200.stdout -e ../out_err/test0QBH_1200.stderr -l walltime=13:00:00    ../Jobs_to_submit/test0QBH_1200.sh
44191033.cream02.iihe.ac.be
[1;34mCommand:[0;m qsub -q localgrid@cream02 -o ../out_err/test0QBH_1400.stdout -e ../out_err/test0QBH_1400.stderr -l walltime=13:00:00    ../Jobs_to_submit/test0QBH_1400.sh
44191034.cream02.iihe.ac.be
[1;34mCommand:[0;m qsub -q localgrid@cream02 -o ../out_err/test0QBH_1600.stdout -e ../out_err/test0QBH_1600.stderr -l walltime=13:00:00    ../Jobs_to_submit/test0QBH_1600.sh
44191035.cream02.iihe.ac.be
[1;34mCommand:[0;m qsub -q localgrid@cream02 -o ../out_err/test0QBH_1800.stdout -e ../out_err/test0QBH_1800.stderr -l walltime=13:00:00    ../Jobs_to_submit/test0QBH_1800.sh
44191036.cream02.iihe.ac.be
[1;34mCommand:[0;m qsub -q localgrid@cream02 -o ../out_err/test0QBH_200.stdout -e ../out_err/test0QBH_200.stderr -l walltime=13:00:00    ../Jobs_to_submit/test0QBH_200.sh
44191037.cream02.iihe.ac.be
[1;34mCommand:[0;m qsub -q localgrid@cream02 -o ../out_err/test1QBH_200.stdout -e ../out_err/test1QBH_200.stderr -l walltime=13:00:00    ../Jobs_to_submit/test1QBH_200.sh
44191038.cream02.iihe.ac.be
[1;34mCommand:[0;m qsub -q localgrid@cream02 -o ../out_err/test0QBH_2000.stdout -e ../out_err/test0QBH_2000.stderr -l walltime=13:00:00    ../Jobs_to_submit/test0QBH_2000.sh
44191039.cream02.iihe.ac.be
[1;34mCommand:[0;m qsub -q localgrid@cream02 -o ../out_err/test0QBH_2500.stdout -e ../out_err/test0QBH_2500.stderr -l walltime=13:00:00    ../Jobs_to_submit/test0QBH_2500.sh
44191040.cream02.iihe.ac.be
[1;34mCommand:[0;m qsub -q localgrid@cream02 -o ../out_err/test0QBH_3000.stdout -e ../out_err/test0QBH_3000.stderr -l walltime=13:00:00    ../Jobs_to_submit/test0QBH_3000.sh
44191041.cream02.iihe.ac.be
[1;34mCommand:[0;m qsub -q localgrid@cream02 -o ../out_err/test0QBH_3500.stdout -e ../out_err/test0QBH_3500.stderr -l walltime=13:00:00    ../Jobs_to_submit/test0QBH_3500.sh
44191042.cream02.iihe.ac.be
[1;34mCommand:[0;m qsub -q localgrid@cream02 -o ../out_err/test0QBH_400.stdout -e ../out_err/test0QBH_400.stderr -l walltime=13:00:00    ../Jobs_to_submit/test0QBH_400.sh
44191043.cream02.iihe.ac.be
[1;34mCommand:[0;m qsub -q localgrid@cream02 -o ../out_err/test0QBH_4000.stdout -e ../out_err/test0QBH_4000.stderr -l walltime=13:00:00    ../Jobs_to_submit/test0QBH_4000.sh
44191044.cream02.iihe.ac.be
[1;34mCommand:[0;m qsub -q localgrid@cream02 -o ../out_err/test0QBH_4500.stdout -e ../out_err/test0QBH_4500.stderr -l walltime=13:00:00    ../Jobs_to_submit/test0QBH_4500.sh
44191046.cream02.iihe.ac.be
[1;34mCommand:[0;m qsub -q localgrid@cream02 -o ../out_err/test0QBH_5000.stdout -e ../out_err/test0QBH_5000.stderr -l walltime=13:00:00    ../Jobs_to_submit/test0QBH_5000.sh
44191047.cream02.iihe.ac.be
[1;34mCommand:[0;m qsub -q localgrid@cream02 -o ../out_err/test0QBH_5500.stdout -e ../out_err/test0QBH_5500.stderr -l walltime=13:00:00    ../Jobs_to_submit/test0QBH_5500.sh
44191048.cream02.iihe.ac.be
[1;34mCommand:[0;m qsub -q localgrid@cream02 -o ../out_err/test0QBH_600.stdout -e ../out_err/test0QBH_600.stderr -l walltime=13:00:00    ../Jobs_to_submit/test0QBH_600.sh
44191049.cream02.iihe.ac.be
[1;34mCommand:[0;m qsub -q localgrid@cream02 -o ../out_err/test0QBH_6000.stdout -e ../out_err/test0QBH_6000.stderr -l walltime=13:00:00    ../Jobs_to_submit/test0QBH_6000.sh
44191050.cream02.iihe.ac.be
[1;34mCommand:[0;m qsub -q localgrid@cream02 -o ../out_err/test0QBH_7000.stdout -e ../out_err/test0QBH_7000.stderr -l walltime=13:00:00    ../Jobs_to_submit/test0QBH_7000.sh
44191051.cream02.iihe.ac.be
[1;34mCommand:[0;m qsub -q localgrid@cream02 -o ../out_err/test0QBH_800.stdout -e ../out_err/test0QBH_800.stderr -l walltime=13:00:00    ../Jobs_to_submit/test0QBH_800.sh
44191052.cream02.iihe.ac.be
[1;34mCommand:[0;m qsub -q localgrid@cream02 -o ../out_err/test0QBH_8000.stdout -e ../out_err/test0QBH_8000.stderr -l walltime=13:00:00    ../Jobs_to_submit/test0QBH_8000.sh
44191053.cream02.iihe.ac.be
[1;34mCommand:[0;m qsub -q localgrid@cream02 -o ../out_err/test0QBH_9000.stdout -e ../out_err/test0QBH_9000.stderr -l walltime=13:00:00    ../Jobs_to_submit/test0QBH_9000.sh
44191054.cream02.iihe.ac.be
[1;34mCommand:[0;m qsub -q localgrid@cream02 -o ../out_err/test0RPV_l001_1000.stdout -e ../out_err/test0RPV_l001_1000.stderr -l walltime=13:00:00    ../Jobs_to_submit/test0RPV_l001_1000.sh
44191055.cream02.iihe.ac.be
[1;34mCommand:[0;m qsub -q localgrid@cream02 -o ../out_err/test0RPV_l001_1200.stdout -e ../out_err/test0RPV_l001_1200.stderr -l walltime=13:00:00    ../Jobs_to_submit/test0RPV_l001_1200.sh
44191056.cream02.iihe.ac.be
[1;34mCommand:[0;m qsub -q localgrid@cream02 -o ../out_err/test0RPV_l001_1400.stdout -e ../out_err/test0RPV_l001_1400.stderr -l walltime=13:00:00    ../Jobs_to_submit/test0RPV_l001_1400.sh
44191057.cream02.iihe.ac.be
[1;34mCommand:[0;m qsub -q localgrid@cream02 -o ../out_err/test0RPV_l001_1600.stdout -e ../out_err/test0RPV_l001_1600.stderr -l walltime=13:00:00    ../Jobs_to_submit/test0RPV_l001_1600.sh
44191058.cream02.iihe.ac.be
[1;34mCommand:[0;m qsub -q localgrid@cream02 -o ../out_err/test0RPV_l001_1800.stdout -e ../out_err/test0RPV_l001_1800.stderr -l walltime=13:00:00    ../Jobs_to_submit/test0RPV_l001_1800.sh
44191059.cream02.iihe.ac.be
[1;34mCommand:[0;m qsub -q localgrid@cream02 -o ../out_err/test0RPV_l001_200.stdout -e ../out_err/test0RPV_l001_200.stderr -l walltime=13:00:00    ../Jobs_to_submit/test0RPV_l001_200.sh
44191060.cream02.iihe.ac.be
[1;34mCommand:[0;m qsub -q localgrid@cream02 -o ../out_err/test0RPV_l001_2000.stdout -e ../out_err/test0RPV_l001_2000.stderr -l walltime=13:00:00    ../Jobs_to_submit/test0RPV_l001_2000.sh
44191061.cream02.iihe.ac.be
[1;34mCommand:[0;m qsub -q localgrid@cream02 -o ../out_err/test0RPV_l001_2500.stdout -e ../out_err/test0RPV_l001_2500.stderr -l walltime=13:00:00    ../Jobs_to_submit/test0RPV_l001_2500.sh
44191062.cream02.iihe.ac.be
[1;34mCommand:[0;m qsub -q localgrid@cream02 -o ../out_err/test0RPV_l001_300.stdout -e ../out_err/test0RPV_l001_300.stderr -l walltime=13:00:00    ../Jobs_to_submit/test0RPV_l001_300.sh
44191063.cream02.iihe.ac.be
[1;34mCommand:[0;m qsub -q localgrid@cream02 -o ../out_err/test0RPV_l001_3000.stdout -e ../out_err/test0RPV_l001_3000.stderr -l walltime=13:00:00    ../Jobs_to_submit/test0RPV_l001_3000.sh
44191064.cream02.iihe.ac.be
[1;34mCommand:[0;m qsub -q localgrid@cream02 -o ../out_err/test0RPV_l001_3500.stdout -e ../out_err/test0RPV_l001_3500.stderr -l walltime=13:00:00    ../Jobs_to_submit/test0RPV_l001_3500.sh
44191065.cream02.iihe.ac.be
[1;34mCommand:[0;m qsub -q localgrid@cream02 -o ../out_err/test0RPV_l001_400.stdout -e ../out_err/test0RPV_l001_400.stderr -l walltime=13:00:00    ../Jobs_to_submit/test0RPV_l001_400.sh
44191066.cream02.iihe.ac.be
[1;34mCommand:[0;m qsub -q localgrid@cream02 -o ../out_err/test0RPV_l001_4000.stdout -e ../out_err/test0RPV_l001_4000.stderr -l walltime=13:00:00    ../Jobs_to_submit/test0RPV_l001_4000.sh
44191067.cream02.iihe.ac.be
[1;34mCommand:[0;m qsub -q localgrid@cream02 -o ../out_err/test0RPV_l001_4500.stdout -e ../out_err/test0RPV_l001_4500.stderr -l walltime=13:00:00    ../Jobs_to_submit/test0RPV_l001_4500.sh
44191068.cream02.iihe.ac.be
[1;34mCommand:[0;m qsub -q localgrid@cream02 -o ../out_err/test0RPV_l001_500.stdout -e ../out_err/test0RPV_l001_500.stderr -l walltime=13:00:00    ../Jobs_to_submit/test0RPV_l001_500.sh
44191069.cream02.iihe.ac.be
[1;34mCommand:[0;m qsub -q localgrid@cream02 -o ../out_err/test0RPV_l001_5000.stdout -e ../out_err/test0RPV_l001_5000.stderr -l walltime=13:00:00    ../Jobs_to_submit/test0RPV_l001_5000.sh
44191070.cream02.iihe.ac.be
[1;34mCommand:[0;m qsub -q localgrid@cream02 -o ../out_err/test0RPV_l001_5500.stdout -e ../out_err/test0RPV_l001_5500.stderr -l walltime=13:00:00    ../Jobs_to_submit/test0RPV_l001_5500.sh
44191071.cream02.iihe.ac.be
[1;34mCommand:[0;m qsub -q localgrid@cream02 -o ../out_err/test0RPV_l001_600.stdout -e ../out_err/test0RPV_l001_600.stderr -l walltime=13:00:00    ../Jobs_to_submit/test0RPV_l001_600.sh
44191072.cream02.iihe.ac.be
[1;34mCommand:[0;m qsub -q localgrid@cream02 -o ../out_err/test0RPV_l001_6500.stdout -e ../out_err/test0RPV_l001_6500.stderr -l walltime=13:00:00    ../Jobs_to_submit/test0RPV_l001_6500.sh
44191073.cream02.iihe.ac.be
[1;34mCommand:[0;m qsub -q localgrid@cream02 -o ../out_err/test0RPV_l001_700.stdout -e ../out_err/test0RPV_l001_700.stderr -l walltime=13:00:00    ../Jobs_to_submit/test0RPV_l001_700.sh
44191074.cream02.iihe.ac.be
[1;34mCommand:[0;m qsub -q localgrid@cream02 -o ../out_err/test0RPV_l001_800.stdout -e ../out_err/test0RPV_l001_800.stderr -l walltime=13:00:00    ../Jobs_to_submit/test0RPV_l001_800.sh
44191075.cream02.iihe.ac.be
[1;34mCommand:[0;m qsub -q localgrid@cream02 -o ../out_err/test0RPV_l001_900.stdout -e ../out_err/test0RPV_l001_900.stderr -l walltime=13:00:00    ../Jobs_to_submit/test0RPV_l001_900.sh
44191076.cream02.iihe.ac.be
[1;34mCommand:[0;m qsub -q localgrid@cream02 -o ../out_err/test0RPV_l01_3000.stdout -e ../out_err/test0RPV_l01_3000.stderr -l walltime=13:00:00    ../Jobs_to_submit/test0RPV_l01_3000.sh
44191077.cream02.iihe.ac.be
[1;34mCommand:[0;m qsub -q localgrid@cream02 -o ../out_err/test0RPV_l01_3500.stdout -e ../out_err/test0RPV_l01_3500.stderr -l walltime=13:00:00    ../Jobs_to_submit/test0RPV_l01_3500.sh
44191078.cream02.iihe.ac.be
[1;34mCommand:[0;m qsub -q localgrid@cream02 -o ../out_err/test0RPV_l01_4000.stdout -e ../out_err/test0RPV_l01_4000.stderr -l walltime=13:00:00    ../Jobs_to_submit/test0RPV_l01_4000.sh
44191079.cream02.iihe.ac.be
[1;34mCommand:[0;m qsub -q localgrid@cream02 -o ../out_err/test0RPV_l02_4000.stdout -e ../out_err/test0RPV_l02_4000.stderr -l walltime=13:00:00    ../Jobs_to_submit/test0RPV_l02_4000.sh
44191080.cream02.iihe.ac.be
[1;34mCommand:[0;m qsub -q localgrid@cream02 -o ../out_err/test0RPV_l02_4500.stdout -e ../out_err/test0RPV_l02_4500.stderr -l walltime=13:00:00    ../Jobs_to_submit/test0RPV_l02_4500.sh
44191081.cream02.iihe.ac.be
[1;34mCommand:[0;m qsub -q localgrid@cream02 -o ../out_err/test0RPV_l02_5000.stdout -e ../out_err/test0RPV_l02_5000.stderr -l walltime=13:00:00    ../Jobs_to_submit/test0RPV_l02_5000.sh
44191082.cream02.iihe.ac.be
[1;34mCommand:[0;m qsub -q localgrid@cream02 -o ../out_err/test0RPV_l02_5500.stdout -e ../out_err/test0RPV_l02_5500.stderr -l walltime=13:00:00    ../Jobs_to_submit/test0RPV_l02_5500.sh
44191083.cream02.iihe.ac.be
[1;34mCommand:[0;m qsub -q localgrid@cream02 -o ../out_err/test0RPV_l02_6000.stdout -e ../out_err/test0RPV_l02_6000.stderr -l walltime=13:00:00    ../Jobs_to_submit/test0RPV_l02_6000.sh
44191084.cream02.iihe.ac.be
[1;34mCommand:[0;m qsub -q localgrid@cream02 -o ../out_err/test0RPV_l02_6500.stdout -e ../out_err/test0RPV_l02_6500.stderr -l walltime=13:00:00    ../Jobs_to_submit/test0RPV_l02_6500.sh
44191085.cream02.iihe.ac.be
[1;34mCommand:[0;m qsub -q localgrid@cream02 -o ../out_err/test0RPV_l05_4000.stdout -e ../out_err/test0RPV_l05_4000.stderr -l walltime=13:00:00    ../Jobs_to_submit/test0RPV_l05_4000.sh
44191086.cream02.iihe.ac.be
[1;34mCommand:[0;m qsub -q localgrid@cream02 -o ../out_err/test0RPV_l05_5500.stdout -e ../out_err/test0RPV_l05_5500.stderr -l walltime=13:00:00    ../Jobs_to_submit/test0RPV_l05_5500.sh
44191087.cream02.iihe.ac.be
[1;34mCommand:[0;m qsub -q localgrid@cream02 -o ../out_err/test0RPV_l05_6000.stdout -e ../out_err/test0RPV_l05_6000.stderr -l walltime=13:00:00    ../Jobs_to_submit/test0RPV_l05_6000.sh
44191088.cream02.iihe.ac.be
[1;34mCommand:[0;m qsub -q localgrid@cream02 -o ../out_err/test0RPV_l05_6500.stdout -e ../out_err/test0RPV_l05_6500.stderr -l walltime=13:00:00    ../Jobs_to_submit/test0RPV_l05_6500.sh
44191089.cream02.iihe.ac.be
[1;34mCommand:[0;m qsub -q localgrid@cream02 -o ../out_err/test0ZPrime_1000.stdout -e ../out_err/test0ZPrime_1000.stderr -l walltime=13:00:00    ../Jobs_to_submit/test0ZPrime_1000.sh
44191090.cream02.iihe.ac.be
[1;34mCommand:[0;m qsub -q localgrid@cream02 -o ../out_err/test0ZPrime_1100.stdout -e ../out_err/test0ZPrime_1100.stderr -l walltime=13:00:00    ../Jobs_to_submit/test0ZPrime_1100.sh
44191091.cream02.iihe.ac.be
[1;34mCommand:[0;m qsub -q localgrid@cream02 -o ../out_err/test1ZPrime_1100.stdout -e ../out_err/test1ZPrime_1100.stderr -l walltime=13:00:00    ../Jobs_to_submit/test1ZPrime_1100.sh
44191092.cream02.iihe.ac.be
[1;34mCommand:[0;m qsub -q localgrid@cream02 -o ../out_err/test0ZPrime_1200.stdout -e ../out_err/test0ZPrime_1200.stderr -l walltime=13:00:00    ../Jobs_to_submit/test0ZPrime_1200.sh
44191093.cream02.iihe.ac.be
[1;34mCommand:[0;m qsub -q localgrid@cream02 -o ../out_err/test0ZPrime_1300.stdout -e ../out_err/test0ZPrime_1300.stderr -l walltime=13:00:00    ../Jobs_to_submit/test0ZPrime_1300.sh
44191094.cream02.iihe.ac.be
[1;34mCommand:[0;m qsub -q localgrid@cream02 -o ../out_err/test1ZPrime_1300.stdout -e ../out_err/test1ZPrime_1300.stderr -l walltime=13:00:00    ../Jobs_to_submit/test1ZPrime_1300.sh
44191095.cream02.iihe.ac.be
[1;34mCommand:[0;m qsub -q localgrid@cream02 -o ../out_err/test0ZPrime_1400.stdout -e ../out_err/test0ZPrime_1400.stderr -l walltime=13:00:00    ../Jobs_to_submit/test0ZPrime_1400.sh
44191096.cream02.iihe.ac.be
[1;34mCommand:[0;m qsub -q localgrid@cream02 -o ../out_err/test1ZPrime_1400.stdout -e ../out_err/test1ZPrime_1400.stderr -l walltime=13:00:00    ../Jobs_to_submit/test1ZPrime_1400.sh
44191097.cream02.iihe.ac.be
[1;34mCommand:[0;m qsub -q localgrid@cream02 -o ../out_err/test0ZPrime_1500.stdout -e ../out_err/test0ZPrime_1500.stderr -l walltime=13:00:00    ../Jobs_to_submit/test0ZPrime_1500.sh
44191098.cream02.iihe.ac.be
[1;34mCommand:[0;m qsub -q localgrid@cream02 -o ../out_err/test1ZPrime_1500.stdout -e ../out_err/test1ZPrime_1500.stderr -l walltime=13:00:00    ../Jobs_to_submit/test1ZPrime_1500.sh
44191099.cream02.iihe.ac.be
[1;34mCommand:[0;m qsub -q localgrid@cream02 -o ../out_err/test2ZPrime_1500.stdout -e ../out_err/test2ZPrime_1500.stderr -l walltime=13:00:00    ../Jobs_to_submit/test2ZPrime_1500.sh
44191100.cream02.iihe.ac.be
[1;34mCommand:[0;m qsub -q localgrid@cream02 -o ../out_err/test0ZPrime_1600.stdout -e ../out_err/test0ZPrime_1600.stderr -l walltime=13:00:00    ../Jobs_to_submit/test0ZPrime_1600.sh
44191101.cream02.iihe.ac.be
[1;34mCommand:[0;m qsub -q localgrid@cream02 -o ../out_err/test1ZPrime_1600.stdout -e ../out_err/test1ZPrime_1600.stderr -l walltime=13:00:00    ../Jobs_to_submit/test1ZPrime_1600.sh
44191102.cream02.iihe.ac.be
[1;34mCommand:[0;m qsub -q localgrid@cream02 -o ../out_err/test0ZPrime_1700.stdout -e ../out_err/test0ZPrime_1700.stderr -l walltime=13:00:00    ../Jobs_to_submit/test0ZPrime_1700.sh
44191103.cream02.iihe.ac.be
[1;34mCommand:[0;m qsub -q localgrid@cream02 -o ../out_err/test1ZPrime_1700.stdout -e ../out_err/test1ZPrime_1700.stderr -l walltime=13:00:00    ../Jobs_to_submit/test1ZPrime_1700.sh
44191104.cream02.iihe.ac.be
[1;34mCommand:[0;m qsub -q localgrid@cream02 -o ../out_err/test2ZPrime_1700.stdout -e ../out_err/test2ZPrime_1700.stderr -l walltime=13:00:00    ../Jobs_to_submit/test2ZPrime_1700.sh
44191105.cream02.iihe.ac.be
[1;34mCommand:[0;m qsub -q localgrid@cream02 -o ../out_err/test0ZPrime_1800.stdout -e ../out_err/test0ZPrime_1800.stderr -l walltime=13:00:00    ../Jobs_to_submit/test0ZPrime_1800.sh
44191106.cream02.iihe.ac.be
[1;34mCommand:[0;m qsub -q localgrid@cream02 -o ../out_err/test0ZPrime_1900.stdout -e ../out_err/test0ZPrime_1900.stderr -l walltime=13:00:00    ../Jobs_to_submit/test0ZPrime_1900.sh
44191107.cream02.iihe.ac.be
[1;34mCommand:[0;m qsub -q localgrid@cream02 -o ../out_err/test1ZPrime_1900.stdout -e ../out_err/test1ZPrime_1900.stderr -l walltime=13:00:00    ../Jobs_to_submit/test1ZPrime_1900.sh
44191108.cream02.iihe.ac.be
[1;34mCommand:[0;m qsub -q localgrid@cream02 -o ../out_err/test0ZPrime_2000.stdout -e ../out_err/test0ZPrime_2000.stderr -l walltime=13:00:00    ../Jobs_to_submit/test0ZPrime_2000.sh
44191109.cream02.iihe.ac.be
[1;34mCommand:[0;m qsub -q localgrid@cream02 -o ../out_err/test1ZPrime_2000.stdout -e ../out_err/test1ZPrime_2000.stderr -l walltime=13:00:00    ../Jobs_to_submit/test1ZPrime_2000.sh
44191110.cream02.iihe.ac.be
[1;34mCommand:[0;m qsub -q localgrid@cream02 -o ../out_err/test0ZPrime_2200.stdout -e ../out_err/test0ZPrime_2200.stderr -l walltime=13:00:00    ../Jobs_to_submit/test0ZPrime_2200.sh
44191111.cream02.iihe.ac.be
[1;34mCommand:[0;m qsub -q localgrid@cream02 -o ../out_err/test1ZPrime_2200.stdout -e ../out_err/test1ZPrime_2200.stderr -l walltime=13:00:00    ../Jobs_to_submit/test1ZPrime_2200.sh
44191112.cream02.iihe.ac.be
[1;34mCommand:[0;m qsub -q localgrid@cream02 -o ../out_err/test2ZPrime_2200.stdout -e ../out_err/test2ZPrime_2200.stderr -l walltime=13:00:00    ../Jobs_to_submit/test2ZPrime_2200.sh
44191113.cream02.iihe.ac.be
[1;34mCommand:[0;m qsub -q localgrid@cream02 -o ../out_err/test0ZPrime_2400.stdout -e ../out_err/test0ZPrime_2400.stderr -l walltime=13:00:00    ../Jobs_to_submit/test0ZPrime_2400.sh
44191114.cream02.iihe.ac.be
[1;34mCommand:[0;m qsub -q localgrid@cream02 -o ../out_err/test1ZPrime_2400.stdout -e ../out_err/test1ZPrime_2400.stderr -l walltime=13:00:00    ../Jobs_to_submit/test1ZPrime_2400.sh
44191115.cream02.iihe.ac.be
[1;34mCommand:[0;m qsub -q localgrid@cream02 -o ../out_err/test0ZPrime_2600.stdout -e ../out_err/test0ZPrime_2600.stderr -l walltime=13:00:00    ../Jobs_to_submit/test0ZPrime_2600.sh
44191116.cream02.iihe.ac.be
[1;34mCommand:[0;m qsub -q localgrid@cream02 -o ../out_err/test1ZPrime_2600.stdout -e ../out_err/test1ZPrime_2600.stderr -l walltime=13:00:00    ../Jobs_to_submit/test1ZPrime_2600.sh
44191117.cream02.iihe.ac.be
[1;34mCommand:[0;m qsub -q localgrid@cream02 -o ../out_err/test0ZPrime_2800.stdout -e ../out_err/test0ZPrime_2800.stderr -l walltime=13:00:00    ../Jobs_to_submit/test0ZPrime_2800.sh
44191118.cream02.iihe.ac.be
[1;34mCommand:[0;m qsub -q localgrid@cream02 -o ../out_err/test1ZPrime_2800.stdout -e ../out_err/test1ZPrime_2800.stderr -l walltime=13:00:00    ../Jobs_to_submit/test1ZPrime_2800.sh
44191119.cream02.iihe.ac.be
[1;34mCommand:[0;m qsub -q localgrid@cream02 -o ../out_err/test2ZPrime_2800.stdout -e ../out_err/test2ZPrime_2800.stderr -l walltime=13:00:00    ../Jobs_to_submit/test2ZPrime_2800.sh
44191120.cream02.iihe.ac.be
[1;34mCommand:[0;m qsub -q localgrid@cream02 -o ../out_err/test0ZPrime_3000.stdout -e ../out_err/test0ZPrime_3000.stderr -l walltime=13:00:00    ../Jobs_to_submit/test0ZPrime_3000.sh
44191121.cream02.iihe.ac.be
[1;34mCommand:[0;m qsub -q localgrid@cream02 -o ../out_err/test1ZPrime_3000.stdout -e ../out_err/test1ZPrime_3000.stderr -l walltime=13:00:00    ../Jobs_to_submit/test1ZPrime_3000.sh
44191122.cream02.iihe.ac.be
[1;34mCommand:[0;m qsub -q localgrid@cream02 -o ../out_err/test2ZPrime_3000.stdout -e ../out_err/test2ZPrime_3000.stderr -l walltime=13:00:00    ../Jobs_to_submit/test2ZPrime_3000.sh
44191123.cream02.iihe.ac.be
[1;34mCommand:[0;m qsub -q localgrid@cream02 -o ../out_err/test0ZPrime_3500.stdout -e ../out_err/test0ZPrime_3500.stderr -l walltime=13:00:00    ../Jobs_to_submit/test0ZPrime_3500.sh
44191124.cream02.iihe.ac.be
[1;34mCommand:[0;m qsub -q localgrid@cream02 -o ../out_err/test1ZPrime_3500.stdout -e ../out_err/test1ZPrime_3500.stderr -l walltime=13:00:00    ../Jobs_to_submit/test1ZPrime_3500.sh
44191125.cream02.iihe.ac.be
[1;34mCommand:[0;m qsub -q localgrid@cream02 -o ../out_err/test0ZPrime_4000.stdout -e ../out_err/test0ZPrime_4000.stderr -l walltime=13:00:00    ../Jobs_to_submit/test0ZPrime_4000.sh
44191126.cream02.iihe.ac.be
[1;34mCommand:[0;m qsub -q localgrid@cream02 -o ../out_err/test1ZPrime_4000.stdout -e ../out_err/test1ZPrime_4000.stderr -l walltime=13:00:00    ../Jobs_to_submit/test1ZPrime_4000.sh
44191127.cream02.iihe.ac.be
[1;34mCommand:[0;m qsub -q localgrid@cream02 -o ../out_err/test0ZPrime_4500.stdout -e ../out_err/test0ZPrime_4500.stderr -l walltime=13:00:00    ../Jobs_to_submit/test0ZPrime_4500.sh
44191128.cream02.iihe.ac.be
[1;34mCommand:[0;m qsub -q localgrid@cream02 -o ../out_err/test1ZPrime_4500.stdout -e ../out_err/test1ZPrime_4500.stderr -l walltime=13:00:00    ../Jobs_to_submit/test1ZPrime_4500.sh
44191129.cream02.iihe.ac.be
[1;34mCommand:[0;m qsub -q localgrid@cream02 -o ../out_err/test0ZPrime_500.stdout -e ../out_err/test0ZPrime_500.stderr -l walltime=13:00:00    ../Jobs_to_submit/test0ZPrime_500.sh
44191130.cream02.iihe.ac.be
[1;34mCommand:[0;m qsub -q localgrid@cream02 -o ../out_err/test1ZPrime_500.stdout -e ../out_err/test1ZPrime_500.stderr -l walltime=13:00:00    ../Jobs_to_submit/test1ZPrime_500.sh
44191131.cream02.iihe.ac.be
[1;34mCommand:[0;m qsub -q localgrid@cream02 -o ../out_err/test0ZPrime_5000.stdout -e ../out_err/test0ZPrime_5000.stderr -l walltime=13:00:00    ../Jobs_to_submit/test0ZPrime_5000.sh
44191132.cream02.iihe.ac.be
[1;34mCommand:[0;m qsub -q localgrid@cream02 -o ../out_err/test0ZPrime_5500.stdout -e ../out_err/test0ZPrime_5500.stderr -l walltime=13:00:00    ../Jobs_to_submit/test0ZPrime_5500.sh
44191133.cream02.iihe.ac.be
[1;34mCommand:[0;m qsub -q localgrid@cream02 -o ../out_err/test1ZPrime_5500.stdout -e ../out_err/test1ZPrime_5500.stderr -l walltime=13:00:00    ../Jobs_to_submit/test1ZPrime_5500.sh
44191134.cream02.iihe.ac.be
[1;34mCommand:[0;m qsub -q localgrid@cream02 -o ../out_err/test0ZPrime_600.stdout -e ../out_err/test0ZPrime_600.stderr -l walltime=13:00:00    ../Jobs_to_submit/test0ZPrime_600.sh
44191135.cream02.iihe.ac.be
[1;34mCommand:[0;m qsub -q localgrid@cream02 -o ../out_err/test0ZPrime_6000.stdout -e ../out_err/test0ZPrime_6000.stderr -l walltime=13:00:00    ../Jobs_to_submit/test0ZPrime_6000.sh
44191136.cream02.iihe.ac.be
[1;34mCommand:[0;m qsub -q localgrid@cream02 -o ../out_err/test1ZPrime_6000.stdout -e ../out_err/test1ZPrime_6000.stderr -l walltime=13:00:00    ../Jobs_to_submit/test1ZPrime_6000.sh
44191137.cream02.iihe.ac.be
[1;34mCommand:[0;m qsub -q localgrid@cream02 -o ../out_err/test0ZPrime_700.stdout -e ../out_err/test0ZPrime_700.stderr -l walltime=13:00:00    ../Jobs_to_submit/test0ZPrime_700.sh
44191138.cream02.iihe.ac.be
[1;34mCommand:[0;m qsub -q localgrid@cream02 -o ../out_err/test0ZPrime_800.stdout -e ../out_err/test0ZPrime_800.stderr -l walltime=13:00:00    ../Jobs_to_submit/test0ZPrime_800.sh
44191139.cream02.iihe.ac.be
[1;34mCommand:[0;m qsub -q localgrid@cream02 -o ../out_err/test1ZPrime_800.stdout -e ../out_err/test1ZPrime_800.stderr -l walltime=13:00:00    ../Jobs_to_submit/test1ZPrime_800.sh
44191140.cream02.iihe.ac.be
[1;34mCommand:[0;m qsub -q localgrid@cream02 -o ../out_err/test2ZPrime_800.stdout -e ../out_err/test2ZPrime_800.stderr -l walltime=13:00:00    ../Jobs_to_submit/test2ZPrime_800.sh
44191141.cream02.iihe.ac.be
[1;34mCommand:[0;m qsub -q localgrid@cream02 -o ../out_err/test0ZPrime_900.stdout -e ../out_err/test0ZPrime_900.stderr -l walltime=13:00:00    ../Jobs_to_submit/test0ZPrime_900.sh
44191142.cream02.iihe.ac.be
[1;34mCommand:[0;m qsub -q localgrid@cream02 -o ../out_err/test1ZPrime_900.stdout -e ../out_err/test1ZPrime_900.stderr -l walltime=13:00:00    ../Jobs_to_submit/test1ZPrime_900.sh
44191143.cream02.iihe.ac.be
[1;32m[INFO] [0;m[04/11 15:17] No errors to retry.
[1;32m[INFO] [0;m[04/11 15:17] There's no more jobs to run, exiting !
