[1;32m[INFO] [0;m[21/10 12:10] There are 0 jobs on the cluster and 40 left to run,  sending 40 jobs:
[1;34mCommand:[0;m qsub -q localgrid@cream02 -o ../out_err/test13Data_SMu_16B_0.stdout -e ../out_err/test13Data_SMu_16B_0.stderr -l walltime=12:30:00    ../Jobs_to_submit/test13Data_SMu_16B_0.sh
44069981.cream02.iihe.ac.be
[1;34mCommand:[0;m qsub -q localgrid@cream02 -o ../out_err/test6Data_SMu_16B_1.stdout -e ../out_err/test6Data_SMu_16B_1.stderr -l walltime=12:30:00    ../Jobs_to_submit/test6Data_SMu_16B_1.sh
44069982.cream02.iihe.ac.be
[1;34mCommand:[0;m qsub -q localgrid@cream02 -o ../out_err/test17Data_SMu_16B_1.stdout -e ../out_err/test17Data_SMu_16B_1.stderr -l walltime=12:30:00    ../Jobs_to_submit/test17Data_SMu_16B_1.sh
44069983.cream02.iihe.ac.be
[1;34mCommand:[0;m qsub -q localgrid@cream02 -o ../out_err/test5Data_SMu_16B_2.stdout -e ../out_err/test5Data_SMu_16B_2.stderr -l walltime=12:30:00    ../Jobs_to_submit/test5Data_SMu_16B_2.sh
44069984.cream02.iihe.ac.be
[1;34mCommand:[0;m qsub -q localgrid@cream02 -o ../out_err/test10Data_SMu_16B_2.stdout -e ../out_err/test10Data_SMu_16B_2.stderr -l walltime=12:30:00    ../Jobs_to_submit/test10Data_SMu_16B_2.sh
44069985.cream02.iihe.ac.be
[1;34mCommand:[0;m qsub -q localgrid@cream02 -o ../out_err/test11Data_SMu_16B_2.stdout -e ../out_err/test11Data_SMu_16B_2.stderr -l walltime=12:30:00    ../Jobs_to_submit/test11Data_SMu_16B_2.sh
44069986.cream02.iihe.ac.be
[1;34mCommand:[0;m qsub -q localgrid@cream02 -o ../out_err/test5Data_SMu_16B_3.stdout -e ../out_err/test5Data_SMu_16B_3.stderr -l walltime=12:30:00    ../Jobs_to_submit/test5Data_SMu_16B_3.sh
44069987.cream02.iihe.ac.be
[1;34mCommand:[0;m qsub -q localgrid@cream02 -o ../out_err/test7Data_SMu_16B_3.stdout -e ../out_err/test7Data_SMu_16B_3.stderr -l walltime=12:30:00    ../Jobs_to_submit/test7Data_SMu_16B_3.sh
44069988.cream02.iihe.ac.be
[1;34mCommand:[0;m qsub -q localgrid@cream02 -o ../out_err/test15Data_SMu_16B_4.stdout -e ../out_err/test15Data_SMu_16B_4.stderr -l walltime=12:30:00    ../Jobs_to_submit/test15Data_SMu_16B_4.sh
44069989.cream02.iihe.ac.be
[1;34mCommand:[0;m qsub -q localgrid@cream02 -o ../out_err/test1Data_SMu_16B_5.stdout -e ../out_err/test1Data_SMu_16B_5.stderr -l walltime=12:30:00    ../Jobs_to_submit/test1Data_SMu_16B_5.sh
44069990.cream02.iihe.ac.be
[1;34mCommand:[0;m qsub -q localgrid@cream02 -o ../out_err/test8Data_SMu_16B_5.stdout -e ../out_err/test8Data_SMu_16B_5.stderr -l walltime=12:30:00    ../Jobs_to_submit/test8Data_SMu_16B_5.sh
44069991.cream02.iihe.ac.be
[1;34mCommand:[0;m qsub -q localgrid@cream02 -o ../out_err/test11Data_SMu_16B_5.stdout -e ../out_err/test11Data_SMu_16B_5.stderr -l walltime=12:30:00    ../Jobs_to_submit/test11Data_SMu_16B_5.sh
44069992.cream02.iihe.ac.be
[1;34mCommand:[0;m qsub -q localgrid@cream02 -o ../out_err/test12Data_SMu_16B_5.stdout -e ../out_err/test12Data_SMu_16B_5.stderr -l walltime=12:30:00    ../Jobs_to_submit/test12Data_SMu_16B_5.sh
44069993.cream02.iihe.ac.be
[1;34mCommand:[0;m qsub -q localgrid@cream02 -o ../out_err/Data_SMu_16B_6.stdout -e ../out_err/Data_SMu_16B_6.stderr -l walltime=12:30:00    ../Jobs_to_submit/Data_SMu_16B_6.sh
44069994.cream02.iihe.ac.be
[1;34mCommand:[0;m qsub -q localgrid@cream02 -o ../out_err/test1Data_SMu_16B_6.stdout -e ../out_err/test1Data_SMu_16B_6.stderr -l walltime=12:30:00    ../Jobs_to_submit/test1Data_SMu_16B_6.sh
44069995.cream02.iihe.ac.be
[1;34mCommand:[0;m qsub -q localgrid@cream02 -o ../out_err/test2Data_SMu_16B_6.stdout -e ../out_err/test2Data_SMu_16B_6.stderr -l walltime=12:30:00    ../Jobs_to_submit/test2Data_SMu_16B_6.sh
44069996.cream02.iihe.ac.be
[1;34mCommand:[0;m qsub -q localgrid@cream02 -o ../out_err/Data_SMu_16C_0.stdout -e ../out_err/Data_SMu_16C_0.stderr -l walltime=12:30:00    ../Jobs_to_submit/Data_SMu_16C_0.sh
44069997.cream02.iihe.ac.be
[1;34mCommand:[0;m qsub -q localgrid@cream02 -o ../out_err/test8Data_SMu_16C_0.stdout -e ../out_err/test8Data_SMu_16C_0.stderr -l walltime=12:30:00    ../Jobs_to_submit/test8Data_SMu_16C_0.sh
44069998.cream02.iihe.ac.be
[1;34mCommand:[0;m qsub -q localgrid@cream02 -o ../out_err/test1Data_SMu_16C_1.stdout -e ../out_err/test1Data_SMu_16C_1.stderr -l walltime=12:30:00    ../Jobs_to_submit/test1Data_SMu_16C_1.sh
44069999.cream02.iihe.ac.be
[1;34mCommand:[0;m qsub -q localgrid@cream02 -o ../out_err/test10Data_SMu_16C_1.stdout -e ../out_err/test10Data_SMu_16C_1.stderr -l walltime=12:30:00    ../Jobs_to_submit/test10Data_SMu_16C_1.sh
44070000.cream02.iihe.ac.be
[1;34mCommand:[0;m qsub -q localgrid@cream02 -o ../out_err/test1Data_SMu_16D_1.stdout -e ../out_err/test1Data_SMu_16D_1.stderr -l walltime=12:30:00    ../Jobs_to_submit/test1Data_SMu_16D_1.sh
44070001.cream02.iihe.ac.be
[1;34mCommand:[0;m qsub -q localgrid@cream02 -o ../out_err/test3Data_SMu_16D_1.stdout -e ../out_err/test3Data_SMu_16D_1.stderr -l walltime=12:30:00    ../Jobs_to_submit/test3Data_SMu_16D_1.sh
44070002.cream02.iihe.ac.be
[1;34mCommand:[0;m qsub -q localgrid@cream02 -o ../out_err/test2Data_SMu_16D_2.stdout -e ../out_err/test2Data_SMu_16D_2.stderr -l walltime=12:30:00    ../Jobs_to_submit/test2Data_SMu_16D_2.sh
44070003.cream02.iihe.ac.be
[1;34mCommand:[0;m qsub -q localgrid@cream02 -o ../out_err/test15Data_SMu_16D_2.stdout -e ../out_err/test15Data_SMu_16D_2.stderr -l walltime=12:30:00    ../Jobs_to_submit/test15Data_SMu_16D_2.sh
44070004.cream02.iihe.ac.be
[1;34mCommand:[0;m qsub -q localgrid@cream02 -o ../out_err/test3Data_SMu_16E_1.stdout -e ../out_err/test3Data_SMu_16E_1.stderr -l walltime=12:30:00    ../Jobs_to_submit/test3Data_SMu_16E_1.sh
44070005.cream02.iihe.ac.be
[1;34mCommand:[0;m qsub -q localgrid@cream02 -o ../out_err/test4Data_SMu_16E_1.stdout -e ../out_err/test4Data_SMu_16E_1.stderr -l walltime=12:30:00    ../Jobs_to_submit/test4Data_SMu_16E_1.sh
44070006.cream02.iihe.ac.be
[1;34mCommand:[0;m qsub -q localgrid@cream02 -o ../out_err/test6Data_SMu_16E_1.stdout -e ../out_err/test6Data_SMu_16E_1.stderr -l walltime=12:30:00    ../Jobs_to_submit/test6Data_SMu_16E_1.sh
44070007.cream02.iihe.ac.be
[1;34mCommand:[0;m qsub -q localgrid@cream02 -o ../out_err/test9Data_SMu_16E_1.stdout -e ../out_err/test9Data_SMu_16E_1.stderr -l walltime=12:30:00    ../Jobs_to_submit/test9Data_SMu_16E_1.sh
44070008.cream02.iihe.ac.be
[1;34mCommand:[0;m qsub -q localgrid@cream02 -o ../out_err/test16Data_SMu_16F_1.stdout -e ../out_err/test16Data_SMu_16F_1.stderr -l walltime=12:30:00    ../Jobs_to_submit/test16Data_SMu_16F_1.sh
44070009.cream02.iihe.ac.be
[1;34mCommand:[0;m qsub -q localgrid@cream02 -o ../out_err/test19Data_SMu_16F_1.stdout -e ../out_err/test19Data_SMu_16F_1.stderr -l walltime=12:30:00    ../Jobs_to_submit/test19Data_SMu_16F_1.sh
44070010.cream02.iihe.ac.be
[1;34mCommand:[0;m qsub -q localgrid@cream02 -o ../out_err/test5Data_SMu_16F_2.stdout -e ../out_err/test5Data_SMu_16F_2.stderr -l walltime=12:30:00    ../Jobs_to_submit/test5Data_SMu_16F_2.sh
44070011.cream02.iihe.ac.be
[1;34mCommand:[0;m qsub -q localgrid@cream02 -o ../out_err/test2Data_SMu_16G_0.stdout -e ../out_err/test2Data_SMu_16G_0.stderr -l walltime=12:30:00    ../Jobs_to_submit/test2Data_SMu_16G_0.sh
44070012.cream02.iihe.ac.be
[1;34mCommand:[0;m qsub -q localgrid@cream02 -o ../out_err/test5Data_SMu_16G_1.stdout -e ../out_err/test5Data_SMu_16G_1.stderr -l walltime=12:30:00    ../Jobs_to_submit/test5Data_SMu_16G_1.sh
44070013.cream02.iihe.ac.be
[1;34mCommand:[0;m qsub -q localgrid@cream02 -o ../out_err/test8Data_SMu_16G_1.stdout -e ../out_err/test8Data_SMu_16G_1.stderr -l walltime=12:30:00    ../Jobs_to_submit/test8Data_SMu_16G_1.sh
44070014.cream02.iihe.ac.be
[1;34mCommand:[0;m qsub -q localgrid@cream02 -o ../out_err/test14Data_SMu_16G_3.stdout -e ../out_err/test14Data_SMu_16G_3.stderr -l walltime=12:30:00    ../Jobs_to_submit/test14Data_SMu_16G_3.sh
44070015.cream02.iihe.ac.be
[1;34mCommand:[0;m qsub -q localgrid@cream02 -o ../out_err/Data_SMu_16G_4.stdout -e ../out_err/Data_SMu_16G_4.stderr -l walltime=12:30:00    ../Jobs_to_submit/Data_SMu_16G_4.sh
44070016.cream02.iihe.ac.be
[1;34mCommand:[0;m qsub -q localgrid@cream02 -o ../out_err/test7Data_SMu_16H_0.stdout -e ../out_err/test7Data_SMu_16H_0.stderr -l walltime=12:30:00    ../Jobs_to_submit/test7Data_SMu_16H_0.sh
44070017.cream02.iihe.ac.be
[1;34mCommand:[0;m qsub -q localgrid@cream02 -o ../out_err/test6Data_SMu_16H_3.stdout -e ../out_err/test6Data_SMu_16H_3.stderr -l walltime=12:30:00    ../Jobs_to_submit/test6Data_SMu_16H_3.sh
44070018.cream02.iihe.ac.be
[1;34mCommand:[0;m qsub -q localgrid@cream02 -o ../out_err/test14Data_SMu_16H_3.stdout -e ../out_err/test14Data_SMu_16H_3.stderr -l walltime=12:30:00    ../Jobs_to_submit/test14Data_SMu_16H_3.sh
44070019.cream02.iihe.ac.be
[1;34mCommand:[0;m qsub -q localgrid@cream02 -o ../out_err/test12Data_SMu_16H_6.stdout -e ../out_err/test12Data_SMu_16H_6.stderr -l walltime=12:30:00    ../Jobs_to_submit/test12Data_SMu_16H_6.sh
44070020.cream02.iihe.ac.be
[1;32m[INFO] [0;m[21/10 12:10] No errors to retry.
[1;32m[INFO] [0;m[21/10 12:10] There's no more jobs to run, exiting !
