[1;32m[INFO] [0;m[13/12 18:03] There are 0 jobs on the cluster and 176 left to run,  sending 176 jobs:
[1;34mCommand:[0;m qsub -q localgrid@cream02 -o ../out_err/QBH_1000.stdout -e ../out_err/QBH_1000.stderr -l walltime=07:00:00    ../Jobs_to_submit/QBH_1000.sh
44550822.cream02.iihe.ac.be
[1;34mCommand:[0;m qsub -q localgrid@cream02 -o ../out_err/QBH_10000.stdout -e ../out_err/QBH_10000.stderr -l walltime=07:00:00    ../Jobs_to_submit/QBH_10000.sh
44550823.cream02.iihe.ac.be
[1;34mCommand:[0;m qsub -q localgrid@cream02 -o ../out_err/QBH_1200.stdout -e ../out_err/QBH_1200.stderr -l walltime=07:00:00    ../Jobs_to_submit/QBH_1200.sh
44550824.cream02.iihe.ac.be
[1;34mCommand:[0;m qsub -q localgrid@cream02 -o ../out_err/QBH_1400.stdout -e ../out_err/QBH_1400.stderr -l walltime=07:00:00    ../Jobs_to_submit/QBH_1400.sh
qsub: Invalid credential
[1;34mCommand:[0;m qsub -q localgrid@cream02 -o ../out_err/test1QBH_1400.stdout -e ../out_err/test1QBH_1400.stderr -l walltime=07:00:00    ../Jobs_to_submit/test1QBH_1400.sh
44550825.cream02.iihe.ac.be
[1;34mCommand:[0;m qsub -q localgrid@cream02 -o ../out_err/QBH_1600.stdout -e ../out_err/QBH_1600.stderr -l walltime=07:00:00    ../Jobs_to_submit/QBH_1600.sh
44550826.cream02.iihe.ac.be
[1;34mCommand:[0;m qsub -q localgrid@cream02 -o ../out_err/QBH_1800.stdout -e ../out_err/QBH_1800.stderr -l walltime=07:00:00    ../Jobs_to_submit/QBH_1800.sh
44550827.cream02.iihe.ac.be
[1;34mCommand:[0;m qsub -q localgrid@cream02 -o ../out_err/QBH_200.stdout -e ../out_err/QBH_200.stderr -l walltime=07:00:00    ../Jobs_to_submit/QBH_200.sh
44550828.cream02.iihe.ac.be
[1;34mCommand:[0;m qsub -q localgrid@cream02 -o ../out_err/test1QBH_200.stdout -e ../out_err/test1QBH_200.stderr -l walltime=07:00:00    ../Jobs_to_submit/test1QBH_200.sh
44550829.cream02.iihe.ac.be
[1;34mCommand:[0;m qsub -q localgrid@cream02 -o ../out_err/test2QBH_200.stdout -e ../out_err/test2QBH_200.stderr -l walltime=07:00:00    ../Jobs_to_submit/test2QBH_200.sh
44550830.cream02.iihe.ac.be
[1;34mCommand:[0;m qsub -q localgrid@cream02 -o ../out_err/test3QBH_200.stdout -e ../out_err/test3QBH_200.stderr -l walltime=07:00:00    ../Jobs_to_submit/test3QBH_200.sh
44550831.cream02.iihe.ac.be
[1;34mCommand:[0;m qsub -q localgrid@cream02 -o ../out_err/QBH_2000.stdout -e ../out_err/QBH_2000.stderr -l walltime=07:00:00    ../Jobs_to_submit/QBH_2000.sh
44550832.cream02.iihe.ac.be
[1;34mCommand:[0;m qsub -q localgrid@cream02 -o ../out_err/QBH_2500.stdout -e ../out_err/QBH_2500.stderr -l walltime=07:00:00    ../Jobs_to_submit/QBH_2500.sh
44550833.cream02.iihe.ac.be
[1;34mCommand:[0;m qsub -q localgrid@cream02 -o ../out_err/QBH_3000.stdout -e ../out_err/QBH_3000.stderr -l walltime=07:00:00    ../Jobs_to_submit/QBH_3000.sh
44550834.cream02.iihe.ac.be
[1;34mCommand:[0;m qsub -q localgrid@cream02 -o ../out_err/QBH_3500.stdout -e ../out_err/QBH_3500.stderr -l walltime=07:00:00    ../Jobs_to_submit/QBH_3500.sh
44550835.cream02.iihe.ac.be
[1;34mCommand:[0;m qsub -q localgrid@cream02 -o ../out_err/test1QBH_3500.stdout -e ../out_err/test1QBH_3500.stderr -l walltime=07:00:00    ../Jobs_to_submit/test1QBH_3500.sh
44550836.cream02.iihe.ac.be
[1;34mCommand:[0;m qsub -q localgrid@cream02 -o ../out_err/QBH_400.stdout -e ../out_err/QBH_400.stderr -l walltime=07:00:00    ../Jobs_to_submit/QBH_400.sh
44550837.cream02.iihe.ac.be
[1;34mCommand:[0;m qsub -q localgrid@cream02 -o ../out_err/test1QBH_400.stdout -e ../out_err/test1QBH_400.stderr -l walltime=07:00:00    ../Jobs_to_submit/test1QBH_400.sh
44550838.cream02.iihe.ac.be
[1;34mCommand:[0;m qsub -q localgrid@cream02 -o ../out_err/QBH_4000.stdout -e ../out_err/QBH_4000.stderr -l walltime=07:00:00    ../Jobs_to_submit/QBH_4000.sh
44550839.cream02.iihe.ac.be
[1;34mCommand:[0;m qsub -q localgrid@cream02 -o ../out_err/test1QBH_4000.stdout -e ../out_err/test1QBH_4000.stderr -l walltime=07:00:00    ../Jobs_to_submit/test1QBH_4000.sh
44550840.cream02.iihe.ac.be
[1;34mCommand:[0;m qsub -q localgrid@cream02 -o ../out_err/test2QBH_4000.stdout -e ../out_err/test2QBH_4000.stderr -l walltime=07:00:00    ../Jobs_to_submit/test2QBH_4000.sh
44550841.cream02.iihe.ac.be
[1;34mCommand:[0;m qsub -q localgrid@cream02 -o ../out_err/QBH_4500.stdout -e ../out_err/QBH_4500.stderr -l walltime=07:00:00    ../Jobs_to_submit/QBH_4500.sh
44550842.cream02.iihe.ac.be
[1;34mCommand:[0;m qsub -q localgrid@cream02 -o ../out_err/QBH_5000.stdout -e ../out_err/QBH_5000.stderr -l walltime=07:00:00    ../Jobs_to_submit/QBH_5000.sh
44550844.cream02.iihe.ac.be
[1;34mCommand:[0;m qsub -q localgrid@cream02 -o ../out_err/QBH_5500.stdout -e ../out_err/QBH_5500.stderr -l walltime=07:00:00    ../Jobs_to_submit/QBH_5500.sh
44550845.cream02.iihe.ac.be
[1;34mCommand:[0;m qsub -q localgrid@cream02 -o ../out_err/QBH_600.stdout -e ../out_err/QBH_600.stderr -l walltime=07:00:00    ../Jobs_to_submit/QBH_600.sh
44550846.cream02.iihe.ac.be
[1;34mCommand:[0;m qsub -q localgrid@cream02 -o ../out_err/QBH_6000.stdout -e ../out_err/QBH_6000.stderr -l walltime=07:00:00    ../Jobs_to_submit/QBH_6000.sh
44550847.cream02.iihe.ac.be
[1;34mCommand:[0;m qsub -q localgrid@cream02 -o ../out_err/QBH_7000.stdout -e ../out_err/QBH_7000.stderr -l walltime=07:00:00    ../Jobs_to_submit/QBH_7000.sh
44550848.cream02.iihe.ac.be
[1;34mCommand:[0;m qsub -q localgrid@cream02 -o ../out_err/QBH_800.stdout -e ../out_err/QBH_800.stderr -l walltime=07:00:00    ../Jobs_to_submit/QBH_800.sh
44550849.cream02.iihe.ac.be
[1;34mCommand:[0;m qsub -q localgrid@cream02 -o ../out_err/test1QBH_800.stdout -e ../out_err/test1QBH_800.stderr -l walltime=07:00:00    ../Jobs_to_submit/test1QBH_800.sh
44550850.cream02.iihe.ac.be
[1;34mCommand:[0;m qsub -q localgrid@cream02 -o ../out_err/test2QBH_800.stdout -e ../out_err/test2QBH_800.stderr -l walltime=07:00:00    ../Jobs_to_submit/test2QBH_800.sh
44550851.cream02.iihe.ac.be
[1;34mCommand:[0;m qsub -q localgrid@cream02 -o ../out_err/QBH_8000.stdout -e ../out_err/QBH_8000.stderr -l walltime=07:00:00    ../Jobs_to_submit/QBH_8000.sh
44550852.cream02.iihe.ac.be
[1;34mCommand:[0;m qsub -q localgrid@cream02 -o ../out_err/QBH_9000.stdout -e ../out_err/QBH_9000.stderr -l walltime=07:00:00    ../Jobs_to_submit/QBH_9000.sh
44550853.cream02.iihe.ac.be
[1;34mCommand:[0;m qsub -q localgrid@cream02 -o ../out_err/RPV_l001_1000.stdout -e ../out_err/RPV_l001_1000.stderr -l walltime=07:00:00    ../Jobs_to_submit/RPV_l001_1000.sh
44550854.cream02.iihe.ac.be
[1;34mCommand:[0;m qsub -q localgrid@cream02 -o ../out_err/RPV_l001_1200.stdout -e ../out_err/RPV_l001_1200.stderr -l walltime=07:00:00    ../Jobs_to_submit/RPV_l001_1200.sh
44550855.cream02.iihe.ac.be
[1;34mCommand:[0;m qsub -q localgrid@cream02 -o ../out_err/RPV_l001_1400.stdout -e ../out_err/RPV_l001_1400.stderr -l walltime=07:00:00    ../Jobs_to_submit/RPV_l001_1400.sh
44550857.cream02.iihe.ac.be
[1;34mCommand:[0;m qsub -q localgrid@cream02 -o ../out_err/RPV_l001_1600.stdout -e ../out_err/RPV_l001_1600.stderr -l walltime=07:00:00    ../Jobs_to_submit/RPV_l001_1600.sh
44550858.cream02.iihe.ac.be
[1;34mCommand:[0;m qsub -q localgrid@cream02 -o ../out_err/RPV_l001_1800.stdout -e ../out_err/RPV_l001_1800.stderr -l walltime=07:00:00    ../Jobs_to_submit/RPV_l001_1800.sh
44550859.cream02.iihe.ac.be
[1;34mCommand:[0;m qsub -q localgrid@cream02 -o ../out_err/RPV_l001_200.stdout -e ../out_err/RPV_l001_200.stderr -l walltime=07:00:00    ../Jobs_to_submit/RPV_l001_200.sh
44550860.cream02.iihe.ac.be
[1;34mCommand:[0;m qsub -q localgrid@cream02 -o ../out_err/RPV_l001_2000.stdout -e ../out_err/RPV_l001_2000.stderr -l walltime=07:00:00    ../Jobs_to_submit/RPV_l001_2000.sh
44550861.cream02.iihe.ac.be
[1;34mCommand:[0;m qsub -q localgrid@cream02 -o ../out_err/RPV_l001_2500.stdout -e ../out_err/RPV_l001_2500.stderr -l walltime=07:00:00    ../Jobs_to_submit/RPV_l001_2500.sh
44550862.cream02.iihe.ac.be
[1;34mCommand:[0;m qsub -q localgrid@cream02 -o ../out_err/RPV_l001_300.stdout -e ../out_err/RPV_l001_300.stderr -l walltime=07:00:00    ../Jobs_to_submit/RPV_l001_300.sh
44550863.cream02.iihe.ac.be
[1;34mCommand:[0;m qsub -q localgrid@cream02 -o ../out_err/RPV_l001_3000.stdout -e ../out_err/RPV_l001_3000.stderr -l walltime=07:00:00    ../Jobs_to_submit/RPV_l001_3000.sh
44550864.cream02.iihe.ac.be
[1;34mCommand:[0;m qsub -q localgrid@cream02 -o ../out_err/RPV_l001_3500.stdout -e ../out_err/RPV_l001_3500.stderr -l walltime=07:00:00    ../Jobs_to_submit/RPV_l001_3500.sh
44550865.cream02.iihe.ac.be
[1;34mCommand:[0;m qsub -q localgrid@cream02 -o ../out_err/RPV_l001_400.stdout -e ../out_err/RPV_l001_400.stderr -l walltime=07:00:00    ../Jobs_to_submit/RPV_l001_400.sh
44550866.cream02.iihe.ac.be
[1;34mCommand:[0;m qsub -q localgrid@cream02 -o ../out_err/RPV_l001_4000.stdout -e ../out_err/RPV_l001_4000.stderr -l walltime=07:00:00    ../Jobs_to_submit/RPV_l001_4000.sh
44550867.cream02.iihe.ac.be
[1;34mCommand:[0;m qsub -q localgrid@cream02 -o ../out_err/RPV_l001_4500.stdout -e ../out_err/RPV_l001_4500.stderr -l walltime=07:00:00    ../Jobs_to_submit/RPV_l001_4500.sh
44550868.cream02.iihe.ac.be
[1;34mCommand:[0;m qsub -q localgrid@cream02 -o ../out_err/RPV_l001_500.stdout -e ../out_err/RPV_l001_500.stderr -l walltime=07:00:00    ../Jobs_to_submit/RPV_l001_500.sh
44550869.cream02.iihe.ac.be
[1;34mCommand:[0;m qsub -q localgrid@cream02 -o ../out_err/RPV_l001_5000.stdout -e ../out_err/RPV_l001_5000.stderr -l walltime=07:00:00    ../Jobs_to_submit/RPV_l001_5000.sh
44550870.cream02.iihe.ac.be
[1;34mCommand:[0;m qsub -q localgrid@cream02 -o ../out_err/RPV_l001_5500.stdout -e ../out_err/RPV_l001_5500.stderr -l walltime=07:00:00    ../Jobs_to_submit/RPV_l001_5500.sh
44550871.cream02.iihe.ac.be
[1;34mCommand:[0;m qsub -q localgrid@cream02 -o ../out_err/RPV_l001_600.stdout -e ../out_err/RPV_l001_600.stderr -l walltime=07:00:00    ../Jobs_to_submit/RPV_l001_600.sh
44550872.cream02.iihe.ac.be
[1;34mCommand:[0;m qsub -q localgrid@cream02 -o ../out_err/RPV_l001_6500.stdout -e ../out_err/RPV_l001_6500.stderr -l walltime=07:00:00    ../Jobs_to_submit/RPV_l001_6500.sh
44550873.cream02.iihe.ac.be
[1;34mCommand:[0;m qsub -q localgrid@cream02 -o ../out_err/RPV_l001_700.stdout -e ../out_err/RPV_l001_700.stderr -l walltime=07:00:00    ../Jobs_to_submit/RPV_l001_700.sh
44550874.cream02.iihe.ac.be
[1;34mCommand:[0;m qsub -q localgrid@cream02 -o ../out_err/RPV_l001_800.stdout -e ../out_err/RPV_l001_800.stderr -l walltime=07:00:00    ../Jobs_to_submit/RPV_l001_800.sh
44550875.cream02.iihe.ac.be
[1;34mCommand:[0;m qsub -q localgrid@cream02 -o ../out_err/RPV_l001_900.stdout -e ../out_err/RPV_l001_900.stderr -l walltime=07:00:00    ../Jobs_to_submit/RPV_l001_900.sh
44550876.cream02.iihe.ac.be
[1;34mCommand:[0;m qsub -q localgrid@cream02 -o ../out_err/RPV_l01_3000.stdout -e ../out_err/RPV_l01_3000.stderr -l walltime=07:00:00    ../Jobs_to_submit/RPV_l01_3000.sh
44550877.cream02.iihe.ac.be
[1;34mCommand:[0;m qsub -q localgrid@cream02 -o ../out_err/RPV_l01_3500.stdout -e ../out_err/RPV_l01_3500.stderr -l walltime=07:00:00    ../Jobs_to_submit/RPV_l01_3500.sh
44550878.cream02.iihe.ac.be
[1;34mCommand:[0;m qsub -q localgrid@cream02 -o ../out_err/RPV_l01_4000.stdout -e ../out_err/RPV_l01_4000.stderr -l walltime=07:00:00    ../Jobs_to_submit/RPV_l01_4000.sh
44550879.cream02.iihe.ac.be
[1;34mCommand:[0;m qsub -q localgrid@cream02 -o ../out_err/RPV_l02_4000.stdout -e ../out_err/RPV_l02_4000.stderr -l walltime=07:00:00    ../Jobs_to_submit/RPV_l02_4000.sh
44550880.cream02.iihe.ac.be
[1;34mCommand:[0;m qsub -q localgrid@cream02 -o ../out_err/RPV_l02_4500.stdout -e ../out_err/RPV_l02_4500.stderr -l walltime=07:00:00    ../Jobs_to_submit/RPV_l02_4500.sh
44550881.cream02.iihe.ac.be
[1;34mCommand:[0;m qsub -q localgrid@cream02 -o ../out_err/RPV_l02_5000.stdout -e ../out_err/RPV_l02_5000.stderr -l walltime=07:00:00    ../Jobs_to_submit/RPV_l02_5000.sh
44550882.cream02.iihe.ac.be
[1;34mCommand:[0;m qsub -q localgrid@cream02 -o ../out_err/RPV_l02_5500.stdout -e ../out_err/RPV_l02_5500.stderr -l walltime=07:00:00    ../Jobs_to_submit/RPV_l02_5500.sh
44550883.cream02.iihe.ac.be
[1;34mCommand:[0;m qsub -q localgrid@cream02 -o ../out_err/RPV_l02_6000.stdout -e ../out_err/RPV_l02_6000.stderr -l walltime=07:00:00    ../Jobs_to_submit/RPV_l02_6000.sh
44550884.cream02.iihe.ac.be
[1;34mCommand:[0;m qsub -q localgrid@cream02 -o ../out_err/RPV_l02_6500.stdout -e ../out_err/RPV_l02_6500.stderr -l walltime=07:00:00    ../Jobs_to_submit/RPV_l02_6500.sh
44550885.cream02.iihe.ac.be
[1;34mCommand:[0;m qsub -q localgrid@cream02 -o ../out_err/RPV_l05_4000.stdout -e ../out_err/RPV_l05_4000.stderr -l walltime=07:00:00    ../Jobs_to_submit/RPV_l05_4000.sh
44550886.cream02.iihe.ac.be
[1;34mCommand:[0;m qsub -q localgrid@cream02 -o ../out_err/RPV_l05_5500.stdout -e ../out_err/RPV_l05_5500.stderr -l walltime=07:00:00    ../Jobs_to_submit/RPV_l05_5500.sh
44550887.cream02.iihe.ac.be
[1;34mCommand:[0;m qsub -q localgrid@cream02 -o ../out_err/RPV_l05_6000.stdout -e ../out_err/RPV_l05_6000.stderr -l walltime=07:00:00    ../Jobs_to_submit/RPV_l05_6000.sh
44550888.cream02.iihe.ac.be
[1;34mCommand:[0;m qsub -q localgrid@cream02 -o ../out_err/RPV_l05_6500.stdout -e ../out_err/RPV_l05_6500.stderr -l walltime=07:00:00    ../Jobs_to_submit/RPV_l05_6500.sh
44550889.cream02.iihe.ac.be
[1;34mCommand:[0;m qsub -q localgrid@cream02 -o ../out_err/ZPrime_1000.stdout -e ../out_err/ZPrime_1000.stderr -l walltime=07:00:00    ../Jobs_to_submit/ZPrime_1000.sh
44550890.cream02.iihe.ac.be
[1;34mCommand:[0;m qsub -q localgrid@cream02 -o ../out_err/test1ZPrime_1000.stdout -e ../out_err/test1ZPrime_1000.stderr -l walltime=07:00:00    ../Jobs_to_submit/test1ZPrime_1000.sh
44550891.cream02.iihe.ac.be
[1;34mCommand:[0;m qsub -q localgrid@cream02 -o ../out_err/ZPrime_1100.stdout -e ../out_err/ZPrime_1100.stderr -l walltime=07:00:00    ../Jobs_to_submit/ZPrime_1100.sh
44550894.cream02.iihe.ac.be
[1;34mCommand:[0;m qsub -q localgrid@cream02 -o ../out_err/test1ZPrime_1100.stdout -e ../out_err/test1ZPrime_1100.stderr -l walltime=07:00:00    ../Jobs_to_submit/test1ZPrime_1100.sh
44550897.cream02.iihe.ac.be
[1;34mCommand:[0;m qsub -q localgrid@cream02 -o ../out_err/test2ZPrime_1100.stdout -e ../out_err/test2ZPrime_1100.stderr -l walltime=07:00:00    ../Jobs_to_submit/test2ZPrime_1100.sh
44550900.cream02.iihe.ac.be
[1;34mCommand:[0;m qsub -q localgrid@cream02 -o ../out_err/test3ZPrime_1100.stdout -e ../out_err/test3ZPrime_1100.stderr -l walltime=07:00:00    ../Jobs_to_submit/test3ZPrime_1100.sh
44550902.cream02.iihe.ac.be
[1;34mCommand:[0;m qsub -q localgrid@cream02 -o ../out_err/test4ZPrime_1100.stdout -e ../out_err/test4ZPrime_1100.stderr -l walltime=07:00:00    ../Jobs_to_submit/test4ZPrime_1100.sh
qsub: Invalid credential
[1;34mCommand:[0;m qsub -q localgrid@cream02 -o ../out_err/ZPrime_1200.stdout -e ../out_err/ZPrime_1200.stderr -l walltime=07:00:00    ../Jobs_to_submit/ZPrime_1200.sh
qsub: Invalid credential
[1;34mCommand:[0;m qsub -q localgrid@cream02 -o ../out_err/test1ZPrime_1200.stdout -e ../out_err/test1ZPrime_1200.stderr -l walltime=07:00:00    ../Jobs_to_submit/test1ZPrime_1200.sh
44550906.cream02.iihe.ac.be
[1;34mCommand:[0;m qsub -q localgrid@cream02 -o ../out_err/ZPrime_1300.stdout -e ../out_err/ZPrime_1300.stderr -l walltime=07:00:00    ../Jobs_to_submit/ZPrime_1300.sh
44550909.cream02.iihe.ac.be
[1;34mCommand:[0;m qsub -q localgrid@cream02 -o ../out_err/test1ZPrime_1300.stdout -e ../out_err/test1ZPrime_1300.stderr -l walltime=07:00:00    ../Jobs_to_submit/test1ZPrime_1300.sh
44550912.cream02.iihe.ac.be
[1;34mCommand:[0;m qsub -q localgrid@cream02 -o ../out_err/test2ZPrime_1300.stdout -e ../out_err/test2ZPrime_1300.stderr -l walltime=07:00:00    ../Jobs_to_submit/test2ZPrime_1300.sh
44550915.cream02.iihe.ac.be
[1;34mCommand:[0;m qsub -q localgrid@cream02 -o ../out_err/test3ZPrime_1300.stdout -e ../out_err/test3ZPrime_1300.stderr -l walltime=07:00:00    ../Jobs_to_submit/test3ZPrime_1300.sh
44550918.cream02.iihe.ac.be
[1;34mCommand:[0;m qsub -q localgrid@cream02 -o ../out_err/ZPrime_1400.stdout -e ../out_err/ZPrime_1400.stderr -l walltime=07:00:00    ../Jobs_to_submit/ZPrime_1400.sh
44550921.cream02.iihe.ac.be
[1;34mCommand:[0;m qsub -q localgrid@cream02 -o ../out_err/test1ZPrime_1400.stdout -e ../out_err/test1ZPrime_1400.stderr -l walltime=07:00:00    ../Jobs_to_submit/test1ZPrime_1400.sh
44550924.cream02.iihe.ac.be
[1;34mCommand:[0;m qsub -q localgrid@cream02 -o ../out_err/test2ZPrime_1400.stdout -e ../out_err/test2ZPrime_1400.stderr -l walltime=07:00:00    ../Jobs_to_submit/test2ZPrime_1400.sh
qsub: Invalid credential
[1;34mCommand:[0;m qsub -q localgrid@cream02 -o ../out_err/test3ZPrime_1400.stdout -e ../out_err/test3ZPrime_1400.stderr -l walltime=07:00:00    ../Jobs_to_submit/test3ZPrime_1400.sh
44550928.cream02.iihe.ac.be
[1;34mCommand:[0;m qsub -q localgrid@cream02 -o ../out_err/ZPrime_1500.stdout -e ../out_err/ZPrime_1500.stderr -l walltime=07:00:00    ../Jobs_to_submit/ZPrime_1500.sh
qsub: Invalid credential
[1;34mCommand:[0;m qsub -q localgrid@cream02 -o ../out_err/test1ZPrime_1500.stdout -e ../out_err/test1ZPrime_1500.stderr -l walltime=07:00:00    ../Jobs_to_submit/test1ZPrime_1500.sh
44550931.cream02.iihe.ac.be
[1;34mCommand:[0;m qsub -q localgrid@cream02 -o ../out_err/test2ZPrime_1500.stdout -e ../out_err/test2ZPrime_1500.stderr -l walltime=07:00:00    ../Jobs_to_submit/test2ZPrime_1500.sh
44550932.cream02.iihe.ac.be
[1;34mCommand:[0;m qsub -q localgrid@cream02 -o ../out_err/test3ZPrime_1500.stdout -e ../out_err/test3ZPrime_1500.stderr -l walltime=07:00:00    ../Jobs_to_submit/test3ZPrime_1500.sh
44550933.cream02.iihe.ac.be
[1;34mCommand:[0;m qsub -q localgrid@cream02 -o ../out_err/test4ZPrime_1500.stdout -e ../out_err/test4ZPrime_1500.stderr -l walltime=07:00:00    ../Jobs_to_submit/test4ZPrime_1500.sh
44550934.cream02.iihe.ac.be
[1;34mCommand:[0;m qsub -q localgrid@cream02 -o ../out_err/ZPrime_1600.stdout -e ../out_err/ZPrime_1600.stderr -l walltime=07:00:00    ../Jobs_to_submit/ZPrime_1600.sh
44550935.cream02.iihe.ac.be
[1;34mCommand:[0;m qsub -q localgrid@cream02 -o ../out_err/test1ZPrime_1600.stdout -e ../out_err/test1ZPrime_1600.stderr -l walltime=07:00:00    ../Jobs_to_submit/test1ZPrime_1600.sh
44550936.cream02.iihe.ac.be
[1;34mCommand:[0;m qsub -q localgrid@cream02 -o ../out_err/test2ZPrime_1600.stdout -e ../out_err/test2ZPrime_1600.stderr -l walltime=07:00:00    ../Jobs_to_submit/test2ZPrime_1600.sh
44550937.cream02.iihe.ac.be
[1;34mCommand:[0;m qsub -q localgrid@cream02 -o ../out_err/test3ZPrime_1600.stdout -e ../out_err/test3ZPrime_1600.stderr -l walltime=07:00:00    ../Jobs_to_submit/test3ZPrime_1600.sh
44550938.cream02.iihe.ac.be
[1;34mCommand:[0;m qsub -q localgrid@cream02 -o ../out_err/test4ZPrime_1600.stdout -e ../out_err/test4ZPrime_1600.stderr -l walltime=07:00:00    ../Jobs_to_submit/test4ZPrime_1600.sh
44550939.cream02.iihe.ac.be
[1;34mCommand:[0;m qsub -q localgrid@cream02 -o ../out_err/ZPrime_1700.stdout -e ../out_err/ZPrime_1700.stderr -l walltime=07:00:00    ../Jobs_to_submit/ZPrime_1700.sh
44550940.cream02.iihe.ac.be
[1;34mCommand:[0;m qsub -q localgrid@cream02 -o ../out_err/test1ZPrime_1700.stdout -e ../out_err/test1ZPrime_1700.stderr -l walltime=07:00:00    ../Jobs_to_submit/test1ZPrime_1700.sh
44550941.cream02.iihe.ac.be
[1;34mCommand:[0;m qsub -q localgrid@cream02 -o ../out_err/test2ZPrime_1700.stdout -e ../out_err/test2ZPrime_1700.stderr -l walltime=07:00:00    ../Jobs_to_submit/test2ZPrime_1700.sh
44550942.cream02.iihe.ac.be
[1;34mCommand:[0;m qsub -q localgrid@cream02 -o ../out_err/test3ZPrime_1700.stdout -e ../out_err/test3ZPrime_1700.stderr -l walltime=07:00:00    ../Jobs_to_submit/test3ZPrime_1700.sh
44550943.cream02.iihe.ac.be
[1;34mCommand:[0;m qsub -q localgrid@cream02 -o ../out_err/test4ZPrime_1700.stdout -e ../out_err/test4ZPrime_1700.stderr -l walltime=07:00:00    ../Jobs_to_submit/test4ZPrime_1700.sh
44550944.cream02.iihe.ac.be
[1;34mCommand:[0;m qsub -q localgrid@cream02 -o ../out_err/test5ZPrime_1700.stdout -e ../out_err/test5ZPrime_1700.stderr -l walltime=07:00:00    ../Jobs_to_submit/test5ZPrime_1700.sh
44550945.cream02.iihe.ac.be
[1;34mCommand:[0;m qsub -q localgrid@cream02 -o ../out_err/ZPrime_1800.stdout -e ../out_err/ZPrime_1800.stderr -l walltime=07:00:00    ../Jobs_to_submit/ZPrime_1800.sh
44550946.cream02.iihe.ac.be
[1;34mCommand:[0;m qsub -q localgrid@cream02 -o ../out_err/test1ZPrime_1800.stdout -e ../out_err/test1ZPrime_1800.stderr -l walltime=07:00:00    ../Jobs_to_submit/test1ZPrime_1800.sh
44550947.cream02.iihe.ac.be
[1;34mCommand:[0;m qsub -q localgrid@cream02 -o ../out_err/test2ZPrime_1800.stdout -e ../out_err/test2ZPrime_1800.stderr -l walltime=07:00:00    ../Jobs_to_submit/test2ZPrime_1800.sh
44550948.cream02.iihe.ac.be
[1;34mCommand:[0;m qsub -q localgrid@cream02 -o ../out_err/ZPrime_1900.stdout -e ../out_err/ZPrime_1900.stderr -l walltime=07:00:00    ../Jobs_to_submit/ZPrime_1900.sh
44550949.cream02.iihe.ac.be
[1;34mCommand:[0;m qsub -q localgrid@cream02 -o ../out_err/test1ZPrime_1900.stdout -e ../out_err/test1ZPrime_1900.stderr -l walltime=07:00:00    ../Jobs_to_submit/test1ZPrime_1900.sh
44550950.cream02.iihe.ac.be
[1;34mCommand:[0;m qsub -q localgrid@cream02 -o ../out_err/test2ZPrime_1900.stdout -e ../out_err/test2ZPrime_1900.stderr -l walltime=07:00:00    ../Jobs_to_submit/test2ZPrime_1900.sh
44550951.cream02.iihe.ac.be
[1;34mCommand:[0;m qsub -q localgrid@cream02 -o ../out_err/test3ZPrime_1900.stdout -e ../out_err/test3ZPrime_1900.stderr -l walltime=07:00:00    ../Jobs_to_submit/test3ZPrime_1900.sh
44550952.cream02.iihe.ac.be
[1;34mCommand:[0;m qsub -q localgrid@cream02 -o ../out_err/ZPrime_2000.stdout -e ../out_err/ZPrime_2000.stderr -l walltime=07:00:00    ../Jobs_to_submit/ZPrime_2000.sh
44550953.cream02.iihe.ac.be
[1;34mCommand:[0;m qsub -q localgrid@cream02 -o ../out_err/test1ZPrime_2000.stdout -e ../out_err/test1ZPrime_2000.stderr -l walltime=07:00:00    ../Jobs_to_submit/test1ZPrime_2000.sh
44550954.cream02.iihe.ac.be
[1;34mCommand:[0;m qsub -q localgrid@cream02 -o ../out_err/test2ZPrime_2000.stdout -e ../out_err/test2ZPrime_2000.stderr -l walltime=07:00:00    ../Jobs_to_submit/test2ZPrime_2000.sh
44550955.cream02.iihe.ac.be
[1;34mCommand:[0;m qsub -q localgrid@cream02 -o ../out_err/ZPrime_2200.stdout -e ../out_err/ZPrime_2200.stderr -l walltime=07:00:00    ../Jobs_to_submit/ZPrime_2200.sh
44550956.cream02.iihe.ac.be
[1;34mCommand:[0;m qsub -q localgrid@cream02 -o ../out_err/test1ZPrime_2200.stdout -e ../out_err/test1ZPrime_2200.stderr -l walltime=07:00:00    ../Jobs_to_submit/test1ZPrime_2200.sh
44550957.cream02.iihe.ac.be
[1;34mCommand:[0;m qsub -q localgrid@cream02 -o ../out_err/test2ZPrime_2200.stdout -e ../out_err/test2ZPrime_2200.stderr -l walltime=07:00:00    ../Jobs_to_submit/test2ZPrime_2200.sh
44550958.cream02.iihe.ac.be
[1;34mCommand:[0;m qsub -q localgrid@cream02 -o ../out_err/test3ZPrime_2200.stdout -e ../out_err/test3ZPrime_2200.stderr -l walltime=07:00:00    ../Jobs_to_submit/test3ZPrime_2200.sh
44550959.cream02.iihe.ac.be
[1;34mCommand:[0;m qsub -q localgrid@cream02 -o ../out_err/test4ZPrime_2200.stdout -e ../out_err/test4ZPrime_2200.stderr -l walltime=07:00:00    ../Jobs_to_submit/test4ZPrime_2200.sh
44550960.cream02.iihe.ac.be
[1;34mCommand:[0;m qsub -q localgrid@cream02 -o ../out_err/ZPrime_2400.stdout -e ../out_err/ZPrime_2400.stderr -l walltime=07:00:00    ../Jobs_to_submit/ZPrime_2400.sh
44550961.cream02.iihe.ac.be
[1;34mCommand:[0;m qsub -q localgrid@cream02 -o ../out_err/test1ZPrime_2400.stdout -e ../out_err/test1ZPrime_2400.stderr -l walltime=07:00:00    ../Jobs_to_submit/test1ZPrime_2400.sh
44550962.cream02.iihe.ac.be
[1;34mCommand:[0;m qsub -q localgrid@cream02 -o ../out_err/test2ZPrime_2400.stdout -e ../out_err/test2ZPrime_2400.stderr -l walltime=07:00:00    ../Jobs_to_submit/test2ZPrime_2400.sh
44550963.cream02.iihe.ac.be
[1;34mCommand:[0;m qsub -q localgrid@cream02 -o ../out_err/test3ZPrime_2400.stdout -e ../out_err/test3ZPrime_2400.stderr -l walltime=07:00:00    ../Jobs_to_submit/test3ZPrime_2400.sh
44550964.cream02.iihe.ac.be
[1;34mCommand:[0;m qsub -q localgrid@cream02 -o ../out_err/ZPrime_2600.stdout -e ../out_err/ZPrime_2600.stderr -l walltime=07:00:00    ../Jobs_to_submit/ZPrime_2600.sh
44550965.cream02.iihe.ac.be
[1;34mCommand:[0;m qsub -q localgrid@cream02 -o ../out_err/test1ZPrime_2600.stdout -e ../out_err/test1ZPrime_2600.stderr -l walltime=07:00:00    ../Jobs_to_submit/test1ZPrime_2600.sh
44550966.cream02.iihe.ac.be
[1;34mCommand:[0;m qsub -q localgrid@cream02 -o ../out_err/test2ZPrime_2600.stdout -e ../out_err/test2ZPrime_2600.stderr -l walltime=07:00:00    ../Jobs_to_submit/test2ZPrime_2600.sh
44550967.cream02.iihe.ac.be
[1;34mCommand:[0;m qsub -q localgrid@cream02 -o ../out_err/test3ZPrime_2600.stdout -e ../out_err/test3ZPrime_2600.stderr -l walltime=07:00:00    ../Jobs_to_submit/test3ZPrime_2600.sh
44550968.cream02.iihe.ac.be
[1;34mCommand:[0;m qsub -q localgrid@cream02 -o ../out_err/ZPrime_2800.stdout -e ../out_err/ZPrime_2800.stderr -l walltime=07:00:00    ../Jobs_to_submit/ZPrime_2800.sh
44550969.cream02.iihe.ac.be
[1;34mCommand:[0;m qsub -q localgrid@cream02 -o ../out_err/test1ZPrime_2800.stdout -e ../out_err/test1ZPrime_2800.stderr -l walltime=07:00:00    ../Jobs_to_submit/test1ZPrime_2800.sh
44550970.cream02.iihe.ac.be
[1;34mCommand:[0;m qsub -q localgrid@cream02 -o ../out_err/test2ZPrime_2800.stdout -e ../out_err/test2ZPrime_2800.stderr -l walltime=07:00:00    ../Jobs_to_submit/test2ZPrime_2800.sh
44550971.cream02.iihe.ac.be
[1;34mCommand:[0;m qsub -q localgrid@cream02 -o ../out_err/test3ZPrime_2800.stdout -e ../out_err/test3ZPrime_2800.stderr -l walltime=07:00:00    ../Jobs_to_submit/test3ZPrime_2800.sh
44550972.cream02.iihe.ac.be
[1;34mCommand:[0;m qsub -q localgrid@cream02 -o ../out_err/test4ZPrime_2800.stdout -e ../out_err/test4ZPrime_2800.stderr -l walltime=07:00:00    ../Jobs_to_submit/test4ZPrime_2800.sh
44550973.cream02.iihe.ac.be
[1;34mCommand:[0;m qsub -q localgrid@cream02 -o ../out_err/test5ZPrime_2800.stdout -e ../out_err/test5ZPrime_2800.stderr -l walltime=07:00:00    ../Jobs_to_submit/test5ZPrime_2800.sh
44550974.cream02.iihe.ac.be
[1;34mCommand:[0;m qsub -q localgrid@cream02 -o ../out_err/test6ZPrime_2800.stdout -e ../out_err/test6ZPrime_2800.stderr -l walltime=07:00:00    ../Jobs_to_submit/test6ZPrime_2800.sh
44550975.cream02.iihe.ac.be
[1;34mCommand:[0;m qsub -q localgrid@cream02 -o ../out_err/ZPrime_3000.stdout -e ../out_err/ZPrime_3000.stderr -l walltime=07:00:00    ../Jobs_to_submit/ZPrime_3000.sh
44550976.cream02.iihe.ac.be
[1;34mCommand:[0;m qsub -q localgrid@cream02 -o ../out_err/test1ZPrime_3000.stdout -e ../out_err/test1ZPrime_3000.stderr -l walltime=07:00:00    ../Jobs_to_submit/test1ZPrime_3000.sh
44550977.cream02.iihe.ac.be
[1;34mCommand:[0;m qsub -q localgrid@cream02 -o ../out_err/test2ZPrime_3000.stdout -e ../out_err/test2ZPrime_3000.stderr -l walltime=07:00:00    ../Jobs_to_submit/test2ZPrime_3000.sh
44550978.cream02.iihe.ac.be
[1;34mCommand:[0;m qsub -q localgrid@cream02 -o ../out_err/test3ZPrime_3000.stdout -e ../out_err/test3ZPrime_3000.stderr -l walltime=07:00:00    ../Jobs_to_submit/test3ZPrime_3000.sh
44550979.cream02.iihe.ac.be
[1;34mCommand:[0;m qsub -q localgrid@cream02 -o ../out_err/test4ZPrime_3000.stdout -e ../out_err/test4ZPrime_3000.stderr -l walltime=07:00:00    ../Jobs_to_submit/test4ZPrime_3000.sh
44550980.cream02.iihe.ac.be
[1;34mCommand:[0;m qsub -q localgrid@cream02 -o ../out_err/ZPrime_3500.stdout -e ../out_err/ZPrime_3500.stderr -l walltime=07:00:00    ../Jobs_to_submit/ZPrime_3500.sh
44550981.cream02.iihe.ac.be
[1;34mCommand:[0;m qsub -q localgrid@cream02 -o ../out_err/test1ZPrime_3500.stdout -e ../out_err/test1ZPrime_3500.stderr -l walltime=07:00:00    ../Jobs_to_submit/test1ZPrime_3500.sh
44550982.cream02.iihe.ac.be
[1;34mCommand:[0;m qsub -q localgrid@cream02 -o ../out_err/test2ZPrime_3500.stdout -e ../out_err/test2ZPrime_3500.stderr -l walltime=07:00:00    ../Jobs_to_submit/test2ZPrime_3500.sh
44550983.cream02.iihe.ac.be
[1;34mCommand:[0;m qsub -q localgrid@cream02 -o ../out_err/test3ZPrime_3500.stdout -e ../out_err/test3ZPrime_3500.stderr -l walltime=07:00:00    ../Jobs_to_submit/test3ZPrime_3500.sh
44550984.cream02.iihe.ac.be
[1;34mCommand:[0;m qsub -q localgrid@cream02 -o ../out_err/ZPrime_4000.stdout -e ../out_err/ZPrime_4000.stderr -l walltime=07:00:00    ../Jobs_to_submit/ZPrime_4000.sh
44550985.cream02.iihe.ac.be
[1;34mCommand:[0;m qsub -q localgrid@cream02 -o ../out_err/test1ZPrime_4000.stdout -e ../out_err/test1ZPrime_4000.stderr -l walltime=07:00:00    ../Jobs_to_submit/test1ZPrime_4000.sh
44550986.cream02.iihe.ac.be
[1;34mCommand:[0;m qsub -q localgrid@cream02 -o ../out_err/test2ZPrime_4000.stdout -e ../out_err/test2ZPrime_4000.stderr -l walltime=07:00:00    ../Jobs_to_submit/test2ZPrime_4000.sh
44550987.cream02.iihe.ac.be
[1;34mCommand:[0;m qsub -q localgrid@cream02 -o ../out_err/test3ZPrime_4000.stdout -e ../out_err/test3ZPrime_4000.stderr -l walltime=07:00:00    ../Jobs_to_submit/test3ZPrime_4000.sh
44550988.cream02.iihe.ac.be
[1;34mCommand:[0;m qsub -q localgrid@cream02 -o ../out_err/ZPrime_4500.stdout -e ../out_err/ZPrime_4500.stderr -l walltime=07:00:00    ../Jobs_to_submit/ZPrime_4500.sh
44550989.cream02.iihe.ac.be
[1;34mCommand:[0;m qsub -q localgrid@cream02 -o ../out_err/test1ZPrime_4500.stdout -e ../out_err/test1ZPrime_4500.stderr -l walltime=07:00:00    ../Jobs_to_submit/test1ZPrime_4500.sh
44550990.cream02.iihe.ac.be
[1;34mCommand:[0;m qsub -q localgrid@cream02 -o ../out_err/test2ZPrime_4500.stdout -e ../out_err/test2ZPrime_4500.stderr -l walltime=07:00:00    ../Jobs_to_submit/test2ZPrime_4500.sh
44550991.cream02.iihe.ac.be
[1;34mCommand:[0;m qsub -q localgrid@cream02 -o ../out_err/test3ZPrime_4500.stdout -e ../out_err/test3ZPrime_4500.stderr -l walltime=07:00:00    ../Jobs_to_submit/test3ZPrime_4500.sh
44550992.cream02.iihe.ac.be
[1;34mCommand:[0;m qsub -q localgrid@cream02 -o ../out_err/ZPrime_500.stdout -e ../out_err/ZPrime_500.stderr -l walltime=07:00:00    ../Jobs_to_submit/ZPrime_500.sh
44550993.cream02.iihe.ac.be
[1;34mCommand:[0;m qsub -q localgrid@cream02 -o ../out_err/test1ZPrime_500.stdout -e ../out_err/test1ZPrime_500.stderr -l walltime=07:00:00    ../Jobs_to_submit/test1ZPrime_500.sh
44550994.cream02.iihe.ac.be
[1;34mCommand:[0;m qsub -q localgrid@cream02 -o ../out_err/test2ZPrime_500.stdout -e ../out_err/test2ZPrime_500.stderr -l walltime=07:00:00    ../Jobs_to_submit/test2ZPrime_500.sh
44550995.cream02.iihe.ac.be
[1;34mCommand:[0;m qsub -q localgrid@cream02 -o ../out_err/test3ZPrime_500.stdout -e ../out_err/test3ZPrime_500.stderr -l walltime=07:00:00    ../Jobs_to_submit/test3ZPrime_500.sh
44550996.cream02.iihe.ac.be
[1;34mCommand:[0;m qsub -q localgrid@cream02 -o ../out_err/ZPrime_5000.stdout -e ../out_err/ZPrime_5000.stderr -l walltime=07:00:00    ../Jobs_to_submit/ZPrime_5000.sh
44550997.cream02.iihe.ac.be
[1;34mCommand:[0;m qsub -q localgrid@cream02 -o ../out_err/test1ZPrime_5000.stdout -e ../out_err/test1ZPrime_5000.stderr -l walltime=07:00:00    ../Jobs_to_submit/test1ZPrime_5000.sh
44550998.cream02.iihe.ac.be
[1;34mCommand:[0;m qsub -q localgrid@cream02 -o ../out_err/test2ZPrime_5000.stdout -e ../out_err/test2ZPrime_5000.stderr -l walltime=07:00:00    ../Jobs_to_submit/test2ZPrime_5000.sh
44550999.cream02.iihe.ac.be
[1;34mCommand:[0;m qsub -q localgrid@cream02 -o ../out_err/ZPrime_5500.stdout -e ../out_err/ZPrime_5500.stderr -l walltime=07:00:00    ../Jobs_to_submit/ZPrime_5500.sh
44551000.cream02.iihe.ac.be
[1;34mCommand:[0;m qsub -q localgrid@cream02 -o ../out_err/test1ZPrime_5500.stdout -e ../out_err/test1ZPrime_5500.stderr -l walltime=07:00:00    ../Jobs_to_submit/test1ZPrime_5500.sh
44551001.cream02.iihe.ac.be
[1;34mCommand:[0;m qsub -q localgrid@cream02 -o ../out_err/test2ZPrime_5500.stdout -e ../out_err/test2ZPrime_5500.stderr -l walltime=07:00:00    ../Jobs_to_submit/test2ZPrime_5500.sh
44551002.cream02.iihe.ac.be
[1;34mCommand:[0;m qsub -q localgrid@cream02 -o ../out_err/test3ZPrime_5500.stdout -e ../out_err/test3ZPrime_5500.stderr -l walltime=07:00:00    ../Jobs_to_submit/test3ZPrime_5500.sh
44551003.cream02.iihe.ac.be
[1;34mCommand:[0;m qsub -q localgrid@cream02 -o ../out_err/ZPrime_600.stdout -e ../out_err/ZPrime_600.stderr -l walltime=07:00:00    ../Jobs_to_submit/ZPrime_600.sh
44551004.cream02.iihe.ac.be
[1;34mCommand:[0;m qsub -q localgrid@cream02 -o ../out_err/test1ZPrime_600.stdout -e ../out_err/test1ZPrime_600.stderr -l walltime=07:00:00    ../Jobs_to_submit/test1ZPrime_600.sh
44551005.cream02.iihe.ac.be
[1;34mCommand:[0;m qsub -q localgrid@cream02 -o ../out_err/ZPrime_6000.stdout -e ../out_err/ZPrime_6000.stderr -l walltime=07:00:00    ../Jobs_to_submit/ZPrime_6000.sh
44551006.cream02.iihe.ac.be
[1;34mCommand:[0;m qsub -q localgrid@cream02 -o ../out_err/test1ZPrime_6000.stdout -e ../out_err/test1ZPrime_6000.stderr -l walltime=07:00:00    ../Jobs_to_submit/test1ZPrime_6000.sh
44551007.cream02.iihe.ac.be
[1;34mCommand:[0;m qsub -q localgrid@cream02 -o ../out_err/test2ZPrime_6000.stdout -e ../out_err/test2ZPrime_6000.stderr -l walltime=07:00:00    ../Jobs_to_submit/test2ZPrime_6000.sh
44551008.cream02.iihe.ac.be
[1;34mCommand:[0;m qsub -q localgrid@cream02 -o ../out_err/test3ZPrime_6000.stdout -e ../out_err/test3ZPrime_6000.stderr -l walltime=07:00:00    ../Jobs_to_submit/test3ZPrime_6000.sh
44551009.cream02.iihe.ac.be
[1;34mCommand:[0;m qsub -q localgrid@cream02 -o ../out_err/test4ZPrime_6000.stdout -e ../out_err/test4ZPrime_6000.stderr -l walltime=07:00:00    ../Jobs_to_submit/test4ZPrime_6000.sh
44551010.cream02.iihe.ac.be
[1;34mCommand:[0;m qsub -q localgrid@cream02 -o ../out_err/ZPrime_700.stdout -e ../out_err/ZPrime_700.stderr -l walltime=07:00:00    ../Jobs_to_submit/ZPrime_700.sh
44551011.cream02.iihe.ac.be
[1;34mCommand:[0;m qsub -q localgrid@cream02 -o ../out_err/test1ZPrime_700.stdout -e ../out_err/test1ZPrime_700.stderr -l walltime=07:00:00    ../Jobs_to_submit/test1ZPrime_700.sh
44551012.cream02.iihe.ac.be
[1;34mCommand:[0;m qsub -q localgrid@cream02 -o ../out_err/ZPrime_800.stdout -e ../out_err/ZPrime_800.stderr -l walltime=07:00:00    ../Jobs_to_submit/ZPrime_800.sh
44551013.cream02.iihe.ac.be
[1;34mCommand:[0;m qsub -q localgrid@cream02 -o ../out_err/test1ZPrime_800.stdout -e ../out_err/test1ZPrime_800.stderr -l walltime=07:00:00    ../Jobs_to_submit/test1ZPrime_800.sh
44551014.cream02.iihe.ac.be
[1;34mCommand:[0;m qsub -q localgrid@cream02 -o ../out_err/test2ZPrime_800.stdout -e ../out_err/test2ZPrime_800.stderr -l walltime=07:00:00    ../Jobs_to_submit/test2ZPrime_800.sh
44551015.cream02.iihe.ac.be
[1;34mCommand:[0;m qsub -q localgrid@cream02 -o ../out_err/test3ZPrime_800.stdout -e ../out_err/test3ZPrime_800.stderr -l walltime=07:00:00    ../Jobs_to_submit/test3ZPrime_800.sh
44551016.cream02.iihe.ac.be
[1;34mCommand:[0;m qsub -q localgrid@cream02 -o ../out_err/test4ZPrime_800.stdout -e ../out_err/test4ZPrime_800.stderr -l walltime=07:00:00    ../Jobs_to_submit/test4ZPrime_800.sh
44551017.cream02.iihe.ac.be
[1;34mCommand:[0;m qsub -q localgrid@cream02 -o ../out_err/ZPrime_900.stdout -e ../out_err/ZPrime_900.stderr -l walltime=07:00:00    ../Jobs_to_submit/ZPrime_900.sh
44551018.cream02.iihe.ac.be
[1;34mCommand:[0;m qsub -q localgrid@cream02 -o ../out_err/test1ZPrime_900.stdout -e ../out_err/test1ZPrime_900.stderr -l walltime=07:00:00    ../Jobs_to_submit/test1ZPrime_900.sh
44551019.cream02.iihe.ac.be
[1;34mCommand:[0;m qsub -q localgrid@cream02 -o ../out_err/test2ZPrime_900.stdout -e ../out_err/test2ZPrime_900.stderr -l walltime=07:00:00    ../Jobs_to_submit/test2ZPrime_900.sh
44551020.cream02.iihe.ac.be
[1;34mCommand:[0;m qsub -q localgrid@cream02 -o ../out_err/test3ZPrime_900.stdout -e ../out_err/test3ZPrime_900.stderr -l walltime=07:00:00    ../Jobs_to_submit/test3ZPrime_900.sh
44551021.cream02.iihe.ac.be
[1;33m[WARN] [0;m[13/12 18:07] Sleeping for 60, then retrying errors ...
[1;32m[INFO] [0;m[13/12 18:08] There are 12 jobs on the cluster and 5 left to run,  sending 5 jobs:
[1;34mCommand:[0;m qsub -q localgrid@cream02 -o ../out_err/QBH_1400.stdout -e ../out_err/QBH_1400.stderr -l walltime=07:00:00    ../Jobs_to_submit/QBH_1400.sh
44551023.cream02.iihe.ac.be
[1;34mCommand:[0;m qsub -q localgrid@cream02 -o ../out_err/test4ZPrime_1100.stdout -e ../out_err/test4ZPrime_1100.stderr -l walltime=07:00:00    ../Jobs_to_submit/test4ZPrime_1100.sh
44551024.cream02.iihe.ac.be
[1;34mCommand:[0;m qsub -q localgrid@cream02 -o ../out_err/ZPrime_1200.stdout -e ../out_err/ZPrime_1200.stderr -l walltime=07:00:00    ../Jobs_to_submit/ZPrime_1200.sh
44551025.cream02.iihe.ac.be
[1;34mCommand:[0;m qsub -q localgrid@cream02 -o ../out_err/test2ZPrime_1400.stdout -e ../out_err/test2ZPrime_1400.stderr -l walltime=07:00:00    ../Jobs_to_submit/test2ZPrime_1400.sh
44551026.cream02.iihe.ac.be
[1;34mCommand:[0;m qsub -q localgrid@cream02 -o ../out_err/ZPrime_1500.stdout -e ../out_err/ZPrime_1500.stderr -l walltime=07:00:00    ../Jobs_to_submit/ZPrime_1500.sh
44551027.cream02.iihe.ac.be
[1;32m[INFO] [0;m[13/12 18:08] No errors to retry.
[1;32m[INFO] [0;m[13/12 18:08] There's no more jobs to run, exiting !
