[1;32m[INFO] [0;m[13/12 13:08] There are 0 jobs on the cluster and 176 left to run,  sending 176 jobs:
[1;34mCommand:[0;m qsub -q localgrid@cream02 -o ../out_err/QBH_1000.stdout -e ../out_err/QBH_1000.stderr -l walltime=07:00:00    ../Jobs_to_submit/QBH_1000.sh
44549882.cream02.iihe.ac.be
[1;34mCommand:[0;m qsub -q localgrid@cream02 -o ../out_err/QBH_10000.stdout -e ../out_err/QBH_10000.stderr -l walltime=07:00:00    ../Jobs_to_submit/QBH_10000.sh
44549883.cream02.iihe.ac.be
[1;34mCommand:[0;m qsub -q localgrid@cream02 -o ../out_err/QBH_1200.stdout -e ../out_err/QBH_1200.stderr -l walltime=07:00:00    ../Jobs_to_submit/QBH_1200.sh
44549884.cream02.iihe.ac.be
[1;34mCommand:[0;m qsub -q localgrid@cream02 -o ../out_err/QBH_1400.stdout -e ../out_err/QBH_1400.stderr -l walltime=07:00:00    ../Jobs_to_submit/QBH_1400.sh
44549885.cream02.iihe.ac.be
[1;34mCommand:[0;m qsub -q localgrid@cream02 -o ../out_err/test1QBH_1400.stdout -e ../out_err/test1QBH_1400.stderr -l walltime=07:00:00    ../Jobs_to_submit/test1QBH_1400.sh
44549886.cream02.iihe.ac.be
[1;34mCommand:[0;m qsub -q localgrid@cream02 -o ../out_err/QBH_1600.stdout -e ../out_err/QBH_1600.stderr -l walltime=07:00:00    ../Jobs_to_submit/QBH_1600.sh
44549887.cream02.iihe.ac.be
[1;34mCommand:[0;m qsub -q localgrid@cream02 -o ../out_err/QBH_1800.stdout -e ../out_err/QBH_1800.stderr -l walltime=07:00:00    ../Jobs_to_submit/QBH_1800.sh
44549888.cream02.iihe.ac.be
[1;34mCommand:[0;m qsub -q localgrid@cream02 -o ../out_err/QBH_200.stdout -e ../out_err/QBH_200.stderr -l walltime=07:00:00    ../Jobs_to_submit/QBH_200.sh
44549889.cream02.iihe.ac.be
[1;34mCommand:[0;m qsub -q localgrid@cream02 -o ../out_err/test1QBH_200.stdout -e ../out_err/test1QBH_200.stderr -l walltime=07:00:00    ../Jobs_to_submit/test1QBH_200.sh
44549890.cream02.iihe.ac.be
[1;34mCommand:[0;m qsub -q localgrid@cream02 -o ../out_err/test2QBH_200.stdout -e ../out_err/test2QBH_200.stderr -l walltime=07:00:00    ../Jobs_to_submit/test2QBH_200.sh
44549891.cream02.iihe.ac.be
[1;34mCommand:[0;m qsub -q localgrid@cream02 -o ../out_err/test3QBH_200.stdout -e ../out_err/test3QBH_200.stderr -l walltime=07:00:00    ../Jobs_to_submit/test3QBH_200.sh
44549892.cream02.iihe.ac.be
[1;34mCommand:[0;m qsub -q localgrid@cream02 -o ../out_err/QBH_2000.stdout -e ../out_err/QBH_2000.stderr -l walltime=07:00:00    ../Jobs_to_submit/QBH_2000.sh
44549893.cream02.iihe.ac.be
[1;34mCommand:[0;m qsub -q localgrid@cream02 -o ../out_err/QBH_2500.stdout -e ../out_err/QBH_2500.stderr -l walltime=07:00:00    ../Jobs_to_submit/QBH_2500.sh
44549894.cream02.iihe.ac.be
[1;34mCommand:[0;m qsub -q localgrid@cream02 -o ../out_err/QBH_3000.stdout -e ../out_err/QBH_3000.stderr -l walltime=07:00:00    ../Jobs_to_submit/QBH_3000.sh
44549895.cream02.iihe.ac.be
[1;34mCommand:[0;m qsub -q localgrid@cream02 -o ../out_err/QBH_3500.stdout -e ../out_err/QBH_3500.stderr -l walltime=07:00:00    ../Jobs_to_submit/QBH_3500.sh
44549896.cream02.iihe.ac.be
[1;34mCommand:[0;m qsub -q localgrid@cream02 -o ../out_err/test1QBH_3500.stdout -e ../out_err/test1QBH_3500.stderr -l walltime=07:00:00    ../Jobs_to_submit/test1QBH_3500.sh
44549897.cream02.iihe.ac.be
[1;34mCommand:[0;m qsub -q localgrid@cream02 -o ../out_err/QBH_400.stdout -e ../out_err/QBH_400.stderr -l walltime=07:00:00    ../Jobs_to_submit/QBH_400.sh
44549898.cream02.iihe.ac.be
[1;34mCommand:[0;m qsub -q localgrid@cream02 -o ../out_err/test1QBH_400.stdout -e ../out_err/test1QBH_400.stderr -l walltime=07:00:00    ../Jobs_to_submit/test1QBH_400.sh
44549899.cream02.iihe.ac.be
[1;34mCommand:[0;m qsub -q localgrid@cream02 -o ../out_err/QBH_4000.stdout -e ../out_err/QBH_4000.stderr -l walltime=07:00:00    ../Jobs_to_submit/QBH_4000.sh
44549900.cream02.iihe.ac.be
[1;34mCommand:[0;m qsub -q localgrid@cream02 -o ../out_err/test1QBH_4000.stdout -e ../out_err/test1QBH_4000.stderr -l walltime=07:00:00    ../Jobs_to_submit/test1QBH_4000.sh
44549901.cream02.iihe.ac.be
[1;34mCommand:[0;m qsub -q localgrid@cream02 -o ../out_err/test2QBH_4000.stdout -e ../out_err/test2QBH_4000.stderr -l walltime=07:00:00    ../Jobs_to_submit/test2QBH_4000.sh
44549902.cream02.iihe.ac.be
[1;34mCommand:[0;m qsub -q localgrid@cream02 -o ../out_err/QBH_4500.stdout -e ../out_err/QBH_4500.stderr -l walltime=07:00:00    ../Jobs_to_submit/QBH_4500.sh
44549903.cream02.iihe.ac.be
[1;34mCommand:[0;m qsub -q localgrid@cream02 -o ../out_err/QBH_5000.stdout -e ../out_err/QBH_5000.stderr -l walltime=07:00:00    ../Jobs_to_submit/QBH_5000.sh
44549904.cream02.iihe.ac.be
[1;34mCommand:[0;m qsub -q localgrid@cream02 -o ../out_err/QBH_5500.stdout -e ../out_err/QBH_5500.stderr -l walltime=07:00:00    ../Jobs_to_submit/QBH_5500.sh
44549905.cream02.iihe.ac.be
[1;34mCommand:[0;m qsub -q localgrid@cream02 -o ../out_err/QBH_600.stdout -e ../out_err/QBH_600.stderr -l walltime=07:00:00    ../Jobs_to_submit/QBH_600.sh
44549906.cream02.iihe.ac.be
[1;34mCommand:[0;m qsub -q localgrid@cream02 -o ../out_err/QBH_6000.stdout -e ../out_err/QBH_6000.stderr -l walltime=07:00:00    ../Jobs_to_submit/QBH_6000.sh
44549907.cream02.iihe.ac.be
[1;34mCommand:[0;m qsub -q localgrid@cream02 -o ../out_err/QBH_7000.stdout -e ../out_err/QBH_7000.stderr -l walltime=07:00:00    ../Jobs_to_submit/QBH_7000.sh
44549908.cream02.iihe.ac.be
[1;34mCommand:[0;m qsub -q localgrid@cream02 -o ../out_err/QBH_800.stdout -e ../out_err/QBH_800.stderr -l walltime=07:00:00    ../Jobs_to_submit/QBH_800.sh
44549909.cream02.iihe.ac.be
[1;34mCommand:[0;m qsub -q localgrid@cream02 -o ../out_err/test1QBH_800.stdout -e ../out_err/test1QBH_800.stderr -l walltime=07:00:00    ../Jobs_to_submit/test1QBH_800.sh
44549910.cream02.iihe.ac.be
[1;34mCommand:[0;m qsub -q localgrid@cream02 -o ../out_err/test2QBH_800.stdout -e ../out_err/test2QBH_800.stderr -l walltime=07:00:00    ../Jobs_to_submit/test2QBH_800.sh
44549911.cream02.iihe.ac.be
[1;34mCommand:[0;m qsub -q localgrid@cream02 -o ../out_err/QBH_8000.stdout -e ../out_err/QBH_8000.stderr -l walltime=07:00:00    ../Jobs_to_submit/QBH_8000.sh
44549912.cream02.iihe.ac.be
[1;34mCommand:[0;m qsub -q localgrid@cream02 -o ../out_err/QBH_9000.stdout -e ../out_err/QBH_9000.stderr -l walltime=07:00:00    ../Jobs_to_submit/QBH_9000.sh
44549913.cream02.iihe.ac.be
[1;34mCommand:[0;m qsub -q localgrid@cream02 -o ../out_err/RPV_l001_1000.stdout -e ../out_err/RPV_l001_1000.stderr -l walltime=07:00:00    ../Jobs_to_submit/RPV_l001_1000.sh
44549914.cream02.iihe.ac.be
[1;34mCommand:[0;m qsub -q localgrid@cream02 -o ../out_err/RPV_l001_1200.stdout -e ../out_err/RPV_l001_1200.stderr -l walltime=07:00:00    ../Jobs_to_submit/RPV_l001_1200.sh
44549915.cream02.iihe.ac.be
[1;34mCommand:[0;m qsub -q localgrid@cream02 -o ../out_err/RPV_l001_1400.stdout -e ../out_err/RPV_l001_1400.stderr -l walltime=07:00:00    ../Jobs_to_submit/RPV_l001_1400.sh
44549916.cream02.iihe.ac.be
[1;34mCommand:[0;m qsub -q localgrid@cream02 -o ../out_err/RPV_l001_1600.stdout -e ../out_err/RPV_l001_1600.stderr -l walltime=07:00:00    ../Jobs_to_submit/RPV_l001_1600.sh
44549917.cream02.iihe.ac.be
[1;34mCommand:[0;m qsub -q localgrid@cream02 -o ../out_err/RPV_l001_1800.stdout -e ../out_err/RPV_l001_1800.stderr -l walltime=07:00:00    ../Jobs_to_submit/RPV_l001_1800.sh
44549918.cream02.iihe.ac.be
[1;34mCommand:[0;m qsub -q localgrid@cream02 -o ../out_err/RPV_l001_200.stdout -e ../out_err/RPV_l001_200.stderr -l walltime=07:00:00    ../Jobs_to_submit/RPV_l001_200.sh
44549919.cream02.iihe.ac.be
[1;34mCommand:[0;m qsub -q localgrid@cream02 -o ../out_err/RPV_l001_2000.stdout -e ../out_err/RPV_l001_2000.stderr -l walltime=07:00:00    ../Jobs_to_submit/RPV_l001_2000.sh
44549920.cream02.iihe.ac.be
[1;34mCommand:[0;m qsub -q localgrid@cream02 -o ../out_err/RPV_l001_2500.stdout -e ../out_err/RPV_l001_2500.stderr -l walltime=07:00:00    ../Jobs_to_submit/RPV_l001_2500.sh
44549921.cream02.iihe.ac.be
[1;34mCommand:[0;m qsub -q localgrid@cream02 -o ../out_err/RPV_l001_300.stdout -e ../out_err/RPV_l001_300.stderr -l walltime=07:00:00    ../Jobs_to_submit/RPV_l001_300.sh
44549922.cream02.iihe.ac.be
[1;34mCommand:[0;m qsub -q localgrid@cream02 -o ../out_err/RPV_l001_3000.stdout -e ../out_err/RPV_l001_3000.stderr -l walltime=07:00:00    ../Jobs_to_submit/RPV_l001_3000.sh
44549923.cream02.iihe.ac.be
[1;34mCommand:[0;m qsub -q localgrid@cream02 -o ../out_err/RPV_l001_3500.stdout -e ../out_err/RPV_l001_3500.stderr -l walltime=07:00:00    ../Jobs_to_submit/RPV_l001_3500.sh
44549924.cream02.iihe.ac.be
[1;34mCommand:[0;m qsub -q localgrid@cream02 -o ../out_err/RPV_l001_400.stdout -e ../out_err/RPV_l001_400.stderr -l walltime=07:00:00    ../Jobs_to_submit/RPV_l001_400.sh
44549925.cream02.iihe.ac.be
[1;34mCommand:[0;m qsub -q localgrid@cream02 -o ../out_err/RPV_l001_4000.stdout -e ../out_err/RPV_l001_4000.stderr -l walltime=07:00:00    ../Jobs_to_submit/RPV_l001_4000.sh
44549926.cream02.iihe.ac.be
[1;34mCommand:[0;m qsub -q localgrid@cream02 -o ../out_err/RPV_l001_4500.stdout -e ../out_err/RPV_l001_4500.stderr -l walltime=07:00:00    ../Jobs_to_submit/RPV_l001_4500.sh
44549927.cream02.iihe.ac.be
[1;34mCommand:[0;m qsub -q localgrid@cream02 -o ../out_err/RPV_l001_500.stdout -e ../out_err/RPV_l001_500.stderr -l walltime=07:00:00    ../Jobs_to_submit/RPV_l001_500.sh
44549928.cream02.iihe.ac.be
[1;34mCommand:[0;m qsub -q localgrid@cream02 -o ../out_err/RPV_l001_5000.stdout -e ../out_err/RPV_l001_5000.stderr -l walltime=07:00:00    ../Jobs_to_submit/RPV_l001_5000.sh
44549929.cream02.iihe.ac.be
[1;34mCommand:[0;m qsub -q localgrid@cream02 -o ../out_err/RPV_l001_5500.stdout -e ../out_err/RPV_l001_5500.stderr -l walltime=07:00:00    ../Jobs_to_submit/RPV_l001_5500.sh
44549930.cream02.iihe.ac.be
[1;34mCommand:[0;m qsub -q localgrid@cream02 -o ../out_err/RPV_l001_600.stdout -e ../out_err/RPV_l001_600.stderr -l walltime=07:00:00    ../Jobs_to_submit/RPV_l001_600.sh
44549931.cream02.iihe.ac.be
[1;34mCommand:[0;m qsub -q localgrid@cream02 -o ../out_err/RPV_l001_6500.stdout -e ../out_err/RPV_l001_6500.stderr -l walltime=07:00:00    ../Jobs_to_submit/RPV_l001_6500.sh
qsub: Invalid credential
[1;34mCommand:[0;m qsub -q localgrid@cream02 -o ../out_err/RPV_l001_700.stdout -e ../out_err/RPV_l001_700.stderr -l walltime=07:00:00    ../Jobs_to_submit/RPV_l001_700.sh
44549932.cream02.iihe.ac.be
[1;34mCommand:[0;m qsub -q localgrid@cream02 -o ../out_err/RPV_l001_800.stdout -e ../out_err/RPV_l001_800.stderr -l walltime=07:00:00    ../Jobs_to_submit/RPV_l001_800.sh
44549933.cream02.iihe.ac.be
[1;34mCommand:[0;m qsub -q localgrid@cream02 -o ../out_err/RPV_l001_900.stdout -e ../out_err/RPV_l001_900.stderr -l walltime=07:00:00    ../Jobs_to_submit/RPV_l001_900.sh
44549934.cream02.iihe.ac.be
[1;34mCommand:[0;m qsub -q localgrid@cream02 -o ../out_err/RPV_l01_3000.stdout -e ../out_err/RPV_l01_3000.stderr -l walltime=07:00:00    ../Jobs_to_submit/RPV_l01_3000.sh
44549935.cream02.iihe.ac.be
[1;34mCommand:[0;m qsub -q localgrid@cream02 -o ../out_err/RPV_l01_3500.stdout -e ../out_err/RPV_l01_3500.stderr -l walltime=07:00:00    ../Jobs_to_submit/RPV_l01_3500.sh
44549936.cream02.iihe.ac.be
[1;34mCommand:[0;m qsub -q localgrid@cream02 -o ../out_err/RPV_l01_4000.stdout -e ../out_err/RPV_l01_4000.stderr -l walltime=07:00:00    ../Jobs_to_submit/RPV_l01_4000.sh
qsub: Invalid credential
[1;34mCommand:[0;m qsub -q localgrid@cream02 -o ../out_err/RPV_l02_4000.stdout -e ../out_err/RPV_l02_4000.stderr -l walltime=07:00:00    ../Jobs_to_submit/RPV_l02_4000.sh
44549937.cream02.iihe.ac.be
[1;34mCommand:[0;m qsub -q localgrid@cream02 -o ../out_err/RPV_l02_4500.stdout -e ../out_err/RPV_l02_4500.stderr -l walltime=07:00:00    ../Jobs_to_submit/RPV_l02_4500.sh
44549938.cream02.iihe.ac.be
[1;34mCommand:[0;m qsub -q localgrid@cream02 -o ../out_err/RPV_l02_5000.stdout -e ../out_err/RPV_l02_5000.stderr -l walltime=07:00:00    ../Jobs_to_submit/RPV_l02_5000.sh
44549939.cream02.iihe.ac.be
[1;34mCommand:[0;m qsub -q localgrid@cream02 -o ../out_err/RPV_l02_5500.stdout -e ../out_err/RPV_l02_5500.stderr -l walltime=07:00:00    ../Jobs_to_submit/RPV_l02_5500.sh
44549940.cream02.iihe.ac.be
[1;34mCommand:[0;m qsub -q localgrid@cream02 -o ../out_err/RPV_l02_6000.stdout -e ../out_err/RPV_l02_6000.stderr -l walltime=07:00:00    ../Jobs_to_submit/RPV_l02_6000.sh
44549941.cream02.iihe.ac.be
[1;34mCommand:[0;m qsub -q localgrid@cream02 -o ../out_err/RPV_l02_6500.stdout -e ../out_err/RPV_l02_6500.stderr -l walltime=07:00:00    ../Jobs_to_submit/RPV_l02_6500.sh
44549942.cream02.iihe.ac.be
[1;34mCommand:[0;m qsub -q localgrid@cream02 -o ../out_err/RPV_l05_4000.stdout -e ../out_err/RPV_l05_4000.stderr -l walltime=07:00:00    ../Jobs_to_submit/RPV_l05_4000.sh
44549943.cream02.iihe.ac.be
[1;34mCommand:[0;m qsub -q localgrid@cream02 -o ../out_err/RPV_l05_5500.stdout -e ../out_err/RPV_l05_5500.stderr -l walltime=07:00:00    ../Jobs_to_submit/RPV_l05_5500.sh
44549944.cream02.iihe.ac.be
[1;34mCommand:[0;m qsub -q localgrid@cream02 -o ../out_err/RPV_l05_6000.stdout -e ../out_err/RPV_l05_6000.stderr -l walltime=07:00:00    ../Jobs_to_submit/RPV_l05_6000.sh
44549945.cream02.iihe.ac.be
[1;34mCommand:[0;m qsub -q localgrid@cream02 -o ../out_err/RPV_l05_6500.stdout -e ../out_err/RPV_l05_6500.stderr -l walltime=07:00:00    ../Jobs_to_submit/RPV_l05_6500.sh
44549946.cream02.iihe.ac.be
[1;34mCommand:[0;m qsub -q localgrid@cream02 -o ../out_err/ZPrime_1000.stdout -e ../out_err/ZPrime_1000.stderr -l walltime=07:00:00    ../Jobs_to_submit/ZPrime_1000.sh
44549947.cream02.iihe.ac.be
[1;34mCommand:[0;m qsub -q localgrid@cream02 -o ../out_err/test1ZPrime_1000.stdout -e ../out_err/test1ZPrime_1000.stderr -l walltime=07:00:00    ../Jobs_to_submit/test1ZPrime_1000.sh
44549948.cream02.iihe.ac.be
[1;34mCommand:[0;m qsub -q localgrid@cream02 -o ../out_err/ZPrime_1100.stdout -e ../out_err/ZPrime_1100.stderr -l walltime=07:00:00    ../Jobs_to_submit/ZPrime_1100.sh
44549949.cream02.iihe.ac.be
[1;34mCommand:[0;m qsub -q localgrid@cream02 -o ../out_err/test1ZPrime_1100.stdout -e ../out_err/test1ZPrime_1100.stderr -l walltime=07:00:00    ../Jobs_to_submit/test1ZPrime_1100.sh
44549950.cream02.iihe.ac.be
[1;34mCommand:[0;m qsub -q localgrid@cream02 -o ../out_err/test2ZPrime_1100.stdout -e ../out_err/test2ZPrime_1100.stderr -l walltime=07:00:00    ../Jobs_to_submit/test2ZPrime_1100.sh
44549951.cream02.iihe.ac.be
[1;34mCommand:[0;m qsub -q localgrid@cream02 -o ../out_err/test3ZPrime_1100.stdout -e ../out_err/test3ZPrime_1100.stderr -l walltime=07:00:00    ../Jobs_to_submit/test3ZPrime_1100.sh
44549952.cream02.iihe.ac.be
[1;34mCommand:[0;m qsub -q localgrid@cream02 -o ../out_err/test4ZPrime_1100.stdout -e ../out_err/test4ZPrime_1100.stderr -l walltime=07:00:00    ../Jobs_to_submit/test4ZPrime_1100.sh
44549953.cream02.iihe.ac.be
[1;34mCommand:[0;m qsub -q localgrid@cream02 -o ../out_err/ZPrime_1200.stdout -e ../out_err/ZPrime_1200.stderr -l walltime=07:00:00    ../Jobs_to_submit/ZPrime_1200.sh
44549954.cream02.iihe.ac.be
[1;34mCommand:[0;m qsub -q localgrid@cream02 -o ../out_err/test1ZPrime_1200.stdout -e ../out_err/test1ZPrime_1200.stderr -l walltime=07:00:00    ../Jobs_to_submit/test1ZPrime_1200.sh
44549955.cream02.iihe.ac.be
[1;34mCommand:[0;m qsub -q localgrid@cream02 -o ../out_err/ZPrime_1300.stdout -e ../out_err/ZPrime_1300.stderr -l walltime=07:00:00    ../Jobs_to_submit/ZPrime_1300.sh
44549956.cream02.iihe.ac.be
[1;34mCommand:[0;m qsub -q localgrid@cream02 -o ../out_err/test1ZPrime_1300.stdout -e ../out_err/test1ZPrime_1300.stderr -l walltime=07:00:00    ../Jobs_to_submit/test1ZPrime_1300.sh
44549957.cream02.iihe.ac.be
[1;34mCommand:[0;m qsub -q localgrid@cream02 -o ../out_err/test2ZPrime_1300.stdout -e ../out_err/test2ZPrime_1300.stderr -l walltime=07:00:00    ../Jobs_to_submit/test2ZPrime_1300.sh
44549958.cream02.iihe.ac.be
[1;34mCommand:[0;m qsub -q localgrid@cream02 -o ../out_err/test3ZPrime_1300.stdout -e ../out_err/test3ZPrime_1300.stderr -l walltime=07:00:00    ../Jobs_to_submit/test3ZPrime_1300.sh
44549959.cream02.iihe.ac.be
[1;34mCommand:[0;m qsub -q localgrid@cream02 -o ../out_err/ZPrime_1400.stdout -e ../out_err/ZPrime_1400.stderr -l walltime=07:00:00    ../Jobs_to_submit/ZPrime_1400.sh
44549960.cream02.iihe.ac.be
[1;34mCommand:[0;m qsub -q localgrid@cream02 -o ../out_err/test1ZPrime_1400.stdout -e ../out_err/test1ZPrime_1400.stderr -l walltime=07:00:00    ../Jobs_to_submit/test1ZPrime_1400.sh
44549961.cream02.iihe.ac.be
[1;34mCommand:[0;m qsub -q localgrid@cream02 -o ../out_err/test2ZPrime_1400.stdout -e ../out_err/test2ZPrime_1400.stderr -l walltime=07:00:00    ../Jobs_to_submit/test2ZPrime_1400.sh
44549962.cream02.iihe.ac.be
[1;34mCommand:[0;m qsub -q localgrid@cream02 -o ../out_err/test3ZPrime_1400.stdout -e ../out_err/test3ZPrime_1400.stderr -l walltime=07:00:00    ../Jobs_to_submit/test3ZPrime_1400.sh
44549963.cream02.iihe.ac.be
[1;34mCommand:[0;m qsub -q localgrid@cream02 -o ../out_err/ZPrime_1500.stdout -e ../out_err/ZPrime_1500.stderr -l walltime=07:00:00    ../Jobs_to_submit/ZPrime_1500.sh
44549964.cream02.iihe.ac.be
[1;34mCommand:[0;m qsub -q localgrid@cream02 -o ../out_err/test1ZPrime_1500.stdout -e ../out_err/test1ZPrime_1500.stderr -l walltime=07:00:00    ../Jobs_to_submit/test1ZPrime_1500.sh
44549965.cream02.iihe.ac.be
[1;34mCommand:[0;m qsub -q localgrid@cream02 -o ../out_err/test2ZPrime_1500.stdout -e ../out_err/test2ZPrime_1500.stderr -l walltime=07:00:00    ../Jobs_to_submit/test2ZPrime_1500.sh
44549966.cream02.iihe.ac.be
[1;34mCommand:[0;m qsub -q localgrid@cream02 -o ../out_err/test3ZPrime_1500.stdout -e ../out_err/test3ZPrime_1500.stderr -l walltime=07:00:00    ../Jobs_to_submit/test3ZPrime_1500.sh
44549967.cream02.iihe.ac.be
[1;34mCommand:[0;m qsub -q localgrid@cream02 -o ../out_err/test4ZPrime_1500.stdout -e ../out_err/test4ZPrime_1500.stderr -l walltime=07:00:00    ../Jobs_to_submit/test4ZPrime_1500.sh
44549968.cream02.iihe.ac.be
[1;34mCommand:[0;m qsub -q localgrid@cream02 -o ../out_err/ZPrime_1600.stdout -e ../out_err/ZPrime_1600.stderr -l walltime=07:00:00    ../Jobs_to_submit/ZPrime_1600.sh
44549969.cream02.iihe.ac.be
[1;34mCommand:[0;m qsub -q localgrid@cream02 -o ../out_err/test1ZPrime_1600.stdout -e ../out_err/test1ZPrime_1600.stderr -l walltime=07:00:00    ../Jobs_to_submit/test1ZPrime_1600.sh
44549970.cream02.iihe.ac.be
[1;34mCommand:[0;m qsub -q localgrid@cream02 -o ../out_err/test2ZPrime_1600.stdout -e ../out_err/test2ZPrime_1600.stderr -l walltime=07:00:00    ../Jobs_to_submit/test2ZPrime_1600.sh
44549971.cream02.iihe.ac.be
[1;34mCommand:[0;m qsub -q localgrid@cream02 -o ../out_err/test3ZPrime_1600.stdout -e ../out_err/test3ZPrime_1600.stderr -l walltime=07:00:00    ../Jobs_to_submit/test3ZPrime_1600.sh
44549972.cream02.iihe.ac.be
[1;34mCommand:[0;m qsub -q localgrid@cream02 -o ../out_err/test4ZPrime_1600.stdout -e ../out_err/test4ZPrime_1600.stderr -l walltime=07:00:00    ../Jobs_to_submit/test4ZPrime_1600.sh
44549973.cream02.iihe.ac.be
[1;34mCommand:[0;m qsub -q localgrid@cream02 -o ../out_err/ZPrime_1700.stdout -e ../out_err/ZPrime_1700.stderr -l walltime=07:00:00    ../Jobs_to_submit/ZPrime_1700.sh
44549974.cream02.iihe.ac.be
[1;34mCommand:[0;m qsub -q localgrid@cream02 -o ../out_err/test1ZPrime_1700.stdout -e ../out_err/test1ZPrime_1700.stderr -l walltime=07:00:00    ../Jobs_to_submit/test1ZPrime_1700.sh
44549975.cream02.iihe.ac.be
[1;34mCommand:[0;m qsub -q localgrid@cream02 -o ../out_err/test2ZPrime_1700.stdout -e ../out_err/test2ZPrime_1700.stderr -l walltime=07:00:00    ../Jobs_to_submit/test2ZPrime_1700.sh
44549976.cream02.iihe.ac.be
[1;34mCommand:[0;m qsub -q localgrid@cream02 -o ../out_err/test3ZPrime_1700.stdout -e ../out_err/test3ZPrime_1700.stderr -l walltime=07:00:00    ../Jobs_to_submit/test3ZPrime_1700.sh
44549977.cream02.iihe.ac.be
[1;34mCommand:[0;m qsub -q localgrid@cream02 -o ../out_err/test4ZPrime_1700.stdout -e ../out_err/test4ZPrime_1700.stderr -l walltime=07:00:00    ../Jobs_to_submit/test4ZPrime_1700.sh
44549978.cream02.iihe.ac.be
[1;34mCommand:[0;m qsub -q localgrid@cream02 -o ../out_err/test5ZPrime_1700.stdout -e ../out_err/test5ZPrime_1700.stderr -l walltime=07:00:00    ../Jobs_to_submit/test5ZPrime_1700.sh
44549979.cream02.iihe.ac.be
[1;34mCommand:[0;m qsub -q localgrid@cream02 -o ../out_err/ZPrime_1800.stdout -e ../out_err/ZPrime_1800.stderr -l walltime=07:00:00    ../Jobs_to_submit/ZPrime_1800.sh
44549980.cream02.iihe.ac.be
[1;34mCommand:[0;m qsub -q localgrid@cream02 -o ../out_err/test1ZPrime_1800.stdout -e ../out_err/test1ZPrime_1800.stderr -l walltime=07:00:00    ../Jobs_to_submit/test1ZPrime_1800.sh
44549981.cream02.iihe.ac.be
[1;34mCommand:[0;m qsub -q localgrid@cream02 -o ../out_err/test2ZPrime_1800.stdout -e ../out_err/test2ZPrime_1800.stderr -l walltime=07:00:00    ../Jobs_to_submit/test2ZPrime_1800.sh
44549982.cream02.iihe.ac.be
[1;34mCommand:[0;m qsub -q localgrid@cream02 -o ../out_err/ZPrime_1900.stdout -e ../out_err/ZPrime_1900.stderr -l walltime=07:00:00    ../Jobs_to_submit/ZPrime_1900.sh
44549983.cream02.iihe.ac.be
[1;34mCommand:[0;m qsub -q localgrid@cream02 -o ../out_err/test1ZPrime_1900.stdout -e ../out_err/test1ZPrime_1900.stderr -l walltime=07:00:00    ../Jobs_to_submit/test1ZPrime_1900.sh
44549984.cream02.iihe.ac.be
[1;34mCommand:[0;m qsub -q localgrid@cream02 -o ../out_err/test2ZPrime_1900.stdout -e ../out_err/test2ZPrime_1900.stderr -l walltime=07:00:00    ../Jobs_to_submit/test2ZPrime_1900.sh
44549985.cream02.iihe.ac.be
[1;34mCommand:[0;m qsub -q localgrid@cream02 -o ../out_err/test3ZPrime_1900.stdout -e ../out_err/test3ZPrime_1900.stderr -l walltime=07:00:00    ../Jobs_to_submit/test3ZPrime_1900.sh
44549986.cream02.iihe.ac.be
[1;34mCommand:[0;m qsub -q localgrid@cream02 -o ../out_err/ZPrime_2000.stdout -e ../out_err/ZPrime_2000.stderr -l walltime=07:00:00    ../Jobs_to_submit/ZPrime_2000.sh
44549987.cream02.iihe.ac.be
[1;34mCommand:[0;m qsub -q localgrid@cream02 -o ../out_err/test1ZPrime_2000.stdout -e ../out_err/test1ZPrime_2000.stderr -l walltime=07:00:00    ../Jobs_to_submit/test1ZPrime_2000.sh
44549988.cream02.iihe.ac.be
[1;34mCommand:[0;m qsub -q localgrid@cream02 -o ../out_err/test2ZPrime_2000.stdout -e ../out_err/test2ZPrime_2000.stderr -l walltime=07:00:00    ../Jobs_to_submit/test2ZPrime_2000.sh
44549989.cream02.iihe.ac.be
[1;34mCommand:[0;m qsub -q localgrid@cream02 -o ../out_err/ZPrime_2200.stdout -e ../out_err/ZPrime_2200.stderr -l walltime=07:00:00    ../Jobs_to_submit/ZPrime_2200.sh
44549990.cream02.iihe.ac.be
[1;34mCommand:[0;m qsub -q localgrid@cream02 -o ../out_err/test1ZPrime_2200.stdout -e ../out_err/test1ZPrime_2200.stderr -l walltime=07:00:00    ../Jobs_to_submit/test1ZPrime_2200.sh
qsub: Invalid credential
[1;34mCommand:[0;m qsub -q localgrid@cream02 -o ../out_err/test2ZPrime_2200.stdout -e ../out_err/test2ZPrime_2200.stderr -l walltime=07:00:00    ../Jobs_to_submit/test2ZPrime_2200.sh
qsub: Invalid credential
[1;34mCommand:[0;m qsub -q localgrid@cream02 -o ../out_err/test3ZPrime_2200.stdout -e ../out_err/test3ZPrime_2200.stderr -l walltime=07:00:00    ../Jobs_to_submit/test3ZPrime_2200.sh
44549991.cream02.iihe.ac.be
[1;34mCommand:[0;m qsub -q localgrid@cream02 -o ../out_err/test4ZPrime_2200.stdout -e ../out_err/test4ZPrime_2200.stderr -l walltime=07:00:00    ../Jobs_to_submit/test4ZPrime_2200.sh
44549992.cream02.iihe.ac.be
[1;34mCommand:[0;m qsub -q localgrid@cream02 -o ../out_err/ZPrime_2400.stdout -e ../out_err/ZPrime_2400.stderr -l walltime=07:00:00    ../Jobs_to_submit/ZPrime_2400.sh
44549993.cream02.iihe.ac.be
[1;34mCommand:[0;m qsub -q localgrid@cream02 -o ../out_err/test1ZPrime_2400.stdout -e ../out_err/test1ZPrime_2400.stderr -l walltime=07:00:00    ../Jobs_to_submit/test1ZPrime_2400.sh
44549994.cream02.iihe.ac.be
[1;34mCommand:[0;m qsub -q localgrid@cream02 -o ../out_err/test2ZPrime_2400.stdout -e ../out_err/test2ZPrime_2400.stderr -l walltime=07:00:00    ../Jobs_to_submit/test2ZPrime_2400.sh
44549995.cream02.iihe.ac.be
[1;34mCommand:[0;m qsub -q localgrid@cream02 -o ../out_err/test3ZPrime_2400.stdout -e ../out_err/test3ZPrime_2400.stderr -l walltime=07:00:00    ../Jobs_to_submit/test3ZPrime_2400.sh
44549996.cream02.iihe.ac.be
[1;34mCommand:[0;m qsub -q localgrid@cream02 -o ../out_err/ZPrime_2600.stdout -e ../out_err/ZPrime_2600.stderr -l walltime=07:00:00    ../Jobs_to_submit/ZPrime_2600.sh
44549997.cream02.iihe.ac.be
[1;34mCommand:[0;m qsub -q localgrid@cream02 -o ../out_err/test1ZPrime_2600.stdout -e ../out_err/test1ZPrime_2600.stderr -l walltime=07:00:00    ../Jobs_to_submit/test1ZPrime_2600.sh
44549998.cream02.iihe.ac.be
[1;34mCommand:[0;m qsub -q localgrid@cream02 -o ../out_err/test2ZPrime_2600.stdout -e ../out_err/test2ZPrime_2600.stderr -l walltime=07:00:00    ../Jobs_to_submit/test2ZPrime_2600.sh
44549999.cream02.iihe.ac.be
[1;34mCommand:[0;m qsub -q localgrid@cream02 -o ../out_err/test3ZPrime_2600.stdout -e ../out_err/test3ZPrime_2600.stderr -l walltime=07:00:00    ../Jobs_to_submit/test3ZPrime_2600.sh
44550000.cream02.iihe.ac.be
[1;34mCommand:[0;m qsub -q localgrid@cream02 -o ../out_err/ZPrime_2800.stdout -e ../out_err/ZPrime_2800.stderr -l walltime=07:00:00    ../Jobs_to_submit/ZPrime_2800.sh
44550001.cream02.iihe.ac.be
[1;34mCommand:[0;m qsub -q localgrid@cream02 -o ../out_err/test1ZPrime_2800.stdout -e ../out_err/test1ZPrime_2800.stderr -l walltime=07:00:00    ../Jobs_to_submit/test1ZPrime_2800.sh
44550002.cream02.iihe.ac.be
[1;34mCommand:[0;m qsub -q localgrid@cream02 -o ../out_err/test2ZPrime_2800.stdout -e ../out_err/test2ZPrime_2800.stderr -l walltime=07:00:00    ../Jobs_to_submit/test2ZPrime_2800.sh
44550003.cream02.iihe.ac.be
[1;34mCommand:[0;m qsub -q localgrid@cream02 -o ../out_err/test3ZPrime_2800.stdout -e ../out_err/test3ZPrime_2800.stderr -l walltime=07:00:00    ../Jobs_to_submit/test3ZPrime_2800.sh
44550004.cream02.iihe.ac.be
[1;34mCommand:[0;m qsub -q localgrid@cream02 -o ../out_err/test4ZPrime_2800.stdout -e ../out_err/test4ZPrime_2800.stderr -l walltime=07:00:00    ../Jobs_to_submit/test4ZPrime_2800.sh
44550005.cream02.iihe.ac.be
[1;34mCommand:[0;m qsub -q localgrid@cream02 -o ../out_err/test5ZPrime_2800.stdout -e ../out_err/test5ZPrime_2800.stderr -l walltime=07:00:00    ../Jobs_to_submit/test5ZPrime_2800.sh
44550006.cream02.iihe.ac.be
[1;34mCommand:[0;m qsub -q localgrid@cream02 -o ../out_err/test6ZPrime_2800.stdout -e ../out_err/test6ZPrime_2800.stderr -l walltime=07:00:00    ../Jobs_to_submit/test6ZPrime_2800.sh
44550007.cream02.iihe.ac.be
[1;34mCommand:[0;m qsub -q localgrid@cream02 -o ../out_err/ZPrime_3000.stdout -e ../out_err/ZPrime_3000.stderr -l walltime=07:00:00    ../Jobs_to_submit/ZPrime_3000.sh
44550008.cream02.iihe.ac.be
[1;34mCommand:[0;m qsub -q localgrid@cream02 -o ../out_err/test1ZPrime_3000.stdout -e ../out_err/test1ZPrime_3000.stderr -l walltime=07:00:00    ../Jobs_to_submit/test1ZPrime_3000.sh
44550009.cream02.iihe.ac.be
[1;34mCommand:[0;m qsub -q localgrid@cream02 -o ../out_err/test2ZPrime_3000.stdout -e ../out_err/test2ZPrime_3000.stderr -l walltime=07:00:00    ../Jobs_to_submit/test2ZPrime_3000.sh
44550010.cream02.iihe.ac.be
[1;34mCommand:[0;m qsub -q localgrid@cream02 -o ../out_err/test3ZPrime_3000.stdout -e ../out_err/test3ZPrime_3000.stderr -l walltime=07:00:00    ../Jobs_to_submit/test3ZPrime_3000.sh
44550011.cream02.iihe.ac.be
[1;34mCommand:[0;m qsub -q localgrid@cream02 -o ../out_err/test4ZPrime_3000.stdout -e ../out_err/test4ZPrime_3000.stderr -l walltime=07:00:00    ../Jobs_to_submit/test4ZPrime_3000.sh
44550012.cream02.iihe.ac.be
[1;34mCommand:[0;m qsub -q localgrid@cream02 -o ../out_err/ZPrime_3500.stdout -e ../out_err/ZPrime_3500.stderr -l walltime=07:00:00    ../Jobs_to_submit/ZPrime_3500.sh
44550013.cream02.iihe.ac.be
[1;34mCommand:[0;m qsub -q localgrid@cream02 -o ../out_err/test1ZPrime_3500.stdout -e ../out_err/test1ZPrime_3500.stderr -l walltime=07:00:00    ../Jobs_to_submit/test1ZPrime_3500.sh
44550014.cream02.iihe.ac.be
[1;34mCommand:[0;m qsub -q localgrid@cream02 -o ../out_err/test2ZPrime_3500.stdout -e ../out_err/test2ZPrime_3500.stderr -l walltime=07:00:00    ../Jobs_to_submit/test2ZPrime_3500.sh
44550015.cream02.iihe.ac.be
[1;34mCommand:[0;m qsub -q localgrid@cream02 -o ../out_err/test3ZPrime_3500.stdout -e ../out_err/test3ZPrime_3500.stderr -l walltime=07:00:00    ../Jobs_to_submit/test3ZPrime_3500.sh
44550016.cream02.iihe.ac.be
[1;34mCommand:[0;m qsub -q localgrid@cream02 -o ../out_err/ZPrime_4000.stdout -e ../out_err/ZPrime_4000.stderr -l walltime=07:00:00    ../Jobs_to_submit/ZPrime_4000.sh
44550017.cream02.iihe.ac.be
[1;34mCommand:[0;m qsub -q localgrid@cream02 -o ../out_err/test1ZPrime_4000.stdout -e ../out_err/test1ZPrime_4000.stderr -l walltime=07:00:00    ../Jobs_to_submit/test1ZPrime_4000.sh
qsub: Invalid credential
[1;34mCommand:[0;m qsub -q localgrid@cream02 -o ../out_err/test2ZPrime_4000.stdout -e ../out_err/test2ZPrime_4000.stderr -l walltime=07:00:00    ../Jobs_to_submit/test2ZPrime_4000.sh
44550018.cream02.iihe.ac.be
[1;34mCommand:[0;m qsub -q localgrid@cream02 -o ../out_err/test3ZPrime_4000.stdout -e ../out_err/test3ZPrime_4000.stderr -l walltime=07:00:00    ../Jobs_to_submit/test3ZPrime_4000.sh
44550019.cream02.iihe.ac.be
[1;34mCommand:[0;m qsub -q localgrid@cream02 -o ../out_err/ZPrime_4500.stdout -e ../out_err/ZPrime_4500.stderr -l walltime=07:00:00    ../Jobs_to_submit/ZPrime_4500.sh
44550020.cream02.iihe.ac.be
[1;34mCommand:[0;m qsub -q localgrid@cream02 -o ../out_err/test1ZPrime_4500.stdout -e ../out_err/test1ZPrime_4500.stderr -l walltime=07:00:00    ../Jobs_to_submit/test1ZPrime_4500.sh
44550021.cream02.iihe.ac.be
[1;34mCommand:[0;m qsub -q localgrid@cream02 -o ../out_err/test2ZPrime_4500.stdout -e ../out_err/test2ZPrime_4500.stderr -l walltime=07:00:00    ../Jobs_to_submit/test2ZPrime_4500.sh
44550022.cream02.iihe.ac.be
[1;34mCommand:[0;m qsub -q localgrid@cream02 -o ../out_err/test3ZPrime_4500.stdout -e ../out_err/test3ZPrime_4500.stderr -l walltime=07:00:00    ../Jobs_to_submit/test3ZPrime_4500.sh
44550023.cream02.iihe.ac.be
[1;34mCommand:[0;m qsub -q localgrid@cream02 -o ../out_err/ZPrime_500.stdout -e ../out_err/ZPrime_500.stderr -l walltime=07:00:00    ../Jobs_to_submit/ZPrime_500.sh
44550024.cream02.iihe.ac.be
[1;34mCommand:[0;m qsub -q localgrid@cream02 -o ../out_err/test1ZPrime_500.stdout -e ../out_err/test1ZPrime_500.stderr -l walltime=07:00:00    ../Jobs_to_submit/test1ZPrime_500.sh
44550025.cream02.iihe.ac.be
[1;34mCommand:[0;m qsub -q localgrid@cream02 -o ../out_err/test2ZPrime_500.stdout -e ../out_err/test2ZPrime_500.stderr -l walltime=07:00:00    ../Jobs_to_submit/test2ZPrime_500.sh
44550026.cream02.iihe.ac.be
[1;34mCommand:[0;m qsub -q localgrid@cream02 -o ../out_err/test3ZPrime_500.stdout -e ../out_err/test3ZPrime_500.stderr -l walltime=07:00:00    ../Jobs_to_submit/test3ZPrime_500.sh
44550027.cream02.iihe.ac.be
[1;34mCommand:[0;m qsub -q localgrid@cream02 -o ../out_err/ZPrime_5000.stdout -e ../out_err/ZPrime_5000.stderr -l walltime=07:00:00    ../Jobs_to_submit/ZPrime_5000.sh
44550028.cream02.iihe.ac.be
[1;34mCommand:[0;m qsub -q localgrid@cream02 -o ../out_err/test1ZPrime_5000.stdout -e ../out_err/test1ZPrime_5000.stderr -l walltime=07:00:00    ../Jobs_to_submit/test1ZPrime_5000.sh
44550029.cream02.iihe.ac.be
[1;34mCommand:[0;m qsub -q localgrid@cream02 -o ../out_err/test2ZPrime_5000.stdout -e ../out_err/test2ZPrime_5000.stderr -l walltime=07:00:00    ../Jobs_to_submit/test2ZPrime_5000.sh
44550030.cream02.iihe.ac.be
[1;34mCommand:[0;m qsub -q localgrid@cream02 -o ../out_err/ZPrime_5500.stdout -e ../out_err/ZPrime_5500.stderr -l walltime=07:00:00    ../Jobs_to_submit/ZPrime_5500.sh
44550031.cream02.iihe.ac.be
[1;34mCommand:[0;m qsub -q localgrid@cream02 -o ../out_err/test1ZPrime_5500.stdout -e ../out_err/test1ZPrime_5500.stderr -l walltime=07:00:00    ../Jobs_to_submit/test1ZPrime_5500.sh
44550032.cream02.iihe.ac.be
[1;34mCommand:[0;m qsub -q localgrid@cream02 -o ../out_err/test2ZPrime_5500.stdout -e ../out_err/test2ZPrime_5500.stderr -l walltime=07:00:00    ../Jobs_to_submit/test2ZPrime_5500.sh
44550033.cream02.iihe.ac.be
[1;34mCommand:[0;m qsub -q localgrid@cream02 -o ../out_err/test3ZPrime_5500.stdout -e ../out_err/test3ZPrime_5500.stderr -l walltime=07:00:00    ../Jobs_to_submit/test3ZPrime_5500.sh
44550034.cream02.iihe.ac.be
[1;34mCommand:[0;m qsub -q localgrid@cream02 -o ../out_err/ZPrime_600.stdout -e ../out_err/ZPrime_600.stderr -l walltime=07:00:00    ../Jobs_to_submit/ZPrime_600.sh
44550035.cream02.iihe.ac.be
[1;34mCommand:[0;m qsub -q localgrid@cream02 -o ../out_err/test1ZPrime_600.stdout -e ../out_err/test1ZPrime_600.stderr -l walltime=07:00:00    ../Jobs_to_submit/test1ZPrime_600.sh
44550036.cream02.iihe.ac.be
[1;34mCommand:[0;m qsub -q localgrid@cream02 -o ../out_err/ZPrime_6000.stdout -e ../out_err/ZPrime_6000.stderr -l walltime=07:00:00    ../Jobs_to_submit/ZPrime_6000.sh
44550037.cream02.iihe.ac.be
[1;34mCommand:[0;m qsub -q localgrid@cream02 -o ../out_err/test1ZPrime_6000.stdout -e ../out_err/test1ZPrime_6000.stderr -l walltime=07:00:00    ../Jobs_to_submit/test1ZPrime_6000.sh
44550038.cream02.iihe.ac.be
[1;34mCommand:[0;m qsub -q localgrid@cream02 -o ../out_err/test2ZPrime_6000.stdout -e ../out_err/test2ZPrime_6000.stderr -l walltime=07:00:00    ../Jobs_to_submit/test2ZPrime_6000.sh
44550039.cream02.iihe.ac.be
[1;34mCommand:[0;m qsub -q localgrid@cream02 -o ../out_err/test3ZPrime_6000.stdout -e ../out_err/test3ZPrime_6000.stderr -l walltime=07:00:00    ../Jobs_to_submit/test3ZPrime_6000.sh
44550040.cream02.iihe.ac.be
[1;34mCommand:[0;m qsub -q localgrid@cream02 -o ../out_err/test4ZPrime_6000.stdout -e ../out_err/test4ZPrime_6000.stderr -l walltime=07:00:00    ../Jobs_to_submit/test4ZPrime_6000.sh
44550041.cream02.iihe.ac.be
[1;34mCommand:[0;m qsub -q localgrid@cream02 -o ../out_err/ZPrime_700.stdout -e ../out_err/ZPrime_700.stderr -l walltime=07:00:00    ../Jobs_to_submit/ZPrime_700.sh
44550042.cream02.iihe.ac.be
[1;34mCommand:[0;m qsub -q localgrid@cream02 -o ../out_err/test1ZPrime_700.stdout -e ../out_err/test1ZPrime_700.stderr -l walltime=07:00:00    ../Jobs_to_submit/test1ZPrime_700.sh
44550043.cream02.iihe.ac.be
[1;34mCommand:[0;m qsub -q localgrid@cream02 -o ../out_err/ZPrime_800.stdout -e ../out_err/ZPrime_800.stderr -l walltime=07:00:00    ../Jobs_to_submit/ZPrime_800.sh
44550044.cream02.iihe.ac.be
[1;34mCommand:[0;m qsub -q localgrid@cream02 -o ../out_err/test1ZPrime_800.stdout -e ../out_err/test1ZPrime_800.stderr -l walltime=07:00:00    ../Jobs_to_submit/test1ZPrime_800.sh
44550045.cream02.iihe.ac.be
[1;34mCommand:[0;m qsub -q localgrid@cream02 -o ../out_err/test2ZPrime_800.stdout -e ../out_err/test2ZPrime_800.stderr -l walltime=07:00:00    ../Jobs_to_submit/test2ZPrime_800.sh
44550046.cream02.iihe.ac.be
[1;34mCommand:[0;m qsub -q localgrid@cream02 -o ../out_err/test3ZPrime_800.stdout -e ../out_err/test3ZPrime_800.stderr -l walltime=07:00:00    ../Jobs_to_submit/test3ZPrime_800.sh
44550047.cream02.iihe.ac.be
[1;34mCommand:[0;m qsub -q localgrid@cream02 -o ../out_err/test4ZPrime_800.stdout -e ../out_err/test4ZPrime_800.stderr -l walltime=07:00:00    ../Jobs_to_submit/test4ZPrime_800.sh
44550048.cream02.iihe.ac.be
[1;34mCommand:[0;m qsub -q localgrid@cream02 -o ../out_err/ZPrime_900.stdout -e ../out_err/ZPrime_900.stderr -l walltime=07:00:00    ../Jobs_to_submit/ZPrime_900.sh
44550049.cream02.iihe.ac.be
[1;34mCommand:[0;m qsub -q localgrid@cream02 -o ../out_err/test1ZPrime_900.stdout -e ../out_err/test1ZPrime_900.stderr -l walltime=07:00:00    ../Jobs_to_submit/test1ZPrime_900.sh
44550050.cream02.iihe.ac.be
[1;34mCommand:[0;m qsub -q localgrid@cream02 -o ../out_err/test2ZPrime_900.stdout -e ../out_err/test2ZPrime_900.stderr -l walltime=07:00:00    ../Jobs_to_submit/test2ZPrime_900.sh
44550051.cream02.iihe.ac.be
[1;34mCommand:[0;m qsub -q localgrid@cream02 -o ../out_err/test3ZPrime_900.stdout -e ../out_err/test3ZPrime_900.stderr -l walltime=07:00:00    ../Jobs_to_submit/test3ZPrime_900.sh
44550052.cream02.iihe.ac.be
[1;33m[WARN] [0;m[13/12 13:11] Sleeping for 60, then retrying errors ...
[1;32m[INFO] [0;m[13/12 13:12] There are 32 jobs on the cluster and 5 left to run,  sending 5 jobs:
[1;34mCommand:[0;m qsub -q localgrid@cream02 -o ../out_err/RPV_l001_6500.stdout -e ../out_err/RPV_l001_6500.stderr -l walltime=07:00:00    ../Jobs_to_submit/RPV_l001_6500.sh
44550053.cream02.iihe.ac.be
[1;34mCommand:[0;m qsub -q localgrid@cream02 -o ../out_err/RPV_l01_4000.stdout -e ../out_err/RPV_l01_4000.stderr -l walltime=07:00:00    ../Jobs_to_submit/RPV_l01_4000.sh
44550054.cream02.iihe.ac.be
[1;34mCommand:[0;m qsub -q localgrid@cream02 -o ../out_err/test1ZPrime_2200.stdout -e ../out_err/test1ZPrime_2200.stderr -l walltime=07:00:00    ../Jobs_to_submit/test1ZPrime_2200.sh
44550055.cream02.iihe.ac.be
[1;34mCommand:[0;m qsub -q localgrid@cream02 -o ../out_err/test2ZPrime_2200.stdout -e ../out_err/test2ZPrime_2200.stderr -l walltime=07:00:00    ../Jobs_to_submit/test2ZPrime_2200.sh
44550056.cream02.iihe.ac.be
[1;34mCommand:[0;m qsub -q localgrid@cream02 -o ../out_err/test1ZPrime_4000.stdout -e ../out_err/test1ZPrime_4000.stderr -l walltime=07:00:00    ../Jobs_to_submit/test1ZPrime_4000.sh
44550057.cream02.iihe.ac.be
[1;32m[INFO] [0;m[13/12 13:12] No errors to retry.
[1;32m[INFO] [0;m[13/12 13:12] There's no more jobs to run, exiting !
