[1;32m[INFO] [0;m[04/12 18:35] There are 0 jobs on the cluster and 129 left to run,  sending 129 jobs:
[1;34mCommand:[0;m qsub -q localgrid@cream02 -o ../out_err/Data_SMu_16G_0.stdout -e ../out_err/Data_SMu_16G_0.stderr -l walltime=16:00:00    ../Jobs_to_submit/Data_SMu_16G_0.sh
44500250.cream02.iihe.ac.be
[1;34mCommand:[0;m qsub -q localgrid@cream02 -o ../out_err/test1Data_SMu_16G_0.stdout -e ../out_err/test1Data_SMu_16G_0.stderr -l walltime=16:00:00    ../Jobs_to_submit/test1Data_SMu_16G_0.sh
44500251.cream02.iihe.ac.be
[1;34mCommand:[0;m qsub -q localgrid@cream02 -o ../out_err/test2Data_SMu_16G_0.stdout -e ../out_err/test2Data_SMu_16G_0.stderr -l walltime=16:00:00    ../Jobs_to_submit/test2Data_SMu_16G_0.sh
44500252.cream02.iihe.ac.be
[1;34mCommand:[0;m qsub -q localgrid@cream02 -o ../out_err/test3Data_SMu_16G_0.stdout -e ../out_err/test3Data_SMu_16G_0.stderr -l walltime=16:00:00    ../Jobs_to_submit/test3Data_SMu_16G_0.sh
44500253.cream02.iihe.ac.be
[1;34mCommand:[0;m qsub -q localgrid@cream02 -o ../out_err/test4Data_SMu_16G_0.stdout -e ../out_err/test4Data_SMu_16G_0.stderr -l walltime=16:00:00    ../Jobs_to_submit/test4Data_SMu_16G_0.sh
44500254.cream02.iihe.ac.be
[1;34mCommand:[0;m qsub -q localgrid@cream02 -o ../out_err/test5Data_SMu_16G_0.stdout -e ../out_err/test5Data_SMu_16G_0.stderr -l walltime=16:00:00    ../Jobs_to_submit/test5Data_SMu_16G_0.sh
44500255.cream02.iihe.ac.be
[1;34mCommand:[0;m qsub -q localgrid@cream02 -o ../out_err/test6Data_SMu_16G_0.stdout -e ../out_err/test6Data_SMu_16G_0.stderr -l walltime=16:00:00    ../Jobs_to_submit/test6Data_SMu_16G_0.sh
44500256.cream02.iihe.ac.be
[1;34mCommand:[0;m qsub -q localgrid@cream02 -o ../out_err/test7Data_SMu_16G_0.stdout -e ../out_err/test7Data_SMu_16G_0.stderr -l walltime=16:00:00    ../Jobs_to_submit/test7Data_SMu_16G_0.sh
44500257.cream02.iihe.ac.be
[1;34mCommand:[0;m qsub -q localgrid@cream02 -o ../out_err/test8Data_SMu_16G_0.stdout -e ../out_err/test8Data_SMu_16G_0.stderr -l walltime=16:00:00    ../Jobs_to_submit/test8Data_SMu_16G_0.sh
44500258.cream02.iihe.ac.be
[1;34mCommand:[0;m qsub -q localgrid@cream02 -o ../out_err/test9Data_SMu_16G_0.stdout -e ../out_err/test9Data_SMu_16G_0.stderr -l walltime=16:00:00    ../Jobs_to_submit/test9Data_SMu_16G_0.sh
44500259.cream02.iihe.ac.be
[1;34mCommand:[0;m qsub -q localgrid@cream02 -o ../out_err/test10Data_SMu_16G_0.stdout -e ../out_err/test10Data_SMu_16G_0.stderr -l walltime=16:00:00    ../Jobs_to_submit/test10Data_SMu_16G_0.sh
44500260.cream02.iihe.ac.be
[1;34mCommand:[0;m qsub -q localgrid@cream02 -o ../out_err/test11Data_SMu_16G_0.stdout -e ../out_err/test11Data_SMu_16G_0.stderr -l walltime=16:00:00    ../Jobs_to_submit/test11Data_SMu_16G_0.sh
44500261.cream02.iihe.ac.be
[1;34mCommand:[0;m qsub -q localgrid@cream02 -o ../out_err/test12Data_SMu_16G_0.stdout -e ../out_err/test12Data_SMu_16G_0.stderr -l walltime=16:00:00    ../Jobs_to_submit/test12Data_SMu_16G_0.sh
44500262.cream02.iihe.ac.be
[1;34mCommand:[0;m qsub -q localgrid@cream02 -o ../out_err/test13Data_SMu_16G_0.stdout -e ../out_err/test13Data_SMu_16G_0.stderr -l walltime=16:00:00    ../Jobs_to_submit/test13Data_SMu_16G_0.sh
44500263.cream02.iihe.ac.be
[1;34mCommand:[0;m qsub -q localgrid@cream02 -o ../out_err/test14Data_SMu_16G_0.stdout -e ../out_err/test14Data_SMu_16G_0.stderr -l walltime=16:00:00    ../Jobs_to_submit/test14Data_SMu_16G_0.sh
44500264.cream02.iihe.ac.be
[1;34mCommand:[0;m qsub -q localgrid@cream02 -o ../out_err/test15Data_SMu_16G_0.stdout -e ../out_err/test15Data_SMu_16G_0.stderr -l walltime=16:00:00    ../Jobs_to_submit/test15Data_SMu_16G_0.sh
44500265.cream02.iihe.ac.be
[1;34mCommand:[0;m qsub -q localgrid@cream02 -o ../out_err/test16Data_SMu_16G_0.stdout -e ../out_err/test16Data_SMu_16G_0.stderr -l walltime=16:00:00    ../Jobs_to_submit/test16Data_SMu_16G_0.sh
44500266.cream02.iihe.ac.be
[1;34mCommand:[0;m qsub -q localgrid@cream02 -o ../out_err/test17Data_SMu_16G_0.stdout -e ../out_err/test17Data_SMu_16G_0.stderr -l walltime=16:00:00    ../Jobs_to_submit/test17Data_SMu_16G_0.sh
44500267.cream02.iihe.ac.be
[1;34mCommand:[0;m qsub -q localgrid@cream02 -o ../out_err/test18Data_SMu_16G_0.stdout -e ../out_err/test18Data_SMu_16G_0.stderr -l walltime=16:00:00    ../Jobs_to_submit/test18Data_SMu_16G_0.sh
44500268.cream02.iihe.ac.be
[1;34mCommand:[0;m qsub -q localgrid@cream02 -o ../out_err/test19Data_SMu_16G_0.stdout -e ../out_err/test19Data_SMu_16G_0.stderr -l walltime=16:00:00    ../Jobs_to_submit/test19Data_SMu_16G_0.sh
44500269.cream02.iihe.ac.be
[1;34mCommand:[0;m qsub -q localgrid@cream02 -o ../out_err/Data_SMu_16G_1.stdout -e ../out_err/Data_SMu_16G_1.stderr -l walltime=16:00:00    ../Jobs_to_submit/Data_SMu_16G_1.sh
44500270.cream02.iihe.ac.be
[1;34mCommand:[0;m qsub -q localgrid@cream02 -o ../out_err/test1Data_SMu_16G_1.stdout -e ../out_err/test1Data_SMu_16G_1.stderr -l walltime=16:00:00    ../Jobs_to_submit/test1Data_SMu_16G_1.sh
44500271.cream02.iihe.ac.be
[1;34mCommand:[0;m qsub -q localgrid@cream02 -o ../out_err/test2Data_SMu_16G_1.stdout -e ../out_err/test2Data_SMu_16G_1.stderr -l walltime=16:00:00    ../Jobs_to_submit/test2Data_SMu_16G_1.sh
44500272.cream02.iihe.ac.be
[1;34mCommand:[0;m qsub -q localgrid@cream02 -o ../out_err/test3Data_SMu_16G_1.stdout -e ../out_err/test3Data_SMu_16G_1.stderr -l walltime=16:00:00    ../Jobs_to_submit/test3Data_SMu_16G_1.sh
44500273.cream02.iihe.ac.be
[1;34mCommand:[0;m qsub -q localgrid@cream02 -o ../out_err/test4Data_SMu_16G_1.stdout -e ../out_err/test4Data_SMu_16G_1.stderr -l walltime=16:00:00    ../Jobs_to_submit/test4Data_SMu_16G_1.sh
44500274.cream02.iihe.ac.be
[1;34mCommand:[0;m qsub -q localgrid@cream02 -o ../out_err/test5Data_SMu_16G_1.stdout -e ../out_err/test5Data_SMu_16G_1.stderr -l walltime=16:00:00    ../Jobs_to_submit/test5Data_SMu_16G_1.sh
44500275.cream02.iihe.ac.be
[1;34mCommand:[0;m qsub -q localgrid@cream02 -o ../out_err/test6Data_SMu_16G_1.stdout -e ../out_err/test6Data_SMu_16G_1.stderr -l walltime=16:00:00    ../Jobs_to_submit/test6Data_SMu_16G_1.sh
44500276.cream02.iihe.ac.be
[1;34mCommand:[0;m qsub -q localgrid@cream02 -o ../out_err/test7Data_SMu_16G_1.stdout -e ../out_err/test7Data_SMu_16G_1.stderr -l walltime=16:00:00    ../Jobs_to_submit/test7Data_SMu_16G_1.sh
44500277.cream02.iihe.ac.be
[1;34mCommand:[0;m qsub -q localgrid@cream02 -o ../out_err/test8Data_SMu_16G_1.stdout -e ../out_err/test8Data_SMu_16G_1.stderr -l walltime=16:00:00    ../Jobs_to_submit/test8Data_SMu_16G_1.sh
44500278.cream02.iihe.ac.be
[1;34mCommand:[0;m qsub -q localgrid@cream02 -o ../out_err/test9Data_SMu_16G_1.stdout -e ../out_err/test9Data_SMu_16G_1.stderr -l walltime=16:00:00    ../Jobs_to_submit/test9Data_SMu_16G_1.sh
44500279.cream02.iihe.ac.be
[1;34mCommand:[0;m qsub -q localgrid@cream02 -o ../out_err/test10Data_SMu_16G_1.stdout -e ../out_err/test10Data_SMu_16G_1.stderr -l walltime=16:00:00    ../Jobs_to_submit/test10Data_SMu_16G_1.sh
44500280.cream02.iihe.ac.be
[1;34mCommand:[0;m qsub -q localgrid@cream02 -o ../out_err/test11Data_SMu_16G_1.stdout -e ../out_err/test11Data_SMu_16G_1.stderr -l walltime=16:00:00    ../Jobs_to_submit/test11Data_SMu_16G_1.sh
44500281.cream02.iihe.ac.be
[1;34mCommand:[0;m qsub -q localgrid@cream02 -o ../out_err/test12Data_SMu_16G_1.stdout -e ../out_err/test12Data_SMu_16G_1.stderr -l walltime=16:00:00    ../Jobs_to_submit/test12Data_SMu_16G_1.sh
44500282.cream02.iihe.ac.be
[1;34mCommand:[0;m qsub -q localgrid@cream02 -o ../out_err/test13Data_SMu_16G_1.stdout -e ../out_err/test13Data_SMu_16G_1.stderr -l walltime=16:00:00    ../Jobs_to_submit/test13Data_SMu_16G_1.sh
44500283.cream02.iihe.ac.be
[1;34mCommand:[0;m qsub -q localgrid@cream02 -o ../out_err/test14Data_SMu_16G_1.stdout -e ../out_err/test14Data_SMu_16G_1.stderr -l walltime=16:00:00    ../Jobs_to_submit/test14Data_SMu_16G_1.sh
44500284.cream02.iihe.ac.be
[1;34mCommand:[0;m qsub -q localgrid@cream02 -o ../out_err/test15Data_SMu_16G_1.stdout -e ../out_err/test15Data_SMu_16G_1.stderr -l walltime=16:00:00    ../Jobs_to_submit/test15Data_SMu_16G_1.sh
44500285.cream02.iihe.ac.be
[1;34mCommand:[0;m qsub -q localgrid@cream02 -o ../out_err/test16Data_SMu_16G_1.stdout -e ../out_err/test16Data_SMu_16G_1.stderr -l walltime=16:00:00    ../Jobs_to_submit/test16Data_SMu_16G_1.sh
44500286.cream02.iihe.ac.be
[1;34mCommand:[0;m qsub -q localgrid@cream02 -o ../out_err/test17Data_SMu_16G_1.stdout -e ../out_err/test17Data_SMu_16G_1.stderr -l walltime=16:00:00    ../Jobs_to_submit/test17Data_SMu_16G_1.sh
44500287.cream02.iihe.ac.be
[1;34mCommand:[0;m qsub -q localgrid@cream02 -o ../out_err/test18Data_SMu_16G_1.stdout -e ../out_err/test18Data_SMu_16G_1.stderr -l walltime=16:00:00    ../Jobs_to_submit/test18Data_SMu_16G_1.sh
44500288.cream02.iihe.ac.be
[1;34mCommand:[0;m qsub -q localgrid@cream02 -o ../out_err/test19Data_SMu_16G_1.stdout -e ../out_err/test19Data_SMu_16G_1.stderr -l walltime=16:00:00    ../Jobs_to_submit/test19Data_SMu_16G_1.sh
44500289.cream02.iihe.ac.be
[1;34mCommand:[0;m qsub -q localgrid@cream02 -o ../out_err/test20Data_SMu_16G_1.stdout -e ../out_err/test20Data_SMu_16G_1.stderr -l walltime=16:00:00    ../Jobs_to_submit/test20Data_SMu_16G_1.sh
44500290.cream02.iihe.ac.be
[1;34mCommand:[0;m qsub -q localgrid@cream02 -o ../out_err/Data_SMu_16G_2.stdout -e ../out_err/Data_SMu_16G_2.stderr -l walltime=16:00:00    ../Jobs_to_submit/Data_SMu_16G_2.sh
44500291.cream02.iihe.ac.be
[1;34mCommand:[0;m qsub -q localgrid@cream02 -o ../out_err/test1Data_SMu_16G_2.stdout -e ../out_err/test1Data_SMu_16G_2.stderr -l walltime=16:00:00    ../Jobs_to_submit/test1Data_SMu_16G_2.sh
44500292.cream02.iihe.ac.be
[1;34mCommand:[0;m qsub -q localgrid@cream02 -o ../out_err/test2Data_SMu_16G_2.stdout -e ../out_err/test2Data_SMu_16G_2.stderr -l walltime=16:00:00    ../Jobs_to_submit/test2Data_SMu_16G_2.sh
44500293.cream02.iihe.ac.be
[1;34mCommand:[0;m qsub -q localgrid@cream02 -o ../out_err/test3Data_SMu_16G_2.stdout -e ../out_err/test3Data_SMu_16G_2.stderr -l walltime=16:00:00    ../Jobs_to_submit/test3Data_SMu_16G_2.sh
44500294.cream02.iihe.ac.be
[1;34mCommand:[0;m qsub -q localgrid@cream02 -o ../out_err/test4Data_SMu_16G_2.stdout -e ../out_err/test4Data_SMu_16G_2.stderr -l walltime=16:00:00    ../Jobs_to_submit/test4Data_SMu_16G_2.sh
44500295.cream02.iihe.ac.be
[1;34mCommand:[0;m qsub -q localgrid@cream02 -o ../out_err/test5Data_SMu_16G_2.stdout -e ../out_err/test5Data_SMu_16G_2.stderr -l walltime=16:00:00    ../Jobs_to_submit/test5Data_SMu_16G_2.sh
44500296.cream02.iihe.ac.be
[1;34mCommand:[0;m qsub -q localgrid@cream02 -o ../out_err/test6Data_SMu_16G_2.stdout -e ../out_err/test6Data_SMu_16G_2.stderr -l walltime=16:00:00    ../Jobs_to_submit/test6Data_SMu_16G_2.sh
44500297.cream02.iihe.ac.be
[1;34mCommand:[0;m qsub -q localgrid@cream02 -o ../out_err/test7Data_SMu_16G_2.stdout -e ../out_err/test7Data_SMu_16G_2.stderr -l walltime=16:00:00    ../Jobs_to_submit/test7Data_SMu_16G_2.sh
44500298.cream02.iihe.ac.be
[1;34mCommand:[0;m qsub -q localgrid@cream02 -o ../out_err/test8Data_SMu_16G_2.stdout -e ../out_err/test8Data_SMu_16G_2.stderr -l walltime=16:00:00    ../Jobs_to_submit/test8Data_SMu_16G_2.sh
44500299.cream02.iihe.ac.be
[1;34mCommand:[0;m qsub -q localgrid@cream02 -o ../out_err/test9Data_SMu_16G_2.stdout -e ../out_err/test9Data_SMu_16G_2.stderr -l walltime=16:00:00    ../Jobs_to_submit/test9Data_SMu_16G_2.sh
44500300.cream02.iihe.ac.be
[1;34mCommand:[0;m qsub -q localgrid@cream02 -o ../out_err/test10Data_SMu_16G_2.stdout -e ../out_err/test10Data_SMu_16G_2.stderr -l walltime=16:00:00    ../Jobs_to_submit/test10Data_SMu_16G_2.sh
44500301.cream02.iihe.ac.be
[1;34mCommand:[0;m qsub -q localgrid@cream02 -o ../out_err/test11Data_SMu_16G_2.stdout -e ../out_err/test11Data_SMu_16G_2.stderr -l walltime=16:00:00    ../Jobs_to_submit/test11Data_SMu_16G_2.sh
44500302.cream02.iihe.ac.be
[1;34mCommand:[0;m qsub -q localgrid@cream02 -o ../out_err/test12Data_SMu_16G_2.stdout -e ../out_err/test12Data_SMu_16G_2.stderr -l walltime=16:00:00    ../Jobs_to_submit/test12Data_SMu_16G_2.sh
44500303.cream02.iihe.ac.be
[1;34mCommand:[0;m qsub -q localgrid@cream02 -o ../out_err/test13Data_SMu_16G_2.stdout -e ../out_err/test13Data_SMu_16G_2.stderr -l walltime=16:00:00    ../Jobs_to_submit/test13Data_SMu_16G_2.sh
44500304.cream02.iihe.ac.be
[1;34mCommand:[0;m qsub -q localgrid@cream02 -o ../out_err/test14Data_SMu_16G_2.stdout -e ../out_err/test14Data_SMu_16G_2.stderr -l walltime=16:00:00    ../Jobs_to_submit/test14Data_SMu_16G_2.sh
44500305.cream02.iihe.ac.be
[1;34mCommand:[0;m qsub -q localgrid@cream02 -o ../out_err/test15Data_SMu_16G_2.stdout -e ../out_err/test15Data_SMu_16G_2.stderr -l walltime=16:00:00    ../Jobs_to_submit/test15Data_SMu_16G_2.sh
44500306.cream02.iihe.ac.be
[1;34mCommand:[0;m qsub -q localgrid@cream02 -o ../out_err/test16Data_SMu_16G_2.stdout -e ../out_err/test16Data_SMu_16G_2.stderr -l walltime=16:00:00    ../Jobs_to_submit/test16Data_SMu_16G_2.sh
44500307.cream02.iihe.ac.be
[1;34mCommand:[0;m qsub -q localgrid@cream02 -o ../out_err/test17Data_SMu_16G_2.stdout -e ../out_err/test17Data_SMu_16G_2.stderr -l walltime=16:00:00    ../Jobs_to_submit/test17Data_SMu_16G_2.sh
44500308.cream02.iihe.ac.be
[1;34mCommand:[0;m qsub -q localgrid@cream02 -o ../out_err/test18Data_SMu_16G_2.stdout -e ../out_err/test18Data_SMu_16G_2.stderr -l walltime=16:00:00    ../Jobs_to_submit/test18Data_SMu_16G_2.sh
44500309.cream02.iihe.ac.be
[1;34mCommand:[0;m qsub -q localgrid@cream02 -o ../out_err/test19Data_SMu_16G_2.stdout -e ../out_err/test19Data_SMu_16G_2.stderr -l walltime=16:00:00    ../Jobs_to_submit/test19Data_SMu_16G_2.sh
44500310.cream02.iihe.ac.be
[1;34mCommand:[0;m qsub -q localgrid@cream02 -o ../out_err/Data_SMu_16G_3.stdout -e ../out_err/Data_SMu_16G_3.stderr -l walltime=16:00:00    ../Jobs_to_submit/Data_SMu_16G_3.sh
44500311.cream02.iihe.ac.be
[1;34mCommand:[0;m qsub -q localgrid@cream02 -o ../out_err/test1Data_SMu_16G_3.stdout -e ../out_err/test1Data_SMu_16G_3.stderr -l walltime=16:00:00    ../Jobs_to_submit/test1Data_SMu_16G_3.sh
44500312.cream02.iihe.ac.be
[1;34mCommand:[0;m qsub -q localgrid@cream02 -o ../out_err/test2Data_SMu_16G_3.stdout -e ../out_err/test2Data_SMu_16G_3.stderr -l walltime=16:00:00    ../Jobs_to_submit/test2Data_SMu_16G_3.sh
44500313.cream02.iihe.ac.be
[1;34mCommand:[0;m qsub -q localgrid@cream02 -o ../out_err/test3Data_SMu_16G_3.stdout -e ../out_err/test3Data_SMu_16G_3.stderr -l walltime=16:00:00    ../Jobs_to_submit/test3Data_SMu_16G_3.sh
44500314.cream02.iihe.ac.be
[1;34mCommand:[0;m qsub -q localgrid@cream02 -o ../out_err/test4Data_SMu_16G_3.stdout -e ../out_err/test4Data_SMu_16G_3.stderr -l walltime=16:00:00    ../Jobs_to_submit/test4Data_SMu_16G_3.sh
44500315.cream02.iihe.ac.be
[1;34mCommand:[0;m qsub -q localgrid@cream02 -o ../out_err/test5Data_SMu_16G_3.stdout -e ../out_err/test5Data_SMu_16G_3.stderr -l walltime=16:00:00    ../Jobs_to_submit/test5Data_SMu_16G_3.sh
44500316.cream02.iihe.ac.be
[1;34mCommand:[0;m qsub -q localgrid@cream02 -o ../out_err/test6Data_SMu_16G_3.stdout -e ../out_err/test6Data_SMu_16G_3.stderr -l walltime=16:00:00    ../Jobs_to_submit/test6Data_SMu_16G_3.sh
44500317.cream02.iihe.ac.be
[1;34mCommand:[0;m qsub -q localgrid@cream02 -o ../out_err/test7Data_SMu_16G_3.stdout -e ../out_err/test7Data_SMu_16G_3.stderr -l walltime=16:00:00    ../Jobs_to_submit/test7Data_SMu_16G_3.sh
44500318.cream02.iihe.ac.be
[1;34mCommand:[0;m qsub -q localgrid@cream02 -o ../out_err/test8Data_SMu_16G_3.stdout -e ../out_err/test8Data_SMu_16G_3.stderr -l walltime=16:00:00    ../Jobs_to_submit/test8Data_SMu_16G_3.sh
44500319.cream02.iihe.ac.be
[1;34mCommand:[0;m qsub -q localgrid@cream02 -o ../out_err/test9Data_SMu_16G_3.stdout -e ../out_err/test9Data_SMu_16G_3.stderr -l walltime=16:00:00    ../Jobs_to_submit/test9Data_SMu_16G_3.sh
44500320.cream02.iihe.ac.be
[1;34mCommand:[0;m qsub -q localgrid@cream02 -o ../out_err/test10Data_SMu_16G_3.stdout -e ../out_err/test10Data_SMu_16G_3.stderr -l walltime=16:00:00    ../Jobs_to_submit/test10Data_SMu_16G_3.sh
44500321.cream02.iihe.ac.be
[1;34mCommand:[0;m qsub -q localgrid@cream02 -o ../out_err/test11Data_SMu_16G_3.stdout -e ../out_err/test11Data_SMu_16G_3.stderr -l walltime=16:00:00    ../Jobs_to_submit/test11Data_SMu_16G_3.sh
44500322.cream02.iihe.ac.be
[1;34mCommand:[0;m qsub -q localgrid@cream02 -o ../out_err/test12Data_SMu_16G_3.stdout -e ../out_err/test12Data_SMu_16G_3.stderr -l walltime=16:00:00    ../Jobs_to_submit/test12Data_SMu_16G_3.sh
44500323.cream02.iihe.ac.be
[1;34mCommand:[0;m qsub -q localgrid@cream02 -o ../out_err/test13Data_SMu_16G_3.stdout -e ../out_err/test13Data_SMu_16G_3.stderr -l walltime=16:00:00    ../Jobs_to_submit/test13Data_SMu_16G_3.sh
44500324.cream02.iihe.ac.be
[1;34mCommand:[0;m qsub -q localgrid@cream02 -o ../out_err/test14Data_SMu_16G_3.stdout -e ../out_err/test14Data_SMu_16G_3.stderr -l walltime=16:00:00    ../Jobs_to_submit/test14Data_SMu_16G_3.sh
44500325.cream02.iihe.ac.be
[1;34mCommand:[0;m qsub -q localgrid@cream02 -o ../out_err/test15Data_SMu_16G_3.stdout -e ../out_err/test15Data_SMu_16G_3.stderr -l walltime=16:00:00    ../Jobs_to_submit/test15Data_SMu_16G_3.sh
44500326.cream02.iihe.ac.be
[1;34mCommand:[0;m qsub -q localgrid@cream02 -o ../out_err/test16Data_SMu_16G_3.stdout -e ../out_err/test16Data_SMu_16G_3.stderr -l walltime=16:00:00    ../Jobs_to_submit/test16Data_SMu_16G_3.sh
44500327.cream02.iihe.ac.be
[1;34mCommand:[0;m qsub -q localgrid@cream02 -o ../out_err/test17Data_SMu_16G_3.stdout -e ../out_err/test17Data_SMu_16G_3.stderr -l walltime=16:00:00    ../Jobs_to_submit/test17Data_SMu_16G_3.sh
44500328.cream02.iihe.ac.be
[1;34mCommand:[0;m qsub -q localgrid@cream02 -o ../out_err/test18Data_SMu_16G_3.stdout -e ../out_err/test18Data_SMu_16G_3.stderr -l walltime=16:00:00    ../Jobs_to_submit/test18Data_SMu_16G_3.sh
44500329.cream02.iihe.ac.be
[1;34mCommand:[0;m qsub -q localgrid@cream02 -o ../out_err/test19Data_SMu_16G_3.stdout -e ../out_err/test19Data_SMu_16G_3.stderr -l walltime=16:00:00    ../Jobs_to_submit/test19Data_SMu_16G_3.sh
44500330.cream02.iihe.ac.be
[1;34mCommand:[0;m qsub -q localgrid@cream02 -o ../out_err/test20Data_SMu_16G_3.stdout -e ../out_err/test20Data_SMu_16G_3.stderr -l walltime=16:00:00    ../Jobs_to_submit/test20Data_SMu_16G_3.sh
44500331.cream02.iihe.ac.be
[1;34mCommand:[0;m qsub -q localgrid@cream02 -o ../out_err/Data_SMu_16G_4.stdout -e ../out_err/Data_SMu_16G_4.stderr -l walltime=16:00:00    ../Jobs_to_submit/Data_SMu_16G_4.sh
44500332.cream02.iihe.ac.be
[1;34mCommand:[0;m qsub -q localgrid@cream02 -o ../out_err/test1Data_SMu_16G_4.stdout -e ../out_err/test1Data_SMu_16G_4.stderr -l walltime=16:00:00    ../Jobs_to_submit/test1Data_SMu_16G_4.sh
44500333.cream02.iihe.ac.be
[1;34mCommand:[0;m qsub -q localgrid@cream02 -o ../out_err/test2Data_SMu_16G_4.stdout -e ../out_err/test2Data_SMu_16G_4.stderr -l walltime=16:00:00    ../Jobs_to_submit/test2Data_SMu_16G_4.sh
44500334.cream02.iihe.ac.be
[1;34mCommand:[0;m qsub -q localgrid@cream02 -o ../out_err/test3Data_SMu_16G_4.stdout -e ../out_err/test3Data_SMu_16G_4.stderr -l walltime=16:00:00    ../Jobs_to_submit/test3Data_SMu_16G_4.sh
44500335.cream02.iihe.ac.be
[1;34mCommand:[0;m qsub -q localgrid@cream02 -o ../out_err/test4Data_SMu_16G_4.stdout -e ../out_err/test4Data_SMu_16G_4.stderr -l walltime=16:00:00    ../Jobs_to_submit/test4Data_SMu_16G_4.sh
44500336.cream02.iihe.ac.be
[1;34mCommand:[0;m qsub -q localgrid@cream02 -o ../out_err/test5Data_SMu_16G_4.stdout -e ../out_err/test5Data_SMu_16G_4.stderr -l walltime=16:00:00    ../Jobs_to_submit/test5Data_SMu_16G_4.sh
44500337.cream02.iihe.ac.be
[1;34mCommand:[0;m qsub -q localgrid@cream02 -o ../out_err/test6Data_SMu_16G_4.stdout -e ../out_err/test6Data_SMu_16G_4.stderr -l walltime=16:00:00    ../Jobs_to_submit/test6Data_SMu_16G_4.sh
44500338.cream02.iihe.ac.be
[1;34mCommand:[0;m qsub -q localgrid@cream02 -o ../out_err/test7Data_SMu_16G_4.stdout -e ../out_err/test7Data_SMu_16G_4.stderr -l walltime=16:00:00    ../Jobs_to_submit/test7Data_SMu_16G_4.sh
44500339.cream02.iihe.ac.be
[1;34mCommand:[0;m qsub -q localgrid@cream02 -o ../out_err/test8Data_SMu_16G_4.stdout -e ../out_err/test8Data_SMu_16G_4.stderr -l walltime=16:00:00    ../Jobs_to_submit/test8Data_SMu_16G_4.sh
44500340.cream02.iihe.ac.be
[1;34mCommand:[0;m qsub -q localgrid@cream02 -o ../out_err/test9Data_SMu_16G_4.stdout -e ../out_err/test9Data_SMu_16G_4.stderr -l walltime=16:00:00    ../Jobs_to_submit/test9Data_SMu_16G_4.sh
44500341.cream02.iihe.ac.be
[1;34mCommand:[0;m qsub -q localgrid@cream02 -o ../out_err/test10Data_SMu_16G_4.stdout -e ../out_err/test10Data_SMu_16G_4.stderr -l walltime=16:00:00    ../Jobs_to_submit/test10Data_SMu_16G_4.sh
44500342.cream02.iihe.ac.be
[1;34mCommand:[0;m qsub -q localgrid@cream02 -o ../out_err/test11Data_SMu_16G_4.stdout -e ../out_err/test11Data_SMu_16G_4.stderr -l walltime=16:00:00    ../Jobs_to_submit/test11Data_SMu_16G_4.sh
44500343.cream02.iihe.ac.be
[1;34mCommand:[0;m qsub -q localgrid@cream02 -o ../out_err/test12Data_SMu_16G_4.stdout -e ../out_err/test12Data_SMu_16G_4.stderr -l walltime=16:00:00    ../Jobs_to_submit/test12Data_SMu_16G_4.sh
44500344.cream02.iihe.ac.be
[1;34mCommand:[0;m qsub -q localgrid@cream02 -o ../out_err/test13Data_SMu_16G_4.stdout -e ../out_err/test13Data_SMu_16G_4.stderr -l walltime=16:00:00    ../Jobs_to_submit/test13Data_SMu_16G_4.sh
44500345.cream02.iihe.ac.be
[1;34mCommand:[0;m qsub -q localgrid@cream02 -o ../out_err/test14Data_SMu_16G_4.stdout -e ../out_err/test14Data_SMu_16G_4.stderr -l walltime=16:00:00    ../Jobs_to_submit/test14Data_SMu_16G_4.sh
44500346.cream02.iihe.ac.be
[1;34mCommand:[0;m qsub -q localgrid@cream02 -o ../out_err/test15Data_SMu_16G_4.stdout -e ../out_err/test15Data_SMu_16G_4.stderr -l walltime=16:00:00    ../Jobs_to_submit/test15Data_SMu_16G_4.sh
44500347.cream02.iihe.ac.be
[1;34mCommand:[0;m qsub -q localgrid@cream02 -o ../out_err/test16Data_SMu_16G_4.stdout -e ../out_err/test16Data_SMu_16G_4.stderr -l walltime=16:00:00    ../Jobs_to_submit/test16Data_SMu_16G_4.sh
44500348.cream02.iihe.ac.be
[1;34mCommand:[0;m qsub -q localgrid@cream02 -o ../out_err/test17Data_SMu_16G_4.stdout -e ../out_err/test17Data_SMu_16G_4.stderr -l walltime=16:00:00    ../Jobs_to_submit/test17Data_SMu_16G_4.sh
44500349.cream02.iihe.ac.be
[1;34mCommand:[0;m qsub -q localgrid@cream02 -o ../out_err/test18Data_SMu_16G_4.stdout -e ../out_err/test18Data_SMu_16G_4.stderr -l walltime=16:00:00    ../Jobs_to_submit/test18Data_SMu_16G_4.sh
44500350.cream02.iihe.ac.be
[1;34mCommand:[0;m qsub -q localgrid@cream02 -o ../out_err/test19Data_SMu_16G_4.stdout -e ../out_err/test19Data_SMu_16G_4.stderr -l walltime=16:00:00    ../Jobs_to_submit/test19Data_SMu_16G_4.sh
44500351.cream02.iihe.ac.be
[1;34mCommand:[0;m qsub -q localgrid@cream02 -o ../out_err/test20Data_SMu_16G_4.stdout -e ../out_err/test20Data_SMu_16G_4.stderr -l walltime=16:00:00    ../Jobs_to_submit/test20Data_SMu_16G_4.sh
44500352.cream02.iihe.ac.be
[1;34mCommand:[0;m qsub -q localgrid@cream02 -o ../out_err/Data_SMu_16G_5.stdout -e ../out_err/Data_SMu_16G_5.stderr -l walltime=16:00:00    ../Jobs_to_submit/Data_SMu_16G_5.sh
44500353.cream02.iihe.ac.be
[1;34mCommand:[0;m qsub -q localgrid@cream02 -o ../out_err/test1Data_SMu_16G_5.stdout -e ../out_err/test1Data_SMu_16G_5.stderr -l walltime=16:00:00    ../Jobs_to_submit/test1Data_SMu_16G_5.sh
44500354.cream02.iihe.ac.be
[1;34mCommand:[0;m qsub -q localgrid@cream02 -o ../out_err/test2Data_SMu_16G_5.stdout -e ../out_err/test2Data_SMu_16G_5.stderr -l walltime=16:00:00    ../Jobs_to_submit/test2Data_SMu_16G_5.sh
44500355.cream02.iihe.ac.be
[1;34mCommand:[0;m qsub -q localgrid@cream02 -o ../out_err/test3Data_SMu_16G_5.stdout -e ../out_err/test3Data_SMu_16G_5.stderr -l walltime=16:00:00    ../Jobs_to_submit/test3Data_SMu_16G_5.sh
44500356.cream02.iihe.ac.be
[1;34mCommand:[0;m qsub -q localgrid@cream02 -o ../out_err/test4Data_SMu_16G_5.stdout -e ../out_err/test4Data_SMu_16G_5.stderr -l walltime=16:00:00    ../Jobs_to_submit/test4Data_SMu_16G_5.sh
44500357.cream02.iihe.ac.be
[1;34mCommand:[0;m qsub -q localgrid@cream02 -o ../out_err/test5Data_SMu_16G_5.stdout -e ../out_err/test5Data_SMu_16G_5.stderr -l walltime=16:00:00    ../Jobs_to_submit/test5Data_SMu_16G_5.sh
44500358.cream02.iihe.ac.be
[1;34mCommand:[0;m qsub -q localgrid@cream02 -o ../out_err/test6Data_SMu_16G_5.stdout -e ../out_err/test6Data_SMu_16G_5.stderr -l walltime=16:00:00    ../Jobs_to_submit/test6Data_SMu_16G_5.sh
44500359.cream02.iihe.ac.be
[1;34mCommand:[0;m qsub -q localgrid@cream02 -o ../out_err/test7Data_SMu_16G_5.stdout -e ../out_err/test7Data_SMu_16G_5.stderr -l walltime=16:00:00    ../Jobs_to_submit/test7Data_SMu_16G_5.sh
44500360.cream02.iihe.ac.be
[1;34mCommand:[0;m qsub -q localgrid@cream02 -o ../out_err/test8Data_SMu_16G_5.stdout -e ../out_err/test8Data_SMu_16G_5.stderr -l walltime=16:00:00    ../Jobs_to_submit/test8Data_SMu_16G_5.sh
44500361.cream02.iihe.ac.be
[1;34mCommand:[0;m qsub -q localgrid@cream02 -o ../out_err/test9Data_SMu_16G_5.stdout -e ../out_err/test9Data_SMu_16G_5.stderr -l walltime=16:00:00    ../Jobs_to_submit/test9Data_SMu_16G_5.sh
44500362.cream02.iihe.ac.be
[1;34mCommand:[0;m qsub -q localgrid@cream02 -o ../out_err/test10Data_SMu_16G_5.stdout -e ../out_err/test10Data_SMu_16G_5.stderr -l walltime=16:00:00    ../Jobs_to_submit/test10Data_SMu_16G_5.sh
44500363.cream02.iihe.ac.be
[1;34mCommand:[0;m qsub -q localgrid@cream02 -o ../out_err/test11Data_SMu_16G_5.stdout -e ../out_err/test11Data_SMu_16G_5.stderr -l walltime=16:00:00    ../Jobs_to_submit/test11Data_SMu_16G_5.sh
44500364.cream02.iihe.ac.be
[1;34mCommand:[0;m qsub -q localgrid@cream02 -o ../out_err/test12Data_SMu_16G_5.stdout -e ../out_err/test12Data_SMu_16G_5.stderr -l walltime=16:00:00    ../Jobs_to_submit/test12Data_SMu_16G_5.sh
44500365.cream02.iihe.ac.be
[1;34mCommand:[0;m qsub -q localgrid@cream02 -o ../out_err/test13Data_SMu_16G_5.stdout -e ../out_err/test13Data_SMu_16G_5.stderr -l walltime=16:00:00    ../Jobs_to_submit/test13Data_SMu_16G_5.sh
44500366.cream02.iihe.ac.be
[1;34mCommand:[0;m qsub -q localgrid@cream02 -o ../out_err/test14Data_SMu_16G_5.stdout -e ../out_err/test14Data_SMu_16G_5.stderr -l walltime=16:00:00    ../Jobs_to_submit/test14Data_SMu_16G_5.sh
44500367.cream02.iihe.ac.be
[1;34mCommand:[0;m qsub -q localgrid@cream02 -o ../out_err/test15Data_SMu_16G_5.stdout -e ../out_err/test15Data_SMu_16G_5.stderr -l walltime=16:00:00    ../Jobs_to_submit/test15Data_SMu_16G_5.sh
44500368.cream02.iihe.ac.be
[1;34mCommand:[0;m qsub -q localgrid@cream02 -o ../out_err/test16Data_SMu_16G_5.stdout -e ../out_err/test16Data_SMu_16G_5.stderr -l walltime=16:00:00    ../Jobs_to_submit/test16Data_SMu_16G_5.sh
44500369.cream02.iihe.ac.be
[1;34mCommand:[0;m qsub -q localgrid@cream02 -o ../out_err/test17Data_SMu_16G_5.stdout -e ../out_err/test17Data_SMu_16G_5.stderr -l walltime=16:00:00    ../Jobs_to_submit/test17Data_SMu_16G_5.sh
44500370.cream02.iihe.ac.be
[1;34mCommand:[0;m qsub -q localgrid@cream02 -o ../out_err/test18Data_SMu_16G_5.stdout -e ../out_err/test18Data_SMu_16G_5.stderr -l walltime=16:00:00    ../Jobs_to_submit/test18Data_SMu_16G_5.sh
44500371.cream02.iihe.ac.be
[1;34mCommand:[0;m qsub -q localgrid@cream02 -o ../out_err/test19Data_SMu_16G_5.stdout -e ../out_err/test19Data_SMu_16G_5.stderr -l walltime=16:00:00    ../Jobs_to_submit/test19Data_SMu_16G_5.sh
44500372.cream02.iihe.ac.be
[1;34mCommand:[0;m qsub -q localgrid@cream02 -o ../out_err/test20Data_SMu_16G_5.stdout -e ../out_err/test20Data_SMu_16G_5.stderr -l walltime=16:00:00    ../Jobs_to_submit/test20Data_SMu_16G_5.sh
44500373.cream02.iihe.ac.be
[1;34mCommand:[0;m qsub -q localgrid@cream02 -o ../out_err/Data_SMu_16G_6.stdout -e ../out_err/Data_SMu_16G_6.stderr -l walltime=16:00:00    ../Jobs_to_submit/Data_SMu_16G_6.sh
44500374.cream02.iihe.ac.be
[1;34mCommand:[0;m qsub -q localgrid@cream02 -o ../out_err/test1Data_SMu_16G_6.stdout -e ../out_err/test1Data_SMu_16G_6.stderr -l walltime=16:00:00    ../Jobs_to_submit/test1Data_SMu_16G_6.sh
44500375.cream02.iihe.ac.be
[1;34mCommand:[0;m qsub -q localgrid@cream02 -o ../out_err/test2Data_SMu_16G_6.stdout -e ../out_err/test2Data_SMu_16G_6.stderr -l walltime=16:00:00    ../Jobs_to_submit/test2Data_SMu_16G_6.sh
44500376.cream02.iihe.ac.be
[1;34mCommand:[0;m qsub -q localgrid@cream02 -o ../out_err/test3Data_SMu_16G_6.stdout -e ../out_err/test3Data_SMu_16G_6.stderr -l walltime=16:00:00    ../Jobs_to_submit/test3Data_SMu_16G_6.sh
44500377.cream02.iihe.ac.be
[1;34mCommand:[0;m qsub -q localgrid@cream02 -o ../out_err/test4Data_SMu_16G_6.stdout -e ../out_err/test4Data_SMu_16G_6.stderr -l walltime=16:00:00    ../Jobs_to_submit/test4Data_SMu_16G_6.sh
44500378.cream02.iihe.ac.be
[1;32m[INFO] [0;m[04/12 18:37] No errors to retry.
[1;32m[INFO] [0;m[04/12 18:37] There's no more jobs to run, exiting !
