[1;32m[INFO] [0;m[23/11 15:48] There are 0 jobs on the cluster and 452 left to run,  sending 452 jobs:
[1;34mCommand:[0;m qsub -q localgrid@cream02 -o ../out_err/test0ZPrime_1000.stdout -e ../out_err/test0ZPrime_1000.stderr -l walltime=13:00:00    ../Jobs_to_submit/test0ZPrime_1000.sh
44385135.cream02.iihe.ac.be
[1;34mCommand:[0;m qsub -q localgrid@cream02 -o ../out_err/test1ZPrime_1000.stdout -e ../out_err/test1ZPrime_1000.stderr -l walltime=13:00:00    ../Jobs_to_submit/test1ZPrime_1000.sh
44385139.cream02.iihe.ac.be
[1;34mCommand:[0;m qsub -q localgrid@cream02 -o ../out_err/test2ZPrime_1000.stdout -e ../out_err/test2ZPrime_1000.stderr -l walltime=13:00:00    ../Jobs_to_submit/test2ZPrime_1000.sh
44385142.cream02.iihe.ac.be
[1;34mCommand:[0;m qsub -q localgrid@cream02 -o ../out_err/test3ZPrime_1000.stdout -e ../out_err/test3ZPrime_1000.stderr -l walltime=13:00:00    ../Jobs_to_submit/test3ZPrime_1000.sh
44385145.cream02.iihe.ac.be
[1;34mCommand:[0;m qsub -q localgrid@cream02 -o ../out_err/test4ZPrime_1000.stdout -e ../out_err/test4ZPrime_1000.stderr -l walltime=13:00:00    ../Jobs_to_submit/test4ZPrime_1000.sh
44385147.cream02.iihe.ac.be
[1;34mCommand:[0;m qsub -q localgrid@cream02 -o ../out_err/test5ZPrime_1000.stdout -e ../out_err/test5ZPrime_1000.stderr -l walltime=13:00:00    ../Jobs_to_submit/test5ZPrime_1000.sh
44385150.cream02.iihe.ac.be
[1;34mCommand:[0;m qsub -q localgrid@cream02 -o ../out_err/test6ZPrime_1000.stdout -e ../out_err/test6ZPrime_1000.stderr -l walltime=13:00:00    ../Jobs_to_submit/test6ZPrime_1000.sh
44385152.cream02.iihe.ac.be
[1;34mCommand:[0;m qsub -q localgrid@cream02 -o ../out_err/test7ZPrime_1000.stdout -e ../out_err/test7ZPrime_1000.stderr -l walltime=13:00:00    ../Jobs_to_submit/test7ZPrime_1000.sh
44385155.cream02.iihe.ac.be
[1;34mCommand:[0;m qsub -q localgrid@cream02 -o ../out_err/test0ZPrime_1100.stdout -e ../out_err/test0ZPrime_1100.stderr -l walltime=13:00:00    ../Jobs_to_submit/test0ZPrime_1100.sh
44385158.cream02.iihe.ac.be
[1;34mCommand:[0;m qsub -q localgrid@cream02 -o ../out_err/test1ZPrime_1100.stdout -e ../out_err/test1ZPrime_1100.stderr -l walltime=13:00:00    ../Jobs_to_submit/test1ZPrime_1100.sh
44385162.cream02.iihe.ac.be
[1;34mCommand:[0;m qsub -q localgrid@cream02 -o ../out_err/test2ZPrime_1100.stdout -e ../out_err/test2ZPrime_1100.stderr -l walltime=13:00:00    ../Jobs_to_submit/test2ZPrime_1100.sh
44385165.cream02.iihe.ac.be
[1;34mCommand:[0;m qsub -q localgrid@cream02 -o ../out_err/test3ZPrime_1100.stdout -e ../out_err/test3ZPrime_1100.stderr -l walltime=13:00:00    ../Jobs_to_submit/test3ZPrime_1100.sh
44385168.cream02.iihe.ac.be
[1;34mCommand:[0;m qsub -q localgrid@cream02 -o ../out_err/test4ZPrime_1100.stdout -e ../out_err/test4ZPrime_1100.stderr -l walltime=13:00:00    ../Jobs_to_submit/test4ZPrime_1100.sh
44385170.cream02.iihe.ac.be
[1;34mCommand:[0;m qsub -q localgrid@cream02 -o ../out_err/test5ZPrime_1100.stdout -e ../out_err/test5ZPrime_1100.stderr -l walltime=13:00:00    ../Jobs_to_submit/test5ZPrime_1100.sh
44385173.cream02.iihe.ac.be
[1;34mCommand:[0;m qsub -q localgrid@cream02 -o ../out_err/test6ZPrime_1100.stdout -e ../out_err/test6ZPrime_1100.stderr -l walltime=13:00:00    ../Jobs_to_submit/test6ZPrime_1100.sh
44385175.cream02.iihe.ac.be
[1;34mCommand:[0;m qsub -q localgrid@cream02 -o ../out_err/test7ZPrime_1100.stdout -e ../out_err/test7ZPrime_1100.stderr -l walltime=13:00:00    ../Jobs_to_submit/test7ZPrime_1100.sh
44385178.cream02.iihe.ac.be
[1;34mCommand:[0;m qsub -q localgrid@cream02 -o ../out_err/test8ZPrime_1100.stdout -e ../out_err/test8ZPrime_1100.stderr -l walltime=13:00:00    ../Jobs_to_submit/test8ZPrime_1100.sh
44385180.cream02.iihe.ac.be
[1;34mCommand:[0;m qsub -q localgrid@cream02 -o ../out_err/test9ZPrime_1100.stdout -e ../out_err/test9ZPrime_1100.stderr -l walltime=13:00:00    ../Jobs_to_submit/test9ZPrime_1100.sh
44385183.cream02.iihe.ac.be
[1;34mCommand:[0;m qsub -q localgrid@cream02 -o ../out_err/test10ZPrime_1100.stdout -e ../out_err/test10ZPrime_1100.stderr -l walltime=13:00:00    ../Jobs_to_submit/test10ZPrime_1100.sh
44385186.cream02.iihe.ac.be
[1;34mCommand:[0;m qsub -q localgrid@cream02 -o ../out_err/test11ZPrime_1100.stdout -e ../out_err/test11ZPrime_1100.stderr -l walltime=13:00:00    ../Jobs_to_submit/test11ZPrime_1100.sh
44385190.cream02.iihe.ac.be
[1;34mCommand:[0;m qsub -q localgrid@cream02 -o ../out_err/test12ZPrime_1100.stdout -e ../out_err/test12ZPrime_1100.stderr -l walltime=13:00:00    ../Jobs_to_submit/test12ZPrime_1100.sh
44385193.cream02.iihe.ac.be
[1;34mCommand:[0;m qsub -q localgrid@cream02 -o ../out_err/test13ZPrime_1100.stdout -e ../out_err/test13ZPrime_1100.stderr -l walltime=13:00:00    ../Jobs_to_submit/test13ZPrime_1100.sh
qsub: Invalid credential
[1;34mCommand:[0;m qsub -q localgrid@cream02 -o ../out_err/test14ZPrime_1100.stdout -e ../out_err/test14ZPrime_1100.stderr -l walltime=13:00:00    ../Jobs_to_submit/test14ZPrime_1100.sh
44385197.cream02.iihe.ac.be
[1;34mCommand:[0;m qsub -q localgrid@cream02 -o ../out_err/test15ZPrime_1100.stdout -e ../out_err/test15ZPrime_1100.stderr -l walltime=13:00:00    ../Jobs_to_submit/test15ZPrime_1100.sh
44385199.cream02.iihe.ac.be
[1;34mCommand:[0;m qsub -q localgrid@cream02 -o ../out_err/test16ZPrime_1100.stdout -e ../out_err/test16ZPrime_1100.stderr -l walltime=13:00:00    ../Jobs_to_submit/test16ZPrime_1100.sh
44385202.cream02.iihe.ac.be
[1;34mCommand:[0;m qsub -q localgrid@cream02 -o ../out_err/test17ZPrime_1100.stdout -e ../out_err/test17ZPrime_1100.stderr -l walltime=13:00:00    ../Jobs_to_submit/test17ZPrime_1100.sh
44385205.cream02.iihe.ac.be
[1;34mCommand:[0;m qsub -q localgrid@cream02 -o ../out_err/test18ZPrime_1100.stdout -e ../out_err/test18ZPrime_1100.stderr -l walltime=13:00:00    ../Jobs_to_submit/test18ZPrime_1100.sh
44385207.cream02.iihe.ac.be
[1;34mCommand:[0;m qsub -q localgrid@cream02 -o ../out_err/test19ZPrime_1100.stdout -e ../out_err/test19ZPrime_1100.stderr -l walltime=13:00:00    ../Jobs_to_submit/test19ZPrime_1100.sh
44385210.cream02.iihe.ac.be
[1;34mCommand:[0;m qsub -q localgrid@cream02 -o ../out_err/test0ZPrime_1200.stdout -e ../out_err/test0ZPrime_1200.stderr -l walltime=13:00:00    ../Jobs_to_submit/test0ZPrime_1200.sh
44385213.cream02.iihe.ac.be
[1;34mCommand:[0;m qsub -q localgrid@cream02 -o ../out_err/test1ZPrime_1200.stdout -e ../out_err/test1ZPrime_1200.stderr -l walltime=13:00:00    ../Jobs_to_submit/test1ZPrime_1200.sh
44385216.cream02.iihe.ac.be
[1;34mCommand:[0;m qsub -q localgrid@cream02 -o ../out_err/test2ZPrime_1200.stdout -e ../out_err/test2ZPrime_1200.stderr -l walltime=13:00:00    ../Jobs_to_submit/test2ZPrime_1200.sh
44385218.cream02.iihe.ac.be
[1;34mCommand:[0;m qsub -q localgrid@cream02 -o ../out_err/test3ZPrime_1200.stdout -e ../out_err/test3ZPrime_1200.stderr -l walltime=13:00:00    ../Jobs_to_submit/test3ZPrime_1200.sh
44385222.cream02.iihe.ac.be
[1;34mCommand:[0;m qsub -q localgrid@cream02 -o ../out_err/test4ZPrime_1200.stdout -e ../out_err/test4ZPrime_1200.stderr -l walltime=13:00:00    ../Jobs_to_submit/test4ZPrime_1200.sh
44385225.cream02.iihe.ac.be
[1;34mCommand:[0;m qsub -q localgrid@cream02 -o ../out_err/test5ZPrime_1200.stdout -e ../out_err/test5ZPrime_1200.stderr -l walltime=13:00:00    ../Jobs_to_submit/test5ZPrime_1200.sh
44385227.cream02.iihe.ac.be
[1;34mCommand:[0;m qsub -q localgrid@cream02 -o ../out_err/test6ZPrime_1200.stdout -e ../out_err/test6ZPrime_1200.stderr -l walltime=13:00:00    ../Jobs_to_submit/test6ZPrime_1200.sh
44385230.cream02.iihe.ac.be
[1;34mCommand:[0;m qsub -q localgrid@cream02 -o ../out_err/test7ZPrime_1200.stdout -e ../out_err/test7ZPrime_1200.stderr -l walltime=13:00:00    ../Jobs_to_submit/test7ZPrime_1200.sh
44385232.cream02.iihe.ac.be
[1;34mCommand:[0;m qsub -q localgrid@cream02 -o ../out_err/test0ZPrime_1300.stdout -e ../out_err/test0ZPrime_1300.stderr -l walltime=13:00:00    ../Jobs_to_submit/test0ZPrime_1300.sh
44385235.cream02.iihe.ac.be
[1;34mCommand:[0;m qsub -q localgrid@cream02 -o ../out_err/test1ZPrime_1300.stdout -e ../out_err/test1ZPrime_1300.stderr -l walltime=13:00:00    ../Jobs_to_submit/test1ZPrime_1300.sh
44385238.cream02.iihe.ac.be
[1;34mCommand:[0;m qsub -q localgrid@cream02 -o ../out_err/test2ZPrime_1300.stdout -e ../out_err/test2ZPrime_1300.stderr -l walltime=13:00:00    ../Jobs_to_submit/test2ZPrime_1300.sh
44385241.cream02.iihe.ac.be
[1;34mCommand:[0;m qsub -q localgrid@cream02 -o ../out_err/test3ZPrime_1300.stdout -e ../out_err/test3ZPrime_1300.stderr -l walltime=13:00:00    ../Jobs_to_submit/test3ZPrime_1300.sh
44385244.cream02.iihe.ac.be
[1;34mCommand:[0;m qsub -q localgrid@cream02 -o ../out_err/test4ZPrime_1300.stdout -e ../out_err/test4ZPrime_1300.stderr -l walltime=13:00:00    ../Jobs_to_submit/test4ZPrime_1300.sh
44385246.cream02.iihe.ac.be
[1;34mCommand:[0;m qsub -q localgrid@cream02 -o ../out_err/test5ZPrime_1300.stdout -e ../out_err/test5ZPrime_1300.stderr -l walltime=13:00:00    ../Jobs_to_submit/test5ZPrime_1300.sh
qsub: Invalid credential
[1;34mCommand:[0;m qsub -q localgrid@cream02 -o ../out_err/test6ZPrime_1300.stdout -e ../out_err/test6ZPrime_1300.stderr -l walltime=13:00:00    ../Jobs_to_submit/test6ZPrime_1300.sh
44385250.cream02.iihe.ac.be
[1;34mCommand:[0;m qsub -q localgrid@cream02 -o ../out_err/test7ZPrime_1300.stdout -e ../out_err/test7ZPrime_1300.stderr -l walltime=13:00:00    ../Jobs_to_submit/test7ZPrime_1300.sh
44385252.cream02.iihe.ac.be
[1;34mCommand:[0;m qsub -q localgrid@cream02 -o ../out_err/test8ZPrime_1300.stdout -e ../out_err/test8ZPrime_1300.stderr -l walltime=13:00:00    ../Jobs_to_submit/test8ZPrime_1300.sh
44385256.cream02.iihe.ac.be
[1;34mCommand:[0;m qsub -q localgrid@cream02 -o ../out_err/test9ZPrime_1300.stdout -e ../out_err/test9ZPrime_1300.stderr -l walltime=13:00:00    ../Jobs_to_submit/test9ZPrime_1300.sh
44385258.cream02.iihe.ac.be
[1;34mCommand:[0;m qsub -q localgrid@cream02 -o ../out_err/test10ZPrime_1300.stdout -e ../out_err/test10ZPrime_1300.stderr -l walltime=13:00:00    ../Jobs_to_submit/test10ZPrime_1300.sh
44385261.cream02.iihe.ac.be
[1;34mCommand:[0;m qsub -q localgrid@cream02 -o ../out_err/test11ZPrime_1300.stdout -e ../out_err/test11ZPrime_1300.stderr -l walltime=13:00:00    ../Jobs_to_submit/test11ZPrime_1300.sh
44385264.cream02.iihe.ac.be
[1;34mCommand:[0;m qsub -q localgrid@cream02 -o ../out_err/test12ZPrime_1300.stdout -e ../out_err/test12ZPrime_1300.stderr -l walltime=13:00:00    ../Jobs_to_submit/test12ZPrime_1300.sh
44385266.cream02.iihe.ac.be
[1;34mCommand:[0;m qsub -q localgrid@cream02 -o ../out_err/test13ZPrime_1300.stdout -e ../out_err/test13ZPrime_1300.stderr -l walltime=13:00:00    ../Jobs_to_submit/test13ZPrime_1300.sh
44385268.cream02.iihe.ac.be
[1;34mCommand:[0;m qsub -q localgrid@cream02 -o ../out_err/test14ZPrime_1300.stdout -e ../out_err/test14ZPrime_1300.stderr -l walltime=13:00:00    ../Jobs_to_submit/test14ZPrime_1300.sh
44385271.cream02.iihe.ac.be
[1;34mCommand:[0;m qsub -q localgrid@cream02 -o ../out_err/test15ZPrime_1300.stdout -e ../out_err/test15ZPrime_1300.stderr -l walltime=13:00:00    ../Jobs_to_submit/test15ZPrime_1300.sh
44385275.cream02.iihe.ac.be
[1;34mCommand:[0;m qsub -q localgrid@cream02 -o ../out_err/test16ZPrime_1300.stdout -e ../out_err/test16ZPrime_1300.stderr -l walltime=13:00:00    ../Jobs_to_submit/test16ZPrime_1300.sh
44385278.cream02.iihe.ac.be
[1;34mCommand:[0;m qsub -q localgrid@cream02 -o ../out_err/test17ZPrime_1300.stdout -e ../out_err/test17ZPrime_1300.stderr -l walltime=13:00:00    ../Jobs_to_submit/test17ZPrime_1300.sh
44385281.cream02.iihe.ac.be
[1;34mCommand:[0;m qsub -q localgrid@cream02 -o ../out_err/test0ZPrime_1400.stdout -e ../out_err/test0ZPrime_1400.stderr -l walltime=13:00:00    ../Jobs_to_submit/test0ZPrime_1400.sh
44385283.cream02.iihe.ac.be
[1;34mCommand:[0;m qsub -q localgrid@cream02 -o ../out_err/test1ZPrime_1400.stdout -e ../out_err/test1ZPrime_1400.stderr -l walltime=13:00:00    ../Jobs_to_submit/test1ZPrime_1400.sh
44385286.cream02.iihe.ac.be
[1;34mCommand:[0;m qsub -q localgrid@cream02 -o ../out_err/test2ZPrime_1400.stdout -e ../out_err/test2ZPrime_1400.stderr -l walltime=13:00:00    ../Jobs_to_submit/test2ZPrime_1400.sh
44385289.cream02.iihe.ac.be
[1;34mCommand:[0;m qsub -q localgrid@cream02 -o ../out_err/test3ZPrime_1400.stdout -e ../out_err/test3ZPrime_1400.stderr -l walltime=13:00:00    ../Jobs_to_submit/test3ZPrime_1400.sh
44385292.cream02.iihe.ac.be
[1;34mCommand:[0;m qsub -q localgrid@cream02 -o ../out_err/test4ZPrime_1400.stdout -e ../out_err/test4ZPrime_1400.stderr -l walltime=13:00:00    ../Jobs_to_submit/test4ZPrime_1400.sh
44385295.cream02.iihe.ac.be
[1;34mCommand:[0;m qsub -q localgrid@cream02 -o ../out_err/test5ZPrime_1400.stdout -e ../out_err/test5ZPrime_1400.stderr -l walltime=13:00:00    ../Jobs_to_submit/test5ZPrime_1400.sh
44385298.cream02.iihe.ac.be
[1;34mCommand:[0;m qsub -q localgrid@cream02 -o ../out_err/test6ZPrime_1400.stdout -e ../out_err/test6ZPrime_1400.stderr -l walltime=13:00:00    ../Jobs_to_submit/test6ZPrime_1400.sh
44385300.cream02.iihe.ac.be
[1;34mCommand:[0;m qsub -q localgrid@cream02 -o ../out_err/test7ZPrime_1400.stdout -e ../out_err/test7ZPrime_1400.stderr -l walltime=13:00:00    ../Jobs_to_submit/test7ZPrime_1400.sh
44385303.cream02.iihe.ac.be
[1;34mCommand:[0;m qsub -q localgrid@cream02 -o ../out_err/test8ZPrime_1400.stdout -e ../out_err/test8ZPrime_1400.stderr -l walltime=13:00:00    ../Jobs_to_submit/test8ZPrime_1400.sh
44385306.cream02.iihe.ac.be
[1;34mCommand:[0;m qsub -q localgrid@cream02 -o ../out_err/test9ZPrime_1400.stdout -e ../out_err/test9ZPrime_1400.stderr -l walltime=13:00:00    ../Jobs_to_submit/test9ZPrime_1400.sh
44385309.cream02.iihe.ac.be
[1;34mCommand:[0;m qsub -q localgrid@cream02 -o ../out_err/test10ZPrime_1400.stdout -e ../out_err/test10ZPrime_1400.stderr -l walltime=13:00:00    ../Jobs_to_submit/test10ZPrime_1400.sh
44385311.cream02.iihe.ac.be
[1;34mCommand:[0;m qsub -q localgrid@cream02 -o ../out_err/test11ZPrime_1400.stdout -e ../out_err/test11ZPrime_1400.stderr -l walltime=13:00:00    ../Jobs_to_submit/test11ZPrime_1400.sh
44385313.cream02.iihe.ac.be
[1;34mCommand:[0;m qsub -q localgrid@cream02 -o ../out_err/test12ZPrime_1400.stdout -e ../out_err/test12ZPrime_1400.stderr -l walltime=13:00:00    ../Jobs_to_submit/test12ZPrime_1400.sh
44385316.cream02.iihe.ac.be
[1;34mCommand:[0;m qsub -q localgrid@cream02 -o ../out_err/test13ZPrime_1400.stdout -e ../out_err/test13ZPrime_1400.stderr -l walltime=13:00:00    ../Jobs_to_submit/test13ZPrime_1400.sh
44385318.cream02.iihe.ac.be
[1;34mCommand:[0;m qsub -q localgrid@cream02 -o ../out_err/test14ZPrime_1400.stdout -e ../out_err/test14ZPrime_1400.stderr -l walltime=13:00:00    ../Jobs_to_submit/test14ZPrime_1400.sh
44385321.cream02.iihe.ac.be
[1;34mCommand:[0;m qsub -q localgrid@cream02 -o ../out_err/test0ZPrime_1500.stdout -e ../out_err/test0ZPrime_1500.stderr -l walltime=13:00:00    ../Jobs_to_submit/test0ZPrime_1500.sh
44385324.cream02.iihe.ac.be
[1;34mCommand:[0;m qsub -q localgrid@cream02 -o ../out_err/test1ZPrime_1500.stdout -e ../out_err/test1ZPrime_1500.stderr -l walltime=13:00:00    ../Jobs_to_submit/test1ZPrime_1500.sh
44385326.cream02.iihe.ac.be
[1;34mCommand:[0;m qsub -q localgrid@cream02 -o ../out_err/test2ZPrime_1500.stdout -e ../out_err/test2ZPrime_1500.stderr -l walltime=13:00:00    ../Jobs_to_submit/test2ZPrime_1500.sh
44385329.cream02.iihe.ac.be
[1;34mCommand:[0;m qsub -q localgrid@cream02 -o ../out_err/test3ZPrime_1500.stdout -e ../out_err/test3ZPrime_1500.stderr -l walltime=13:00:00    ../Jobs_to_submit/test3ZPrime_1500.sh
44385332.cream02.iihe.ac.be
[1;34mCommand:[0;m qsub -q localgrid@cream02 -o ../out_err/test4ZPrime_1500.stdout -e ../out_err/test4ZPrime_1500.stderr -l walltime=13:00:00    ../Jobs_to_submit/test4ZPrime_1500.sh
44385334.cream02.iihe.ac.be
[1;34mCommand:[0;m qsub -q localgrid@cream02 -o ../out_err/test5ZPrime_1500.stdout -e ../out_err/test5ZPrime_1500.stderr -l walltime=13:00:00    ../Jobs_to_submit/test5ZPrime_1500.sh
44385335.cream02.iihe.ac.be
[1;34mCommand:[0;m qsub -q localgrid@cream02 -o ../out_err/test6ZPrime_1500.stdout -e ../out_err/test6ZPrime_1500.stderr -l walltime=13:00:00    ../Jobs_to_submit/test6ZPrime_1500.sh
44385336.cream02.iihe.ac.be
[1;34mCommand:[0;m qsub -q localgrid@cream02 -o ../out_err/test7ZPrime_1500.stdout -e ../out_err/test7ZPrime_1500.stderr -l walltime=13:00:00    ../Jobs_to_submit/test7ZPrime_1500.sh
44385337.cream02.iihe.ac.be
[1;34mCommand:[0;m qsub -q localgrid@cream02 -o ../out_err/test8ZPrime_1500.stdout -e ../out_err/test8ZPrime_1500.stderr -l walltime=13:00:00    ../Jobs_to_submit/test8ZPrime_1500.sh
44385338.cream02.iihe.ac.be
[1;34mCommand:[0;m qsub -q localgrid@cream02 -o ../out_err/test9ZPrime_1500.stdout -e ../out_err/test9ZPrime_1500.stderr -l walltime=13:00:00    ../Jobs_to_submit/test9ZPrime_1500.sh
44385339.cream02.iihe.ac.be
[1;34mCommand:[0;m qsub -q localgrid@cream02 -o ../out_err/test10ZPrime_1500.stdout -e ../out_err/test10ZPrime_1500.stderr -l walltime=13:00:00    ../Jobs_to_submit/test10ZPrime_1500.sh
44385340.cream02.iihe.ac.be
[1;34mCommand:[0;m qsub -q localgrid@cream02 -o ../out_err/test11ZPrime_1500.stdout -e ../out_err/test11ZPrime_1500.stderr -l walltime=13:00:00    ../Jobs_to_submit/test11ZPrime_1500.sh
44385341.cream02.iihe.ac.be
[1;34mCommand:[0;m qsub -q localgrid@cream02 -o ../out_err/test12ZPrime_1500.stdout -e ../out_err/test12ZPrime_1500.stderr -l walltime=13:00:00    ../Jobs_to_submit/test12ZPrime_1500.sh
44385342.cream02.iihe.ac.be
[1;34mCommand:[0;m qsub -q localgrid@cream02 -o ../out_err/test13ZPrime_1500.stdout -e ../out_err/test13ZPrime_1500.stderr -l walltime=13:00:00    ../Jobs_to_submit/test13ZPrime_1500.sh
44385343.cream02.iihe.ac.be
[1;34mCommand:[0;m qsub -q localgrid@cream02 -o ../out_err/test14ZPrime_1500.stdout -e ../out_err/test14ZPrime_1500.stderr -l walltime=13:00:00    ../Jobs_to_submit/test14ZPrime_1500.sh
44385344.cream02.iihe.ac.be
[1;34mCommand:[0;m qsub -q localgrid@cream02 -o ../out_err/test15ZPrime_1500.stdout -e ../out_err/test15ZPrime_1500.stderr -l walltime=13:00:00    ../Jobs_to_submit/test15ZPrime_1500.sh
44385345.cream02.iihe.ac.be
[1;34mCommand:[0;m qsub -q localgrid@cream02 -o ../out_err/test16ZPrime_1500.stdout -e ../out_err/test16ZPrime_1500.stderr -l walltime=13:00:00    ../Jobs_to_submit/test16ZPrime_1500.sh
44385346.cream02.iihe.ac.be
[1;34mCommand:[0;m qsub -q localgrid@cream02 -o ../out_err/test17ZPrime_1500.stdout -e ../out_err/test17ZPrime_1500.stderr -l walltime=13:00:00    ../Jobs_to_submit/test17ZPrime_1500.sh
44385347.cream02.iihe.ac.be
[1;34mCommand:[0;m qsub -q localgrid@cream02 -o ../out_err/test18ZPrime_1500.stdout -e ../out_err/test18ZPrime_1500.stderr -l walltime=13:00:00    ../Jobs_to_submit/test18ZPrime_1500.sh
44385348.cream02.iihe.ac.be
[1;34mCommand:[0;m qsub -q localgrid@cream02 -o ../out_err/test19ZPrime_1500.stdout -e ../out_err/test19ZPrime_1500.stderr -l walltime=13:00:00    ../Jobs_to_submit/test19ZPrime_1500.sh
44385350.cream02.iihe.ac.be
[1;34mCommand:[0;m qsub -q localgrid@cream02 -o ../out_err/test20ZPrime_1500.stdout -e ../out_err/test20ZPrime_1500.stderr -l walltime=13:00:00    ../Jobs_to_submit/test20ZPrime_1500.sh
44385353.cream02.iihe.ac.be
[1;34mCommand:[0;m qsub -q localgrid@cream02 -o ../out_err/test21ZPrime_1500.stdout -e ../out_err/test21ZPrime_1500.stderr -l walltime=13:00:00    ../Jobs_to_submit/test21ZPrime_1500.sh
44385356.cream02.iihe.ac.be
[1;34mCommand:[0;m qsub -q localgrid@cream02 -o ../out_err/test22ZPrime_1500.stdout -e ../out_err/test22ZPrime_1500.stderr -l walltime=13:00:00    ../Jobs_to_submit/test22ZPrime_1500.sh
44385359.cream02.iihe.ac.be
[1;34mCommand:[0;m qsub -q localgrid@cream02 -o ../out_err/test0ZPrime_1600.stdout -e ../out_err/test0ZPrime_1600.stderr -l walltime=13:00:00    ../Jobs_to_submit/test0ZPrime_1600.sh
44385361.cream02.iihe.ac.be
[1;34mCommand:[0;m qsub -q localgrid@cream02 -o ../out_err/test1ZPrime_1600.stdout -e ../out_err/test1ZPrime_1600.stderr -l walltime=13:00:00    ../Jobs_to_submit/test1ZPrime_1600.sh
44385364.cream02.iihe.ac.be
[1;34mCommand:[0;m qsub -q localgrid@cream02 -o ../out_err/test2ZPrime_1600.stdout -e ../out_err/test2ZPrime_1600.stderr -l walltime=13:00:00    ../Jobs_to_submit/test2ZPrime_1600.sh
44385366.cream02.iihe.ac.be
[1;34mCommand:[0;m qsub -q localgrid@cream02 -o ../out_err/test3ZPrime_1600.stdout -e ../out_err/test3ZPrime_1600.stderr -l walltime=13:00:00    ../Jobs_to_submit/test3ZPrime_1600.sh
44385369.cream02.iihe.ac.be
[1;34mCommand:[0;m qsub -q localgrid@cream02 -o ../out_err/test4ZPrime_1600.stdout -e ../out_err/test4ZPrime_1600.stderr -l walltime=13:00:00    ../Jobs_to_submit/test4ZPrime_1600.sh
44385371.cream02.iihe.ac.be
[1;34mCommand:[0;m qsub -q localgrid@cream02 -o ../out_err/test5ZPrime_1600.stdout -e ../out_err/test5ZPrime_1600.stderr -l walltime=13:00:00    ../Jobs_to_submit/test5ZPrime_1600.sh
44385374.cream02.iihe.ac.be
[1;34mCommand:[0;m qsub -q localgrid@cream02 -o ../out_err/test6ZPrime_1600.stdout -e ../out_err/test6ZPrime_1600.stderr -l walltime=13:00:00    ../Jobs_to_submit/test6ZPrime_1600.sh
44385378.cream02.iihe.ac.be
[1;34mCommand:[0;m qsub -q localgrid@cream02 -o ../out_err/test7ZPrime_1600.stdout -e ../out_err/test7ZPrime_1600.stderr -l walltime=13:00:00    ../Jobs_to_submit/test7ZPrime_1600.sh
44385382.cream02.iihe.ac.be
[1;34mCommand:[0;m qsub -q localgrid@cream02 -o ../out_err/test8ZPrime_1600.stdout -e ../out_err/test8ZPrime_1600.stderr -l walltime=13:00:00    ../Jobs_to_submit/test8ZPrime_1600.sh
44385385.cream02.iihe.ac.be
[1;34mCommand:[0;m qsub -q localgrid@cream02 -o ../out_err/test9ZPrime_1600.stdout -e ../out_err/test9ZPrime_1600.stderr -l walltime=13:00:00    ../Jobs_to_submit/test9ZPrime_1600.sh
44385388.cream02.iihe.ac.be
[1;34mCommand:[0;m qsub -q localgrid@cream02 -o ../out_err/test10ZPrime_1600.stdout -e ../out_err/test10ZPrime_1600.stderr -l walltime=13:00:00    ../Jobs_to_submit/test10ZPrime_1600.sh
44385391.cream02.iihe.ac.be
[1;34mCommand:[0;m qsub -q localgrid@cream02 -o ../out_err/test11ZPrime_1600.stdout -e ../out_err/test11ZPrime_1600.stderr -l walltime=13:00:00    ../Jobs_to_submit/test11ZPrime_1600.sh
44385393.cream02.iihe.ac.be
[1;34mCommand:[0;m qsub -q localgrid@cream02 -o ../out_err/test12ZPrime_1600.stdout -e ../out_err/test12ZPrime_1600.stderr -l walltime=13:00:00    ../Jobs_to_submit/test12ZPrime_1600.sh
44385397.cream02.iihe.ac.be
[1;34mCommand:[0;m qsub -q localgrid@cream02 -o ../out_err/test13ZPrime_1600.stdout -e ../out_err/test13ZPrime_1600.stderr -l walltime=13:00:00    ../Jobs_to_submit/test13ZPrime_1600.sh
44385399.cream02.iihe.ac.be
[1;34mCommand:[0;m qsub -q localgrid@cream02 -o ../out_err/test14ZPrime_1600.stdout -e ../out_err/test14ZPrime_1600.stderr -l walltime=13:00:00    ../Jobs_to_submit/test14ZPrime_1600.sh
44385402.cream02.iihe.ac.be
[1;34mCommand:[0;m qsub -q localgrid@cream02 -o ../out_err/test15ZPrime_1600.stdout -e ../out_err/test15ZPrime_1600.stderr -l walltime=13:00:00    ../Jobs_to_submit/test15ZPrime_1600.sh
44385404.cream02.iihe.ac.be
[1;34mCommand:[0;m qsub -q localgrid@cream02 -o ../out_err/test16ZPrime_1600.stdout -e ../out_err/test16ZPrime_1600.stderr -l walltime=13:00:00    ../Jobs_to_submit/test16ZPrime_1600.sh
44385407.cream02.iihe.ac.be
[1;34mCommand:[0;m qsub -q localgrid@cream02 -o ../out_err/test17ZPrime_1600.stdout -e ../out_err/test17ZPrime_1600.stderr -l walltime=13:00:00    ../Jobs_to_submit/test17ZPrime_1600.sh
44385408.cream02.iihe.ac.be
[1;34mCommand:[0;m qsub -q localgrid@cream02 -o ../out_err/test18ZPrime_1600.stdout -e ../out_err/test18ZPrime_1600.stderr -l walltime=13:00:00    ../Jobs_to_submit/test18ZPrime_1600.sh
44385409.cream02.iihe.ac.be
[1;34mCommand:[0;m qsub -q localgrid@cream02 -o ../out_err/test19ZPrime_1600.stdout -e ../out_err/test19ZPrime_1600.stderr -l walltime=13:00:00    ../Jobs_to_submit/test19ZPrime_1600.sh
44385410.cream02.iihe.ac.be
[1;34mCommand:[0;m qsub -q localgrid@cream02 -o ../out_err/test0ZPrime_1700.stdout -e ../out_err/test0ZPrime_1700.stderr -l walltime=13:00:00    ../Jobs_to_submit/test0ZPrime_1700.sh
44385411.cream02.iihe.ac.be
[1;34mCommand:[0;m qsub -q localgrid@cream02 -o ../out_err/test1ZPrime_1700.stdout -e ../out_err/test1ZPrime_1700.stderr -l walltime=13:00:00    ../Jobs_to_submit/test1ZPrime_1700.sh
44385412.cream02.iihe.ac.be
[1;34mCommand:[0;m qsub -q localgrid@cream02 -o ../out_err/test2ZPrime_1700.stdout -e ../out_err/test2ZPrime_1700.stderr -l walltime=13:00:00    ../Jobs_to_submit/test2ZPrime_1700.sh
44385413.cream02.iihe.ac.be
[1;34mCommand:[0;m qsub -q localgrid@cream02 -o ../out_err/test3ZPrime_1700.stdout -e ../out_err/test3ZPrime_1700.stderr -l walltime=13:00:00    ../Jobs_to_submit/test3ZPrime_1700.sh
44385414.cream02.iihe.ac.be
[1;34mCommand:[0;m qsub -q localgrid@cream02 -o ../out_err/test4ZPrime_1700.stdout -e ../out_err/test4ZPrime_1700.stderr -l walltime=13:00:00    ../Jobs_to_submit/test4ZPrime_1700.sh
44385415.cream02.iihe.ac.be
[1;34mCommand:[0;m qsub -q localgrid@cream02 -o ../out_err/test5ZPrime_1700.stdout -e ../out_err/test5ZPrime_1700.stderr -l walltime=13:00:00    ../Jobs_to_submit/test5ZPrime_1700.sh
44385416.cream02.iihe.ac.be
[1;34mCommand:[0;m qsub -q localgrid@cream02 -o ../out_err/test6ZPrime_1700.stdout -e ../out_err/test6ZPrime_1700.stderr -l walltime=13:00:00    ../Jobs_to_submit/test6ZPrime_1700.sh
44385417.cream02.iihe.ac.be
[1;34mCommand:[0;m qsub -q localgrid@cream02 -o ../out_err/test7ZPrime_1700.stdout -e ../out_err/test7ZPrime_1700.stderr -l walltime=13:00:00    ../Jobs_to_submit/test7ZPrime_1700.sh
44385418.cream02.iihe.ac.be
[1;34mCommand:[0;m qsub -q localgrid@cream02 -o ../out_err/test8ZPrime_1700.stdout -e ../out_err/test8ZPrime_1700.stderr -l walltime=13:00:00    ../Jobs_to_submit/test8ZPrime_1700.sh
44385419.cream02.iihe.ac.be
[1;34mCommand:[0;m qsub -q localgrid@cream02 -o ../out_err/test9ZPrime_1700.stdout -e ../out_err/test9ZPrime_1700.stderr -l walltime=13:00:00    ../Jobs_to_submit/test9ZPrime_1700.sh
44385420.cream02.iihe.ac.be
[1;34mCommand:[0;m qsub -q localgrid@cream02 -o ../out_err/test10ZPrime_1700.stdout -e ../out_err/test10ZPrime_1700.stderr -l walltime=13:00:00    ../Jobs_to_submit/test10ZPrime_1700.sh
44385421.cream02.iihe.ac.be
[1;34mCommand:[0;m qsub -q localgrid@cream02 -o ../out_err/test11ZPrime_1700.stdout -e ../out_err/test11ZPrime_1700.stderr -l walltime=13:00:00    ../Jobs_to_submit/test11ZPrime_1700.sh
44385422.cream02.iihe.ac.be
[1;34mCommand:[0;m qsub -q localgrid@cream02 -o ../out_err/test12ZPrime_1700.stdout -e ../out_err/test12ZPrime_1700.stderr -l walltime=13:00:00    ../Jobs_to_submit/test12ZPrime_1700.sh
44385423.cream02.iihe.ac.be
[1;34mCommand:[0;m qsub -q localgrid@cream02 -o ../out_err/test13ZPrime_1700.stdout -e ../out_err/test13ZPrime_1700.stderr -l walltime=13:00:00    ../Jobs_to_submit/test13ZPrime_1700.sh
44385426.cream02.iihe.ac.be
[1;34mCommand:[0;m qsub -q localgrid@cream02 -o ../out_err/test14ZPrime_1700.stdout -e ../out_err/test14ZPrime_1700.stderr -l walltime=13:00:00    ../Jobs_to_submit/test14ZPrime_1700.sh
44385428.cream02.iihe.ac.be
[1;34mCommand:[0;m qsub -q localgrid@cream02 -o ../out_err/test15ZPrime_1700.stdout -e ../out_err/test15ZPrime_1700.stderr -l walltime=13:00:00    ../Jobs_to_submit/test15ZPrime_1700.sh
44385432.cream02.iihe.ac.be
[1;34mCommand:[0;m qsub -q localgrid@cream02 -o ../out_err/test16ZPrime_1700.stdout -e ../out_err/test16ZPrime_1700.stderr -l walltime=13:00:00    ../Jobs_to_submit/test16ZPrime_1700.sh
44385436.cream02.iihe.ac.be
[1;34mCommand:[0;m qsub -q localgrid@cream02 -o ../out_err/test17ZPrime_1700.stdout -e ../out_err/test17ZPrime_1700.stderr -l walltime=13:00:00    ../Jobs_to_submit/test17ZPrime_1700.sh
44385439.cream02.iihe.ac.be
[1;34mCommand:[0;m qsub -q localgrid@cream02 -o ../out_err/test18ZPrime_1700.stdout -e ../out_err/test18ZPrime_1700.stderr -l walltime=13:00:00    ../Jobs_to_submit/test18ZPrime_1700.sh
44385442.cream02.iihe.ac.be
[1;34mCommand:[0;m qsub -q localgrid@cream02 -o ../out_err/test19ZPrime_1700.stdout -e ../out_err/test19ZPrime_1700.stderr -l walltime=13:00:00    ../Jobs_to_submit/test19ZPrime_1700.sh
44385444.cream02.iihe.ac.be
[1;34mCommand:[0;m qsub -q localgrid@cream02 -o ../out_err/test20ZPrime_1700.stdout -e ../out_err/test20ZPrime_1700.stderr -l walltime=13:00:00    ../Jobs_to_submit/test20ZPrime_1700.sh
44385447.cream02.iihe.ac.be
[1;34mCommand:[0;m qsub -q localgrid@cream02 -o ../out_err/test21ZPrime_1700.stdout -e ../out_err/test21ZPrime_1700.stderr -l walltime=13:00:00    ../Jobs_to_submit/test21ZPrime_1700.sh
44385450.cream02.iihe.ac.be
[1;34mCommand:[0;m qsub -q localgrid@cream02 -o ../out_err/test22ZPrime_1700.stdout -e ../out_err/test22ZPrime_1700.stderr -l walltime=13:00:00    ../Jobs_to_submit/test22ZPrime_1700.sh
44385453.cream02.iihe.ac.be
[1;34mCommand:[0;m qsub -q localgrid@cream02 -o ../out_err/test23ZPrime_1700.stdout -e ../out_err/test23ZPrime_1700.stderr -l walltime=13:00:00    ../Jobs_to_submit/test23ZPrime_1700.sh
44385456.cream02.iihe.ac.be
[1;34mCommand:[0;m qsub -q localgrid@cream02 -o ../out_err/test24ZPrime_1700.stdout -e ../out_err/test24ZPrime_1700.stderr -l walltime=13:00:00    ../Jobs_to_submit/test24ZPrime_1700.sh
44385459.cream02.iihe.ac.be
[1;34mCommand:[0;m qsub -q localgrid@cream02 -o ../out_err/test0ZPrime_1800.stdout -e ../out_err/test0ZPrime_1800.stderr -l walltime=13:00:00    ../Jobs_to_submit/test0ZPrime_1800.sh
44385463.cream02.iihe.ac.be
[1;34mCommand:[0;m qsub -q localgrid@cream02 -o ../out_err/test1ZPrime_1800.stdout -e ../out_err/test1ZPrime_1800.stderr -l walltime=13:00:00    ../Jobs_to_submit/test1ZPrime_1800.sh
44385465.cream02.iihe.ac.be
[1;34mCommand:[0;m qsub -q localgrid@cream02 -o ../out_err/test2ZPrime_1800.stdout -e ../out_err/test2ZPrime_1800.stderr -l walltime=13:00:00    ../Jobs_to_submit/test2ZPrime_1800.sh
44385468.cream02.iihe.ac.be
[1;34mCommand:[0;m qsub -q localgrid@cream02 -o ../out_err/test3ZPrime_1800.stdout -e ../out_err/test3ZPrime_1800.stderr -l walltime=13:00:00    ../Jobs_to_submit/test3ZPrime_1800.sh
44385471.cream02.iihe.ac.be
[1;34mCommand:[0;m qsub -q localgrid@cream02 -o ../out_err/test4ZPrime_1800.stdout -e ../out_err/test4ZPrime_1800.stderr -l walltime=13:00:00    ../Jobs_to_submit/test4ZPrime_1800.sh
44385474.cream02.iihe.ac.be
[1;34mCommand:[0;m qsub -q localgrid@cream02 -o ../out_err/test5ZPrime_1800.stdout -e ../out_err/test5ZPrime_1800.stderr -l walltime=13:00:00    ../Jobs_to_submit/test5ZPrime_1800.sh
44385476.cream02.iihe.ac.be
[1;34mCommand:[0;m qsub -q localgrid@cream02 -o ../out_err/test6ZPrime_1800.stdout -e ../out_err/test6ZPrime_1800.stderr -l walltime=13:00:00    ../Jobs_to_submit/test6ZPrime_1800.sh
44385479.cream02.iihe.ac.be
[1;34mCommand:[0;m qsub -q localgrid@cream02 -o ../out_err/test7ZPrime_1800.stdout -e ../out_err/test7ZPrime_1800.stderr -l walltime=13:00:00    ../Jobs_to_submit/test7ZPrime_1800.sh
44385482.cream02.iihe.ac.be
[1;34mCommand:[0;m qsub -q localgrid@cream02 -o ../out_err/test8ZPrime_1800.stdout -e ../out_err/test8ZPrime_1800.stderr -l walltime=13:00:00    ../Jobs_to_submit/test8ZPrime_1800.sh
44385484.cream02.iihe.ac.be
[1;34mCommand:[0;m qsub -q localgrid@cream02 -o ../out_err/test9ZPrime_1800.stdout -e ../out_err/test9ZPrime_1800.stderr -l walltime=13:00:00    ../Jobs_to_submit/test9ZPrime_1800.sh
44385486.cream02.iihe.ac.be
[1;34mCommand:[0;m qsub -q localgrid@cream02 -o ../out_err/test0ZPrime_1900.stdout -e ../out_err/test0ZPrime_1900.stderr -l walltime=13:00:00    ../Jobs_to_submit/test0ZPrime_1900.sh
44385489.cream02.iihe.ac.be
[1;34mCommand:[0;m qsub -q localgrid@cream02 -o ../out_err/test1ZPrime_1900.stdout -e ../out_err/test1ZPrime_1900.stderr -l walltime=13:00:00    ../Jobs_to_submit/test1ZPrime_1900.sh
44385492.cream02.iihe.ac.be
[1;34mCommand:[0;m qsub -q localgrid@cream02 -o ../out_err/test2ZPrime_1900.stdout -e ../out_err/test2ZPrime_1900.stderr -l walltime=13:00:00    ../Jobs_to_submit/test2ZPrime_1900.sh
44385494.cream02.iihe.ac.be
[1;34mCommand:[0;m qsub -q localgrid@cream02 -o ../out_err/test3ZPrime_1900.stdout -e ../out_err/test3ZPrime_1900.stderr -l walltime=13:00:00    ../Jobs_to_submit/test3ZPrime_1900.sh
44385497.cream02.iihe.ac.be
[1;34mCommand:[0;m qsub -q localgrid@cream02 -o ../out_err/test4ZPrime_1900.stdout -e ../out_err/test4ZPrime_1900.stderr -l walltime=13:00:00    ../Jobs_to_submit/test4ZPrime_1900.sh
44385500.cream02.iihe.ac.be
[1;34mCommand:[0;m qsub -q localgrid@cream02 -o ../out_err/test5ZPrime_1900.stdout -e ../out_err/test5ZPrime_1900.stderr -l walltime=13:00:00    ../Jobs_to_submit/test5ZPrime_1900.sh
44385503.cream02.iihe.ac.be
[1;34mCommand:[0;m qsub -q localgrid@cream02 -o ../out_err/test6ZPrime_1900.stdout -e ../out_err/test6ZPrime_1900.stderr -l walltime=13:00:00    ../Jobs_to_submit/test6ZPrime_1900.sh
44385505.cream02.iihe.ac.be
[1;34mCommand:[0;m qsub -q localgrid@cream02 -o ../out_err/test7ZPrime_1900.stdout -e ../out_err/test7ZPrime_1900.stderr -l walltime=13:00:00    ../Jobs_to_submit/test7ZPrime_1900.sh
44385508.cream02.iihe.ac.be
[1;34mCommand:[0;m qsub -q localgrid@cream02 -o ../out_err/test8ZPrime_1900.stdout -e ../out_err/test8ZPrime_1900.stderr -l walltime=13:00:00    ../Jobs_to_submit/test8ZPrime_1900.sh
44385511.cream02.iihe.ac.be
[1;34mCommand:[0;m qsub -q localgrid@cream02 -o ../out_err/test9ZPrime_1900.stdout -e ../out_err/test9ZPrime_1900.stderr -l walltime=13:00:00    ../Jobs_to_submit/test9ZPrime_1900.sh
44385513.cream02.iihe.ac.be
[1;34mCommand:[0;m qsub -q localgrid@cream02 -o ../out_err/test10ZPrime_1900.stdout -e ../out_err/test10ZPrime_1900.stderr -l walltime=13:00:00    ../Jobs_to_submit/test10ZPrime_1900.sh
44385517.cream02.iihe.ac.be
[1;34mCommand:[0;m qsub -q localgrid@cream02 -o ../out_err/test11ZPrime_1900.stdout -e ../out_err/test11ZPrime_1900.stderr -l walltime=13:00:00    ../Jobs_to_submit/test11ZPrime_1900.sh
44385520.cream02.iihe.ac.be
[1;34mCommand:[0;m qsub -q localgrid@cream02 -o ../out_err/test12ZPrime_1900.stdout -e ../out_err/test12ZPrime_1900.stderr -l walltime=13:00:00    ../Jobs_to_submit/test12ZPrime_1900.sh
44385523.cream02.iihe.ac.be
[1;34mCommand:[0;m qsub -q localgrid@cream02 -o ../out_err/test13ZPrime_1900.stdout -e ../out_err/test13ZPrime_1900.stderr -l walltime=13:00:00    ../Jobs_to_submit/test13ZPrime_1900.sh
44385525.cream02.iihe.ac.be
[1;34mCommand:[0;m qsub -q localgrid@cream02 -o ../out_err/test14ZPrime_1900.stdout -e ../out_err/test14ZPrime_1900.stderr -l walltime=13:00:00    ../Jobs_to_submit/test14ZPrime_1900.sh
44385527.cream02.iihe.ac.be
[1;34mCommand:[0;m qsub -q localgrid@cream02 -o ../out_err/test15ZPrime_1900.stdout -e ../out_err/test15ZPrime_1900.stderr -l walltime=13:00:00    ../Jobs_to_submit/test15ZPrime_1900.sh
44385529.cream02.iihe.ac.be
[1;34mCommand:[0;m qsub -q localgrid@cream02 -o ../out_err/test16ZPrime_1900.stdout -e ../out_err/test16ZPrime_1900.stderr -l walltime=13:00:00    ../Jobs_to_submit/test16ZPrime_1900.sh
44385533.cream02.iihe.ac.be
[1;34mCommand:[0;m qsub -q localgrid@cream02 -o ../out_err/test17ZPrime_1900.stdout -e ../out_err/test17ZPrime_1900.stderr -l walltime=13:00:00    ../Jobs_to_submit/test17ZPrime_1900.sh
44385536.cream02.iihe.ac.be
[1;34mCommand:[0;m qsub -q localgrid@cream02 -o ../out_err/test0ZPrime_2000.stdout -e ../out_err/test0ZPrime_2000.stderr -l walltime=13:00:00    ../Jobs_to_submit/test0ZPrime_2000.sh
44385539.cream02.iihe.ac.be
[1;34mCommand:[0;m qsub -q localgrid@cream02 -o ../out_err/test1ZPrime_2000.stdout -e ../out_err/test1ZPrime_2000.stderr -l walltime=13:00:00    ../Jobs_to_submit/test1ZPrime_2000.sh
44385542.cream02.iihe.ac.be
[1;34mCommand:[0;m qsub -q localgrid@cream02 -o ../out_err/test2ZPrime_2000.stdout -e ../out_err/test2ZPrime_2000.stderr -l walltime=13:00:00    ../Jobs_to_submit/test2ZPrime_2000.sh
44385545.cream02.iihe.ac.be
[1;34mCommand:[0;m qsub -q localgrid@cream02 -o ../out_err/test3ZPrime_2000.stdout -e ../out_err/test3ZPrime_2000.stderr -l walltime=13:00:00    ../Jobs_to_submit/test3ZPrime_2000.sh
44385548.cream02.iihe.ac.be
[1;34mCommand:[0;m qsub -q localgrid@cream02 -o ../out_err/test4ZPrime_2000.stdout -e ../out_err/test4ZPrime_2000.stderr -l walltime=13:00:00    ../Jobs_to_submit/test4ZPrime_2000.sh
44385550.cream02.iihe.ac.be
[1;34mCommand:[0;m qsub -q localgrid@cream02 -o ../out_err/test5ZPrime_2000.stdout -e ../out_err/test5ZPrime_2000.stderr -l walltime=13:00:00    ../Jobs_to_submit/test5ZPrime_2000.sh
44385552.cream02.iihe.ac.be
[1;34mCommand:[0;m qsub -q localgrid@cream02 -o ../out_err/test6ZPrime_2000.stdout -e ../out_err/test6ZPrime_2000.stderr -l walltime=13:00:00    ../Jobs_to_submit/test6ZPrime_2000.sh
44385554.cream02.iihe.ac.be
[1;34mCommand:[0;m qsub -q localgrid@cream02 -o ../out_err/test7ZPrime_2000.stdout -e ../out_err/test7ZPrime_2000.stderr -l walltime=13:00:00    ../Jobs_to_submit/test7ZPrime_2000.sh
44385558.cream02.iihe.ac.be
[1;34mCommand:[0;m qsub -q localgrid@cream02 -o ../out_err/test8ZPrime_2000.stdout -e ../out_err/test8ZPrime_2000.stderr -l walltime=13:00:00    ../Jobs_to_submit/test8ZPrime_2000.sh
44385561.cream02.iihe.ac.be
[1;34mCommand:[0;m qsub -q localgrid@cream02 -o ../out_err/test9ZPrime_2000.stdout -e ../out_err/test9ZPrime_2000.stderr -l walltime=13:00:00    ../Jobs_to_submit/test9ZPrime_2000.sh
44385564.cream02.iihe.ac.be
[1;34mCommand:[0;m qsub -q localgrid@cream02 -o ../out_err/test10ZPrime_2000.stdout -e ../out_err/test10ZPrime_2000.stderr -l walltime=13:00:00    ../Jobs_to_submit/test10ZPrime_2000.sh
44385567.cream02.iihe.ac.be
[1;34mCommand:[0;m qsub -q localgrid@cream02 -o ../out_err/test11ZPrime_2000.stdout -e ../out_err/test11ZPrime_2000.stderr -l walltime=13:00:00    ../Jobs_to_submit/test11ZPrime_2000.sh
44385570.cream02.iihe.ac.be
[1;34mCommand:[0;m qsub -q localgrid@cream02 -o ../out_err/test12ZPrime_2000.stdout -e ../out_err/test12ZPrime_2000.stderr -l walltime=13:00:00    ../Jobs_to_submit/test12ZPrime_2000.sh
44385572.cream02.iihe.ac.be
[1;34mCommand:[0;m qsub -q localgrid@cream02 -o ../out_err/test0ZPrime_2200.stdout -e ../out_err/test0ZPrime_2200.stderr -l walltime=13:00:00    ../Jobs_to_submit/test0ZPrime_2200.sh
44385575.cream02.iihe.ac.be
[1;34mCommand:[0;m qsub -q localgrid@cream02 -o ../out_err/test1ZPrime_2200.stdout -e ../out_err/test1ZPrime_2200.stderr -l walltime=13:00:00    ../Jobs_to_submit/test1ZPrime_2200.sh
44385577.cream02.iihe.ac.be
[1;34mCommand:[0;m qsub -q localgrid@cream02 -o ../out_err/test2ZPrime_2200.stdout -e ../out_err/test2ZPrime_2200.stderr -l walltime=13:00:00    ../Jobs_to_submit/test2ZPrime_2200.sh
44385580.cream02.iihe.ac.be
[1;34mCommand:[0;m qsub -q localgrid@cream02 -o ../out_err/test3ZPrime_2200.stdout -e ../out_err/test3ZPrime_2200.stderr -l walltime=13:00:00    ../Jobs_to_submit/test3ZPrime_2200.sh
44385583.cream02.iihe.ac.be
[1;34mCommand:[0;m qsub -q localgrid@cream02 -o ../out_err/test4ZPrime_2200.stdout -e ../out_err/test4ZPrime_2200.stderr -l walltime=13:00:00    ../Jobs_to_submit/test4ZPrime_2200.sh
44385586.cream02.iihe.ac.be
[1;34mCommand:[0;m qsub -q localgrid@cream02 -o ../out_err/test5ZPrime_2200.stdout -e ../out_err/test5ZPrime_2200.stderr -l walltime=13:00:00    ../Jobs_to_submit/test5ZPrime_2200.sh
44385589.cream02.iihe.ac.be
[1;34mCommand:[0;m qsub -q localgrid@cream02 -o ../out_err/test6ZPrime_2200.stdout -e ../out_err/test6ZPrime_2200.stderr -l walltime=13:00:00    ../Jobs_to_submit/test6ZPrime_2200.sh
44385591.cream02.iihe.ac.be
[1;34mCommand:[0;m qsub -q localgrid@cream02 -o ../out_err/test7ZPrime_2200.stdout -e ../out_err/test7ZPrime_2200.stderr -l walltime=13:00:00    ../Jobs_to_submit/test7ZPrime_2200.sh
44385594.cream02.iihe.ac.be
[1;34mCommand:[0;m qsub -q localgrid@cream02 -o ../out_err/test8ZPrime_2200.stdout -e ../out_err/test8ZPrime_2200.stderr -l walltime=13:00:00    ../Jobs_to_submit/test8ZPrime_2200.sh
44385598.cream02.iihe.ac.be
[1;34mCommand:[0;m qsub -q localgrid@cream02 -o ../out_err/test9ZPrime_2200.stdout -e ../out_err/test9ZPrime_2200.stderr -l walltime=13:00:00    ../Jobs_to_submit/test9ZPrime_2200.sh
44385600.cream02.iihe.ac.be
[1;34mCommand:[0;m qsub -q localgrid@cream02 -o ../out_err/test10ZPrime_2200.stdout -e ../out_err/test10ZPrime_2200.stderr -l walltime=13:00:00    ../Jobs_to_submit/test10ZPrime_2200.sh
44385603.cream02.iihe.ac.be
[1;34mCommand:[0;m qsub -q localgrid@cream02 -o ../out_err/test11ZPrime_2200.stdout -e ../out_err/test11ZPrime_2200.stderr -l walltime=13:00:00    ../Jobs_to_submit/test11ZPrime_2200.sh
44385605.cream02.iihe.ac.be
[1;34mCommand:[0;m qsub -q localgrid@cream02 -o ../out_err/test12ZPrime_2200.stdout -e ../out_err/test12ZPrime_2200.stderr -l walltime=13:00:00    ../Jobs_to_submit/test12ZPrime_2200.sh
44385607.cream02.iihe.ac.be
[1;34mCommand:[0;m qsub -q localgrid@cream02 -o ../out_err/test13ZPrime_2200.stdout -e ../out_err/test13ZPrime_2200.stderr -l walltime=13:00:00    ../Jobs_to_submit/test13ZPrime_2200.sh
44385610.cream02.iihe.ac.be
[1;34mCommand:[0;m qsub -q localgrid@cream02 -o ../out_err/test14ZPrime_2200.stdout -e ../out_err/test14ZPrime_2200.stderr -l walltime=13:00:00    ../Jobs_to_submit/test14ZPrime_2200.sh
44385611.cream02.iihe.ac.be
[1;34mCommand:[0;m qsub -q localgrid@cream02 -o ../out_err/test15ZPrime_2200.stdout -e ../out_err/test15ZPrime_2200.stderr -l walltime=13:00:00    ../Jobs_to_submit/test15ZPrime_2200.sh
44385612.cream02.iihe.ac.be
[1;34mCommand:[0;m qsub -q localgrid@cream02 -o ../out_err/test16ZPrime_2200.stdout -e ../out_err/test16ZPrime_2200.stderr -l walltime=13:00:00    ../Jobs_to_submit/test16ZPrime_2200.sh
44385613.cream02.iihe.ac.be
[1;34mCommand:[0;m qsub -q localgrid@cream02 -o ../out_err/test17ZPrime_2200.stdout -e ../out_err/test17ZPrime_2200.stderr -l walltime=13:00:00    ../Jobs_to_submit/test17ZPrime_2200.sh
44385614.cream02.iihe.ac.be
[1;34mCommand:[0;m qsub -q localgrid@cream02 -o ../out_err/test18ZPrime_2200.stdout -e ../out_err/test18ZPrime_2200.stderr -l walltime=13:00:00    ../Jobs_to_submit/test18ZPrime_2200.sh
44385615.cream02.iihe.ac.be
[1;34mCommand:[0;m qsub -q localgrid@cream02 -o ../out_err/test19ZPrime_2200.stdout -e ../out_err/test19ZPrime_2200.stderr -l walltime=13:00:00    ../Jobs_to_submit/test19ZPrime_2200.sh
44385616.cream02.iihe.ac.be
[1;34mCommand:[0;m qsub -q localgrid@cream02 -o ../out_err/test20ZPrime_2200.stdout -e ../out_err/test20ZPrime_2200.stderr -l walltime=13:00:00    ../Jobs_to_submit/test20ZPrime_2200.sh
44385617.cream02.iihe.ac.be
[1;34mCommand:[0;m qsub -q localgrid@cream02 -o ../out_err/test21ZPrime_2200.stdout -e ../out_err/test21ZPrime_2200.stderr -l walltime=13:00:00    ../Jobs_to_submit/test21ZPrime_2200.sh
44385618.cream02.iihe.ac.be
[1;34mCommand:[0;m qsub -q localgrid@cream02 -o ../out_err/test22ZPrime_2200.stdout -e ../out_err/test22ZPrime_2200.stderr -l walltime=13:00:00    ../Jobs_to_submit/test22ZPrime_2200.sh
44385619.cream02.iihe.ac.be
[1;34mCommand:[0;m qsub -q localgrid@cream02 -o ../out_err/test0ZPrime_2400.stdout -e ../out_err/test0ZPrime_2400.stderr -l walltime=13:00:00    ../Jobs_to_submit/test0ZPrime_2400.sh
44385620.cream02.iihe.ac.be
[1;34mCommand:[0;m qsub -q localgrid@cream02 -o ../out_err/test1ZPrime_2400.stdout -e ../out_err/test1ZPrime_2400.stderr -l walltime=13:00:00    ../Jobs_to_submit/test1ZPrime_2400.sh
44385621.cream02.iihe.ac.be
[1;34mCommand:[0;m qsub -q localgrid@cream02 -o ../out_err/test2ZPrime_2400.stdout -e ../out_err/test2ZPrime_2400.stderr -l walltime=13:00:00    ../Jobs_to_submit/test2ZPrime_2400.sh
44385622.cream02.iihe.ac.be
[1;34mCommand:[0;m qsub -q localgrid@cream02 -o ../out_err/test3ZPrime_2400.stdout -e ../out_err/test3ZPrime_2400.stderr -l walltime=13:00:00    ../Jobs_to_submit/test3ZPrime_2400.sh
44385623.cream02.iihe.ac.be
[1;34mCommand:[0;m qsub -q localgrid@cream02 -o ../out_err/test4ZPrime_2400.stdout -e ../out_err/test4ZPrime_2400.stderr -l walltime=13:00:00    ../Jobs_to_submit/test4ZPrime_2400.sh
44385624.cream02.iihe.ac.be
[1;34mCommand:[0;m qsub -q localgrid@cream02 -o ../out_err/test5ZPrime_2400.stdout -e ../out_err/test5ZPrime_2400.stderr -l walltime=13:00:00    ../Jobs_to_submit/test5ZPrime_2400.sh
44385625.cream02.iihe.ac.be
[1;34mCommand:[0;m qsub -q localgrid@cream02 -o ../out_err/test6ZPrime_2400.stdout -e ../out_err/test6ZPrime_2400.stderr -l walltime=13:00:00    ../Jobs_to_submit/test6ZPrime_2400.sh
44385626.cream02.iihe.ac.be
[1;34mCommand:[0;m qsub -q localgrid@cream02 -o ../out_err/test7ZPrime_2400.stdout -e ../out_err/test7ZPrime_2400.stderr -l walltime=13:00:00    ../Jobs_to_submit/test7ZPrime_2400.sh
44385630.cream02.iihe.ac.be
[1;34mCommand:[0;m qsub -q localgrid@cream02 -o ../out_err/test8ZPrime_2400.stdout -e ../out_err/test8ZPrime_2400.stderr -l walltime=13:00:00    ../Jobs_to_submit/test8ZPrime_2400.sh
44385632.cream02.iihe.ac.be
[1;34mCommand:[0;m qsub -q localgrid@cream02 -o ../out_err/test9ZPrime_2400.stdout -e ../out_err/test9ZPrime_2400.stderr -l walltime=13:00:00    ../Jobs_to_submit/test9ZPrime_2400.sh
44385634.cream02.iihe.ac.be
[1;34mCommand:[0;m qsub -q localgrid@cream02 -o ../out_err/test10ZPrime_2400.stdout -e ../out_err/test10ZPrime_2400.stderr -l walltime=13:00:00    ../Jobs_to_submit/test10ZPrime_2400.sh
44385637.cream02.iihe.ac.be
[1;34mCommand:[0;m qsub -q localgrid@cream02 -o ../out_err/test11ZPrime_2400.stdout -e ../out_err/test11ZPrime_2400.stderr -l walltime=13:00:00    ../Jobs_to_submit/test11ZPrime_2400.sh
44385640.cream02.iihe.ac.be
[1;34mCommand:[0;m qsub -q localgrid@cream02 -o ../out_err/test12ZPrime_2400.stdout -e ../out_err/test12ZPrime_2400.stderr -l walltime=13:00:00    ../Jobs_to_submit/test12ZPrime_2400.sh
44385644.cream02.iihe.ac.be
[1;34mCommand:[0;m qsub -q localgrid@cream02 -o ../out_err/test13ZPrime_2400.stdout -e ../out_err/test13ZPrime_2400.stderr -l walltime=13:00:00    ../Jobs_to_submit/test13ZPrime_2400.sh
44385647.cream02.iihe.ac.be
[1;34mCommand:[0;m qsub -q localgrid@cream02 -o ../out_err/test14ZPrime_2400.stdout -e ../out_err/test14ZPrime_2400.stderr -l walltime=13:00:00    ../Jobs_to_submit/test14ZPrime_2400.sh
44385649.cream02.iihe.ac.be
[1;34mCommand:[0;m qsub -q localgrid@cream02 -o ../out_err/test0ZPrime_2600.stdout -e ../out_err/test0ZPrime_2600.stderr -l walltime=13:00:00    ../Jobs_to_submit/test0ZPrime_2600.sh
44385653.cream02.iihe.ac.be
[1;34mCommand:[0;m qsub -q localgrid@cream02 -o ../out_err/test1ZPrime_2600.stdout -e ../out_err/test1ZPrime_2600.stderr -l walltime=13:00:00    ../Jobs_to_submit/test1ZPrime_2600.sh
44385655.cream02.iihe.ac.be
[1;34mCommand:[0;m qsub -q localgrid@cream02 -o ../out_err/test2ZPrime_2600.stdout -e ../out_err/test2ZPrime_2600.stderr -l walltime=13:00:00    ../Jobs_to_submit/test2ZPrime_2600.sh
44385658.cream02.iihe.ac.be
[1;34mCommand:[0;m qsub -q localgrid@cream02 -o ../out_err/test3ZPrime_2600.stdout -e ../out_err/test3ZPrime_2600.stderr -l walltime=13:00:00    ../Jobs_to_submit/test3ZPrime_2600.sh
qsub: Invalid credential
[1;34mCommand:[0;m qsub -q localgrid@cream02 -o ../out_err/test4ZPrime_2600.stdout -e ../out_err/test4ZPrime_2600.stderr -l walltime=13:00:00    ../Jobs_to_submit/test4ZPrime_2600.sh
44385662.cream02.iihe.ac.be
[1;34mCommand:[0;m qsub -q localgrid@cream02 -o ../out_err/test5ZPrime_2600.stdout -e ../out_err/test5ZPrime_2600.stderr -l walltime=13:00:00    ../Jobs_to_submit/test5ZPrime_2600.sh
44385664.cream02.iihe.ac.be
[1;34mCommand:[0;m qsub -q localgrid@cream02 -o ../out_err/test6ZPrime_2600.stdout -e ../out_err/test6ZPrime_2600.stderr -l walltime=13:00:00    ../Jobs_to_submit/test6ZPrime_2600.sh
44385667.cream02.iihe.ac.be
[1;34mCommand:[0;m qsub -q localgrid@cream02 -o ../out_err/test7ZPrime_2600.stdout -e ../out_err/test7ZPrime_2600.stderr -l walltime=13:00:00    ../Jobs_to_submit/test7ZPrime_2600.sh
44385670.cream02.iihe.ac.be
[1;34mCommand:[0;m qsub -q localgrid@cream02 -o ../out_err/test8ZPrime_2600.stdout -e ../out_err/test8ZPrime_2600.stderr -l walltime=13:00:00    ../Jobs_to_submit/test8ZPrime_2600.sh
44385673.cream02.iihe.ac.be
[1;34mCommand:[0;m qsub -q localgrid@cream02 -o ../out_err/test9ZPrime_2600.stdout -e ../out_err/test9ZPrime_2600.stderr -l walltime=13:00:00    ../Jobs_to_submit/test9ZPrime_2600.sh
44385676.cream02.iihe.ac.be
[1;34mCommand:[0;m qsub -q localgrid@cream02 -o ../out_err/test10ZPrime_2600.stdout -e ../out_err/test10ZPrime_2600.stderr -l walltime=13:00:00    ../Jobs_to_submit/test10ZPrime_2600.sh
44385678.cream02.iihe.ac.be
[1;34mCommand:[0;m qsub -q localgrid@cream02 -o ../out_err/test11ZPrime_2600.stdout -e ../out_err/test11ZPrime_2600.stderr -l walltime=13:00:00    ../Jobs_to_submit/test11ZPrime_2600.sh
44385680.cream02.iihe.ac.be
[1;34mCommand:[0;m qsub -q localgrid@cream02 -o ../out_err/test12ZPrime_2600.stdout -e ../out_err/test12ZPrime_2600.stderr -l walltime=13:00:00    ../Jobs_to_submit/test12ZPrime_2600.sh
44385684.cream02.iihe.ac.be
[1;34mCommand:[0;m qsub -q localgrid@cream02 -o ../out_err/test13ZPrime_2600.stdout -e ../out_err/test13ZPrime_2600.stderr -l walltime=13:00:00    ../Jobs_to_submit/test13ZPrime_2600.sh
44385687.cream02.iihe.ac.be
[1;34mCommand:[0;m qsub -q localgrid@cream02 -o ../out_err/test14ZPrime_2600.stdout -e ../out_err/test14ZPrime_2600.stderr -l walltime=13:00:00    ../Jobs_to_submit/test14ZPrime_2600.sh
44385691.cream02.iihe.ac.be
[1;34mCommand:[0;m qsub -q localgrid@cream02 -o ../out_err/test15ZPrime_2600.stdout -e ../out_err/test15ZPrime_2600.stderr -l walltime=13:00:00    ../Jobs_to_submit/test15ZPrime_2600.sh
44385694.cream02.iihe.ac.be
[1;34mCommand:[0;m qsub -q localgrid@cream02 -o ../out_err/test16ZPrime_2600.stdout -e ../out_err/test16ZPrime_2600.stderr -l walltime=13:00:00    ../Jobs_to_submit/test16ZPrime_2600.sh
44385698.cream02.iihe.ac.be
[1;34mCommand:[0;m qsub -q localgrid@cream02 -o ../out_err/test17ZPrime_2600.stdout -e ../out_err/test17ZPrime_2600.stderr -l walltime=13:00:00    ../Jobs_to_submit/test17ZPrime_2600.sh
44385701.cream02.iihe.ac.be
[1;34mCommand:[0;m qsub -q localgrid@cream02 -o ../out_err/test0ZPrime_2800.stdout -e ../out_err/test0ZPrime_2800.stderr -l walltime=13:00:00    ../Jobs_to_submit/test0ZPrime_2800.sh
44385703.cream02.iihe.ac.be
[1;34mCommand:[0;m qsub -q localgrid@cream02 -o ../out_err/test1ZPrime_2800.stdout -e ../out_err/test1ZPrime_2800.stderr -l walltime=13:00:00    ../Jobs_to_submit/test1ZPrime_2800.sh
44385707.cream02.iihe.ac.be
[1;34mCommand:[0;m qsub -q localgrid@cream02 -o ../out_err/test2ZPrime_2800.stdout -e ../out_err/test2ZPrime_2800.stderr -l walltime=13:00:00    ../Jobs_to_submit/test2ZPrime_2800.sh
44385710.cream02.iihe.ac.be
[1;34mCommand:[0;m qsub -q localgrid@cream02 -o ../out_err/test3ZPrime_2800.stdout -e ../out_err/test3ZPrime_2800.stderr -l walltime=13:00:00    ../Jobs_to_submit/test3ZPrime_2800.sh
44385712.cream02.iihe.ac.be
[1;34mCommand:[0;m qsub -q localgrid@cream02 -o ../out_err/test4ZPrime_2800.stdout -e ../out_err/test4ZPrime_2800.stderr -l walltime=13:00:00    ../Jobs_to_submit/test4ZPrime_2800.sh
44385716.cream02.iihe.ac.be
[1;34mCommand:[0;m qsub -q localgrid@cream02 -o ../out_err/test5ZPrime_2800.stdout -e ../out_err/test5ZPrime_2800.stderr -l walltime=13:00:00    ../Jobs_to_submit/test5ZPrime_2800.sh
44385719.cream02.iihe.ac.be
[1;34mCommand:[0;m qsub -q localgrid@cream02 -o ../out_err/test6ZPrime_2800.stdout -e ../out_err/test6ZPrime_2800.stderr -l walltime=13:00:00    ../Jobs_to_submit/test6ZPrime_2800.sh
44385722.cream02.iihe.ac.be
[1;34mCommand:[0;m qsub -q localgrid@cream02 -o ../out_err/test7ZPrime_2800.stdout -e ../out_err/test7ZPrime_2800.stderr -l walltime=13:00:00    ../Jobs_to_submit/test7ZPrime_2800.sh
44385725.cream02.iihe.ac.be
[1;34mCommand:[0;m qsub -q localgrid@cream02 -o ../out_err/test8ZPrime_2800.stdout -e ../out_err/test8ZPrime_2800.stderr -l walltime=13:00:00    ../Jobs_to_submit/test8ZPrime_2800.sh
44385728.cream02.iihe.ac.be
[1;34mCommand:[0;m qsub -q localgrid@cream02 -o ../out_err/test9ZPrime_2800.stdout -e ../out_err/test9ZPrime_2800.stderr -l walltime=13:00:00    ../Jobs_to_submit/test9ZPrime_2800.sh
44385730.cream02.iihe.ac.be
[1;34mCommand:[0;m qsub -q localgrid@cream02 -o ../out_err/test10ZPrime_2800.stdout -e ../out_err/test10ZPrime_2800.stderr -l walltime=13:00:00    ../Jobs_to_submit/test10ZPrime_2800.sh
44385734.cream02.iihe.ac.be
[1;34mCommand:[0;m qsub -q localgrid@cream02 -o ../out_err/test11ZPrime_2800.stdout -e ../out_err/test11ZPrime_2800.stderr -l walltime=13:00:00    ../Jobs_to_submit/test11ZPrime_2800.sh
44385737.cream02.iihe.ac.be
[1;34mCommand:[0;m qsub -q localgrid@cream02 -o ../out_err/test12ZPrime_2800.stdout -e ../out_err/test12ZPrime_2800.stderr -l walltime=13:00:00    ../Jobs_to_submit/test12ZPrime_2800.sh
44385740.cream02.iihe.ac.be
[1;34mCommand:[0;m qsub -q localgrid@cream02 -o ../out_err/test13ZPrime_2800.stdout -e ../out_err/test13ZPrime_2800.stderr -l walltime=13:00:00    ../Jobs_to_submit/test13ZPrime_2800.sh
44385744.cream02.iihe.ac.be
[1;34mCommand:[0;m qsub -q localgrid@cream02 -o ../out_err/test14ZPrime_2800.stdout -e ../out_err/test14ZPrime_2800.stderr -l walltime=13:00:00    ../Jobs_to_submit/test14ZPrime_2800.sh
44385747.cream02.iihe.ac.be
[1;34mCommand:[0;m qsub -q localgrid@cream02 -o ../out_err/test15ZPrime_2800.stdout -e ../out_err/test15ZPrime_2800.stderr -l walltime=13:00:00    ../Jobs_to_submit/test15ZPrime_2800.sh
44385750.cream02.iihe.ac.be
[1;34mCommand:[0;m qsub -q localgrid@cream02 -o ../out_err/test16ZPrime_2800.stdout -e ../out_err/test16ZPrime_2800.stderr -l walltime=13:00:00    ../Jobs_to_submit/test16ZPrime_2800.sh
44385754.cream02.iihe.ac.be
[1;34mCommand:[0;m qsub -q localgrid@cream02 -o ../out_err/test17ZPrime_2800.stdout -e ../out_err/test17ZPrime_2800.stderr -l walltime=13:00:00    ../Jobs_to_submit/test17ZPrime_2800.sh
44385758.cream02.iihe.ac.be
[1;34mCommand:[0;m qsub -q localgrid@cream02 -o ../out_err/test18ZPrime_2800.stdout -e ../out_err/test18ZPrime_2800.stderr -l walltime=13:00:00    ../Jobs_to_submit/test18ZPrime_2800.sh
44385761.cream02.iihe.ac.be
[1;34mCommand:[0;m qsub -q localgrid@cream02 -o ../out_err/test19ZPrime_2800.stdout -e ../out_err/test19ZPrime_2800.stderr -l walltime=13:00:00    ../Jobs_to_submit/test19ZPrime_2800.sh
44385764.cream02.iihe.ac.be
[1;34mCommand:[0;m qsub -q localgrid@cream02 -o ../out_err/test20ZPrime_2800.stdout -e ../out_err/test20ZPrime_2800.stderr -l walltime=13:00:00    ../Jobs_to_submit/test20ZPrime_2800.sh
44385767.cream02.iihe.ac.be
[1;34mCommand:[0;m qsub -q localgrid@cream02 -o ../out_err/test21ZPrime_2800.stdout -e ../out_err/test21ZPrime_2800.stderr -l walltime=13:00:00    ../Jobs_to_submit/test21ZPrime_2800.sh
44385771.cream02.iihe.ac.be
[1;34mCommand:[0;m qsub -q localgrid@cream02 -o ../out_err/test22ZPrime_2800.stdout -e ../out_err/test22ZPrime_2800.stderr -l walltime=13:00:00    ../Jobs_to_submit/test22ZPrime_2800.sh
44385775.cream02.iihe.ac.be
[1;34mCommand:[0;m qsub -q localgrid@cream02 -o ../out_err/test23ZPrime_2800.stdout -e ../out_err/test23ZPrime_2800.stderr -l walltime=13:00:00    ../Jobs_to_submit/test23ZPrime_2800.sh
44385779.cream02.iihe.ac.be
[1;34mCommand:[0;m qsub -q localgrid@cream02 -o ../out_err/test24ZPrime_2800.stdout -e ../out_err/test24ZPrime_2800.stderr -l walltime=13:00:00    ../Jobs_to_submit/test24ZPrime_2800.sh
44385783.cream02.iihe.ac.be
[1;34mCommand:[0;m qsub -q localgrid@cream02 -o ../out_err/test25ZPrime_2800.stdout -e ../out_err/test25ZPrime_2800.stderr -l walltime=13:00:00    ../Jobs_to_submit/test25ZPrime_2800.sh
44385786.cream02.iihe.ac.be
[1;34mCommand:[0;m qsub -q localgrid@cream02 -o ../out_err/test26ZPrime_2800.stdout -e ../out_err/test26ZPrime_2800.stderr -l walltime=13:00:00    ../Jobs_to_submit/test26ZPrime_2800.sh
44385790.cream02.iihe.ac.be
[1;34mCommand:[0;m qsub -q localgrid@cream02 -o ../out_err/test27ZPrime_2800.stdout -e ../out_err/test27ZPrime_2800.stderr -l walltime=13:00:00    ../Jobs_to_submit/test27ZPrime_2800.sh
44385794.cream02.iihe.ac.be
[1;34mCommand:[0;m qsub -q localgrid@cream02 -o ../out_err/test28ZPrime_2800.stdout -e ../out_err/test28ZPrime_2800.stderr -l walltime=13:00:00    ../Jobs_to_submit/test28ZPrime_2800.sh
44385798.cream02.iihe.ac.be
[1;34mCommand:[0;m qsub -q localgrid@cream02 -o ../out_err/test29ZPrime_2800.stdout -e ../out_err/test29ZPrime_2800.stderr -l walltime=13:00:00    ../Jobs_to_submit/test29ZPrime_2800.sh
44385801.cream02.iihe.ac.be
[1;34mCommand:[0;m qsub -q localgrid@cream02 -o ../out_err/test0ZPrime_3000.stdout -e ../out_err/test0ZPrime_3000.stderr -l walltime=13:00:00    ../Jobs_to_submit/test0ZPrime_3000.sh
44385803.cream02.iihe.ac.be
[1;34mCommand:[0;m qsub -q localgrid@cream02 -o ../out_err/test1ZPrime_3000.stdout -e ../out_err/test1ZPrime_3000.stderr -l walltime=13:00:00    ../Jobs_to_submit/test1ZPrime_3000.sh
44385806.cream02.iihe.ac.be
[1;34mCommand:[0;m qsub -q localgrid@cream02 -o ../out_err/test2ZPrime_3000.stdout -e ../out_err/test2ZPrime_3000.stderr -l walltime=13:00:00    ../Jobs_to_submit/test2ZPrime_3000.sh
44385808.cream02.iihe.ac.be
[1;34mCommand:[0;m qsub -q localgrid@cream02 -o ../out_err/test3ZPrime_3000.stdout -e ../out_err/test3ZPrime_3000.stderr -l walltime=13:00:00    ../Jobs_to_submit/test3ZPrime_3000.sh
44385810.cream02.iihe.ac.be
[1;34mCommand:[0;m qsub -q localgrid@cream02 -o ../out_err/test4ZPrime_3000.stdout -e ../out_err/test4ZPrime_3000.stderr -l walltime=13:00:00    ../Jobs_to_submit/test4ZPrime_3000.sh
44385814.cream02.iihe.ac.be
[1;34mCommand:[0;m qsub -q localgrid@cream02 -o ../out_err/test5ZPrime_3000.stdout -e ../out_err/test5ZPrime_3000.stderr -l walltime=13:00:00    ../Jobs_to_submit/test5ZPrime_3000.sh
44385817.cream02.iihe.ac.be
[1;34mCommand:[0;m qsub -q localgrid@cream02 -o ../out_err/test6ZPrime_3000.stdout -e ../out_err/test6ZPrime_3000.stderr -l walltime=13:00:00    ../Jobs_to_submit/test6ZPrime_3000.sh
44385820.cream02.iihe.ac.be
[1;34mCommand:[0;m qsub -q localgrid@cream02 -o ../out_err/test7ZPrime_3000.stdout -e ../out_err/test7ZPrime_3000.stderr -l walltime=13:00:00    ../Jobs_to_submit/test7ZPrime_3000.sh
44385823.cream02.iihe.ac.be
[1;34mCommand:[0;m qsub -q localgrid@cream02 -o ../out_err/test8ZPrime_3000.stdout -e ../out_err/test8ZPrime_3000.stderr -l walltime=13:00:00    ../Jobs_to_submit/test8ZPrime_3000.sh
44385826.cream02.iihe.ac.be
[1;34mCommand:[0;m qsub -q localgrid@cream02 -o ../out_err/test9ZPrime_3000.stdout -e ../out_err/test9ZPrime_3000.stderr -l walltime=13:00:00    ../Jobs_to_submit/test9ZPrime_3000.sh
44385829.cream02.iihe.ac.be
[1;34mCommand:[0;m qsub -q localgrid@cream02 -o ../out_err/test10ZPrime_3000.stdout -e ../out_err/test10ZPrime_3000.stderr -l walltime=13:00:00    ../Jobs_to_submit/test10ZPrime_3000.sh
44385832.cream02.iihe.ac.be
[1;34mCommand:[0;m qsub -q localgrid@cream02 -o ../out_err/test11ZPrime_3000.stdout -e ../out_err/test11ZPrime_3000.stderr -l walltime=13:00:00    ../Jobs_to_submit/test11ZPrime_3000.sh
44385835.cream02.iihe.ac.be
[1;34mCommand:[0;m qsub -q localgrid@cream02 -o ../out_err/test12ZPrime_3000.stdout -e ../out_err/test12ZPrime_3000.stderr -l walltime=13:00:00    ../Jobs_to_submit/test12ZPrime_3000.sh
44385839.cream02.iihe.ac.be
[1;34mCommand:[0;m qsub -q localgrid@cream02 -o ../out_err/test13ZPrime_3000.stdout -e ../out_err/test13ZPrime_3000.stderr -l walltime=13:00:00    ../Jobs_to_submit/test13ZPrime_3000.sh
44385842.cream02.iihe.ac.be
[1;34mCommand:[0;m qsub -q localgrid@cream02 -o ../out_err/test14ZPrime_3000.stdout -e ../out_err/test14ZPrime_3000.stderr -l walltime=13:00:00    ../Jobs_to_submit/test14ZPrime_3000.sh
44385845.cream02.iihe.ac.be
[1;34mCommand:[0;m qsub -q localgrid@cream02 -o ../out_err/test15ZPrime_3000.stdout -e ../out_err/test15ZPrime_3000.stderr -l walltime=13:00:00    ../Jobs_to_submit/test15ZPrime_3000.sh
44385848.cream02.iihe.ac.be
[1;34mCommand:[0;m qsub -q localgrid@cream02 -o ../out_err/test16ZPrime_3000.stdout -e ../out_err/test16ZPrime_3000.stderr -l walltime=13:00:00    ../Jobs_to_submit/test16ZPrime_3000.sh
44385850.cream02.iihe.ac.be
[1;34mCommand:[0;m qsub -q localgrid@cream02 -o ../out_err/test17ZPrime_3000.stdout -e ../out_err/test17ZPrime_3000.stderr -l walltime=13:00:00    ../Jobs_to_submit/test17ZPrime_3000.sh
44385854.cream02.iihe.ac.be
[1;34mCommand:[0;m qsub -q localgrid@cream02 -o ../out_err/test18ZPrime_3000.stdout -e ../out_err/test18ZPrime_3000.stderr -l walltime=13:00:00    ../Jobs_to_submit/test18ZPrime_3000.sh
44385857.cream02.iihe.ac.be
[1;34mCommand:[0;m qsub -q localgrid@cream02 -o ../out_err/test19ZPrime_3000.stdout -e ../out_err/test19ZPrime_3000.stderr -l walltime=13:00:00    ../Jobs_to_submit/test19ZPrime_3000.sh
qsub: Invalid credential
[1;34mCommand:[0;m qsub -q localgrid@cream02 -o ../out_err/test20ZPrime_3000.stdout -e ../out_err/test20ZPrime_3000.stderr -l walltime=13:00:00    ../Jobs_to_submit/test20ZPrime_3000.sh
44385860.cream02.iihe.ac.be
[1;34mCommand:[0;m qsub -q localgrid@cream02 -o ../out_err/test21ZPrime_3000.stdout -e ../out_err/test21ZPrime_3000.stderr -l walltime=13:00:00    ../Jobs_to_submit/test21ZPrime_3000.sh
44385864.cream02.iihe.ac.be
[1;34mCommand:[0;m qsub -q localgrid@cream02 -o ../out_err/test22ZPrime_3000.stdout -e ../out_err/test22ZPrime_3000.stderr -l walltime=13:00:00    ../Jobs_to_submit/test22ZPrime_3000.sh
44385868.cream02.iihe.ac.be
[1;34mCommand:[0;m qsub -q localgrid@cream02 -o ../out_err/test0ZPrime_3500.stdout -e ../out_err/test0ZPrime_3500.stderr -l walltime=13:00:00    ../Jobs_to_submit/test0ZPrime_3500.sh
44385871.cream02.iihe.ac.be
[1;34mCommand:[0;m qsub -q localgrid@cream02 -o ../out_err/test1ZPrime_3500.stdout -e ../out_err/test1ZPrime_3500.stderr -l walltime=13:00:00    ../Jobs_to_submit/test1ZPrime_3500.sh
44385874.cream02.iihe.ac.be
[1;34mCommand:[0;m qsub -q localgrid@cream02 -o ../out_err/test2ZPrime_3500.stdout -e ../out_err/test2ZPrime_3500.stderr -l walltime=13:00:00    ../Jobs_to_submit/test2ZPrime_3500.sh
44385876.cream02.iihe.ac.be
[1;34mCommand:[0;m qsub -q localgrid@cream02 -o ../out_err/test3ZPrime_3500.stdout -e ../out_err/test3ZPrime_3500.stderr -l walltime=13:00:00    ../Jobs_to_submit/test3ZPrime_3500.sh
44385879.cream02.iihe.ac.be
[1;34mCommand:[0;m qsub -q localgrid@cream02 -o ../out_err/test4ZPrime_3500.stdout -e ../out_err/test4ZPrime_3500.stderr -l walltime=13:00:00    ../Jobs_to_submit/test4ZPrime_3500.sh
44385883.cream02.iihe.ac.be
[1;34mCommand:[0;m qsub -q localgrid@cream02 -o ../out_err/test5ZPrime_3500.stdout -e ../out_err/test5ZPrime_3500.stderr -l walltime=13:00:00    ../Jobs_to_submit/test5ZPrime_3500.sh
44385886.cream02.iihe.ac.be
[1;34mCommand:[0;m qsub -q localgrid@cream02 -o ../out_err/test6ZPrime_3500.stdout -e ../out_err/test6ZPrime_3500.stderr -l walltime=13:00:00    ../Jobs_to_submit/test6ZPrime_3500.sh
44385888.cream02.iihe.ac.be
[1;34mCommand:[0;m qsub -q localgrid@cream02 -o ../out_err/test7ZPrime_3500.stdout -e ../out_err/test7ZPrime_3500.stderr -l walltime=13:00:00    ../Jobs_to_submit/test7ZPrime_3500.sh
44385892.cream02.iihe.ac.be
[1;34mCommand:[0;m qsub -q localgrid@cream02 -o ../out_err/test8ZPrime_3500.stdout -e ../out_err/test8ZPrime_3500.stderr -l walltime=13:00:00    ../Jobs_to_submit/test8ZPrime_3500.sh
44385894.cream02.iihe.ac.be
[1;34mCommand:[0;m qsub -q localgrid@cream02 -o ../out_err/test9ZPrime_3500.stdout -e ../out_err/test9ZPrime_3500.stderr -l walltime=13:00:00    ../Jobs_to_submit/test9ZPrime_3500.sh
44385895.cream02.iihe.ac.be
[1;34mCommand:[0;m qsub -q localgrid@cream02 -o ../out_err/test10ZPrime_3500.stdout -e ../out_err/test10ZPrime_3500.stderr -l walltime=13:00:00    ../Jobs_to_submit/test10ZPrime_3500.sh
44385896.cream02.iihe.ac.be
[1;34mCommand:[0;m qsub -q localgrid@cream02 -o ../out_err/test11ZPrime_3500.stdout -e ../out_err/test11ZPrime_3500.stderr -l walltime=13:00:00    ../Jobs_to_submit/test11ZPrime_3500.sh
44385897.cream02.iihe.ac.be
[1;34mCommand:[0;m qsub -q localgrid@cream02 -o ../out_err/test12ZPrime_3500.stdout -e ../out_err/test12ZPrime_3500.stderr -l walltime=13:00:00    ../Jobs_to_submit/test12ZPrime_3500.sh
44385898.cream02.iihe.ac.be
[1;34mCommand:[0;m qsub -q localgrid@cream02 -o ../out_err/test13ZPrime_3500.stdout -e ../out_err/test13ZPrime_3500.stderr -l walltime=13:00:00    ../Jobs_to_submit/test13ZPrime_3500.sh
44385899.cream02.iihe.ac.be
[1;34mCommand:[0;m qsub -q localgrid@cream02 -o ../out_err/test14ZPrime_3500.stdout -e ../out_err/test14ZPrime_3500.stderr -l walltime=13:00:00    ../Jobs_to_submit/test14ZPrime_3500.sh
44385900.cream02.iihe.ac.be
[1;34mCommand:[0;m qsub -q localgrid@cream02 -o ../out_err/test15ZPrime_3500.stdout -e ../out_err/test15ZPrime_3500.stderr -l walltime=13:00:00    ../Jobs_to_submit/test15ZPrime_3500.sh
44385901.cream02.iihe.ac.be
[1;34mCommand:[0;m qsub -q localgrid@cream02 -o ../out_err/test16ZPrime_3500.stdout -e ../out_err/test16ZPrime_3500.stderr -l walltime=13:00:00    ../Jobs_to_submit/test16ZPrime_3500.sh
44385902.cream02.iihe.ac.be
[1;34mCommand:[0;m qsub -q localgrid@cream02 -o ../out_err/test17ZPrime_3500.stdout -e ../out_err/test17ZPrime_3500.stderr -l walltime=13:00:00    ../Jobs_to_submit/test17ZPrime_3500.sh
44385903.cream02.iihe.ac.be
[1;34mCommand:[0;m qsub -q localgrid@cream02 -o ../out_err/test0ZPrime_4000.stdout -e ../out_err/test0ZPrime_4000.stderr -l walltime=13:00:00    ../Jobs_to_submit/test0ZPrime_4000.sh
44385904.cream02.iihe.ac.be
[1;34mCommand:[0;m qsub -q localgrid@cream02 -o ../out_err/test1ZPrime_4000.stdout -e ../out_err/test1ZPrime_4000.stderr -l walltime=13:00:00    ../Jobs_to_submit/test1ZPrime_4000.sh
44385905.cream02.iihe.ac.be
[1;34mCommand:[0;m qsub -q localgrid@cream02 -o ../out_err/test2ZPrime_4000.stdout -e ../out_err/test2ZPrime_4000.stderr -l walltime=13:00:00    ../Jobs_to_submit/test2ZPrime_4000.sh
44385906.cream02.iihe.ac.be
[1;34mCommand:[0;m qsub -q localgrid@cream02 -o ../out_err/test3ZPrime_4000.stdout -e ../out_err/test3ZPrime_4000.stderr -l walltime=13:00:00    ../Jobs_to_submit/test3ZPrime_4000.sh
44385907.cream02.iihe.ac.be
[1;34mCommand:[0;m qsub -q localgrid@cream02 -o ../out_err/test4ZPrime_4000.stdout -e ../out_err/test4ZPrime_4000.stderr -l walltime=13:00:00    ../Jobs_to_submit/test4ZPrime_4000.sh
44385908.cream02.iihe.ac.be
[1;34mCommand:[0;m qsub -q localgrid@cream02 -o ../out_err/test5ZPrime_4000.stdout -e ../out_err/test5ZPrime_4000.stderr -l walltime=13:00:00    ../Jobs_to_submit/test5ZPrime_4000.sh
44385909.cream02.iihe.ac.be
[1;34mCommand:[0;m qsub -q localgrid@cream02 -o ../out_err/test6ZPrime_4000.stdout -e ../out_err/test6ZPrime_4000.stderr -l walltime=13:00:00    ../Jobs_to_submit/test6ZPrime_4000.sh
44385910.cream02.iihe.ac.be
[1;34mCommand:[0;m qsub -q localgrid@cream02 -o ../out_err/test7ZPrime_4000.stdout -e ../out_err/test7ZPrime_4000.stderr -l walltime=13:00:00    ../Jobs_to_submit/test7ZPrime_4000.sh
44385912.cream02.iihe.ac.be
[1;34mCommand:[0;m qsub -q localgrid@cream02 -o ../out_err/test8ZPrime_4000.stdout -e ../out_err/test8ZPrime_4000.stderr -l walltime=13:00:00    ../Jobs_to_submit/test8ZPrime_4000.sh
44385915.cream02.iihe.ac.be
[1;34mCommand:[0;m qsub -q localgrid@cream02 -o ../out_err/test9ZPrime_4000.stdout -e ../out_err/test9ZPrime_4000.stderr -l walltime=13:00:00    ../Jobs_to_submit/test9ZPrime_4000.sh
44385918.cream02.iihe.ac.be
[1;34mCommand:[0;m qsub -q localgrid@cream02 -o ../out_err/test10ZPrime_4000.stdout -e ../out_err/test10ZPrime_4000.stderr -l walltime=13:00:00    ../Jobs_to_submit/test10ZPrime_4000.sh
44385920.cream02.iihe.ac.be
[1;34mCommand:[0;m qsub -q localgrid@cream02 -o ../out_err/test11ZPrime_4000.stdout -e ../out_err/test11ZPrime_4000.stderr -l walltime=13:00:00    ../Jobs_to_submit/test11ZPrime_4000.sh
44385924.cream02.iihe.ac.be
[1;34mCommand:[0;m qsub -q localgrid@cream02 -o ../out_err/test12ZPrime_4000.stdout -e ../out_err/test12ZPrime_4000.stderr -l walltime=13:00:00    ../Jobs_to_submit/test12ZPrime_4000.sh
44385927.cream02.iihe.ac.be
[1;34mCommand:[0;m qsub -q localgrid@cream02 -o ../out_err/test13ZPrime_4000.stdout -e ../out_err/test13ZPrime_4000.stderr -l walltime=13:00:00    ../Jobs_to_submit/test13ZPrime_4000.sh
44385930.cream02.iihe.ac.be
[1;34mCommand:[0;m qsub -q localgrid@cream02 -o ../out_err/test14ZPrime_4000.stdout -e ../out_err/test14ZPrime_4000.stderr -l walltime=13:00:00    ../Jobs_to_submit/test14ZPrime_4000.sh
44385933.cream02.iihe.ac.be
[1;34mCommand:[0;m qsub -q localgrid@cream02 -o ../out_err/test0ZPrime_4500.stdout -e ../out_err/test0ZPrime_4500.stderr -l walltime=13:00:00    ../Jobs_to_submit/test0ZPrime_4500.sh
44385936.cream02.iihe.ac.be
[1;34mCommand:[0;m qsub -q localgrid@cream02 -o ../out_err/test1ZPrime_4500.stdout -e ../out_err/test1ZPrime_4500.stderr -l walltime=13:00:00    ../Jobs_to_submit/test1ZPrime_4500.sh
44385939.cream02.iihe.ac.be
[1;34mCommand:[0;m qsub -q localgrid@cream02 -o ../out_err/test2ZPrime_4500.stdout -e ../out_err/test2ZPrime_4500.stderr -l walltime=13:00:00    ../Jobs_to_submit/test2ZPrime_4500.sh
44385943.cream02.iihe.ac.be
[1;34mCommand:[0;m qsub -q localgrid@cream02 -o ../out_err/test3ZPrime_4500.stdout -e ../out_err/test3ZPrime_4500.stderr -l walltime=13:00:00    ../Jobs_to_submit/test3ZPrime_4500.sh
44385946.cream02.iihe.ac.be
[1;34mCommand:[0;m qsub -q localgrid@cream02 -o ../out_err/test4ZPrime_4500.stdout -e ../out_err/test4ZPrime_4500.stderr -l walltime=13:00:00    ../Jobs_to_submit/test4ZPrime_4500.sh
44385949.cream02.iihe.ac.be
[1;34mCommand:[0;m qsub -q localgrid@cream02 -o ../out_err/test5ZPrime_4500.stdout -e ../out_err/test5ZPrime_4500.stderr -l walltime=13:00:00    ../Jobs_to_submit/test5ZPrime_4500.sh
44385953.cream02.iihe.ac.be
[1;34mCommand:[0;m qsub -q localgrid@cream02 -o ../out_err/test6ZPrime_4500.stdout -e ../out_err/test6ZPrime_4500.stderr -l walltime=13:00:00    ../Jobs_to_submit/test6ZPrime_4500.sh
44385956.cream02.iihe.ac.be
[1;34mCommand:[0;m qsub -q localgrid@cream02 -o ../out_err/test7ZPrime_4500.stdout -e ../out_err/test7ZPrime_4500.stderr -l walltime=13:00:00    ../Jobs_to_submit/test7ZPrime_4500.sh
44385959.cream02.iihe.ac.be
[1;34mCommand:[0;m qsub -q localgrid@cream02 -o ../out_err/test8ZPrime_4500.stdout -e ../out_err/test8ZPrime_4500.stderr -l walltime=13:00:00    ../Jobs_to_submit/test8ZPrime_4500.sh
44385962.cream02.iihe.ac.be
[1;34mCommand:[0;m qsub -q localgrid@cream02 -o ../out_err/test9ZPrime_4500.stdout -e ../out_err/test9ZPrime_4500.stderr -l walltime=13:00:00    ../Jobs_to_submit/test9ZPrime_4500.sh
44385965.cream02.iihe.ac.be
[1;34mCommand:[0;m qsub -q localgrid@cream02 -o ../out_err/test10ZPrime_4500.stdout -e ../out_err/test10ZPrime_4500.stderr -l walltime=13:00:00    ../Jobs_to_submit/test10ZPrime_4500.sh
44385968.cream02.iihe.ac.be
[1;34mCommand:[0;m qsub -q localgrid@cream02 -o ../out_err/test11ZPrime_4500.stdout -e ../out_err/test11ZPrime_4500.stderr -l walltime=13:00:00    ../Jobs_to_submit/test11ZPrime_4500.sh
44385970.cream02.iihe.ac.be
[1;34mCommand:[0;m qsub -q localgrid@cream02 -o ../out_err/test12ZPrime_4500.stdout -e ../out_err/test12ZPrime_4500.stderr -l walltime=13:00:00    ../Jobs_to_submit/test12ZPrime_4500.sh
44385973.cream02.iihe.ac.be
[1;34mCommand:[0;m qsub -q localgrid@cream02 -o ../out_err/test13ZPrime_4500.stdout -e ../out_err/test13ZPrime_4500.stderr -l walltime=13:00:00    ../Jobs_to_submit/test13ZPrime_4500.sh
44385976.cream02.iihe.ac.be
[1;34mCommand:[0;m qsub -q localgrid@cream02 -o ../out_err/test14ZPrime_4500.stdout -e ../out_err/test14ZPrime_4500.stderr -l walltime=13:00:00    ../Jobs_to_submit/test14ZPrime_4500.sh
44385978.cream02.iihe.ac.be
[1;34mCommand:[0;m qsub -q localgrid@cream02 -o ../out_err/test0ZPrime_500.stdout -e ../out_err/test0ZPrime_500.stderr -l walltime=13:00:00    ../Jobs_to_submit/test0ZPrime_500.sh
44385983.cream02.iihe.ac.be
[1;34mCommand:[0;m qsub -q localgrid@cream02 -o ../out_err/test1ZPrime_500.stdout -e ../out_err/test1ZPrime_500.stderr -l walltime=13:00:00    ../Jobs_to_submit/test1ZPrime_500.sh
44385986.cream02.iihe.ac.be
[1;34mCommand:[0;m qsub -q localgrid@cream02 -o ../out_err/test2ZPrime_500.stdout -e ../out_err/test2ZPrime_500.stderr -l walltime=13:00:00    ../Jobs_to_submit/test2ZPrime_500.sh
44385990.cream02.iihe.ac.be
[1;34mCommand:[0;m qsub -q localgrid@cream02 -o ../out_err/test3ZPrime_500.stdout -e ../out_err/test3ZPrime_500.stderr -l walltime=13:00:00    ../Jobs_to_submit/test3ZPrime_500.sh
44385995.cream02.iihe.ac.be
[1;34mCommand:[0;m qsub -q localgrid@cream02 -o ../out_err/test4ZPrime_500.stdout -e ../out_err/test4ZPrime_500.stderr -l walltime=13:00:00    ../Jobs_to_submit/test4ZPrime_500.sh
44385999.cream02.iihe.ac.be
[1;34mCommand:[0;m qsub -q localgrid@cream02 -o ../out_err/test5ZPrime_500.stdout -e ../out_err/test5ZPrime_500.stderr -l walltime=13:00:00    ../Jobs_to_submit/test5ZPrime_500.sh
44386003.cream02.iihe.ac.be
[1;34mCommand:[0;m qsub -q localgrid@cream02 -o ../out_err/test6ZPrime_500.stdout -e ../out_err/test6ZPrime_500.stderr -l walltime=13:00:00    ../Jobs_to_submit/test6ZPrime_500.sh
44386007.cream02.iihe.ac.be
[1;34mCommand:[0;m qsub -q localgrid@cream02 -o ../out_err/test7ZPrime_500.stdout -e ../out_err/test7ZPrime_500.stderr -l walltime=13:00:00    ../Jobs_to_submit/test7ZPrime_500.sh
44386010.cream02.iihe.ac.be
[1;34mCommand:[0;m qsub -q localgrid@cream02 -o ../out_err/test8ZPrime_500.stdout -e ../out_err/test8ZPrime_500.stderr -l walltime=13:00:00    ../Jobs_to_submit/test8ZPrime_500.sh
44386014.cream02.iihe.ac.be
[1;34mCommand:[0;m qsub -q localgrid@cream02 -o ../out_err/test9ZPrime_500.stdout -e ../out_err/test9ZPrime_500.stderr -l walltime=13:00:00    ../Jobs_to_submit/test9ZPrime_500.sh
44386017.cream02.iihe.ac.be
[1;34mCommand:[0;m qsub -q localgrid@cream02 -o ../out_err/test10ZPrime_500.stdout -e ../out_err/test10ZPrime_500.stderr -l walltime=13:00:00    ../Jobs_to_submit/test10ZPrime_500.sh
44386020.cream02.iihe.ac.be
[1;34mCommand:[0;m qsub -q localgrid@cream02 -o ../out_err/test11ZPrime_500.stdout -e ../out_err/test11ZPrime_500.stderr -l walltime=13:00:00    ../Jobs_to_submit/test11ZPrime_500.sh
44386023.cream02.iihe.ac.be
[1;34mCommand:[0;m qsub -q localgrid@cream02 -o ../out_err/test12ZPrime_500.stdout -e ../out_err/test12ZPrime_500.stderr -l walltime=13:00:00    ../Jobs_to_submit/test12ZPrime_500.sh
44386026.cream02.iihe.ac.be
[1;34mCommand:[0;m qsub -q localgrid@cream02 -o ../out_err/test13ZPrime_500.stdout -e ../out_err/test13ZPrime_500.stderr -l walltime=13:00:00    ../Jobs_to_submit/test13ZPrime_500.sh
44386030.cream02.iihe.ac.be
[1;34mCommand:[0;m qsub -q localgrid@cream02 -o ../out_err/test14ZPrime_500.stdout -e ../out_err/test14ZPrime_500.stderr -l walltime=13:00:00    ../Jobs_to_submit/test14ZPrime_500.sh
44386033.cream02.iihe.ac.be
[1;34mCommand:[0;m qsub -q localgrid@cream02 -o ../out_err/test0ZPrime_5000.stdout -e ../out_err/test0ZPrime_5000.stderr -l walltime=13:00:00    ../Jobs_to_submit/test0ZPrime_5000.sh
44386037.cream02.iihe.ac.be
[1;34mCommand:[0;m qsub -q localgrid@cream02 -o ../out_err/test1ZPrime_5000.stdout -e ../out_err/test1ZPrime_5000.stderr -l walltime=13:00:00    ../Jobs_to_submit/test1ZPrime_5000.sh
44386040.cream02.iihe.ac.be
[1;34mCommand:[0;m qsub -q localgrid@cream02 -o ../out_err/test2ZPrime_5000.stdout -e ../out_err/test2ZPrime_5000.stderr -l walltime=13:00:00    ../Jobs_to_submit/test2ZPrime_5000.sh
44386043.cream02.iihe.ac.be
[1;34mCommand:[0;m qsub -q localgrid@cream02 -o ../out_err/test3ZPrime_5000.stdout -e ../out_err/test3ZPrime_5000.stderr -l walltime=13:00:00    ../Jobs_to_submit/test3ZPrime_5000.sh
44386046.cream02.iihe.ac.be
[1;34mCommand:[0;m qsub -q localgrid@cream02 -o ../out_err/test4ZPrime_5000.stdout -e ../out_err/test4ZPrime_5000.stderr -l walltime=13:00:00    ../Jobs_to_submit/test4ZPrime_5000.sh
44386049.cream02.iihe.ac.be
[1;34mCommand:[0;m qsub -q localgrid@cream02 -o ../out_err/test5ZPrime_5000.stdout -e ../out_err/test5ZPrime_5000.stderr -l walltime=13:00:00    ../Jobs_to_submit/test5ZPrime_5000.sh
44386052.cream02.iihe.ac.be
[1;34mCommand:[0;m qsub -q localgrid@cream02 -o ../out_err/test6ZPrime_5000.stdout -e ../out_err/test6ZPrime_5000.stderr -l walltime=13:00:00    ../Jobs_to_submit/test6ZPrime_5000.sh
44386055.cream02.iihe.ac.be
[1;34mCommand:[0;m qsub -q localgrid@cream02 -o ../out_err/test7ZPrime_5000.stdout -e ../out_err/test7ZPrime_5000.stderr -l walltime=13:00:00    ../Jobs_to_submit/test7ZPrime_5000.sh
44386057.cream02.iihe.ac.be
[1;34mCommand:[0;m qsub -q localgrid@cream02 -o ../out_err/test8ZPrime_5000.stdout -e ../out_err/test8ZPrime_5000.stderr -l walltime=13:00:00    ../Jobs_to_submit/test8ZPrime_5000.sh
44386061.cream02.iihe.ac.be
[1;34mCommand:[0;m qsub -q localgrid@cream02 -o ../out_err/test9ZPrime_5000.stdout -e ../out_err/test9ZPrime_5000.stderr -l walltime=13:00:00    ../Jobs_to_submit/test9ZPrime_5000.sh
44386064.cream02.iihe.ac.be
[1;34mCommand:[0;m qsub -q localgrid@cream02 -o ../out_err/test0ZPrime_5500.stdout -e ../out_err/test0ZPrime_5500.stderr -l walltime=13:00:00    ../Jobs_to_submit/test0ZPrime_5500.sh
44386066.cream02.iihe.ac.be
[1;34mCommand:[0;m qsub -q localgrid@cream02 -o ../out_err/test1ZPrime_5500.stdout -e ../out_err/test1ZPrime_5500.stderr -l walltime=13:00:00    ../Jobs_to_submit/test1ZPrime_5500.sh
44386069.cream02.iihe.ac.be
[1;34mCommand:[0;m qsub -q localgrid@cream02 -o ../out_err/test2ZPrime_5500.stdout -e ../out_err/test2ZPrime_5500.stderr -l walltime=13:00:00    ../Jobs_to_submit/test2ZPrime_5500.sh
44386073.cream02.iihe.ac.be
[1;34mCommand:[0;m qsub -q localgrid@cream02 -o ../out_err/test3ZPrime_5500.stdout -e ../out_err/test3ZPrime_5500.stderr -l walltime=13:00:00    ../Jobs_to_submit/test3ZPrime_5500.sh
44386077.cream02.iihe.ac.be
[1;34mCommand:[0;m qsub -q localgrid@cream02 -o ../out_err/test4ZPrime_5500.stdout -e ../out_err/test4ZPrime_5500.stderr -l walltime=13:00:00    ../Jobs_to_submit/test4ZPrime_5500.sh
44386079.cream02.iihe.ac.be
[1;34mCommand:[0;m qsub -q localgrid@cream02 -o ../out_err/test5ZPrime_5500.stdout -e ../out_err/test5ZPrime_5500.stderr -l walltime=13:00:00    ../Jobs_to_submit/test5ZPrime_5500.sh
44386082.cream02.iihe.ac.be
[1;34mCommand:[0;m qsub -q localgrid@cream02 -o ../out_err/test6ZPrime_5500.stdout -e ../out_err/test6ZPrime_5500.stderr -l walltime=13:00:00    ../Jobs_to_submit/test6ZPrime_5500.sh
44386086.cream02.iihe.ac.be
[1;34mCommand:[0;m qsub -q localgrid@cream02 -o ../out_err/test7ZPrime_5500.stdout -e ../out_err/test7ZPrime_5500.stderr -l walltime=13:00:00    ../Jobs_to_submit/test7ZPrime_5500.sh
44386089.cream02.iihe.ac.be
[1;34mCommand:[0;m qsub -q localgrid@cream02 -o ../out_err/test8ZPrime_5500.stdout -e ../out_err/test8ZPrime_5500.stderr -l walltime=13:00:00    ../Jobs_to_submit/test8ZPrime_5500.sh
44386091.cream02.iihe.ac.be
[1;34mCommand:[0;m qsub -q localgrid@cream02 -o ../out_err/test9ZPrime_5500.stdout -e ../out_err/test9ZPrime_5500.stderr -l walltime=13:00:00    ../Jobs_to_submit/test9ZPrime_5500.sh
44386094.cream02.iihe.ac.be
[1;34mCommand:[0;m qsub -q localgrid@cream02 -o ../out_err/test10ZPrime_5500.stdout -e ../out_err/test10ZPrime_5500.stderr -l walltime=13:00:00    ../Jobs_to_submit/test10ZPrime_5500.sh
44386098.cream02.iihe.ac.be
[1;34mCommand:[0;m qsub -q localgrid@cream02 -o ../out_err/test11ZPrime_5500.stdout -e ../out_err/test11ZPrime_5500.stderr -l walltime=13:00:00    ../Jobs_to_submit/test11ZPrime_5500.sh
44386101.cream02.iihe.ac.be
[1;34mCommand:[0;m qsub -q localgrid@cream02 -o ../out_err/test12ZPrime_5500.stdout -e ../out_err/test12ZPrime_5500.stderr -l walltime=13:00:00    ../Jobs_to_submit/test12ZPrime_5500.sh
44386104.cream02.iihe.ac.be
[1;34mCommand:[0;m qsub -q localgrid@cream02 -o ../out_err/test13ZPrime_5500.stdout -e ../out_err/test13ZPrime_5500.stderr -l walltime=13:00:00    ../Jobs_to_submit/test13ZPrime_5500.sh
44386107.cream02.iihe.ac.be
[1;34mCommand:[0;m qsub -q localgrid@cream02 -o ../out_err/test14ZPrime_5500.stdout -e ../out_err/test14ZPrime_5500.stderr -l walltime=13:00:00    ../Jobs_to_submit/test14ZPrime_5500.sh
44386110.cream02.iihe.ac.be
[1;34mCommand:[0;m qsub -q localgrid@cream02 -o ../out_err/test15ZPrime_5500.stdout -e ../out_err/test15ZPrime_5500.stderr -l walltime=13:00:00    ../Jobs_to_submit/test15ZPrime_5500.sh
44386112.cream02.iihe.ac.be
[1;34mCommand:[0;m qsub -q localgrid@cream02 -o ../out_err/test16ZPrime_5500.stdout -e ../out_err/test16ZPrime_5500.stderr -l walltime=13:00:00    ../Jobs_to_submit/test16ZPrime_5500.sh
44386116.cream02.iihe.ac.be
[1;34mCommand:[0;m qsub -q localgrid@cream02 -o ../out_err/test17ZPrime_5500.stdout -e ../out_err/test17ZPrime_5500.stderr -l walltime=13:00:00    ../Jobs_to_submit/test17ZPrime_5500.sh
44386120.cream02.iihe.ac.be
[1;34mCommand:[0;m qsub -q localgrid@cream02 -o ../out_err/test0ZPrime_600.stdout -e ../out_err/test0ZPrime_600.stderr -l walltime=13:00:00    ../Jobs_to_submit/test0ZPrime_600.sh
44386123.cream02.iihe.ac.be
[1;34mCommand:[0;m qsub -q localgrid@cream02 -o ../out_err/test1ZPrime_600.stdout -e ../out_err/test1ZPrime_600.stderr -l walltime=13:00:00    ../Jobs_to_submit/test1ZPrime_600.sh
44386126.cream02.iihe.ac.be
[1;34mCommand:[0;m qsub -q localgrid@cream02 -o ../out_err/test2ZPrime_600.stdout -e ../out_err/test2ZPrime_600.stderr -l walltime=13:00:00    ../Jobs_to_submit/test2ZPrime_600.sh
44386129.cream02.iihe.ac.be
[1;34mCommand:[0;m qsub -q localgrid@cream02 -o ../out_err/test3ZPrime_600.stdout -e ../out_err/test3ZPrime_600.stderr -l walltime=13:00:00    ../Jobs_to_submit/test3ZPrime_600.sh
44386131.cream02.iihe.ac.be
[1;34mCommand:[0;m qsub -q localgrid@cream02 -o ../out_err/test4ZPrime_600.stdout -e ../out_err/test4ZPrime_600.stderr -l walltime=13:00:00    ../Jobs_to_submit/test4ZPrime_600.sh
44386133.cream02.iihe.ac.be
[1;34mCommand:[0;m qsub -q localgrid@cream02 -o ../out_err/test0ZPrime_6000.stdout -e ../out_err/test0ZPrime_6000.stderr -l walltime=13:00:00    ../Jobs_to_submit/test0ZPrime_6000.sh
44386137.cream02.iihe.ac.be
[1;34mCommand:[0;m qsub -q localgrid@cream02 -o ../out_err/test1ZPrime_6000.stdout -e ../out_err/test1ZPrime_6000.stderr -l walltime=13:00:00    ../Jobs_to_submit/test1ZPrime_6000.sh
44386140.cream02.iihe.ac.be
[1;34mCommand:[0;m qsub -q localgrid@cream02 -o ../out_err/test2ZPrime_6000.stdout -e ../out_err/test2ZPrime_6000.stderr -l walltime=13:00:00    ../Jobs_to_submit/test2ZPrime_6000.sh
44386142.cream02.iihe.ac.be
[1;34mCommand:[0;m qsub -q localgrid@cream02 -o ../out_err/test3ZPrime_6000.stdout -e ../out_err/test3ZPrime_6000.stderr -l walltime=13:00:00    ../Jobs_to_submit/test3ZPrime_6000.sh
44386146.cream02.iihe.ac.be
[1;34mCommand:[0;m qsub -q localgrid@cream02 -o ../out_err/test4ZPrime_6000.stdout -e ../out_err/test4ZPrime_6000.stderr -l walltime=13:00:00    ../Jobs_to_submit/test4ZPrime_6000.sh
44386150.cream02.iihe.ac.be
[1;34mCommand:[0;m qsub -q localgrid@cream02 -o ../out_err/test5ZPrime_6000.stdout -e ../out_err/test5ZPrime_6000.stderr -l walltime=13:00:00    ../Jobs_to_submit/test5ZPrime_6000.sh
44386153.cream02.iihe.ac.be
[1;34mCommand:[0;m qsub -q localgrid@cream02 -o ../out_err/test6ZPrime_6000.stdout -e ../out_err/test6ZPrime_6000.stderr -l walltime=13:00:00    ../Jobs_to_submit/test6ZPrime_6000.sh
44386156.cream02.iihe.ac.be
[1;34mCommand:[0;m qsub -q localgrid@cream02 -o ../out_err/test7ZPrime_6000.stdout -e ../out_err/test7ZPrime_6000.stderr -l walltime=13:00:00    ../Jobs_to_submit/test7ZPrime_6000.sh
44386159.cream02.iihe.ac.be
[1;34mCommand:[0;m qsub -q localgrid@cream02 -o ../out_err/test8ZPrime_6000.stdout -e ../out_err/test8ZPrime_6000.stderr -l walltime=13:00:00    ../Jobs_to_submit/test8ZPrime_6000.sh
44386162.cream02.iihe.ac.be
[1;34mCommand:[0;m qsub -q localgrid@cream02 -o ../out_err/test9ZPrime_6000.stdout -e ../out_err/test9ZPrime_6000.stderr -l walltime=13:00:00    ../Jobs_to_submit/test9ZPrime_6000.sh
44386166.cream02.iihe.ac.be
[1;34mCommand:[0;m qsub -q localgrid@cream02 -o ../out_err/test10ZPrime_6000.stdout -e ../out_err/test10ZPrime_6000.stderr -l walltime=13:00:00    ../Jobs_to_submit/test10ZPrime_6000.sh
44386169.cream02.iihe.ac.be
[1;34mCommand:[0;m qsub -q localgrid@cream02 -o ../out_err/test11ZPrime_6000.stdout -e ../out_err/test11ZPrime_6000.stderr -l walltime=13:00:00    ../Jobs_to_submit/test11ZPrime_6000.sh
44386172.cream02.iihe.ac.be
[1;34mCommand:[0;m qsub -q localgrid@cream02 -o ../out_err/test12ZPrime_6000.stdout -e ../out_err/test12ZPrime_6000.stderr -l walltime=13:00:00    ../Jobs_to_submit/test12ZPrime_6000.sh
44386175.cream02.iihe.ac.be
[1;34mCommand:[0;m qsub -q localgrid@cream02 -o ../out_err/test13ZPrime_6000.stdout -e ../out_err/test13ZPrime_6000.stderr -l walltime=13:00:00    ../Jobs_to_submit/test13ZPrime_6000.sh
44386177.cream02.iihe.ac.be
[1;34mCommand:[0;m qsub -q localgrid@cream02 -o ../out_err/test14ZPrime_6000.stdout -e ../out_err/test14ZPrime_6000.stderr -l walltime=13:00:00    ../Jobs_to_submit/test14ZPrime_6000.sh
44386180.cream02.iihe.ac.be
[1;34mCommand:[0;m qsub -q localgrid@cream02 -o ../out_err/test15ZPrime_6000.stdout -e ../out_err/test15ZPrime_6000.stderr -l walltime=13:00:00    ../Jobs_to_submit/test15ZPrime_6000.sh
44386183.cream02.iihe.ac.be
[1;34mCommand:[0;m qsub -q localgrid@cream02 -o ../out_err/test16ZPrime_6000.stdout -e ../out_err/test16ZPrime_6000.stderr -l walltime=13:00:00    ../Jobs_to_submit/test16ZPrime_6000.sh
44386186.cream02.iihe.ac.be
[1;34mCommand:[0;m qsub -q localgrid@cream02 -o ../out_err/test17ZPrime_6000.stdout -e ../out_err/test17ZPrime_6000.stderr -l walltime=13:00:00    ../Jobs_to_submit/test17ZPrime_6000.sh
44386189.cream02.iihe.ac.be
[1;34mCommand:[0;m qsub -q localgrid@cream02 -o ../out_err/test18ZPrime_6000.stdout -e ../out_err/test18ZPrime_6000.stderr -l walltime=13:00:00    ../Jobs_to_submit/test18ZPrime_6000.sh
44386193.cream02.iihe.ac.be
[1;34mCommand:[0;m qsub -q localgrid@cream02 -o ../out_err/test19ZPrime_6000.stdout -e ../out_err/test19ZPrime_6000.stderr -l walltime=13:00:00    ../Jobs_to_submit/test19ZPrime_6000.sh
44386195.cream02.iihe.ac.be
[1;34mCommand:[0;m qsub -q localgrid@cream02 -o ../out_err/test0ZPrime_700.stdout -e ../out_err/test0ZPrime_700.stderr -l walltime=13:00:00    ../Jobs_to_submit/test0ZPrime_700.sh
44386198.cream02.iihe.ac.be
[1;34mCommand:[0;m qsub -q localgrid@cream02 -o ../out_err/test1ZPrime_700.stdout -e ../out_err/test1ZPrime_700.stderr -l walltime=13:00:00    ../Jobs_to_submit/test1ZPrime_700.sh
44386201.cream02.iihe.ac.be
[1;34mCommand:[0;m qsub -q localgrid@cream02 -o ../out_err/test2ZPrime_700.stdout -e ../out_err/test2ZPrime_700.stderr -l walltime=13:00:00    ../Jobs_to_submit/test2ZPrime_700.sh
44386204.cream02.iihe.ac.be
[1;34mCommand:[0;m qsub -q localgrid@cream02 -o ../out_err/test3ZPrime_700.stdout -e ../out_err/test3ZPrime_700.stderr -l walltime=13:00:00    ../Jobs_to_submit/test3ZPrime_700.sh
44386207.cream02.iihe.ac.be
[1;34mCommand:[0;m qsub -q localgrid@cream02 -o ../out_err/test4ZPrime_700.stdout -e ../out_err/test4ZPrime_700.stderr -l walltime=13:00:00    ../Jobs_to_submit/test4ZPrime_700.sh
44386210.cream02.iihe.ac.be
[1;34mCommand:[0;m qsub -q localgrid@cream02 -o ../out_err/test5ZPrime_700.stdout -e ../out_err/test5ZPrime_700.stderr -l walltime=13:00:00    ../Jobs_to_submit/test5ZPrime_700.sh
44386212.cream02.iihe.ac.be
[1;34mCommand:[0;m qsub -q localgrid@cream02 -o ../out_err/test6ZPrime_700.stdout -e ../out_err/test6ZPrime_700.stderr -l walltime=13:00:00    ../Jobs_to_submit/test6ZPrime_700.sh
44386216.cream02.iihe.ac.be
[1;34mCommand:[0;m qsub -q localgrid@cream02 -o ../out_err/test7ZPrime_700.stdout -e ../out_err/test7ZPrime_700.stderr -l walltime=13:00:00    ../Jobs_to_submit/test7ZPrime_700.sh
44386219.cream02.iihe.ac.be
[1;34mCommand:[0;m qsub -q localgrid@cream02 -o ../out_err/test0ZPrime_800.stdout -e ../out_err/test0ZPrime_800.stderr -l walltime=13:00:00    ../Jobs_to_submit/test0ZPrime_800.sh
44386222.cream02.iihe.ac.be
[1;34mCommand:[0;m qsub -q localgrid@cream02 -o ../out_err/test1ZPrime_800.stdout -e ../out_err/test1ZPrime_800.stderr -l walltime=13:00:00    ../Jobs_to_submit/test1ZPrime_800.sh
44386225.cream02.iihe.ac.be
[1;34mCommand:[0;m qsub -q localgrid@cream02 -o ../out_err/test2ZPrime_800.stdout -e ../out_err/test2ZPrime_800.stderr -l walltime=13:00:00    ../Jobs_to_submit/test2ZPrime_800.sh
44386229.cream02.iihe.ac.be
[1;34mCommand:[0;m qsub -q localgrid@cream02 -o ../out_err/test3ZPrime_800.stdout -e ../out_err/test3ZPrime_800.stderr -l walltime=13:00:00    ../Jobs_to_submit/test3ZPrime_800.sh
44386232.cream02.iihe.ac.be
[1;34mCommand:[0;m qsub -q localgrid@cream02 -o ../out_err/test4ZPrime_800.stdout -e ../out_err/test4ZPrime_800.stderr -l walltime=13:00:00    ../Jobs_to_submit/test4ZPrime_800.sh
44386235.cream02.iihe.ac.be
[1;34mCommand:[0;m qsub -q localgrid@cream02 -o ../out_err/test5ZPrime_800.stdout -e ../out_err/test5ZPrime_800.stderr -l walltime=13:00:00    ../Jobs_to_submit/test5ZPrime_800.sh
44386238.cream02.iihe.ac.be
[1;34mCommand:[0;m qsub -q localgrid@cream02 -o ../out_err/test6ZPrime_800.stdout -e ../out_err/test6ZPrime_800.stderr -l walltime=13:00:00    ../Jobs_to_submit/test6ZPrime_800.sh
44386240.cream02.iihe.ac.be
[1;34mCommand:[0;m qsub -q localgrid@cream02 -o ../out_err/test7ZPrime_800.stdout -e ../out_err/test7ZPrime_800.stderr -l walltime=13:00:00    ../Jobs_to_submit/test7ZPrime_800.sh
44386243.cream02.iihe.ac.be
[1;34mCommand:[0;m qsub -q localgrid@cream02 -o ../out_err/test8ZPrime_800.stdout -e ../out_err/test8ZPrime_800.stderr -l walltime=13:00:00    ../Jobs_to_submit/test8ZPrime_800.sh
44386246.cream02.iihe.ac.be
[1;34mCommand:[0;m qsub -q localgrid@cream02 -o ../out_err/test9ZPrime_800.stdout -e ../out_err/test9ZPrime_800.stderr -l walltime=13:00:00    ../Jobs_to_submit/test9ZPrime_800.sh
44386249.cream02.iihe.ac.be
[1;34mCommand:[0;m qsub -q localgrid@cream02 -o ../out_err/test10ZPrime_800.stdout -e ../out_err/test10ZPrime_800.stderr -l walltime=13:00:00    ../Jobs_to_submit/test10ZPrime_800.sh
44386252.cream02.iihe.ac.be
[1;34mCommand:[0;m qsub -q localgrid@cream02 -o ../out_err/test11ZPrime_800.stdout -e ../out_err/test11ZPrime_800.stderr -l walltime=13:00:00    ../Jobs_to_submit/test11ZPrime_800.sh
44386256.cream02.iihe.ac.be
[1;34mCommand:[0;m qsub -q localgrid@cream02 -o ../out_err/test12ZPrime_800.stdout -e ../out_err/test12ZPrime_800.stderr -l walltime=13:00:00    ../Jobs_to_submit/test12ZPrime_800.sh
44386258.cream02.iihe.ac.be
[1;34mCommand:[0;m qsub -q localgrid@cream02 -o ../out_err/test13ZPrime_800.stdout -e ../out_err/test13ZPrime_800.stderr -l walltime=13:00:00    ../Jobs_to_submit/test13ZPrime_800.sh
44386261.cream02.iihe.ac.be
[1;34mCommand:[0;m qsub -q localgrid@cream02 -o ../out_err/test14ZPrime_800.stdout -e ../out_err/test14ZPrime_800.stderr -l walltime=13:00:00    ../Jobs_to_submit/test14ZPrime_800.sh
44386264.cream02.iihe.ac.be
[1;34mCommand:[0;m qsub -q localgrid@cream02 -o ../out_err/test15ZPrime_800.stdout -e ../out_err/test15ZPrime_800.stderr -l walltime=13:00:00    ../Jobs_to_submit/test15ZPrime_800.sh
44386267.cream02.iihe.ac.be
[1;34mCommand:[0;m qsub -q localgrid@cream02 -o ../out_err/test16ZPrime_800.stdout -e ../out_err/test16ZPrime_800.stderr -l walltime=13:00:00    ../Jobs_to_submit/test16ZPrime_800.sh
44386270.cream02.iihe.ac.be
[1;34mCommand:[0;m qsub -q localgrid@cream02 -o ../out_err/test17ZPrime_800.stdout -e ../out_err/test17ZPrime_800.stderr -l walltime=13:00:00    ../Jobs_to_submit/test17ZPrime_800.sh
44386273.cream02.iihe.ac.be
[1;34mCommand:[0;m qsub -q localgrid@cream02 -o ../out_err/test18ZPrime_800.stdout -e ../out_err/test18ZPrime_800.stderr -l walltime=13:00:00    ../Jobs_to_submit/test18ZPrime_800.sh
44386277.cream02.iihe.ac.be
[1;34mCommand:[0;m qsub -q localgrid@cream02 -o ../out_err/test19ZPrime_800.stdout -e ../out_err/test19ZPrime_800.stderr -l walltime=13:00:00    ../Jobs_to_submit/test19ZPrime_800.sh
44386280.cream02.iihe.ac.be
[1;34mCommand:[0;m qsub -q localgrid@cream02 -o ../out_err/test20ZPrime_800.stdout -e ../out_err/test20ZPrime_800.stderr -l walltime=13:00:00    ../Jobs_to_submit/test20ZPrime_800.sh
44386283.cream02.iihe.ac.be
[1;34mCommand:[0;m qsub -q localgrid@cream02 -o ../out_err/test21ZPrime_800.stdout -e ../out_err/test21ZPrime_800.stderr -l walltime=13:00:00    ../Jobs_to_submit/test21ZPrime_800.sh
44386286.cream02.iihe.ac.be
[1;34mCommand:[0;m qsub -q localgrid@cream02 -o ../out_err/test22ZPrime_800.stdout -e ../out_err/test22ZPrime_800.stderr -l walltime=13:00:00    ../Jobs_to_submit/test22ZPrime_800.sh
44386289.cream02.iihe.ac.be
[1;34mCommand:[0;m qsub -q localgrid@cream02 -o ../out_err/test0ZPrime_900.stdout -e ../out_err/test0ZPrime_900.stderr -l walltime=13:00:00    ../Jobs_to_submit/test0ZPrime_900.sh
44386293.cream02.iihe.ac.be
[1;34mCommand:[0;m qsub -q localgrid@cream02 -o ../out_err/test1ZPrime_900.stdout -e ../out_err/test1ZPrime_900.stderr -l walltime=13:00:00    ../Jobs_to_submit/test1ZPrime_900.sh
44386296.cream02.iihe.ac.be
[1;34mCommand:[0;m qsub -q localgrid@cream02 -o ../out_err/test2ZPrime_900.stdout -e ../out_err/test2ZPrime_900.stderr -l walltime=13:00:00    ../Jobs_to_submit/test2ZPrime_900.sh
44386299.cream02.iihe.ac.be
[1;34mCommand:[0;m qsub -q localgrid@cream02 -o ../out_err/test3ZPrime_900.stdout -e ../out_err/test3ZPrime_900.stderr -l walltime=13:00:00    ../Jobs_to_submit/test3ZPrime_900.sh
44386302.cream02.iihe.ac.be
[1;34mCommand:[0;m qsub -q localgrid@cream02 -o ../out_err/test4ZPrime_900.stdout -e ../out_err/test4ZPrime_900.stderr -l walltime=13:00:00    ../Jobs_to_submit/test4ZPrime_900.sh
44386305.cream02.iihe.ac.be
[1;34mCommand:[0;m qsub -q localgrid@cream02 -o ../out_err/test5ZPrime_900.stdout -e ../out_err/test5ZPrime_900.stderr -l walltime=13:00:00    ../Jobs_to_submit/test5ZPrime_900.sh
44386308.cream02.iihe.ac.be
[1;34mCommand:[0;m qsub -q localgrid@cream02 -o ../out_err/test6ZPrime_900.stdout -e ../out_err/test6ZPrime_900.stderr -l walltime=13:00:00    ../Jobs_to_submit/test6ZPrime_900.sh
44386311.cream02.iihe.ac.be
[1;34mCommand:[0;m qsub -q localgrid@cream02 -o ../out_err/test7ZPrime_900.stdout -e ../out_err/test7ZPrime_900.stderr -l walltime=13:00:00    ../Jobs_to_submit/test7ZPrime_900.sh
44386314.cream02.iihe.ac.be
[1;34mCommand:[0;m qsub -q localgrid@cream02 -o ../out_err/test8ZPrime_900.stdout -e ../out_err/test8ZPrime_900.stderr -l walltime=13:00:00    ../Jobs_to_submit/test8ZPrime_900.sh
44386317.cream02.iihe.ac.be
[1;34mCommand:[0;m qsub -q localgrid@cream02 -o ../out_err/test9ZPrime_900.stdout -e ../out_err/test9ZPrime_900.stderr -l walltime=13:00:00    ../Jobs_to_submit/test9ZPrime_900.sh
44386321.cream02.iihe.ac.be
[1;34mCommand:[0;m qsub -q localgrid@cream02 -o ../out_err/test10ZPrime_900.stdout -e ../out_err/test10ZPrime_900.stderr -l walltime=13:00:00    ../Jobs_to_submit/test10ZPrime_900.sh
44386324.cream02.iihe.ac.be
[1;34mCommand:[0;m qsub -q localgrid@cream02 -o ../out_err/test11ZPrime_900.stdout -e ../out_err/test11ZPrime_900.stderr -l walltime=13:00:00    ../Jobs_to_submit/test11ZPrime_900.sh
44386327.cream02.iihe.ac.be
[1;34mCommand:[0;m qsub -q localgrid@cream02 -o ../out_err/test12ZPrime_900.stdout -e ../out_err/test12ZPrime_900.stderr -l walltime=13:00:00    ../Jobs_to_submit/test12ZPrime_900.sh
44386330.cream02.iihe.ac.be
[1;34mCommand:[0;m qsub -q localgrid@cream02 -o ../out_err/test13ZPrime_900.stdout -e ../out_err/test13ZPrime_900.stderr -l walltime=13:00:00    ../Jobs_to_submit/test13ZPrime_900.sh
44386332.cream02.iihe.ac.be
[1;34mCommand:[0;m qsub -q localgrid@cream02 -o ../out_err/test14ZPrime_900.stdout -e ../out_err/test14ZPrime_900.stderr -l walltime=13:00:00    ../Jobs_to_submit/test14ZPrime_900.sh
44386335.cream02.iihe.ac.be
[1;34mCommand:[0;m qsub -q localgrid@cream02 -o ../out_err/test15ZPrime_900.stdout -e ../out_err/test15ZPrime_900.stderr -l walltime=13:00:00    ../Jobs_to_submit/test15ZPrime_900.sh
44386339.cream02.iihe.ac.be
[1;34mCommand:[0;m qsub -q localgrid@cream02 -o ../out_err/test16ZPrime_900.stdout -e ../out_err/test16ZPrime_900.stderr -l walltime=13:00:00    ../Jobs_to_submit/test16ZPrime_900.sh
44386343.cream02.iihe.ac.be
[1;34mCommand:[0;m qsub -q localgrid@cream02 -o ../out_err/test17ZPrime_900.stdout -e ../out_err/test17ZPrime_900.stderr -l walltime=13:00:00    ../Jobs_to_submit/test17ZPrime_900.sh
44386346.cream02.iihe.ac.be
[1;33m[WARN] [0;m[23/11 15:55] Sleeping for 60, then retrying errors ...
[1;32m[INFO] [0;m[23/11 15:56] There are 374 jobs on the cluster and 4 left to run,  sending 4 jobs:
[1;34mCommand:[0;m qsub -q localgrid@cream02 -o ../out_err/test13ZPrime_1100.stdout -e ../out_err/test13ZPrime_1100.stderr -l walltime=13:00:00    ../Jobs_to_submit/test13ZPrime_1100.sh
44386558.cream02.iihe.ac.be
[1;34mCommand:[0;m qsub -q localgrid@cream02 -o ../out_err/test5ZPrime_1300.stdout -e ../out_err/test5ZPrime_1300.stderr -l walltime=13:00:00    ../Jobs_to_submit/test5ZPrime_1300.sh
44386561.cream02.iihe.ac.be
[1;34mCommand:[0;m qsub -q localgrid@cream02 -o ../out_err/test3ZPrime_2600.stdout -e ../out_err/test3ZPrime_2600.stderr -l walltime=13:00:00    ../Jobs_to_submit/test3ZPrime_2600.sh
44386563.cream02.iihe.ac.be
[1;34mCommand:[0;m qsub -q localgrid@cream02 -o ../out_err/test19ZPrime_3000.stdout -e ../out_err/test19ZPrime_3000.stderr -l walltime=13:00:00    ../Jobs_to_submit/test19ZPrime_3000.sh
44386567.cream02.iihe.ac.be
[1;32m[INFO] [0;m[23/11 15:56] No errors to retry.
[1;32m[INFO] [0;m[23/11 15:56] There's no more jobs to run, exiting !
